<?xml version="1.0" encoding="UTF-8"?>
<testsuites name="SwitcherTestSuite" time="481.483" tests="36" failures="0" errors="0">
   <testsuite name="SwitcherTestSuite" tests="36" failures="0" errors="0" time="481.483" timestamp="2020-02-19 12:54:48" hostname="Dell - DESKTOP-8FKLJ50" id="Test Suites/Switcher/SwitcherTestSuite">
      <properties>
         <property name="deviceName" value=""/>
         <property name="devicePlatform" value=""/>
         <property name="logFolder" value="C:\\Users\\Dell\\git\\GSMProject\\Reports\\20200219_125434\\Switcher\\SwitcherTestSuite\\20200219_125434"/>
         <property name="logFiles" value="C:\\Users\\Dell\\git\\GSMProject\\Reports\\20200219_125434\\Switcher\\SwitcherTestSuite\\20200219_125434\\execution0.log"/>
         <property name="attachments" value=""/>
         <property name="hostName" value="Dell - DESKTOP-8FKLJ50"/>
         <property name="os" value="Windows 10 64bit"/>
         <property name="katalonVersion" value="7.2.1.1"/>
         <property name="browser" value="Chrome 80.0.3987.116"/>
         <property name="dbServerInfo" value="MySQL 5.7.22-log"/>
         <property name="hostAddress" value="10.0.75.1"/>
         <property name="sessionId" value="33a6356fb7a51c0a7e328b49862ec2bc"/>
         <property name="seleniumVersion" value="3.141.59"/>
         <property name="proxyInformation" value="ProxyInformation{proxyOption=NO_PROXY, proxyServerType=HTTP, password=, proxyServerAddress=, proxyServerPort=0, executionList=}"/>
         <property name="platform" value="Windows 10"/>
      </properties>
      <testcase name="Test Cases/Atlas Platform/Platform Navigation/Picker/TC_000_Common_Browser_WithLogin" time="49.027" classname="Test Cases/Atlas Platform/Platform Navigation/Picker/TC_000_Common_Browser_WithLogin" status="PASSED">
         <system-out><![CDATA[2020-02-19 12:54:48 - [TEST_CASE][PASSED] - Test Cases/Atlas Platform/Platform Navigation/Picker/TC_000_Common_Browser_WithLogin: Test Cases/Atlas Platform/Platform Navigation/Picker/TC_000_Common_Browser_WithLogin

2020-02-19 12:54:49 - [TEST_STEP][PASSED] - callTestCase(findTestCase("Atlas Platform/Platform Navigation/Login/LoginWithRootAdmin"), [:], STOP_ON_FAILURE): Call Test Case 'Test Cases/Atlas Platform/Platform Navigation/Login/LoginWithRootAdmin' successfully

2020-02-19 12:54:49 - [TEST_CASE][PASSED] - Test Cases/Atlas Platform/Platform Navigation/Login/LoginWithRootAdmin: Test Cases/Atlas Platform/Platform Navigation/Login/LoginWithRootAdmin

2020-02-19 12:54:51 - [TEST_STEP][NOT_RUN] - openBrowser(""): NOT_RUN: openBrowser("")

2020-02-19 12:54:51 - [MESSAGE][NOT_RUN] - NOT_RUN: openBrowser("")

2020-02-19 12:54:51 - [TEST_STEP][PASSED] - callTestCase(findTestCase("Atlas Platform/Platform Navigation/Login/Default Logins/TC_100_ForSecurityURLSAcceptance"), [:], CONTINUE_ON_FAILURE): Call Test Case 'Test Cases/Atlas Platform/Platform Navigation/Login/Default Logins/TC_100_ForSecurityURLSAcceptance' successfully

2020-02-19 12:54:51 - [TEST_CASE][PASSED] - Test Cases/Atlas Platform/Platform Navigation/Login/Default Logins/TC_100_ForSecurityURLSAcceptance: Test Cases/Atlas Platform/Platform Navigation/Login/Default Logins/TC_100_ForSecurityURLSAcceptance

2020-02-19 12:54:51 - [TEST_STEP][PASSED] - openBrowser(""): Browser is opened with url: ''

2020-02-19 12:54:52 - [MESSAGE][INFO] - Starting 'Chrome' driver

2020-02-19 12:54:52 - [MESSAGE][INFO] - User set preference: ['args', '[--start-maximized, --disable-web-security, --no-proxy-server]']

2020-02-19 12:54:52 - [MESSAGE][INFO] - User set preference: ['prefs', '{credentials_enable_service=false, profile.password_manager_enabled=false}']

2020-02-19 12:54:52 - [MESSAGE][INFO] - Action delay is set to 0 seconds

2020-02-19 12:55:00 - [MESSAGE][PASSED] - Browser is opened with url: ''

2020-02-19 12:55:00 - [TEST_STEP][PASSED] - navigateToUrl("https://ec2-3-133-54-242.us-east-2.compute.amazonaws.com:9092/services/message/api/programs"): Navigate to 'https://ec2-3-133-54-242.us-east-2.compute.amazonaws.com:9092/services/message/api/programs' successfully

2020-02-19 12:55:01 - [MESSAGE][PASSED] - Navigate to 'https://ec2-3-133-54-242.us-east-2.compute.amazonaws.com:9092/services/message/api/programs' successfully

2020-02-19 12:55:01 - [TEST_STEP][PASSED] - click(findTestObject("LoginPage/httpAdvanceBtn")): Object: 'Object Repository/LoginPage/httpAdvanceBtn' is clicked on

2020-02-19 12:55:02 - [MESSAGE][PASSED] - Object: 'Object Repository/LoginPage/httpAdvanceBtn' is clicked on

2020-02-19 12:55:02 - [TEST_STEP][PASSED] - click(findTestObject("LoginPage/httpsproceedlink")): Object: 'Object Repository/LoginPage/httpsproceedlink' is clicked on

2020-02-19 12:55:04 - [MESSAGE][PASSED] - Object: 'Object Repository/LoginPage/httpsproceedlink' is clicked on

2020-02-19 12:55:04 - [TEST_STEP][PASSED] - navigateToUrl("https://3.19.246.255:9090/services/configuration/api/authenticate"): Navigate to 'https://3.19.246.255:9090/services/configuration/api/authenticate' successfully

2020-02-19 12:55:08 - [MESSAGE][PASSED] - Navigate to 'https://3.19.246.255:9090/services/configuration/api/authenticate' successfully

2020-02-19 12:55:08 - [TEST_STEP][PASSED] - click(findTestObject("LoginPage/httpAdvanceBtn")): Object: 'Object Repository/LoginPage/httpAdvanceBtn' is clicked on

2020-02-19 12:55:08 - [MESSAGE][PASSED] - Object: 'Object Repository/LoginPage/httpAdvanceBtn' is clicked on

2020-02-19 12:55:08 - [TEST_STEP][PASSED] - click(findTestObject("LoginPage/httpsproceedlink")): Object: 'Object Repository/LoginPage/httpsproceedlink' is clicked on

2020-02-19 12:55:10 - [MESSAGE][PASSED] - Object: 'Object Repository/LoginPage/httpsproceedlink' is clicked on

2020-02-19 12:55:10 - [TEST_STEP][PASSED] - navigateToUrl("https://ec2-3-133-54-242.us-east-2.compute.amazonaws.com:8080/services/data/api/data-sources?search=Repair&filters=ACTIVE&page=0&size=20&sort=accountId,DESC"): Navigate to 'https://ec2-3-133-54-242.us-east-2.compute.amazonaws.com:8080/services/data/api/data-sources?search=Repair&filters=ACTIVE&page=0&size=20&sort=accountId,DESC' successfully

2020-02-19 12:55:14 - [MESSAGE][PASSED] - Navigate to 'https://ec2-3-133-54-242.us-east-2.compute.amazonaws.com:8080/services/data/api/data-sources?search=Repair&filters=ACTIVE&page=0&size=20&sort=accountId,DESC' successfully

2020-02-19 12:55:14 - [TEST_STEP][PASSED] - click(findTestObject("LoginPage/httpAdvanceBtn")): Object: 'Object Repository/LoginPage/httpAdvanceBtn' is clicked on

2020-02-19 12:55:14 - [MESSAGE][PASSED] - Object: 'Object Repository/LoginPage/httpAdvanceBtn' is clicked on

2020-02-19 12:55:14 - [TEST_STEP][PASSED] - click(findTestObject("LoginPage/httpsproceedlink")): Object: 'Object Repository/LoginPage/httpsproceedlink' is clicked on

2020-02-19 12:55:16 - [MESSAGE][PASSED] - Object: 'Object Repository/LoginPage/httpsproceedlink' is clicked on

2020-02-19 12:55:16 - [TEST_STEP][PASSED] - navigateToUrl("https://3.19.246.255:9091/services/content/api/images?page=0&size=10"): Navigate to 'https://3.19.246.255:9091/services/content/api/images?page=0&size=10' successfully

2020-02-19 12:55:20 - [MESSAGE][PASSED] - Navigate to 'https://3.19.246.255:9091/services/content/api/images?page=0&size=10' successfully

2020-02-19 12:55:20 - [TEST_STEP][PASSED] - click(findTestObject("LoginPage/httpAdvanceBtn")): Object: 'Object Repository/LoginPage/httpAdvanceBtn' is clicked on

2020-02-19 12:55:21 - [MESSAGE][PASSED] - Object: 'Object Repository/LoginPage/httpAdvanceBtn' is clicked on

2020-02-19 12:55:21 - [TEST_STEP][PASSED] - click(findTestObject("LoginPage/httpsproceedlink")): Object: 'Object Repository/LoginPage/httpsproceedlink' is clicked on

2020-02-19 12:55:22 - [MESSAGE][PASSED] - Object: 'Object Repository/LoginPage/httpsproceedlink' is clicked on

2020-02-19 12:55:22 - [MESSAGE][PASSED] - Call Test Case 'Test Cases/Atlas Platform/Platform Navigation/Login/Default Logins/TC_100_ForSecurityURLSAcceptance' successfully

2020-02-19 12:55:22 - [TEST_STEP][PASSED] - navigateToUrl("https://atlas-dev.gsm.auto/"): Navigate to 'https://atlas-dev.gsm.auto/' successfully

2020-02-19 12:55:26 - [MESSAGE][PASSED] - Navigate to 'https://atlas-dev.gsm.auto/' successfully

2020-02-19 12:55:26 - [TEST_STEP][PASSED] - setText(findTestObject("Object Repository/LoginPage/loginpageemailtxtbox"), user_Email): Text 'navaraj@totient.co.in' is set on object 'Object Repository/LoginPage/loginpageemailtxtbox'

2020-02-19 12:55:27 - [MESSAGE][PASSED] - Text 'navaraj@totient.co.in' is set on object 'Object Repository/LoginPage/loginpageemailtxtbox'

2020-02-19 12:55:27 - [TEST_STEP][PASSED] - setText(findTestObject("Object Repository/LoginPage/loginpaepasswordtxtbox"), user_Password): Text 'Totient@123' is set on object 'Object Repository/LoginPage/loginpaepasswordtxtbox'

2020-02-19 12:55:28 - [MESSAGE][PASSED] - Text 'Totient@123' is set on object 'Object Repository/LoginPage/loginpaepasswordtxtbox'

2020-02-19 12:55:28 - [TEST_STEP][PASSED] - click(findTestObject("LoginPage/loginpageloginbtn")): Object: 'Object Repository/LoginPage/loginpageloginbtn' is clicked on

2020-02-19 12:55:28 - [MESSAGE][PASSED] - Object: 'Object Repository/LoginPage/loginpageloginbtn' is clicked on

2020-02-19 12:55:28 - [TEST_STEP][PASSED] - conn = com.katalon.plugin.keyword.connection.DatabaseKeywords.getGlobalConnection(): com.katalon.plugin.keyword.connection.DatabaseKeywords.getGlobalConnection is PASSED

2020-02-19 12:55:34 - [MESSAGE][PASSED] - com.katalon.plugin.keyword.connection.DatabaseKeywords.getGlobalConnection is PASSED

2020-02-19 12:55:34 - [TEST_STEP][PASSED] - resultValues1 = com.katalon.plugin.keyword.connection.DatabaseKeywords.executeQuery(conn, "SELECT * FROM atlas_config.user WHERE email ="" + user_Email + "";"): com.katalon.plugin.keyword.connection.DatabaseKeywords.executeQuery is PASSED

2020-02-19 12:55:35 - [MESSAGE][PASSED] - com.katalon.plugin.keyword.connection.DatabaseKeywords.executeQuery is PASSED

2020-02-19 12:55:35 - [TEST_STEP][PASSED] - println(com.katalon.plugin.keyword.connection.ResultSetKeywords.getSingleCellValue(resultValues1, 1, "user_id")): com.katalon.plugin.keyword.connection.ResultSetKeywords.getSingleCellValue is PASSED

2020-02-19 12:55:35 - [MESSAGE][PASSED] - com.katalon.plugin.keyword.connection.ResultSetKeywords.getSingleCellValue is PASSED

2020-02-19 12:55:35 - [TEST_STEP][PASSED] - user_id = com.katalon.plugin.keyword.connection.ResultSetKeywords.getSingleCellValue(resultValues1, 1, "user_id"): com.katalon.plugin.keyword.connection.ResultSetKeywords.getSingleCellValue is PASSED

2020-02-19 12:55:35 - [MESSAGE][PASSED] - com.katalon.plugin.keyword.connection.ResultSetKeywords.getSingleCellValue is PASSED

2020-02-19 12:55:35 - [TEST_STEP][PASSED] - println("User ID Variable value is : " + user_id): null

2020-02-19 12:55:35 - [MESSAGE][PASSED] - Call Test Case 'Test Cases/Atlas Platform/Platform Navigation/Login/LoginWithRootAdmin' successfully

2020-02-19 12:55:35 - [TEST_STEP][PASSED] - Start listener action : sampleAfterTestCase: null

2020-02-19 12:55:35 - [TEST_STEP][PASSED] - println(testCaseContext.getTestCaseId()): null

2020-02-19 12:55:35 - [TEST_STEP][PASSED] - println(testCaseContext.getTestCaseStatus()): null

2020-02-19 12:55:35 - [TEST_STEP][PASSED] - println("On Failure Method is Calling : " + testCaseContext.getTestCaseStatus()): null

2020-02-19 12:55:35 - [TEST_STEP][PASSED] - if (!(getTestCaseStatus().equalsIgnoreCase("PASSED"))): null]]></system-out>
         <system-err><![CDATA[]]></system-err>
      </testcase>
      <testcase name="Test Cases/Atlas Platform/Platform Navigation/Picker/TC_001_SwictherTextValidation" time="3.52" classname="Test Cases/Atlas Platform/Platform Navigation/Picker/TC_001_SwictherTextValidation" status="PASSED">
         <system-out><![CDATA[2020-02-19 12:55:37 - [TEST_CASE][PASSED] - Test Cases/Atlas Platform/Platform Navigation/Picker/TC_001_SwictherTextValidation: Test Cases/Atlas Platform/Platform Navigation/Picker/TC_001_SwictherTextValidation

2020-02-19 12:55:38 - [TEST_STEP][NOT_RUN] - callTestCase(findTestCase("Atlas Platform/Platform Navigation/Login/LoginWithRootAdmin"), [:], STOP_ON_FAILURE): NOT_RUN: callTestCase(findTestCase("Atlas Platform/Platform Navigation/Login/LoginWithRootAdmin"), [:], STOP_ON_FAILURE)

2020-02-19 12:55:38 - [MESSAGE][NOT_RUN] - NOT_RUN: callTestCase(findTestCase("Atlas Platform/Platform Navigation/Login/LoginWithRootAdmin"), [:], STOP_ON_FAILURE)

2020-02-19 12:55:38 - [TEST_STEP][PASSED] - verifyElementPresent(findTestObject("Swicther/swicthermenutext"), 0): Object 'Object Repository/Swicther/swicthermenutext' is present

2020-02-19 12:55:38 - [MESSAGE][WARNING] - Timeout '0' is invalid. Using default page load timeout: '230'

2020-02-19 12:55:38 - [MESSAGE][PASSED] - Object 'Object Repository/Swicther/swicthermenutext' is present

2020-02-19 12:55:38 - [TEST_STEP][PASSED] - verifyEqual(getCSSValue(findTestObject("Swicther/swicthermenutext"), "margin-right"), "6px"): Actual object '6px' and expected object '6px' are equal

2020-02-19 12:55:39 - [MESSAGE][PASSED] - Get CSS 'margin-right' value on 'Object Repository/Swicther/swicthermenutext' successfully: '6px'.

2020-02-19 12:55:39 - [MESSAGE][PASSED] - Actual object '6px' and expected object '6px' are equal

2020-02-19 12:55:39 - [TEST_STEP][PASSED] - verifyEqual(getCSSValue(findTestObject("Swicther/swicthermenutext"), "font-size"), "12px"): Actual object '12px' and expected object '12px' are equal

2020-02-19 12:55:39 - [MESSAGE][PASSED] - Get CSS 'font-size' value on 'Object Repository/Swicther/swicthermenutext' successfully: '12px'.

2020-02-19 12:55:39 - [MESSAGE][PASSED] - Actual object '12px' and expected object '12px' are equal

2020-02-19 12:55:39 - [TEST_STEP][PASSED] - Start listener action : sampleAfterTestCase: null

2020-02-19 12:55:39 - [TEST_STEP][PASSED] - println(testCaseContext.getTestCaseId()): null

2020-02-19 12:55:39 - [TEST_STEP][PASSED] - println(testCaseContext.getTestCaseStatus()): null

2020-02-19 12:55:39 - [TEST_STEP][PASSED] - println("On Failure Method is Calling : " + testCaseContext.getTestCaseStatus()): null

2020-02-19 12:55:39 - [TEST_STEP][PASSED] - if (!(getTestCaseStatus().equalsIgnoreCase("PASSED"))): null]]></system-out>
         <system-err><![CDATA[]]></system-err>
      </testcase>
      <testcase name="Test Cases/Atlas Platform/Platform Navigation/Picker/TC_002_ChecksSwictherMenuAttributes" time="6.509" classname="Test Cases/Atlas Platform/Platform Navigation/Picker/TC_002_ChecksSwictherMenuAttributes" status="PASSED">
         <system-out><![CDATA[2020-02-19 12:55:41 - [TEST_CASE][PASSED] - Test Cases/Atlas Platform/Platform Navigation/Picker/TC_002_ChecksSwictherMenuAttributes: Test Cases/Atlas Platform/Platform Navigation/Picker/TC_002_ChecksSwictherMenuAttributes

2020-02-19 12:55:42 - [TEST_STEP][NOT_RUN] - callTestCase(findTestCase("Atlas Platform/Platform Navigation/Login/LoginWithRootAdmin"), [:], STOP_ON_FAILURE): NOT_RUN: callTestCase(findTestCase("Atlas Platform/Platform Navigation/Login/LoginWithRootAdmin"), [:], STOP_ON_FAILURE)

2020-02-19 12:55:42 - [MESSAGE][NOT_RUN] - NOT_RUN: callTestCase(findTestCase("Atlas Platform/Platform Navigation/Login/LoginWithRootAdmin"), [:], STOP_ON_FAILURE)

2020-02-19 12:55:42 - [TEST_STEP][PASSED] - click(findTestObject("Swicther/swicthermenutext")): Object: 'Object Repository/Swicther/swicthermenutext' is clicked on

2020-02-19 12:55:42 - [MESSAGE][PASSED] - Object: 'Object Repository/Swicther/swicthermenutext' is clicked on

2020-02-19 12:55:42 - [TEST_STEP][PASSED] - verifyElementText(findTestObject("Swicther/root_tab_swicther"), "Root"): Actual text and expected text of test object 'Object Repository/Swicther/root_tab_swicther' are matched.

2020-02-19 12:55:43 - [MESSAGE][PASSED] - Actual text and expected text of test object 'Object Repository/Swicther/root_tab_swicther' are matched.

2020-02-19 12:55:43 - [TEST_STEP][PASSED] - verifyElementText(findTestObject("Swicther/accounts_tab_swicther"), "Accounts"): Actual text and expected text of test object 'Object Repository/Swicther/accounts_tab_swicther' are matched.

2020-02-19 12:55:43 - [MESSAGE][PASSED] - Actual text and expected text of test object 'Object Repository/Swicther/accounts_tab_swicther' are matched.

2020-02-19 12:55:43 - [TEST_STEP][PASSED] - verifyElementText(findTestObject("Swicther/organization_tab_swicther"), "Organizations"): Actual text and expected text of test object 'Object Repository/Swicther/organization_tab_swicther' are matched.

2020-02-19 12:55:44 - [MESSAGE][PASSED] - Actual text and expected text of test object 'Object Repository/Swicther/organization_tab_swicther' are matched.

2020-02-19 12:55:44 - [TEST_STEP][PASSED] - verifyElementText(findTestObject("Swicther/favorites_tabs_swicther"), "Favorites"): Actual text and expected text of test object 'Object Repository/Swicther/favorites_tabs_swicther' are matched.

2020-02-19 12:55:44 - [MESSAGE][PASSED] - Actual text and expected text of test object 'Object Repository/Swicther/favorites_tabs_swicther' are matched.

2020-02-19 12:55:44 - [TEST_STEP][PASSED] - verifyElementInViewport(findTestObject("Swicther/search_in_swicther"), 0): Object 'Object Repository/Swicther/search_in_swicther' is present and visible in viewport

2020-02-19 12:55:44 - [MESSAGE][WARNING] - Timeout '0' is invalid. Using default page load timeout: '230'

2020-02-19 12:55:45 - [MESSAGE][PASSED] - Object 'Object Repository/Swicther/search_in_swicther' is present and visible in viewport

2020-02-19 12:55:45 - [TEST_STEP][PASSED] - verifyElementInViewport(findTestObject("Swicther/closeIcon"), 0): Object 'Object Repository/Swicther/closeIcon' is present and visible in viewport

2020-02-19 12:55:45 - [MESSAGE][WARNING] - Timeout '0' is invalid. Using default page load timeout: '230'

2020-02-19 12:55:45 - [MESSAGE][PASSED] - Object 'Object Repository/Swicther/closeIcon' is present and visible in viewport

2020-02-19 12:55:45 - [TEST_STEP][PASSED] - click(findTestObject("Swicther/closeIcon")): Object: 'Object Repository/Swicther/closeIcon' is clicked on

2020-02-19 12:55:45 - [MESSAGE][PASSED] - Object: 'Object Repository/Swicther/closeIcon' is clicked on

2020-02-19 12:55:45 - [TEST_STEP][PASSED] - Start listener action : sampleAfterTestCase: null

2020-02-19 12:55:45 - [TEST_STEP][PASSED] - println(testCaseContext.getTestCaseId()): null

2020-02-19 12:55:45 - [TEST_STEP][PASSED] - println(testCaseContext.getTestCaseStatus()): null

2020-02-19 12:55:45 - [TEST_STEP][PASSED] - println("On Failure Method is Calling : " + testCaseContext.getTestCaseStatus()): null

2020-02-19 12:55:45 - [TEST_STEP][PASSED] - if (!(getTestCaseStatus().equalsIgnoreCase("PASSED"))): null]]></system-out>
         <system-err><![CDATA[]]></system-err>
      </testcase>
      <testcase name="Test Cases/Atlas Platform/Platform Navigation/Picker/TC_003_VerifyLastVisitYesterday" time="5.426" classname="Test Cases/Atlas Platform/Platform Navigation/Picker/TC_003_VerifyLastVisitYesterday" status="PASSED">
         <system-out><![CDATA[2020-02-19 12:55:47 - [TEST_CASE][PASSED] - Test Cases/Atlas Platform/Platform Navigation/Picker/TC_003_VerifyLastVisitYesterday: Test Cases/Atlas Platform/Platform Navigation/Picker/TC_003_VerifyLastVisitYesterday

2020-02-19 12:55:48 - [TEST_STEP][NOT_RUN] - callTestCase(findTestCase("Atlas Platform/Platform Navigation/Login/LoginWithRootAdmin"), [:], STOP_ON_FAILURE): NOT_RUN: callTestCase(findTestCase("Atlas Platform/Platform Navigation/Login/LoginWithRootAdmin"), [:], STOP_ON_FAILURE)

2020-02-19 12:55:48 - [MESSAGE][NOT_RUN] - NOT_RUN: callTestCase(findTestCase("Atlas Platform/Platform Navigation/Login/LoginWithRootAdmin"), [:], STOP_ON_FAILURE)

2020-02-19 12:55:48 - [TEST_STEP][PASSED] - click(findTestObject("Swicther/swicthermenutext")): Object: 'Object Repository/Swicther/swicthermenutext' is clicked on

2020-02-19 12:55:48 - [MESSAGE][PASSED] - Object: 'Object Repository/Swicther/swicthermenutext' is clicked on

2020-02-19 12:55:48 - [TEST_STEP][PASSED] - click(findTestObject("Swicther/accounts_tab_swicther")): Object: 'Object Repository/Swicther/accounts_tab_swicther' is clicked on

2020-02-19 12:55:49 - [MESSAGE][PASSED] - Object: 'Object Repository/Swicther/accounts_tab_swicther' is clicked on

2020-02-19 12:55:49 - [TEST_STEP][PASSED] - verifyElementText(findTestObject("Swicther/FirstLastViewedTextForAccounts"), "Last Visited Today"): Actual text and expected text of test object 'Object Repository/Swicther/FirstLastViewedTextForAccounts' are matched.

2020-02-19 12:55:50 - [MESSAGE][PASSED] - Actual text and expected text of test object 'Object Repository/Swicther/FirstLastViewedTextForAccounts' are matched.

2020-02-19 12:55:50 - [TEST_STEP][PASSED] - click(findTestObject("Swicther/closeIcon")): Object: 'Object Repository/Swicther/closeIcon' is clicked on

2020-02-19 12:55:50 - [MESSAGE][PASSED] - Object: 'Object Repository/Swicther/closeIcon' is clicked on

2020-02-19 12:55:50 - [TEST_STEP][PASSED] - Start listener action : sampleAfterTestCase: null

2020-02-19 12:55:50 - [TEST_STEP][PASSED] - println(testCaseContext.getTestCaseId()): null

2020-02-19 12:55:50 - [TEST_STEP][PASSED] - println(testCaseContext.getTestCaseStatus()): null

2020-02-19 12:55:50 - [TEST_STEP][PASSED] - println("On Failure Method is Calling : " + testCaseContext.getTestCaseStatus()): null

2020-02-19 12:55:50 - [TEST_STEP][PASSED] - if (!(getTestCaseStatus().equalsIgnoreCase("PASSED"))): null]]></system-out>
         <system-err><![CDATA[]]></system-err>
      </testcase>
      <testcase name="Test Cases/Atlas Platform/Platform Navigation/Picker/TC_004_VerifyLastVisitToday" time="4.829" classname="Test Cases/Atlas Platform/Platform Navigation/Picker/TC_004_VerifyLastVisitToday" status="PASSED">
         <system-out><![CDATA[2020-02-19 12:55:53 - [TEST_CASE][PASSED] - Test Cases/Atlas Platform/Platform Navigation/Picker/TC_004_VerifyLastVisitToday: Test Cases/Atlas Platform/Platform Navigation/Picker/TC_004_VerifyLastVisitToday

2020-02-19 12:55:54 - [TEST_STEP][NOT_RUN] - callTestCase(findTestCase("Atlas Platform/Platform Navigation/Login/LoginWithRootAdmin"), [:], STOP_ON_FAILURE): NOT_RUN: callTestCase(findTestCase("Atlas Platform/Platform Navigation/Login/LoginWithRootAdmin"), [:], STOP_ON_FAILURE)

2020-02-19 12:55:54 - [MESSAGE][NOT_RUN] - NOT_RUN: callTestCase(findTestCase("Atlas Platform/Platform Navigation/Login/LoginWithRootAdmin"), [:], STOP_ON_FAILURE)

2020-02-19 12:55:54 - [TEST_STEP][PASSED] - click(findTestObject("Swicther/swicthermenutext")): Object: 'Object Repository/Swicther/swicthermenutext' is clicked on

2020-02-19 12:55:54 - [MESSAGE][PASSED] - Object: 'Object Repository/Swicther/swicthermenutext' is clicked on

2020-02-19 12:55:54 - [TEST_STEP][PASSED] - click(findTestObject("Swicther/root_tab_swicther")): Object: 'Object Repository/Swicther/root_tab_swicther' is clicked on

2020-02-19 12:55:55 - [MESSAGE][PASSED] - Object: 'Object Repository/Swicther/root_tab_swicther' is clicked on

2020-02-19 12:55:55 - [TEST_STEP][PASSED] - verifyElementText(findTestObject("Swicther/FirstLastViewedTextForRoot"), "Last Visited Today"): Actual text and expected text of test object 'Object Repository/Swicther/FirstLastViewedTextForRoot' are matched.

2020-02-19 12:55:55 - [MESSAGE][PASSED] - Actual text and expected text of test object 'Object Repository/Swicther/FirstLastViewedTextForRoot' are matched.

2020-02-19 12:55:55 - [TEST_STEP][PASSED] - click(findTestObject("Swicther/closeIcon")): Object: 'Object Repository/Swicther/closeIcon' is clicked on

2020-02-19 12:55:56 - [MESSAGE][PASSED] - Object: 'Object Repository/Swicther/closeIcon' is clicked on

2020-02-19 12:55:56 - [TEST_STEP][PASSED] - Start listener action : sampleAfterTestCase: null

2020-02-19 12:55:56 - [TEST_STEP][PASSED] - println(testCaseContext.getTestCaseId()): null

2020-02-19 12:55:56 - [TEST_STEP][PASSED] - println(testCaseContext.getTestCaseStatus()): null

2020-02-19 12:55:56 - [TEST_STEP][PASSED] - println("On Failure Method is Calling : " + testCaseContext.getTestCaseStatus()): null

2020-02-19 12:55:56 - [TEST_STEP][PASSED] - if (!(getTestCaseStatus().equalsIgnoreCase("PASSED"))): null]]></system-out>
         <system-err><![CDATA[]]></system-err>
      </testcase>
      <testcase name="Test Cases/Atlas Platform/Platform Navigation/Picker/TC_005_VerifyRootTabValues" time="7.902" classname="Test Cases/Atlas Platform/Platform Navigation/Picker/TC_005_VerifyRootTabValues" status="PASSED">
         <system-out><![CDATA[2020-02-19 12:55:58 - [TEST_CASE][PASSED] - Test Cases/Atlas Platform/Platform Navigation/Picker/TC_005_VerifyRootTabValues: Test Cases/Atlas Platform/Platform Navigation/Picker/TC_005_VerifyRootTabValues

2020-02-19 12:55:59 - [TEST_STEP][NOT_RUN] - callTestCase(findTestCase("Atlas Platform/Platform Navigation/Login/LoginWithRootAdmin"), [:], STOP_ON_FAILURE): NOT_RUN: callTestCase(findTestCase("Atlas Platform/Platform Navigation/Login/LoginWithRootAdmin"), [:], STOP_ON_FAILURE)

2020-02-19 12:55:59 - [MESSAGE][NOT_RUN] - NOT_RUN: callTestCase(findTestCase("Atlas Platform/Platform Navigation/Login/LoginWithRootAdmin"), [:], STOP_ON_FAILURE)

2020-02-19 12:55:59 - [TEST_STEP][PASSED] - click(findTestObject("Swicther/swicthermenutext")): Object: 'Object Repository/Swicther/swicthermenutext' is clicked on

2020-02-19 12:55:59 - [MESSAGE][PASSED] - Object: 'Object Repository/Swicther/swicthermenutext' is clicked on

2020-02-19 12:55:59 - [TEST_STEP][PASSED] - click(findTestObject("Swicther/organization_tab_swicther")): Object: 'Object Repository/Swicther/organization_tab_swicther' is clicked on

2020-02-19 12:56:00 - [MESSAGE][PASSED] - Object: 'Object Repository/Swicther/organization_tab_swicther' is clicked on

2020-02-19 12:56:00 - [TEST_STEP][PASSED] - listofOrgNames = findWebElements(findTestObject("Swicther/organization_tab_all_values"), 10): null

2020-02-19 12:56:00 - [TEST_STEP][PASSED] - click(findTestObject("Swicther/root_tab_swicther")): Object: 'Object Repository/Swicther/root_tab_swicther' is clicked on

2020-02-19 12:56:01 - [MESSAGE][PASSED] - Object: 'Object Repository/Swicther/root_tab_swicther' is clicked on

2020-02-19 12:56:01 - [TEST_STEP][PASSED] - listofRootnames = findWebElements(findTestObject("Swicther/root_tab_all_values"), 10): null

2020-02-19 12:56:01 - [TEST_STEP][PASSED] - rootNames = new java.util.ArrayList(): null

2020-02-19 12:56:01 - [TEST_STEP][PASSED] - for (org.openqa.selenium.WebElement ele : listofRootnames): null

2020-02-19 12:56:01 - [TEST_STEP][PASSED] - rootNames.add(ele.getText()): null

2020-02-19 12:56:01 - [TEST_STEP][PASSED] - for ([hjk = 0, hjk < listofOrgNames.size(), (hjk++)]): null

2020-02-19 12:56:01 - [TEST_STEP][PASSED] - Assert.assertTrue(!(rootNames.contains(split("Last")[0].trim())), "Root Account is not present in Org Tab"): null

2020-02-19 12:56:01 - [TEST_STEP][PASSED] - Assert.assertTrue(!(rootNames.contains(split("Last")[0].trim())), "Root Account is not present in Org Tab"): null

2020-02-19 12:56:01 - [TEST_STEP][PASSED] - Assert.assertTrue(!(rootNames.contains(split("Last")[0].trim())), "Root Account is not present in Org Tab"): null

2020-02-19 12:56:01 - [TEST_STEP][PASSED] - Assert.assertTrue(!(rootNames.contains(split("Last")[0].trim())), "Root Account is not present in Org Tab"): null

2020-02-19 12:56:01 - [TEST_STEP][PASSED] - Assert.assertTrue(!(rootNames.contains(split("Last")[0].trim())), "Root Account is not present in Org Tab"): null

2020-02-19 12:56:01 - [TEST_STEP][PASSED] - Assert.assertTrue(!(rootNames.contains(split("Last")[0].trim())), "Root Account is not present in Org Tab"): null

2020-02-19 12:56:02 - [TEST_STEP][PASSED] - Assert.assertTrue(!(rootNames.contains(split("Last")[0].trim())), "Root Account is not present in Org Tab"): null

2020-02-19 12:56:02 - [TEST_STEP][PASSED] - Assert.assertTrue(!(rootNames.contains(split("Last")[0].trim())), "Root Account is not present in Org Tab"): null

2020-02-19 12:56:02 - [TEST_STEP][PASSED] - Assert.assertTrue(!(rootNames.contains(split("Last")[0].trim())), "Root Account is not present in Org Tab"): null

2020-02-19 12:56:02 - [TEST_STEP][PASSED] - Assert.assertTrue(!(rootNames.contains(split("Last")[0].trim())), "Root Account is not present in Org Tab"): null

2020-02-19 12:56:02 - [TEST_STEP][PASSED] - Assert.assertTrue(!(rootNames.contains(split("Last")[0].trim())), "Root Account is not present in Org Tab"): null

2020-02-19 12:56:02 - [TEST_STEP][PASSED] - Assert.assertTrue(!(rootNames.contains(split("Last")[0].trim())), "Root Account is not present in Org Tab"): null

2020-02-19 12:56:02 - [TEST_STEP][PASSED] - Assert.assertTrue(!(rootNames.contains(split("Last")[0].trim())), "Root Account is not present in Org Tab"): null

2020-02-19 12:56:02 - [TEST_STEP][PASSED] - click(findTestObject("Swicther/accounts_tab_swicther")): Object: 'Object Repository/Swicther/accounts_tab_swicther' is clicked on

2020-02-19 12:56:02 - [MESSAGE][PASSED] - Object: 'Object Repository/Swicther/accounts_tab_swicther' is clicked on

2020-02-19 12:56:02 - [TEST_STEP][PASSED] - listofAccNames = findWebElements(findTestObject("Swicther/accounts_tab_all_values"), 10): null

2020-02-19 12:56:03 - [TEST_STEP][PASSED] - for ([hjk = 0, hjk < listofAccNames.size(), (hjk++)]): null

2020-02-19 12:56:03 - [TEST_STEP][PASSED] - Assert.assertTrue(!(rootNames.contains(split("Last")[0].trim())), "Root Account is not present in Acc Tab"): null

2020-02-19 12:56:03 - [TEST_STEP][PASSED] - Assert.assertTrue(!(rootNames.contains(split("Last")[0].trim())), "Root Account is not present in Acc Tab"): null

2020-02-19 12:56:03 - [TEST_STEP][PASSED] - Assert.assertTrue(!(rootNames.contains(split("Last")[0].trim())), "Root Account is not present in Acc Tab"): null

2020-02-19 12:56:03 - [TEST_STEP][PASSED] - Assert.assertTrue(!(rootNames.contains(split("Last")[0].trim())), "Root Account is not present in Acc Tab"): null

2020-02-19 12:56:03 - [TEST_STEP][PASSED] - Assert.assertTrue(!(rootNames.contains(split("Last")[0].trim())), "Root Account is not present in Acc Tab"): null

2020-02-19 12:56:03 - [TEST_STEP][PASSED] - Assert.assertTrue(!(rootNames.contains(split("Last")[0].trim())), "Root Account is not present in Acc Tab"): null

2020-02-19 12:56:03 - [TEST_STEP][PASSED] - Assert.assertTrue(!(rootNames.contains(split("Last")[0].trim())), "Root Account is not present in Acc Tab"): null

2020-02-19 12:56:03 - [TEST_STEP][PASSED] - Assert.assertTrue(!(rootNames.contains(split("Last")[0].trim())), "Root Account is not present in Acc Tab"): null

2020-02-19 12:56:03 - [TEST_STEP][PASSED] - click(findTestObject("Swicther/closeIcon")): Object: 'Object Repository/Swicther/closeIcon' is clicked on

2020-02-19 12:56:04 - [MESSAGE][PASSED] - Object: 'Object Repository/Swicther/closeIcon' is clicked on

2020-02-19 12:56:04 - [TEST_STEP][PASSED] - Start listener action : sampleAfterTestCase: null

2020-02-19 12:56:04 - [TEST_STEP][PASSED] - println(testCaseContext.getTestCaseId()): null

2020-02-19 12:56:04 - [TEST_STEP][PASSED] - println(testCaseContext.getTestCaseStatus()): null

2020-02-19 12:56:04 - [TEST_STEP][PASSED] - println("On Failure Method is Calling : " + testCaseContext.getTestCaseStatus()): null

2020-02-19 12:56:04 - [TEST_STEP][PASSED] - if (!(getTestCaseStatus().equalsIgnoreCase("PASSED"))): null]]></system-out>
         <system-err><![CDATA[]]></system-err>
      </testcase>
      <testcase name="Test Cases/Atlas Platform/Platform Navigation/Picker/TC_006_VerifyCloseIcon" time="3.393" classname="Test Cases/Atlas Platform/Platform Navigation/Picker/TC_006_VerifyCloseIcon" status="PASSED">
         <system-out><![CDATA[2020-02-19 12:56:06 - [TEST_CASE][PASSED] - Test Cases/Atlas Platform/Platform Navigation/Picker/TC_006_VerifyCloseIcon: Test Cases/Atlas Platform/Platform Navigation/Picker/TC_006_VerifyCloseIcon

2020-02-19 12:56:06 - [TEST_STEP][NOT_RUN] - callTestCase(findTestCase("Atlas Platform/Platform Navigation/Login/LoginWithRootAdmin"), [:], STOP_ON_FAILURE): NOT_RUN: callTestCase(findTestCase("Atlas Platform/Platform Navigation/Login/LoginWithRootAdmin"), [:], STOP_ON_FAILURE)

2020-02-19 12:56:06 - [MESSAGE][NOT_RUN] - NOT_RUN: callTestCase(findTestCase("Atlas Platform/Platform Navigation/Login/LoginWithRootAdmin"), [:], STOP_ON_FAILURE)

2020-02-19 12:56:06 - [TEST_STEP][PASSED] - click(findTestObject("Swicther/swicthermenutext")): Object: 'Object Repository/Swicther/swicthermenutext' is clicked on

2020-02-19 12:56:06 - [MESSAGE][PASSED] - Object: 'Object Repository/Swicther/swicthermenutext' is clicked on

2020-02-19 12:56:06 - [TEST_STEP][PASSED] - click(findTestObject("Swicther/closeIcon")): Object: 'Object Repository/Swicther/closeIcon' is clicked on

2020-02-19 12:56:07 - [MESSAGE][PASSED] - Object: 'Object Repository/Swicther/closeIcon' is clicked on

2020-02-19 12:56:07 - [TEST_STEP][PASSED] - Start listener action : sampleAfterTestCase: null

2020-02-19 12:56:07 - [TEST_STEP][PASSED] - println(testCaseContext.getTestCaseId()): null

2020-02-19 12:56:07 - [TEST_STEP][PASSED] - println(testCaseContext.getTestCaseStatus()): null

2020-02-19 12:56:07 - [TEST_STEP][PASSED] - println("On Failure Method is Calling : " + testCaseContext.getTestCaseStatus()): null

2020-02-19 12:56:07 - [TEST_STEP][PASSED] - if (!(getTestCaseStatus().equalsIgnoreCase("PASSED"))): null]]></system-out>
         <system-err><![CDATA[]]></system-err>
      </testcase>
      <testcase name="Test Cases/Atlas Platform/Platform Navigation/Picker/TC_007_ValidateSwicther-SelectedAccount" time="5.758" classname="Test Cases/Atlas Platform/Platform Navigation/Picker/TC_007_ValidateSwicther-SelectedAccount" status="PASSED">
         <system-out><![CDATA[2020-02-19 12:56:09 - [TEST_CASE][PASSED] - Test Cases/Atlas Platform/Platform Navigation/Picker/TC_007_ValidateSwicther-SelectedAccount: Test Cases/Atlas Platform/Platform Navigation/Picker/TC_007_ValidateSwicther-SelectedAccount

2020-02-19 12:56:10 - [TEST_STEP][NOT_RUN] - callTestCase(findTestCase("Atlas Platform/Platform Navigation/Login/LoginWithRootAdmin"), [:], STOP_ON_FAILURE): NOT_RUN: callTestCase(findTestCase("Atlas Platform/Platform Navigation/Login/LoginWithRootAdmin"), [:], STOP_ON_FAILURE)

2020-02-19 12:56:10 - [MESSAGE][NOT_RUN] - NOT_RUN: callTestCase(findTestCase("Atlas Platform/Platform Navigation/Login/LoginWithRootAdmin"), [:], STOP_ON_FAILURE)

2020-02-19 12:56:10 - [TEST_STEP][PASSED] - initiallyselectedtext = getText(findTestObject("Swicther/swicthermenutext")): Text of object 'Object Repository/Swicther/swicthermenutext' is: '802 Toyota'

2020-02-19 12:56:10 - [MESSAGE][PASSED] - Text of object 'Object Repository/Swicther/swicthermenutext' is: '802 Toyota'

2020-02-19 12:56:10 - [TEST_STEP][PASSED] - click(findTestObject("Swicther/swicthermenutext")): Object: 'Object Repository/Swicther/swicthermenutext' is clicked on

2020-02-19 12:56:11 - [MESSAGE][PASSED] - Object: 'Object Repository/Swicther/swicthermenutext' is clicked on

2020-02-19 12:56:11 - [TEST_STEP][PASSED] - click(findTestObject("Swicther/accounts_tab_swicther")): Object: 'Object Repository/Swicther/accounts_tab_swicther' is clicked on

2020-02-19 12:56:11 - [MESSAGE][PASSED] - Object: 'Object Repository/Swicther/accounts_tab_swicther' is clicked on

2020-02-19 12:56:11 - [TEST_STEP][PASSED] - selectedtext = getText(findTestObject("Swicther/account_tab_first_values")): Text of object 'Object Repository/Swicther/account_tab_first_values' is: 'Atlantic Toyota
Last Visited Today'

2020-02-19 12:56:12 - [MESSAGE][PASSED] - Text of object 'Object Repository/Swicther/account_tab_first_values' is: 'Atlantic Toyota
Last Visited Today'

2020-02-19 12:56:12 - [TEST_STEP][PASSED] - click(findTestObject("Swicther/account_tab_first_values")): Object: 'Object Repository/Swicther/account_tab_first_values' is clicked on

2020-02-19 12:56:12 - [MESSAGE][PASSED] - Object: 'Object Repository/Swicther/account_tab_first_values' is clicked on

2020-02-19 12:56:12 - [TEST_STEP][PASSED] - verifyNotEqual(initiallyselectedtext, split("Last")[0].trim()): Actual object '802 Toyota' and expected object 'Atlantic Toyota' are not equal

2020-02-19 12:56:12 - [MESSAGE][PASSED] - Actual object '802 Toyota' and expected object 'Atlantic Toyota' are not equal

2020-02-19 12:56:12 - [TEST_STEP][PASSED] - currentlySelectedText = getText(findTestObject("Swicther/swicthermenutext")): Text of object 'Object Repository/Swicther/swicthermenutext' is: 'Atlantic Toyota'

2020-02-19 12:56:13 - [MESSAGE][PASSED] - Text of object 'Object Repository/Swicther/swicthermenutext' is: 'Atlantic Toyota'

2020-02-19 12:56:13 - [TEST_STEP][PASSED] - verifyEqual(currentlySelectedText.trim(), split("Last")[0].trim()): Actual object 'Atlantic Toyota' and expected object 'Atlantic Toyota' are equal

2020-02-19 12:56:13 - [MESSAGE][PASSED] - Actual object 'Atlantic Toyota' and expected object 'Atlantic Toyota' are equal

2020-02-19 12:56:13 - [TEST_STEP][PASSED] - Start listener action : sampleAfterTestCase: null

2020-02-19 12:56:13 - [TEST_STEP][PASSED] - println(testCaseContext.getTestCaseId()): null

2020-02-19 12:56:13 - [TEST_STEP][PASSED] - println(testCaseContext.getTestCaseStatus()): null

2020-02-19 12:56:13 - [TEST_STEP][PASSED] - println("On Failure Method is Calling : " + testCaseContext.getTestCaseStatus()): null

2020-02-19 12:56:13 - [TEST_STEP][PASSED] - if (!(getTestCaseStatus().equalsIgnoreCase("PASSED"))): null]]></system-out>
         <system-err><![CDATA[]]></system-err>
      </testcase>
      <testcase name="Test Cases/Atlas Platform/Platform Navigation/Picker/TC_008_ValidateSwicther-SelectedOrganization" time="5.69" classname="Test Cases/Atlas Platform/Platform Navigation/Picker/TC_008_ValidateSwicther-SelectedOrganization" status="PASSED">
         <system-out><![CDATA[2020-02-19 12:56:15 - [TEST_CASE][PASSED] - Test Cases/Atlas Platform/Platform Navigation/Picker/TC_008_ValidateSwicther-SelectedOrganization: Test Cases/Atlas Platform/Platform Navigation/Picker/TC_008_ValidateSwicther-SelectedOrganization

2020-02-19 12:56:15 - [TEST_STEP][NOT_RUN] - callTestCase(findTestCase("Atlas Platform/Platform Navigation/Login/LoginWithRootAdmin"), [:], STOP_ON_FAILURE): NOT_RUN: callTestCase(findTestCase("Atlas Platform/Platform Navigation/Login/LoginWithRootAdmin"), [:], STOP_ON_FAILURE)

2020-02-19 12:56:15 - [MESSAGE][NOT_RUN] - NOT_RUN: callTestCase(findTestCase("Atlas Platform/Platform Navigation/Login/LoginWithRootAdmin"), [:], STOP_ON_FAILURE)

2020-02-19 12:56:15 - [TEST_STEP][PASSED] - initiallyselectedtext = getText(findTestObject("Swicther/swicthermenutext")): Text of object 'Object Repository/Swicther/swicthermenutext' is: 'Atlantic Toyota'

2020-02-19 12:56:16 - [MESSAGE][PASSED] - Text of object 'Object Repository/Swicther/swicthermenutext' is: 'Atlantic Toyota'

2020-02-19 12:56:16 - [TEST_STEP][PASSED] - click(findTestObject("Swicther/swicthermenutext")): Object: 'Object Repository/Swicther/swicthermenutext' is clicked on

2020-02-19 12:56:16 - [MESSAGE][PASSED] - Object: 'Object Repository/Swicther/swicthermenutext' is clicked on

2020-02-19 12:56:16 - [TEST_STEP][PASSED] - click(findTestObject("Swicther/organization_tab_swicther")): Object: 'Object Repository/Swicther/organization_tab_swicther' is clicked on

2020-02-19 12:56:17 - [MESSAGE][PASSED] - Object: 'Object Repository/Swicther/organization_tab_swicther' is clicked on

2020-02-19 12:56:17 - [TEST_STEP][PASSED] - selectedtext = getText(findTestObject("Swicther/fordtext_value")): Text of object 'Object Repository/Swicther/fordtext_value' is: '802 Toyota
Last Visited Today'

2020-02-19 12:56:17 - [MESSAGE][PASSED] - Text of object 'Object Repository/Swicther/fordtext_value' is: '802 Toyota
Last Visited Today'

2020-02-19 12:56:17 - [TEST_STEP][PASSED] - click(findTestObject("Swicther/fordtext_value")): Object: 'Object Repository/Swicther/fordtext_value' is clicked on

2020-02-19 12:56:18 - [MESSAGE][PASSED] - Object: 'Object Repository/Swicther/fordtext_value' is clicked on

2020-02-19 12:56:18 - [TEST_STEP][PASSED] - verifyNotEqual(initiallyselectedtext, split("Last")[0].trim()): Actual object 'Atlantic Toyota' and expected object '802 Toyota' are not equal

2020-02-19 12:56:18 - [MESSAGE][PASSED] - Actual object 'Atlantic Toyota' and expected object '802 Toyota' are not equal

2020-02-19 12:56:18 - [TEST_STEP][PASSED] - currentlySelectedText = getText(findTestObject("Swicther/swicthermenutext")): Text of object 'Object Repository/Swicther/swicthermenutext' is: '802 Toyota'

2020-02-19 12:56:18 - [MESSAGE][PASSED] - Text of object 'Object Repository/Swicther/swicthermenutext' is: '802 Toyota'

2020-02-19 12:56:18 - [TEST_STEP][PASSED] - verifyEqual(currentlySelectedText.trim(), split("Last")[0].trim()): Actual object '802 Toyota' and expected object '802 Toyota' are equal

2020-02-19 12:56:18 - [MESSAGE][PASSED] - Actual object '802 Toyota' and expected object '802 Toyota' are equal

2020-02-19 12:56:18 - [TEST_STEP][PASSED] - Start listener action : sampleAfterTestCase: null

2020-02-19 12:56:18 - [TEST_STEP][PASSED] - println(testCaseContext.getTestCaseId()): null

2020-02-19 12:56:18 - [TEST_STEP][PASSED] - println(testCaseContext.getTestCaseStatus()): null

2020-02-19 12:56:18 - [TEST_STEP][PASSED] - println("On Failure Method is Calling : " + testCaseContext.getTestCaseStatus()): null

2020-02-19 12:56:18 - [TEST_STEP][PASSED] - if (!(getTestCaseStatus().equalsIgnoreCase("PASSED"))): null]]></system-out>
         <system-err><![CDATA[]]></system-err>
      </testcase>
      <testcase name="Test Cases/Atlas Platform/Platform Navigation/Picker/TC_009_ValidateSwicther_SelectedRoot(TBD)" time="43.548" classname="Test Cases/Atlas Platform/Platform Navigation/Picker/TC_009_ValidateSwicther_SelectedRoot(TBD)" status="PASSED">
         <system-out><![CDATA[2020-02-19 12:56:20 - [TEST_CASE][PASSED] - Test Cases/Atlas Platform/Platform Navigation/Picker/TC_009_ValidateSwicther_SelectedRoot(TBD): Test Cases/Atlas Platform/Platform Navigation/Picker/TC_009_ValidateSwicther_SelectedRoot(TBD)

2020-02-19 12:56:21 - [TEST_STEP][PASSED] - callTestCase(findTestCase("Atlas Platform/Platform Navigation/Login/LoginWithRootAdmin"), [:], STOP_ON_FAILURE): Call Test Case 'Test Cases/Atlas Platform/Platform Navigation/Login/LoginWithRootAdmin' successfully

2020-02-19 12:56:21 - [TEST_CASE][PASSED] - Test Cases/Atlas Platform/Platform Navigation/Login/LoginWithRootAdmin: Test Cases/Atlas Platform/Platform Navigation/Login/LoginWithRootAdmin

2020-02-19 12:56:21 - [TEST_STEP][NOT_RUN] - openBrowser(""): NOT_RUN: openBrowser("")

2020-02-19 12:56:21 - [MESSAGE][NOT_RUN] - NOT_RUN: openBrowser("")

2020-02-19 12:56:21 - [TEST_STEP][PASSED] - callTestCase(findTestCase("Atlas Platform/Platform Navigation/Login/Default Logins/TC_100_ForSecurityURLSAcceptance"), [:], CONTINUE_ON_FAILURE): Call Test Case 'Test Cases/Atlas Platform/Platform Navigation/Login/Default Logins/TC_100_ForSecurityURLSAcceptance' successfully

2020-02-19 12:56:21 - [TEST_CASE][PASSED] - Test Cases/Atlas Platform/Platform Navigation/Login/Default Logins/TC_100_ForSecurityURLSAcceptance: Test Cases/Atlas Platform/Platform Navigation/Login/Default Logins/TC_100_ForSecurityURLSAcceptance

2020-02-19 12:56:21 - [TEST_STEP][PASSED] - openBrowser(""): Browser is opened with url: ''

2020-02-19 12:56:21 - [MESSAGE][WARNING] - A browser is already opened. Closing browser and opening a new one

2020-02-19 12:56:22 - [MESSAGE][INFO] - Starting 'Chrome' driver

2020-02-19 12:56:22 - [MESSAGE][INFO] - User set preference: ['args', '[--start-maximized, --disable-web-security, --no-proxy-server]']

2020-02-19 12:56:22 - [MESSAGE][INFO] - User set preference: ['prefs', '{credentials_enable_service=false, profile.password_manager_enabled=false}']

2020-02-19 12:56:28 - [MESSAGE][PASSED] - Browser is opened with url: ''

2020-02-19 12:56:28 - [TEST_STEP][PASSED] - navigateToUrl("https://ec2-3-133-54-242.us-east-2.compute.amazonaws.com:9092/services/message/api/programs"): Navigate to 'https://ec2-3-133-54-242.us-east-2.compute.amazonaws.com:9092/services/message/api/programs' successfully

2020-02-19 12:56:29 - [MESSAGE][PASSED] - Navigate to 'https://ec2-3-133-54-242.us-east-2.compute.amazonaws.com:9092/services/message/api/programs' successfully

2020-02-19 12:56:29 - [TEST_STEP][PASSED] - click(findTestObject("LoginPage/httpAdvanceBtn")): Object: 'Object Repository/LoginPage/httpAdvanceBtn' is clicked on

2020-02-19 12:56:29 - [MESSAGE][PASSED] - Object: 'Object Repository/LoginPage/httpAdvanceBtn' is clicked on

2020-02-19 12:56:29 - [TEST_STEP][PASSED] - click(findTestObject("LoginPage/httpsproceedlink")): Object: 'Object Repository/LoginPage/httpsproceedlink' is clicked on

2020-02-19 12:56:32 - [MESSAGE][PASSED] - Object: 'Object Repository/LoginPage/httpsproceedlink' is clicked on

2020-02-19 12:56:32 - [TEST_STEP][PASSED] - navigateToUrl("https://3.19.246.255:9090/services/configuration/api/authenticate"): Navigate to 'https://3.19.246.255:9090/services/configuration/api/authenticate' successfully

2020-02-19 12:56:35 - [MESSAGE][PASSED] - Navigate to 'https://3.19.246.255:9090/services/configuration/api/authenticate' successfully

2020-02-19 12:56:35 - [TEST_STEP][PASSED] - click(findTestObject("LoginPage/httpAdvanceBtn")): Object: 'Object Repository/LoginPage/httpAdvanceBtn' is clicked on

2020-02-19 12:56:36 - [MESSAGE][PASSED] - Object: 'Object Repository/LoginPage/httpAdvanceBtn' is clicked on

2020-02-19 12:56:36 - [TEST_STEP][PASSED] - click(findTestObject("LoginPage/httpsproceedlink")): Object: 'Object Repository/LoginPage/httpsproceedlink' is clicked on

2020-02-19 12:56:37 - [MESSAGE][PASSED] - Object: 'Object Repository/LoginPage/httpsproceedlink' is clicked on

2020-02-19 12:56:37 - [TEST_STEP][PASSED] - navigateToUrl("https://ec2-3-133-54-242.us-east-2.compute.amazonaws.com:8080/services/data/api/data-sources?search=Repair&filters=ACTIVE&page=0&size=20&sort=accountId,DESC"): Navigate to 'https://ec2-3-133-54-242.us-east-2.compute.amazonaws.com:8080/services/data/api/data-sources?search=Repair&filters=ACTIVE&page=0&size=20&sort=accountId,DESC' successfully

2020-02-19 12:56:41 - [MESSAGE][PASSED] - Navigate to 'https://ec2-3-133-54-242.us-east-2.compute.amazonaws.com:8080/services/data/api/data-sources?search=Repair&filters=ACTIVE&page=0&size=20&sort=accountId,DESC' successfully

2020-02-19 12:56:41 - [TEST_STEP][PASSED] - click(findTestObject("LoginPage/httpAdvanceBtn")): Object: 'Object Repository/LoginPage/httpAdvanceBtn' is clicked on

2020-02-19 12:56:41 - [MESSAGE][PASSED] - Object: 'Object Repository/LoginPage/httpAdvanceBtn' is clicked on

2020-02-19 12:56:41 - [TEST_STEP][PASSED] - click(findTestObject("LoginPage/httpsproceedlink")): Object: 'Object Repository/LoginPage/httpsproceedlink' is clicked on

2020-02-19 12:56:43 - [MESSAGE][PASSED] - Object: 'Object Repository/LoginPage/httpsproceedlink' is clicked on

2020-02-19 12:56:43 - [TEST_STEP][PASSED] - navigateToUrl("https://3.19.246.255:9091/services/content/api/images?page=0&size=10"): Navigate to 'https://3.19.246.255:9091/services/content/api/images?page=0&size=10' successfully

2020-02-19 12:56:47 - [MESSAGE][PASSED] - Navigate to 'https://3.19.246.255:9091/services/content/api/images?page=0&size=10' successfully

2020-02-19 12:56:47 - [TEST_STEP][PASSED] - click(findTestObject("LoginPage/httpAdvanceBtn")): Object: 'Object Repository/LoginPage/httpAdvanceBtn' is clicked on

2020-02-19 12:56:47 - [MESSAGE][PASSED] - Object: 'Object Repository/LoginPage/httpAdvanceBtn' is clicked on

2020-02-19 12:56:47 - [TEST_STEP][PASSED] - click(findTestObject("LoginPage/httpsproceedlink")): Object: 'Object Repository/LoginPage/httpsproceedlink' is clicked on

2020-02-19 12:56:49 - [MESSAGE][PASSED] - Object: 'Object Repository/LoginPage/httpsproceedlink' is clicked on

2020-02-19 12:56:49 - [MESSAGE][PASSED] - Call Test Case 'Test Cases/Atlas Platform/Platform Navigation/Login/Default Logins/TC_100_ForSecurityURLSAcceptance' successfully

2020-02-19 12:56:49 - [TEST_STEP][PASSED] - navigateToUrl("https://atlas-dev.gsm.auto/"): Navigate to 'https://atlas-dev.gsm.auto/' successfully

2020-02-19 12:56:53 - [MESSAGE][PASSED] - Navigate to 'https://atlas-dev.gsm.auto/' successfully

2020-02-19 12:56:53 - [TEST_STEP][PASSED] - setText(findTestObject("Object Repository/LoginPage/loginpageemailtxtbox"), user_Email): Text 'navaraj@totient.co.in' is set on object 'Object Repository/LoginPage/loginpageemailtxtbox'

2020-02-19 12:56:54 - [MESSAGE][PASSED] - Text 'navaraj@totient.co.in' is set on object 'Object Repository/LoginPage/loginpageemailtxtbox'

2020-02-19 12:56:54 - [TEST_STEP][PASSED] - setText(findTestObject("Object Repository/LoginPage/loginpaepasswordtxtbox"), user_Password): Text 'Totient@123' is set on object 'Object Repository/LoginPage/loginpaepasswordtxtbox'

2020-02-19 12:56:55 - [MESSAGE][PASSED] - Text 'Totient@123' is set on object 'Object Repository/LoginPage/loginpaepasswordtxtbox'

2020-02-19 12:56:55 - [TEST_STEP][PASSED] - click(findTestObject("LoginPage/loginpageloginbtn")): Object: 'Object Repository/LoginPage/loginpageloginbtn' is clicked on

2020-02-19 12:56:55 - [MESSAGE][PASSED] - Object: 'Object Repository/LoginPage/loginpageloginbtn' is clicked on

2020-02-19 12:56:55 - [TEST_STEP][PASSED] - conn = com.katalon.plugin.keyword.connection.DatabaseKeywords.getGlobalConnection(): com.katalon.plugin.keyword.connection.DatabaseKeywords.getGlobalConnection is PASSED

2020-02-19 12:56:59 - [MESSAGE][PASSED] - com.katalon.plugin.keyword.connection.DatabaseKeywords.getGlobalConnection is PASSED

2020-02-19 12:56:59 - [TEST_STEP][PASSED] - resultValues1 = com.katalon.plugin.keyword.connection.DatabaseKeywords.executeQuery(conn, "SELECT * FROM atlas_config.user WHERE email ="" + user_Email + "";"): com.katalon.plugin.keyword.connection.DatabaseKeywords.executeQuery is PASSED

2020-02-19 12:57:00 - [MESSAGE][PASSED] - com.katalon.plugin.keyword.connection.DatabaseKeywords.executeQuery is PASSED

2020-02-19 12:57:00 - [TEST_STEP][PASSED] - println(com.katalon.plugin.keyword.connection.ResultSetKeywords.getSingleCellValue(resultValues1, 1, "user_id")): com.katalon.plugin.keyword.connection.ResultSetKeywords.getSingleCellValue is PASSED

2020-02-19 12:57:00 - [MESSAGE][PASSED] - com.katalon.plugin.keyword.connection.ResultSetKeywords.getSingleCellValue is PASSED

2020-02-19 12:57:00 - [TEST_STEP][PASSED] - user_id = com.katalon.plugin.keyword.connection.ResultSetKeywords.getSingleCellValue(resultValues1, 1, "user_id"): com.katalon.plugin.keyword.connection.ResultSetKeywords.getSingleCellValue is PASSED

2020-02-19 12:57:00 - [MESSAGE][PASSED] - com.katalon.plugin.keyword.connection.ResultSetKeywords.getSingleCellValue is PASSED

2020-02-19 12:57:00 - [TEST_STEP][PASSED] - println("User ID Variable value is : " + user_id): null

2020-02-19 12:57:00 - [MESSAGE][PASSED] - Call Test Case 'Test Cases/Atlas Platform/Platform Navigation/Login/LoginWithRootAdmin' successfully

2020-02-19 12:57:00 - [TEST_STEP][PASSED] - initiallyselectedtext = getText(findTestObject("Swicther/swicthermenutext")): Text of object 'Object Repository/Swicther/swicthermenutext' is: '802 Toyota'

2020-02-19 12:57:01 - [MESSAGE][PASSED] - Text of object 'Object Repository/Swicther/swicthermenutext' is: '802 Toyota'

2020-02-19 12:57:01 - [TEST_STEP][PASSED] - click(findTestObject("Swicther/swicthermenutext")): Object: 'Object Repository/Swicther/swicthermenutext' is clicked on

2020-02-19 12:57:01 - [MESSAGE][PASSED] - Object: 'Object Repository/Swicther/swicthermenutext' is clicked on

2020-02-19 12:57:01 - [TEST_STEP][PASSED] - click(findTestObject("Swicther/closeIcon")): Object: 'Object Repository/Swicther/closeIcon' is clicked on

2020-02-19 12:57:02 - [MESSAGE][PASSED] - Object: 'Object Repository/Swicther/closeIcon' is clicked on

2020-02-19 12:57:02 - [TEST_STEP][PASSED] - Start listener action : sampleAfterTestCase: null

2020-02-19 12:57:02 - [TEST_STEP][PASSED] - println(testCaseContext.getTestCaseId()): null

2020-02-19 12:57:02 - [TEST_STEP][PASSED] - println(testCaseContext.getTestCaseStatus()): null

2020-02-19 12:57:02 - [TEST_STEP][PASSED] - println("On Failure Method is Calling : " + testCaseContext.getTestCaseStatus()): null

2020-02-19 12:57:02 - [TEST_STEP][PASSED] - if (!(getTestCaseStatus().equalsIgnoreCase("PASSED"))): null]]></system-out>
         <system-err><![CDATA[]]></system-err>
      </testcase>
      <testcase name="Test Cases/Atlas Platform/Platform Navigation/Picker/TC_010_VerifyAccounts_tab_Sorting" time="5.285" classname="Test Cases/Atlas Platform/Platform Navigation/Picker/TC_010_VerifyAccounts_tab_Sorting" status="PASSED">
         <system-out><![CDATA[2020-02-19 12:57:04 - [TEST_CASE][PASSED] - Test Cases/Atlas Platform/Platform Navigation/Picker/TC_010_VerifyAccounts_tab_Sorting: Test Cases/Atlas Platform/Platform Navigation/Picker/TC_010_VerifyAccounts_tab_Sorting

2020-02-19 12:57:04 - [TEST_STEP][NOT_RUN] - callTestCase(findTestCase("Atlas Platform/Platform Navigation/Login/LoginWithRootAdmin"), [:], STOP_ON_FAILURE): NOT_RUN: callTestCase(findTestCase("Atlas Platform/Platform Navigation/Login/LoginWithRootAdmin"), [:], STOP_ON_FAILURE)

2020-02-19 12:57:04 - [MESSAGE][NOT_RUN] - NOT_RUN: callTestCase(findTestCase("Atlas Platform/Platform Navigation/Login/LoginWithRootAdmin"), [:], STOP_ON_FAILURE)

2020-02-19 12:57:04 - [TEST_STEP][PASSED] - click(findTestObject("Swicther/swicthermenutext")): Object: 'Object Repository/Swicther/swicthermenutext' is clicked on

2020-02-19 12:57:05 - [MESSAGE][PASSED] - Object: 'Object Repository/Swicther/swicthermenutext' is clicked on

2020-02-19 12:57:05 - [TEST_STEP][PASSED] - click(findTestObject("Swicther/accounts_tab_swicther")): Object: 'Object Repository/Swicther/accounts_tab_swicther' is clicked on

2020-02-19 12:57:05 - [MESSAGE][PASSED] - Object: 'Object Repository/Swicther/accounts_tab_swicther' is clicked on

2020-02-19 12:57:05 - [TEST_STEP][PASSED] - listofoptions = findWebElements(findTestObject("Swicther/accounts_tab_all_values"), 5): null

2020-02-19 12:57:06 - [TEST_STEP][PASSED] - listofoptioninstring = new java.util.ArrayList(): null

2020-02-19 12:57:06 - [TEST_STEP][PASSED] - for (org.openqa.selenium.WebElement ele : listofoptions): null

2020-02-19 12:57:06 - [TEST_STEP][PASSED] - listofoptioninstring.addAll(getText().split("Last")[0]): null

2020-02-19 12:57:06 - [TEST_STEP][PASSED] - listofoptioninstring.addAll(getText().split("Last")[0]): null

2020-02-19 12:57:06 - [TEST_STEP][PASSED] - listofoptioninstring.addAll(getText().split("Last")[0]): null

2020-02-19 12:57:06 - [TEST_STEP][PASSED] - listofoptioninstring.addAll(getText().split("Last")[0]): null

2020-02-19 12:57:06 - [TEST_STEP][PASSED] - listofoptioninstring.addAll(getText().split("Last")[0]): null

2020-02-19 12:57:06 - [TEST_STEP][PASSED] - listofoptioninstring.addAll(getText().split("Last")[0]): null

2020-02-19 12:57:06 - [TEST_STEP][PASSED] - listofoptioninstring.addAll(getText().split("Last")[0]): null

2020-02-19 12:57:07 - [TEST_STEP][PASSED] - listofoptioninstring.addAll(getText().split("Last")[0]): null

2020-02-19 12:57:07 - [TEST_STEP][PASSED] - isSorted = web.CustomKeyword.checkListAscendingOrder(listofoptioninstring): web.CustomKeyword.checkListAscendingOrder is PASSED

2020-02-19 12:57:07 - [MESSAGE][PASSED] - web.CustomKeyword.checkListAscendingOrder is PASSED

2020-02-19 12:57:07 - [TEST_STEP][PASSED] - verifyEqual(isSorted, true): Actual object 'true' and expected object 'true' are equal

2020-02-19 12:57:07 - [MESSAGE][PASSED] - Actual object 'true' and expected object 'true' are equal

2020-02-19 12:57:07 - [TEST_STEP][PASSED] - click(findTestObject("Swicther/closeIcon")): Object: 'Object Repository/Swicther/closeIcon' is clicked on

2020-02-19 12:57:07 - [MESSAGE][PASSED] - Object: 'Object Repository/Swicther/closeIcon' is clicked on

2020-02-19 12:57:07 - [TEST_STEP][PASSED] - Start listener action : sampleAfterTestCase: null

2020-02-19 12:57:07 - [TEST_STEP][PASSED] - println(testCaseContext.getTestCaseId()): null

2020-02-19 12:57:07 - [TEST_STEP][PASSED] - println(testCaseContext.getTestCaseStatus()): null

2020-02-19 12:57:07 - [TEST_STEP][PASSED] - println("On Failure Method is Calling : " + testCaseContext.getTestCaseStatus()): null

2020-02-19 12:57:07 - [TEST_STEP][PASSED] - if (!(getTestCaseStatus().equalsIgnoreCase("PASSED"))): null]]></system-out>
         <system-err><![CDATA[]]></system-err>
      </testcase>
      <testcase name="Test Cases/Atlas Platform/Platform Navigation/Picker/TC_011_Verify_AccountName_Logo" time="5.75" classname="Test Cases/Atlas Platform/Platform Navigation/Picker/TC_011_Verify_AccountName_Logo" status="PASSED">
         <system-out><![CDATA[2020-02-19 12:57:09 - [TEST_CASE][PASSED] - Test Cases/Atlas Platform/Platform Navigation/Picker/TC_011_Verify_AccountName_Logo: Test Cases/Atlas Platform/Platform Navigation/Picker/TC_011_Verify_AccountName_Logo

2020-02-19 12:57:10 - [TEST_STEP][NOT_RUN] - callTestCase(findTestCase("Atlas Platform/Platform Navigation/Login/LoginWithRootAdmin"), [:], STOP_ON_FAILURE): NOT_RUN: callTestCase(findTestCase("Atlas Platform/Platform Navigation/Login/LoginWithRootAdmin"), [:], STOP_ON_FAILURE)

2020-02-19 12:57:10 - [MESSAGE][NOT_RUN] - NOT_RUN: callTestCase(findTestCase("Atlas Platform/Platform Navigation/Login/LoginWithRootAdmin"), [:], STOP_ON_FAILURE)

2020-02-19 12:57:10 - [TEST_STEP][PASSED] - click(findTestObject("Swicther/swicthermenutext")): Object: 'Object Repository/Swicther/swicthermenutext' is clicked on

2020-02-19 12:57:10 - [MESSAGE][PASSED] - Object: 'Object Repository/Swicther/swicthermenutext' is clicked on

2020-02-19 12:57:10 - [TEST_STEP][PASSED] - click(findTestObject("Swicther/accounts_tab_swicther")): Object: 'Object Repository/Swicther/accounts_tab_swicther' is clicked on

2020-02-19 12:57:11 - [MESSAGE][PASSED] - Object: 'Object Repository/Swicther/accounts_tab_swicther' is clicked on

2020-02-19 12:57:11 - [TEST_STEP][PASSED] - listofoptions = findWebElements(findTestObject("Swicther/accounts_tab_all_values"), 5): null

2020-02-19 12:57:12 - [TEST_STEP][PASSED] - listoficons = findWebElements(findTestObject("Swicther/accounts_tab_all_icons"), 5): null

2020-02-19 12:57:12 - [TEST_STEP][PASSED] - listofoptioninstring = new java.util.ArrayList(): null

2020-02-19 12:57:12 - [TEST_STEP][PASSED] - for (org.openqa.selenium.WebElement ele : listofoptions): null

2020-02-19 12:57:12 - [TEST_STEP][PASSED] - listofoptioninstring.addAll(ele.getText()): null

2020-02-19 12:57:12 - [TEST_STEP][PASSED] - listofoptioninstring.addAll(ele.getText()): null

2020-02-19 12:57:12 - [TEST_STEP][PASSED] - listofoptioninstring.addAll(ele.getText()): null

2020-02-19 12:57:12 - [TEST_STEP][PASSED] - listofoptioninstring.addAll(ele.getText()): null

2020-02-19 12:57:12 - [TEST_STEP][PASSED] - listofoptioninstring.addAll(ele.getText()): null

2020-02-19 12:57:12 - [TEST_STEP][PASSED] - listofoptioninstring.addAll(ele.getText()): null

2020-02-19 12:57:12 - [TEST_STEP][PASSED] - listofoptioninstring.addAll(ele.getText()): null

2020-02-19 12:57:12 - [TEST_STEP][PASSED] - listofoptioninstring.addAll(ele.getText()): null

2020-02-19 12:57:12 - [TEST_STEP][PASSED] - verify_accountName = web.CustomKeyword.getrandomStingValue(listofoptioninstring): web.CustomKeyword.getrandomStingValue is PASSED

2020-02-19 12:57:12 - [MESSAGE][PASSED] - web.CustomKeyword.getrandomStingValue is PASSED

2020-02-19 12:57:12 - [TEST_STEP][PASSED] - for ([h = 0, h < listofoptions.size(), (h++)]): null

2020-02-19 12:57:12 - [TEST_STEP][PASSED] - if (getText().equalsIgnoreCase(verify_accountName)): null

2020-02-19 12:57:12 - [TEST_STEP][PASSED] - if (toLowerCase().equalsIgnoreCase(toString().toLowerCase())): null

2020-02-19 12:57:12 - [TEST_STEP][PASSED] - Assert.assertEquals(get(h).getAttribute("d"), dattributeValue.toString()): null

2020-02-19 12:57:13 - [TEST_STEP][PASSED] - break: null

2020-02-19 12:57:13 - [TEST_STEP][PASSED] - click(findTestObject("Swicther/closeIcon")): Object: 'Object Repository/Swicther/closeIcon' is clicked on

2020-02-19 12:57:13 - [MESSAGE][PASSED] - Object: 'Object Repository/Swicther/closeIcon' is clicked on

2020-02-19 12:57:13 - [TEST_STEP][PASSED] - Start listener action : sampleAfterTestCase: null

2020-02-19 12:57:13 - [TEST_STEP][PASSED] - println(testCaseContext.getTestCaseId()): null

2020-02-19 12:57:13 - [TEST_STEP][PASSED] - println(testCaseContext.getTestCaseStatus()): null

2020-02-19 12:57:13 - [TEST_STEP][PASSED] - println("On Failure Method is Calling : " + testCaseContext.getTestCaseStatus()): null

2020-02-19 12:57:13 - [TEST_STEP][PASSED] - if (!(getTestCaseStatus().equalsIgnoreCase("PASSED"))): null]]></system-out>
         <system-err><![CDATA[]]></system-err>
      </testcase>
      <testcase name="Test Cases/Atlas Platform/Platform Navigation/Picker/TC_012_Validate_Accounts_Favorites" time="7.297" classname="Test Cases/Atlas Platform/Platform Navigation/Picker/TC_012_Validate_Accounts_Favorites" status="PASSED">
         <system-out><![CDATA[2020-02-19 12:57:15 - [TEST_CASE][PASSED] - Test Cases/Atlas Platform/Platform Navigation/Picker/TC_012_Validate_Accounts_Favorites: Test Cases/Atlas Platform/Platform Navigation/Picker/TC_012_Validate_Accounts_Favorites

2020-02-19 12:57:15 - [TEST_STEP][NOT_RUN] - callTestCase(findTestCase("Atlas Platform/Platform Navigation/Picker/TC_100_RemoveAllFavorites"), [:], STOP_ON_FAILURE): NOT_RUN: callTestCase(findTestCase("Atlas Platform/Platform Navigation/Picker/TC_100_RemoveAllFavorites"), [:], STOP_ON_FAILURE)

2020-02-19 12:57:15 - [MESSAGE][NOT_RUN] - NOT_RUN: callTestCase(findTestCase("Atlas Platform/Platform Navigation/Picker/TC_100_RemoveAllFavorites"), [:], STOP_ON_FAILURE)

2020-02-19 12:57:15 - [TEST_STEP][PASSED] - click(findTestObject("Swicther/swicthermenutext")): Object: 'Object Repository/Swicther/swicthermenutext' is clicked on

2020-02-19 12:57:16 - [MESSAGE][PASSED] - Object: 'Object Repository/Swicther/swicthermenutext' is clicked on

2020-02-19 12:57:16 - [TEST_STEP][PASSED] - click(findTestObject("Swicther/accounts_tab_swicther")): Object: 'Object Repository/Swicther/accounts_tab_swicther' is clicked on

2020-02-19 12:57:16 - [MESSAGE][PASSED] - Object: 'Object Repository/Swicther/accounts_tab_swicther' is clicked on

2020-02-19 12:57:16 - [TEST_STEP][PASSED] - listofoptions = findWebElements(findTestObject("Swicther/accounts_tab_all_values"), 5): null

2020-02-19 12:57:17 - [TEST_STEP][PASSED] - listoffavicons = findWebElements(findTestObject("Swicther/accounts_tab_fav_icon"), 5): null

2020-02-19 12:57:18 - [TEST_STEP][PASSED] - listofoptioninstring = new java.util.ArrayList(): null

2020-02-19 12:57:18 - [TEST_STEP][PASSED] - for (org.openqa.selenium.WebElement ele : listofoptions): null

2020-02-19 12:57:18 - [TEST_STEP][PASSED] - listofoptioninstring.addAll(ele.getText()): null

2020-02-19 12:57:18 - [TEST_STEP][PASSED] - listofoptioninstring.addAll(ele.getText()): null

2020-02-19 12:57:18 - [TEST_STEP][PASSED] - listofoptioninstring.addAll(ele.getText()): null

2020-02-19 12:57:18 - [TEST_STEP][PASSED] - listofoptioninstring.addAll(ele.getText()): null

2020-02-19 12:57:18 - [TEST_STEP][PASSED] - listofoptioninstring.addAll(ele.getText()): null

2020-02-19 12:57:18 - [TEST_STEP][PASSED] - listofoptioninstring.addAll(ele.getText()): null

2020-02-19 12:57:18 - [TEST_STEP][PASSED] - listofoptioninstring.addAll(ele.getText()): null

2020-02-19 12:57:18 - [TEST_STEP][PASSED] - listofoptioninstring.addAll(ele.getText()): null

2020-02-19 12:57:18 - [TEST_STEP][PASSED] - verify_accountName = web.CustomKeyword.getrandomStingValue(listofoptioninstring): web.CustomKeyword.getrandomStingValue is PASSED

2020-02-19 12:57:18 - [MESSAGE][PASSED] - web.CustomKeyword.getrandomStingValue is PASSED

2020-02-19 12:57:18 - [TEST_STEP][PASSED] - for ([h = 0, h < listofoptions.size(), (h++)]): null

2020-02-19 12:57:18 - [TEST_STEP][PASSED] - if (getText().equalsIgnoreCase(verify_accountName)): null

2020-02-19 12:57:18 - [TEST_STEP][PASSED] - if (getText().equalsIgnoreCase(verify_accountName)): null

2020-02-19 12:57:18 - [TEST_STEP][PASSED] - if (getText().equalsIgnoreCase(verify_accountName)): null

2020-02-19 12:57:18 - [TEST_STEP][PASSED] - get(h).click(): null

2020-02-19 12:57:18 - [TEST_STEP][PASSED] - break: null

2020-02-19 12:57:18 - [TEST_STEP][PASSED] - click(findTestObject("Swicther/favorites_tabs_swicther")): Object: 'Object Repository/Swicther/favorites_tabs_swicther' is clicked on

2020-02-19 12:57:19 - [MESSAGE][PASSED] - Object: 'Object Repository/Swicther/favorites_tabs_swicther' is clicked on

2020-02-19 12:57:19 - [TEST_STEP][PASSED] - listoffavvalues = findWebElements(findTestObject("Swicther/favorites_tab_all_values"), 5): null

2020-02-19 12:57:20 - [TEST_STEP][PASSED] - isPresent = false: null

2020-02-19 12:57:20 - [TEST_STEP][PASSED] - for ([j = 0, j < listoffavvalues.size(), (j++)]): null

2020-02-19 12:57:20 - [TEST_STEP][PASSED] - if (getText().equalsIgnoreCase(verify_accountName)): null

2020-02-19 12:57:20 - [TEST_STEP][PASSED] - isPresent = true: null

2020-02-19 12:57:20 - [TEST_STEP][NOT_RUN] - click(findTestObject("Swicther/favorite_icon")): NOT_RUN: click(findTestObject("Swicther/favorite_icon"))

2020-02-19 12:57:20 - [MESSAGE][NOT_RUN] - NOT_RUN: click(findTestObject("Swicther/favorite_icon"))

2020-02-19 12:57:20 - [TEST_STEP][PASSED] - verifyEqual(isPresent, true): Actual object 'true' and expected object 'true' are equal

2020-02-19 12:57:20 - [MESSAGE][PASSED] - Actual object 'true' and expected object 'true' are equal

2020-02-19 12:57:20 - [TEST_STEP][PASSED] - click(findTestObject("Swicther/closeIcon")): Object: 'Object Repository/Swicther/closeIcon' is clicked on

2020-02-19 12:57:20 - [MESSAGE][PASSED] - Object: 'Object Repository/Swicther/closeIcon' is clicked on

2020-02-19 12:57:20 - [TEST_STEP][PASSED] - Start listener action : sampleAfterTestCase: null

2020-02-19 12:57:20 - [TEST_STEP][PASSED] - println(testCaseContext.getTestCaseId()): null

2020-02-19 12:57:20 - [TEST_STEP][PASSED] - println(testCaseContext.getTestCaseStatus()): null

2020-02-19 12:57:20 - [TEST_STEP][PASSED] - println("On Failure Method is Calling : " + testCaseContext.getTestCaseStatus()): null

2020-02-19 12:57:20 - [TEST_STEP][PASSED] - if (!(getTestCaseStatus().equalsIgnoreCase("PASSED"))): null]]></system-out>
         <system-err><![CDATA[]]></system-err>
      </testcase>
      <testcase name="Test Cases/Atlas Platform/Platform Navigation/Picker/TC_013_Verify_AccountsTab_Values" time="8.02" classname="Test Cases/Atlas Platform/Platform Navigation/Picker/TC_013_Verify_AccountsTab_Values" status="PASSED">
         <system-out><![CDATA[2020-02-19 12:57:22 - [TEST_CASE][PASSED] - Test Cases/Atlas Platform/Platform Navigation/Picker/TC_013_Verify_AccountsTab_Values: Test Cases/Atlas Platform/Platform Navigation/Picker/TC_013_Verify_AccountsTab_Values

2020-02-19 12:57:23 - [TEST_STEP][NOT_RUN] - callTestCase(findTestCase("Atlas Platform/Platform Navigation/Login/LoginWithRootAdmin"), [:], STOP_ON_FAILURE): NOT_RUN: callTestCase(findTestCase("Atlas Platform/Platform Navigation/Login/LoginWithRootAdmin"), [:], STOP_ON_FAILURE)

2020-02-19 12:57:23 - [MESSAGE][NOT_RUN] - NOT_RUN: callTestCase(findTestCase("Atlas Platform/Platform Navigation/Login/LoginWithRootAdmin"), [:], STOP_ON_FAILURE)

2020-02-19 12:57:23 - [TEST_STEP][PASSED] - click(findTestObject("Swicther/swicthermenutext")): Object: 'Object Repository/Swicther/swicthermenutext' is clicked on

2020-02-19 12:57:23 - [MESSAGE][PASSED] - Object: 'Object Repository/Swicther/swicthermenutext' is clicked on

2020-02-19 12:57:23 - [TEST_STEP][PASSED] - click(findTestObject("Swicther/accounts_tab_swicther")): Object: 'Object Repository/Swicther/accounts_tab_swicther' is clicked on

2020-02-19 12:57:24 - [MESSAGE][PASSED] - Object: 'Object Repository/Swicther/accounts_tab_swicther' is clicked on

2020-02-19 12:57:24 - [TEST_STEP][PASSED] - listofAccNames = findWebElements(findTestObject("Swicther/accounts_tab_all_values"), 10): null

2020-02-19 12:57:25 - [TEST_STEP][PASSED] - textValuesForAccountsName = new java.util.ArrayList(): null

2020-02-19 12:57:25 - [TEST_STEP][PASSED] - for ([hjk = 0, hjk < listofAccNames.size(), (hjk++)]): null

2020-02-19 12:57:25 - [TEST_STEP][PASSED] - textValuesForAccountsName.add(split("Last")[0].trim()): null

2020-02-19 12:57:25 - [TEST_STEP][PASSED] - textValuesForAccountsName.add(split("Last")[0].trim()): null

2020-02-19 12:57:25 - [TEST_STEP][PASSED] - textValuesForAccountsName.add(split("Last")[0].trim()): null

2020-02-19 12:57:25 - [TEST_STEP][PASSED] - textValuesForAccountsName.add(split("Last")[0].trim()): null

2020-02-19 12:57:25 - [TEST_STEP][PASSED] - textValuesForAccountsName.add(split("Last")[0].trim()): null

2020-02-19 12:57:25 - [TEST_STEP][PASSED] - textValuesForAccountsName.add(split("Last")[0].trim()): null

2020-02-19 12:57:25 - [TEST_STEP][PASSED] - textValuesForAccountsName.add(split("Last")[0].trim()): null

2020-02-19 12:57:25 - [TEST_STEP][PASSED] - textValuesForAccountsName.add(split("Last")[0].trim()): null

2020-02-19 12:57:25 - [TEST_STEP][PASSED] - click(findTestObject("Swicther/root_tab_swicther")): Object: 'Object Repository/Swicther/root_tab_swicther' is clicked on

2020-02-19 12:57:25 - [MESSAGE][PASSED] - Object: 'Object Repository/Swicther/root_tab_swicther' is clicked on

2020-02-19 12:57:25 - [TEST_STEP][PASSED] - listofRootnames = findWebElements(findTestObject("Swicther/root_tab_all_values"), 10): null

2020-02-19 12:57:26 - [TEST_STEP][PASSED] - rootNames = new java.util.ArrayList(): null

2020-02-19 12:57:26 - [TEST_STEP][PASSED] - for (org.openqa.selenium.WebElement ele : listofRootnames): null

2020-02-19 12:57:26 - [TEST_STEP][PASSED] - rootNames.add(split("Last")[0].trim()): null

2020-02-19 12:57:26 - [TEST_STEP][PASSED] - isPresent = textValuesForAccountsName.removeAll(rootNames): null

2020-02-19 12:57:26 - [TEST_STEP][PASSED] - verifyEqual(isPresent, false): Actual object 'false' and expected object 'false' are equal

2020-02-19 12:57:26 - [MESSAGE][PASSED] - Actual object 'false' and expected object 'false' are equal

2020-02-19 12:57:26 - [TEST_STEP][PASSED] - click(findTestObject("Swicther/organization_tab_swicther")): Object: 'Object Repository/Swicther/organization_tab_swicther' is clicked on

2020-02-19 12:57:27 - [MESSAGE][PASSED] - Object: 'Object Repository/Swicther/organization_tab_swicther' is clicked on

2020-02-19 12:57:27 - [TEST_STEP][PASSED] - listofOrgNames = findWebElements(findTestObject("Swicther/organization_tab_all_values"), 10): null

2020-02-19 12:57:27 - [TEST_STEP][PASSED] - orgNames = new java.util.ArrayList(): null

2020-02-19 12:57:27 - [TEST_STEP][PASSED] - for (org.openqa.selenium.WebElement ele : listofOrgNames): null

2020-02-19 12:57:27 - [TEST_STEP][PASSED] - orgNames.add(split("Last")[0].trim()): null

2020-02-19 12:57:27 - [TEST_STEP][PASSED] - orgNames.add(split("Last")[0].trim()): null

2020-02-19 12:57:27 - [TEST_STEP][PASSED] - orgNames.add(split("Last")[0].trim()): null

2020-02-19 12:57:27 - [TEST_STEP][PASSED] - orgNames.add(split("Last")[0].trim()): null

2020-02-19 12:57:27 - [TEST_STEP][PASSED] - orgNames.add(split("Last")[0].trim()): null

2020-02-19 12:57:27 - [TEST_STEP][PASSED] - orgNames.add(split("Last")[0].trim()): null

2020-02-19 12:57:27 - [TEST_STEP][PASSED] - orgNames.add(split("Last")[0].trim()): null

2020-02-19 12:57:27 - [TEST_STEP][PASSED] - orgNames.add(split("Last")[0].trim()): null

2020-02-19 12:57:27 - [TEST_STEP][PASSED] - orgNames.add(split("Last")[0].trim()): null

2020-02-19 12:57:27 - [TEST_STEP][PASSED] - orgNames.add(split("Last")[0].trim()): null

2020-02-19 12:57:28 - [TEST_STEP][PASSED] - orgNames.add(split("Last")[0].trim()): null

2020-02-19 12:57:28 - [TEST_STEP][PASSED] - orgNames.add(split("Last")[0].trim()): null

2020-02-19 12:57:28 - [TEST_STEP][PASSED] - orgNames.add(split("Last")[0].trim()): null

2020-02-19 12:57:28 - [TEST_STEP][PASSED] - isPresent = textValuesForAccountsName.removeAll(orgNames): null

2020-02-19 12:57:28 - [TEST_STEP][PASSED] - verifyEqual(isPresent, false): Actual object 'false' and expected object 'false' are equal

2020-02-19 12:57:28 - [MESSAGE][PASSED] - Actual object 'false' and expected object 'false' are equal

2020-02-19 12:57:28 - [TEST_STEP][PASSED] - click(findTestObject("Swicther/closeIcon")): Object: 'Object Repository/Swicther/closeIcon' is clicked on

2020-02-19 12:57:28 - [MESSAGE][PASSED] - Object: 'Object Repository/Swicther/closeIcon' is clicked on

2020-02-19 12:57:28 - [TEST_STEP][PASSED] - Start listener action : sampleAfterTestCase: null

2020-02-19 12:57:28 - [TEST_STEP][PASSED] - println(testCaseContext.getTestCaseId()): null

2020-02-19 12:57:28 - [TEST_STEP][PASSED] - println(testCaseContext.getTestCaseStatus()): null

2020-02-19 12:57:28 - [TEST_STEP][PASSED] - println("On Failure Method is Calling : " + testCaseContext.getTestCaseStatus()): null

2020-02-19 12:57:28 - [TEST_STEP][PASSED] - if (!(getTestCaseStatus().equalsIgnoreCase("PASSED"))): null]]></system-out>
         <system-err><![CDATA[]]></system-err>
      </testcase>
      <testcase name="Test Cases/Atlas Platform/Platform Navigation/Picker/TC_014_Verify_newly_Created_Acc_Present(TBD)" time="4.083" classname="Test Cases/Atlas Platform/Platform Navigation/Picker/TC_014_Verify_newly_Created_Acc_Present(TBD)" status="PASSED">
         <system-out><![CDATA[2020-02-19 12:57:30 - [TEST_CASE][PASSED] - Test Cases/Atlas Platform/Platform Navigation/Picker/TC_014_Verify_newly_Created_Acc_Present(TBD): Test Cases/Atlas Platform/Platform Navigation/Picker/TC_014_Verify_newly_Created_Acc_Present(TBD)

2020-02-19 12:57:31 - [TEST_STEP][NOT_RUN] - callTestCase(findTestCase("Atlas Platform/Platform Navigation/Login/LoginWithRootAdmin"), [:], STOP_ON_FAILURE): NOT_RUN: callTestCase(findTestCase("Atlas Platform/Platform Navigation/Login/LoginWithRootAdmin"), [:], STOP_ON_FAILURE)

2020-02-19 12:57:31 - [MESSAGE][NOT_RUN] - NOT_RUN: callTestCase(findTestCase("Atlas Platform/Platform Navigation/Login/LoginWithRootAdmin"), [:], STOP_ON_FAILURE)

2020-02-19 12:57:31 - [TEST_STEP][PASSED] - click(findTestObject("Swicther/swicthermenutext")): Object: 'Object Repository/Swicther/swicthermenutext' is clicked on

2020-02-19 12:57:31 - [MESSAGE][PASSED] - Object: 'Object Repository/Swicther/swicthermenutext' is clicked on

2020-02-19 12:57:31 - [TEST_STEP][PASSED] - click(findTestObject("Swicther/accounts_tab_swicther")): Object: 'Object Repository/Swicther/accounts_tab_swicther' is clicked on

2020-02-19 12:57:32 - [MESSAGE][PASSED] - Object: 'Object Repository/Swicther/accounts_tab_swicther' is clicked on

2020-02-19 12:57:32 - [TEST_STEP][PASSED] - click(findTestObject("Swicther/closeIcon")): Object: 'Object Repository/Swicther/closeIcon' is clicked on

2020-02-19 12:57:32 - [MESSAGE][PASSED] - Object: 'Object Repository/Swicther/closeIcon' is clicked on

2020-02-19 12:57:32 - [TEST_STEP][PASSED] - Start listener action : sampleAfterTestCase: null

2020-02-19 12:57:32 - [TEST_STEP][PASSED] - println(testCaseContext.getTestCaseId()): null

2020-02-19 12:57:32 - [TEST_STEP][PASSED] - println(testCaseContext.getTestCaseStatus()): null

2020-02-19 12:57:32 - [TEST_STEP][PASSED] - println("On Failure Method is Calling : " + testCaseContext.getTestCaseStatus()): null

2020-02-19 12:57:32 - [TEST_STEP][PASSED] - if (!(getTestCaseStatus().equalsIgnoreCase("PASSED"))): null]]></system-out>
         <system-err><![CDATA[]]></system-err>
      </testcase>
      <testcase name="Test Cases/Atlas Platform/Platform Navigation/Picker/TC_015_Verify_Organiz_tab_sorting" time="4.558" classname="Test Cases/Atlas Platform/Platform Navigation/Picker/TC_015_Verify_Organiz_tab_sorting" status="PASSED">
         <system-out><![CDATA[2020-02-19 12:57:34 - [TEST_CASE][PASSED] - Test Cases/Atlas Platform/Platform Navigation/Picker/TC_015_Verify_Organiz_tab_sorting: Test Cases/Atlas Platform/Platform Navigation/Picker/TC_015_Verify_Organiz_tab_sorting

2020-02-19 12:57:35 - [TEST_STEP][NOT_RUN] - callTestCase(findTestCase("Atlas Platform/Platform Navigation/Login/LoginWithRootAdmin"), [:], STOP_ON_FAILURE): NOT_RUN: callTestCase(findTestCase("Atlas Platform/Platform Navigation/Login/LoginWithRootAdmin"), [:], STOP_ON_FAILURE)

2020-02-19 12:57:35 - [MESSAGE][NOT_RUN] - NOT_RUN: callTestCase(findTestCase("Atlas Platform/Platform Navigation/Login/LoginWithRootAdmin"), [:], STOP_ON_FAILURE)

2020-02-19 12:57:35 - [TEST_STEP][PASSED] - click(findTestObject("Swicther/swicthermenutext")): Object: 'Object Repository/Swicther/swicthermenutext' is clicked on

2020-02-19 12:57:35 - [MESSAGE][PASSED] - Object: 'Object Repository/Swicther/swicthermenutext' is clicked on

2020-02-19 12:57:35 - [TEST_STEP][PASSED] - click(findTestObject("Swicther/organization_tab_swicther")): Object: 'Object Repository/Swicther/organization_tab_swicther' is clicked on

2020-02-19 12:57:36 - [MESSAGE][PASSED] - Object: 'Object Repository/Swicther/organization_tab_swicther' is clicked on

2020-02-19 12:57:36 - [TEST_STEP][PASSED] - listofoptions = findWebElements(findTestObject("Swicther/organization_tab_all_values"), 5): null

2020-02-19 12:57:36 - [TEST_STEP][PASSED] - listofoptioninstring = new java.util.ArrayList(): null

2020-02-19 12:57:36 - [TEST_STEP][PASSED] - for (org.openqa.selenium.WebElement ele : listofoptions): null

2020-02-19 12:57:36 - [TEST_STEP][PASSED] - listofoptioninstring.addAll(split("Last")[0].trim()): null

2020-02-19 12:57:36 - [TEST_STEP][PASSED] - listofoptioninstring.addAll(split("Last")[0].trim()): null

2020-02-19 12:57:36 - [TEST_STEP][PASSED] - listofoptioninstring.addAll(split("Last")[0].trim()): null

2020-02-19 12:57:36 - [TEST_STEP][PASSED] - listofoptioninstring.addAll(split("Last")[0].trim()): null

2020-02-19 12:57:36 - [TEST_STEP][PASSED] - listofoptioninstring.addAll(split("Last")[0].trim()): null

2020-02-19 12:57:36 - [TEST_STEP][PASSED] - listofoptioninstring.addAll(split("Last")[0].trim()): null

2020-02-19 12:57:36 - [TEST_STEP][PASSED] - listofoptioninstring.addAll(split("Last")[0].trim()): null

2020-02-19 12:57:36 - [TEST_STEP][PASSED] - listofoptioninstring.addAll(split("Last")[0].trim()): null

2020-02-19 12:57:36 - [TEST_STEP][PASSED] - listofoptioninstring.addAll(split("Last")[0].trim()): null

2020-02-19 12:57:36 - [TEST_STEP][PASSED] - listofoptioninstring.addAll(split("Last")[0].trim()): null

2020-02-19 12:57:36 - [TEST_STEP][PASSED] - listofoptioninstring.addAll(split("Last")[0].trim()): null

2020-02-19 12:57:37 - [TEST_STEP][PASSED] - listofoptioninstring.addAll(split("Last")[0].trim()): null

2020-02-19 12:57:37 - [TEST_STEP][PASSED] - listofoptioninstring.addAll(split("Last")[0].trim()): null

2020-02-19 12:57:37 - [TEST_STEP][PASSED] - isSorted = web.CustomKeyword.checkListAscendingOrder(listofoptioninstring): web.CustomKeyword.checkListAscendingOrder is PASSED

2020-02-19 12:57:37 - [MESSAGE][PASSED] - web.CustomKeyword.checkListAscendingOrder is PASSED

2020-02-19 12:57:37 - [TEST_STEP][PASSED] - verifyEqual(isSorted, true): Actual object 'true' and expected object 'true' are equal

2020-02-19 12:57:37 - [MESSAGE][PASSED] - Actual object 'true' and expected object 'true' are equal

2020-02-19 12:57:37 - [TEST_STEP][PASSED] - click(findTestObject("Swicther/closeIcon")): Object: 'Object Repository/Swicther/closeIcon' is clicked on

2020-02-19 12:57:37 - [MESSAGE][PASSED] - Object: 'Object Repository/Swicther/closeIcon' is clicked on

2020-02-19 12:57:37 - [TEST_STEP][PASSED] - Start listener action : sampleAfterTestCase: null

2020-02-19 12:57:37 - [TEST_STEP][PASSED] - println(testCaseContext.getTestCaseId()): null

2020-02-19 12:57:37 - [TEST_STEP][PASSED] - println(testCaseContext.getTestCaseStatus()): null

2020-02-19 12:57:37 - [TEST_STEP][PASSED] - println("On Failure Method is Calling : " + testCaseContext.getTestCaseStatus()): null

2020-02-19 12:57:37 - [TEST_STEP][PASSED] - if (!(getTestCaseStatus().equalsIgnoreCase("PASSED"))): null]]></system-out>
         <system-err><![CDATA[]]></system-err>
      </testcase>
      <testcase name="Test Cases/Atlas Platform/Platform Navigation/Picker/TC_016_Verify_Orgnaization_Name_logo" time="5.439" classname="Test Cases/Atlas Platform/Platform Navigation/Picker/TC_016_Verify_Orgnaization_Name_logo" status="PASSED">
         <system-out><![CDATA[2020-02-19 12:57:39 - [TEST_CASE][PASSED] - Test Cases/Atlas Platform/Platform Navigation/Picker/TC_016_Verify_Orgnaization_Name_logo: Test Cases/Atlas Platform/Platform Navigation/Picker/TC_016_Verify_Orgnaization_Name_logo

2020-02-19 12:57:40 - [TEST_STEP][NOT_RUN] - callTestCase(findTestCase("Atlas Platform/Platform Navigation/Login/LoginWithRootAdmin"), [:], STOP_ON_FAILURE): NOT_RUN: callTestCase(findTestCase("Atlas Platform/Platform Navigation/Login/LoginWithRootAdmin"), [:], STOP_ON_FAILURE)

2020-02-19 12:57:40 - [MESSAGE][NOT_RUN] - NOT_RUN: callTestCase(findTestCase("Atlas Platform/Platform Navigation/Login/LoginWithRootAdmin"), [:], STOP_ON_FAILURE)

2020-02-19 12:57:40 - [TEST_STEP][PASSED] - click(findTestObject("Swicther/swicthermenutext")): Object: 'Object Repository/Swicther/swicthermenutext' is clicked on

2020-02-19 12:57:40 - [MESSAGE][PASSED] - Object: 'Object Repository/Swicther/swicthermenutext' is clicked on

2020-02-19 12:57:40 - [TEST_STEP][PASSED] - click(findTestObject("Swicther/organization_tab_swicther")): Object: 'Object Repository/Swicther/organization_tab_swicther' is clicked on

2020-02-19 12:57:41 - [MESSAGE][PASSED] - Object: 'Object Repository/Swicther/organization_tab_swicther' is clicked on

2020-02-19 12:57:41 - [TEST_STEP][PASSED] - listofoptions = findWebElements(findTestObject("Swicther/organization_tab_all_values"), 5): null

2020-02-19 12:57:41 - [TEST_STEP][PASSED] - listoficons = findWebElements(findTestObject("Swicther/organization_tab_all_icons"), 5): null

2020-02-19 12:57:41 - [TEST_STEP][PASSED] - listofoptioninstring = new java.util.ArrayList(): null

2020-02-19 12:57:41 - [TEST_STEP][PASSED] - for (org.openqa.selenium.WebElement ele : listofoptions): null

2020-02-19 12:57:41 - [TEST_STEP][PASSED] - listofoptioninstring.addAll(ele.getText()): null

2020-02-19 12:57:41 - [TEST_STEP][PASSED] - listofoptioninstring.addAll(ele.getText()): null

2020-02-19 12:57:41 - [TEST_STEP][PASSED] - listofoptioninstring.addAll(ele.getText()): null

2020-02-19 12:57:41 - [TEST_STEP][PASSED] - listofoptioninstring.addAll(ele.getText()): null

2020-02-19 12:57:42 - [TEST_STEP][PASSED] - listofoptioninstring.addAll(ele.getText()): null

2020-02-19 12:57:42 - [TEST_STEP][PASSED] - listofoptioninstring.addAll(ele.getText()): null

2020-02-19 12:57:42 - [TEST_STEP][PASSED] - listofoptioninstring.addAll(ele.getText()): null

2020-02-19 12:57:42 - [TEST_STEP][PASSED] - listofoptioninstring.addAll(ele.getText()): null

2020-02-19 12:57:42 - [TEST_STEP][PASSED] - listofoptioninstring.addAll(ele.getText()): null

2020-02-19 12:57:42 - [TEST_STEP][PASSED] - listofoptioninstring.addAll(ele.getText()): null

2020-02-19 12:57:42 - [TEST_STEP][PASSED] - listofoptioninstring.addAll(ele.getText()): null

2020-02-19 12:57:42 - [TEST_STEP][PASSED] - listofoptioninstring.addAll(ele.getText()): null

2020-02-19 12:57:42 - [TEST_STEP][PASSED] - listofoptioninstring.addAll(ele.getText()): null

2020-02-19 12:57:42 - [TEST_STEP][PASSED] - verify_accountName = web.CustomKeyword.getrandomStingValue(listofoptioninstring): web.CustomKeyword.getrandomStingValue is PASSED

2020-02-19 12:57:42 - [MESSAGE][PASSED] - web.CustomKeyword.getrandomStingValue is PASSED

2020-02-19 12:57:42 - [TEST_STEP][PASSED] - for ([h = 0, h < listofoptions.size(), (h++)]): null

2020-02-19 12:57:42 - [TEST_STEP][PASSED] - if (getText().equalsIgnoreCase(verify_accountName)): null

2020-02-19 12:57:42 - [TEST_STEP][PASSED] - if (getText().equalsIgnoreCase(verify_accountName)): null

2020-02-19 12:57:42 - [TEST_STEP][PASSED] - if (getText().equalsIgnoreCase(verify_accountName)): null

2020-02-19 12:57:42 - [TEST_STEP][PASSED] - if (toLowerCase().equalsIgnoreCase(toString().toLowerCase())): null

2020-02-19 12:57:42 - [TEST_STEP][PASSED] - Assert.assertEquals(get(h).getAttribute("d"), dattributeValue.toString()): null

2020-02-19 12:57:42 - [TEST_STEP][PASSED] - break: null

2020-02-19 12:57:42 - [TEST_STEP][PASSED] - click(findTestObject("Swicther/closeIcon")): Object: 'Object Repository/Swicther/closeIcon' is clicked on

2020-02-19 12:57:42 - [MESSAGE][PASSED] - Object: 'Object Repository/Swicther/closeIcon' is clicked on

2020-02-19 12:57:42 - [TEST_STEP][PASSED] - Start listener action : sampleAfterTestCase: null

2020-02-19 12:57:42 - [TEST_STEP][PASSED] - println(testCaseContext.getTestCaseId()): null

2020-02-19 12:57:42 - [TEST_STEP][PASSED] - println(testCaseContext.getTestCaseStatus()): null

2020-02-19 12:57:42 - [TEST_STEP][PASSED] - println("On Failure Method is Calling : " + testCaseContext.getTestCaseStatus()): null

2020-02-19 12:57:42 - [TEST_STEP][PASSED] - if (!(getTestCaseStatus().equalsIgnoreCase("PASSED"))): null]]></system-out>
         <system-err><![CDATA[]]></system-err>
      </testcase>
      <testcase name="Test Cases/Atlas Platform/Platform Navigation/Picker/TC_017_Validate_Organization_Favorites" time="10.044" classname="Test Cases/Atlas Platform/Platform Navigation/Picker/TC_017_Validate_Organization_Favorites" status="PASSED">
         <system-out><![CDATA[2020-02-19 12:57:45 - [TEST_CASE][PASSED] - Test Cases/Atlas Platform/Platform Navigation/Picker/TC_017_Validate_Organization_Favorites: Test Cases/Atlas Platform/Platform Navigation/Picker/TC_017_Validate_Organization_Favorites

2020-02-19 12:57:45 - [TEST_STEP][NOT_RUN] - callTestCase(findTestCase("Atlas Platform/Platform Navigation/Picker/TC_100_RemoveAllFavorites"), [:], STOP_ON_FAILURE): NOT_RUN: callTestCase(findTestCase("Atlas Platform/Platform Navigation/Picker/TC_100_RemoveAllFavorites"), [:], STOP_ON_FAILURE)

2020-02-19 12:57:45 - [MESSAGE][NOT_RUN] - NOT_RUN: callTestCase(findTestCase("Atlas Platform/Platform Navigation/Picker/TC_100_RemoveAllFavorites"), [:], STOP_ON_FAILURE)

2020-02-19 12:57:45 - [TEST_STEP][PASSED] - click(findTestObject("Swicther/swicthermenutext")): Object: 'Object Repository/Swicther/swicthermenutext' is clicked on

2020-02-19 12:57:46 - [MESSAGE][PASSED] - Object: 'Object Repository/Swicther/swicthermenutext' is clicked on

2020-02-19 12:57:46 - [TEST_STEP][PASSED] - click(findTestObject("Swicther/organization_tab_swicther")): Object: 'Object Repository/Swicther/organization_tab_swicther' is clicked on

2020-02-19 12:57:46 - [MESSAGE][PASSED] - Object: 'Object Repository/Swicther/organization_tab_swicther' is clicked on

2020-02-19 12:57:46 - [TEST_STEP][PASSED] - listofoptions = findWebElements(findTestObject("Swicther/organization_tab_all_values"), 5): null

2020-02-19 12:57:46 - [TEST_STEP][PASSED] - listoffavicons = findWebElements(findTestObject("Swicther/organization_tab_fav_icon"), 5): null

2020-02-19 12:57:47 - [TEST_STEP][PASSED] - listofoptioninstring = new java.util.ArrayList(): null

2020-02-19 12:57:47 - [TEST_STEP][PASSED] - for (org.openqa.selenium.WebElement ele : listofoptions): null

2020-02-19 12:57:47 - [TEST_STEP][PASSED] - listofoptioninstring.addAll(ele.getText()): null

2020-02-19 12:57:47 - [TEST_STEP][PASSED] - listofoptioninstring.addAll(ele.getText()): null

2020-02-19 12:57:47 - [TEST_STEP][PASSED] - listofoptioninstring.addAll(ele.getText()): null

2020-02-19 12:57:47 - [TEST_STEP][PASSED] - listofoptioninstring.addAll(ele.getText()): null

2020-02-19 12:57:47 - [TEST_STEP][PASSED] - listofoptioninstring.addAll(ele.getText()): null

2020-02-19 12:57:47 - [TEST_STEP][PASSED] - listofoptioninstring.addAll(ele.getText()): null

2020-02-19 12:57:47 - [TEST_STEP][PASSED] - listofoptioninstring.addAll(ele.getText()): null

2020-02-19 12:57:47 - [TEST_STEP][PASSED] - listofoptioninstring.addAll(ele.getText()): null

2020-02-19 12:57:47 - [TEST_STEP][PASSED] - listofoptioninstring.addAll(ele.getText()): null

2020-02-19 12:57:47 - [TEST_STEP][PASSED] - listofoptioninstring.addAll(ele.getText()): null

2020-02-19 12:57:47 - [TEST_STEP][PASSED] - listofoptioninstring.addAll(ele.getText()): null

2020-02-19 12:57:47 - [TEST_STEP][PASSED] - listofoptioninstring.addAll(ele.getText()): null

2020-02-19 12:57:47 - [TEST_STEP][PASSED] - listofoptioninstring.addAll(ele.getText()): null

2020-02-19 12:57:47 - [TEST_STEP][PASSED] - verify_accountName = web.CustomKeyword.getrandomStingValue(listofoptioninstring): web.CustomKeyword.getrandomStingValue is PASSED

2020-02-19 12:57:47 - [MESSAGE][PASSED] - web.CustomKeyword.getrandomStingValue is PASSED

2020-02-19 12:57:47 - [TEST_STEP][PASSED] - for ([h = 0, h < listofoptions.size(), (h++)]): null

2020-02-19 12:57:47 - [TEST_STEP][PASSED] - if (getText().equalsIgnoreCase(verify_accountName)): null

2020-02-19 12:57:47 - [TEST_STEP][PASSED] - if (getText().equalsIgnoreCase(verify_accountName)): null

2020-02-19 12:57:47 - [TEST_STEP][PASSED] - if (getText().equalsIgnoreCase(verify_accountName)): null

2020-02-19 12:57:47 - [TEST_STEP][PASSED] - get(h).click(): null

2020-02-19 12:57:48 - [TEST_STEP][PASSED] - break: null

2020-02-19 12:57:48 - [TEST_STEP][PASSED] - delay(3): Delayed 3 second(s)

2020-02-19 12:57:51 - [MESSAGE][PASSED] - Delayed 3 second(s)

2020-02-19 12:57:51 - [TEST_STEP][PASSED] - click(findTestObject("Swicther/favorites_tabs_swicther")): Object: 'Object Repository/Swicther/favorites_tabs_swicther' is clicked on

2020-02-19 12:57:51 - [MESSAGE][PASSED] - Object: 'Object Repository/Swicther/favorites_tabs_swicther' is clicked on

2020-02-19 12:57:51 - [TEST_STEP][PASSED] - listoffavvalues = findWebElements(findTestObject("Swicther/favorites_tab_all_values"), 5): null

2020-02-19 12:57:52 - [TEST_STEP][PASSED] - isPresent = false: null

2020-02-19 12:57:52 - [TEST_STEP][PASSED] - for ([j = 0, j < listoffavvalues.size(), (j++)]): null

2020-02-19 12:57:52 - [TEST_STEP][PASSED] - if (getText().equalsIgnoreCase(verify_accountName)): null

2020-02-19 12:57:52 - [TEST_STEP][PASSED] - if (getText().equalsIgnoreCase(verify_accountName)): null

2020-02-19 12:57:52 - [TEST_STEP][PASSED] - isPresent = true: null

2020-02-19 12:57:52 - [TEST_STEP][NOT_RUN] - click(findTestObject("Swicther/favorite_icon")): NOT_RUN: click(findTestObject("Swicther/favorite_icon"))

2020-02-19 12:57:52 - [MESSAGE][NOT_RUN] - NOT_RUN: click(findTestObject("Swicther/favorite_icon"))

2020-02-19 12:57:52 - [TEST_STEP][PASSED] - verifyEqual(isPresent, true): Actual object 'true' and expected object 'true' are equal

2020-02-19 12:57:52 - [MESSAGE][PASSED] - Actual object 'true' and expected object 'true' are equal

2020-02-19 12:57:52 - [TEST_STEP][PASSED] - click(findTestObject("Swicther/closeIcon")): Object: 'Object Repository/Swicther/closeIcon' is clicked on

2020-02-19 12:57:52 - [MESSAGE][PASSED] - Object: 'Object Repository/Swicther/closeIcon' is clicked on

2020-02-19 12:57:52 - [TEST_STEP][PASSED] - Start listener action : sampleAfterTestCase: null

2020-02-19 12:57:52 - [TEST_STEP][PASSED] - println(testCaseContext.getTestCaseId()): null

2020-02-19 12:57:52 - [TEST_STEP][PASSED] - println(testCaseContext.getTestCaseStatus()): null

2020-02-19 12:57:52 - [TEST_STEP][PASSED] - println("On Failure Method is Calling : " + testCaseContext.getTestCaseStatus()): null

2020-02-19 12:57:53 - [TEST_STEP][PASSED] - if (!(getTestCaseStatus().equalsIgnoreCase("PASSED"))): null]]></system-out>
         <system-err><![CDATA[]]></system-err>
      </testcase>
      <testcase name="Test Cases/Atlas Platform/Platform Navigation/Picker/TC_018_Verify_Organizations_Tab_Values" time="6.761" classname="Test Cases/Atlas Platform/Platform Navigation/Picker/TC_018_Verify_Organizations_Tab_Values" status="PASSED">
         <system-out><![CDATA[2020-02-19 12:57:55 - [TEST_CASE][PASSED] - Test Cases/Atlas Platform/Platform Navigation/Picker/TC_018_Verify_Organizations_Tab_Values: Test Cases/Atlas Platform/Platform Navigation/Picker/TC_018_Verify_Organizations_Tab_Values

2020-02-19 12:57:55 - [TEST_STEP][NOT_RUN] - callTestCase(findTestCase("Atlas Platform/Platform Navigation/Login/LoginWithRootAdmin"), [:], STOP_ON_FAILURE): NOT_RUN: callTestCase(findTestCase("Atlas Platform/Platform Navigation/Login/LoginWithRootAdmin"), [:], STOP_ON_FAILURE)

2020-02-19 12:57:55 - [MESSAGE][NOT_RUN] - NOT_RUN: callTestCase(findTestCase("Atlas Platform/Platform Navigation/Login/LoginWithRootAdmin"), [:], STOP_ON_FAILURE)

2020-02-19 12:57:55 - [TEST_STEP][PASSED] - click(findTestObject("Swicther/swicthermenutext")): Object: 'Object Repository/Swicther/swicthermenutext' is clicked on

2020-02-19 12:57:55 - [MESSAGE][PASSED] - Object: 'Object Repository/Swicther/swicthermenutext' is clicked on

2020-02-19 12:57:55 - [TEST_STEP][PASSED] - click(findTestObject("Swicther/organization_tab_swicther")): Object: 'Object Repository/Swicther/organization_tab_swicther' is clicked on

2020-02-19 12:57:56 - [MESSAGE][PASSED] - Object: 'Object Repository/Swicther/organization_tab_swicther' is clicked on

2020-02-19 12:57:56 - [TEST_STEP][PASSED] - listofAccNames = findWebElements(findTestObject("Swicther/organization_tab_all_values"), 10): null

2020-02-19 12:57:56 - [TEST_STEP][PASSED] - textValuesForOrgName = new java.util.ArrayList(): null

2020-02-19 12:57:56 - [TEST_STEP][PASSED] - for ([hjk = 0, hjk < listofAccNames.size(), (hjk++)]): null

2020-02-19 12:57:56 - [TEST_STEP][PASSED] - textValuesForOrgName.add(split("Last")[0].trim()): null

2020-02-19 12:57:56 - [TEST_STEP][PASSED] - textValuesForOrgName.add(split("Last")[0].trim()): null

2020-02-19 12:57:56 - [TEST_STEP][PASSED] - textValuesForOrgName.add(split("Last")[0].trim()): null

2020-02-19 12:57:56 - [TEST_STEP][PASSED] - textValuesForOrgName.add(split("Last")[0].trim()): null

2020-02-19 12:57:56 - [TEST_STEP][PASSED] - textValuesForOrgName.add(split("Last")[0].trim()): null

2020-02-19 12:57:56 - [TEST_STEP][PASSED] - textValuesForOrgName.add(split("Last")[0].trim()): null

2020-02-19 12:57:56 - [TEST_STEP][PASSED] - textValuesForOrgName.add(split("Last")[0].trim()): null

2020-02-19 12:57:56 - [TEST_STEP][PASSED] - textValuesForOrgName.add(split("Last")[0].trim()): null

2020-02-19 12:57:57 - [TEST_STEP][PASSED] - textValuesForOrgName.add(split("Last")[0].trim()): null

2020-02-19 12:57:57 - [TEST_STEP][PASSED] - textValuesForOrgName.add(split("Last")[0].trim()): null

2020-02-19 12:57:57 - [TEST_STEP][PASSED] - textValuesForOrgName.add(split("Last")[0].trim()): null

2020-02-19 12:57:57 - [TEST_STEP][PASSED] - textValuesForOrgName.add(split("Last")[0].trim()): null

2020-02-19 12:57:57 - [TEST_STEP][PASSED] - textValuesForOrgName.add(split("Last")[0].trim()): null

2020-02-19 12:57:57 - [TEST_STEP][PASSED] - click(findTestObject("Swicther/root_tab_swicther")): Object: 'Object Repository/Swicther/root_tab_swicther' is clicked on

2020-02-19 12:57:57 - [MESSAGE][PASSED] - Object: 'Object Repository/Swicther/root_tab_swicther' is clicked on

2020-02-19 12:57:57 - [TEST_STEP][PASSED] - listofRootnames = findWebElements(findTestObject("Swicther/root_tab_all_values"), 10): null

2020-02-19 12:57:58 - [TEST_STEP][PASSED] - rootNames = new java.util.ArrayList(): null

2020-02-19 12:57:58 - [TEST_STEP][PASSED] - for (org.openqa.selenium.WebElement ele : listofRootnames): null

2020-02-19 12:57:58 - [TEST_STEP][PASSED] - rootNames.add(split("Last")[0].trim()): null

2020-02-19 12:57:58 - [TEST_STEP][PASSED] - isPresent = textValuesForOrgName.removeAll(rootNames): null

2020-02-19 12:57:58 - [TEST_STEP][PASSED] - verifyEqual(isPresent, false): Actual object 'false' and expected object 'false' are equal

2020-02-19 12:57:58 - [MESSAGE][PASSED] - Actual object 'false' and expected object 'false' are equal

2020-02-19 12:57:58 - [TEST_STEP][PASSED] - click(findTestObject("Swicther/accounts_tab_swicther")): Object: 'Object Repository/Swicther/accounts_tab_swicther' is clicked on

2020-02-19 12:57:58 - [MESSAGE][PASSED] - Object: 'Object Repository/Swicther/accounts_tab_swicther' is clicked on

2020-02-19 12:57:58 - [TEST_STEP][PASSED] - listofOrgNames = findWebElements(findTestObject("Swicther/accounts_tab_all_values"), 10): null

2020-02-19 12:57:59 - [TEST_STEP][PASSED] - orgNames = new java.util.ArrayList(): null

2020-02-19 12:57:59 - [TEST_STEP][PASSED] - for (org.openqa.selenium.WebElement ele : listofOrgNames): null

2020-02-19 12:57:59 - [TEST_STEP][PASSED] - orgNames.add(split("Last")[0].trim()): null

2020-02-19 12:57:59 - [TEST_STEP][PASSED] - orgNames.add(split("Last")[0].trim()): null

2020-02-19 12:57:59 - [TEST_STEP][PASSED] - orgNames.add(split("Last")[0].trim()): null

2020-02-19 12:57:59 - [TEST_STEP][PASSED] - orgNames.add(split("Last")[0].trim()): null

2020-02-19 12:57:59 - [TEST_STEP][PASSED] - orgNames.add(split("Last")[0].trim()): null

2020-02-19 12:57:59 - [TEST_STEP][PASSED] - orgNames.add(split("Last")[0].trim()): null

2020-02-19 12:57:59 - [TEST_STEP][PASSED] - orgNames.add(split("Last")[0].trim()): null

2020-02-19 12:57:59 - [TEST_STEP][PASSED] - orgNames.add(split("Last")[0].trim()): null

2020-02-19 12:57:59 - [TEST_STEP][PASSED] - isPresent = textValuesForOrgName.removeAll(orgNames): null

2020-02-19 12:57:59 - [TEST_STEP][PASSED] - verifyEqual(isPresent, false): Actual object 'false' and expected object 'false' are equal

2020-02-19 12:57:59 - [MESSAGE][PASSED] - Actual object 'false' and expected object 'false' are equal

2020-02-19 12:57:59 - [TEST_STEP][PASSED] - click(findTestObject("Swicther/closeIcon")): Object: 'Object Repository/Swicther/closeIcon' is clicked on

2020-02-19 12:57:59 - [MESSAGE][PASSED] - Object: 'Object Repository/Swicther/closeIcon' is clicked on

2020-02-19 12:57:59 - [TEST_STEP][PASSED] - Start listener action : sampleAfterTestCase: null

2020-02-19 12:57:59 - [TEST_STEP][PASSED] - println(testCaseContext.getTestCaseId()): null

2020-02-19 12:57:59 - [TEST_STEP][PASSED] - println(testCaseContext.getTestCaseStatus()): null

2020-02-19 12:57:59 - [TEST_STEP][PASSED] - println("On Failure Method is Calling : " + testCaseContext.getTestCaseStatus()): null

2020-02-19 12:57:59 - [TEST_STEP][PASSED] - if (!(getTestCaseStatus().equalsIgnoreCase("PASSED"))): null]]></system-out>
         <system-err><![CDATA[]]></system-err>
      </testcase>
      <testcase name="Test Cases/Atlas Platform/Platform Navigation/Picker/TC_019_Verify_newly_Created_Orgaz_Present(TBD)" time="3.71" classname="Test Cases/Atlas Platform/Platform Navigation/Picker/TC_019_Verify_newly_Created_Orgaz_Present(TBD)" status="PASSED">
         <system-out><![CDATA[2020-02-19 12:58:01 - [TEST_CASE][PASSED] - Test Cases/Atlas Platform/Platform Navigation/Picker/TC_019_Verify_newly_Created_Orgaz_Present(TBD): Test Cases/Atlas Platform/Platform Navigation/Picker/TC_019_Verify_newly_Created_Orgaz_Present(TBD)

2020-02-19 12:58:02 - [TEST_STEP][NOT_RUN] - callTestCase(findTestCase("Atlas Platform/Platform Navigation/Login/LoginWithRootAdmin"), [:], STOP_ON_FAILURE): NOT_RUN: callTestCase(findTestCase("Atlas Platform/Platform Navigation/Login/LoginWithRootAdmin"), [:], STOP_ON_FAILURE)

2020-02-19 12:58:02 - [MESSAGE][NOT_RUN] - NOT_RUN: callTestCase(findTestCase("Atlas Platform/Platform Navigation/Login/LoginWithRootAdmin"), [:], STOP_ON_FAILURE)

2020-02-19 12:58:02 - [TEST_STEP][PASSED] - click(findTestObject("Swicther/swicthermenutext")): Object: 'Object Repository/Swicther/swicthermenutext' is clicked on

2020-02-19 12:58:02 - [MESSAGE][PASSED] - Object: 'Object Repository/Swicther/swicthermenutext' is clicked on

2020-02-19 12:58:02 - [TEST_STEP][PASSED] - click(findTestObject("Swicther/organization_tab_swicther")): Object: 'Object Repository/Swicther/organization_tab_swicther' is clicked on

2020-02-19 12:58:03 - [MESSAGE][PASSED] - Object: 'Object Repository/Swicther/organization_tab_swicther' is clicked on

2020-02-19 12:58:03 - [TEST_STEP][PASSED] - click(findTestObject("Swicther/closeIcon")): Object: 'Object Repository/Swicther/closeIcon' is clicked on

2020-02-19 12:58:03 - [MESSAGE][PASSED] - Object: 'Object Repository/Swicther/closeIcon' is clicked on

2020-02-19 12:58:03 - [TEST_STEP][PASSED] - Start listener action : sampleAfterTestCase: null

2020-02-19 12:58:03 - [TEST_STEP][PASSED] - println(testCaseContext.getTestCaseId()): null

2020-02-19 12:58:03 - [TEST_STEP][PASSED] - println(testCaseContext.getTestCaseStatus()): null

2020-02-19 12:58:03 - [TEST_STEP][PASSED] - println("On Failure Method is Calling : " + testCaseContext.getTestCaseStatus()): null

2020-02-19 12:58:03 - [TEST_STEP][PASSED] - if (!(getTestCaseStatus().equalsIgnoreCase("PASSED"))): null]]></system-out>
         <system-err><![CDATA[]]></system-err>
      </testcase>
      <testcase name="Test Cases/Atlas Platform/Platform Navigation/Picker/TC_020_Validate_Root_tab_Favorites" time="6.644" classname="Test Cases/Atlas Platform/Platform Navigation/Picker/TC_020_Validate_Root_tab_Favorites" status="PASSED">
         <system-out><![CDATA[2020-02-19 12:58:05 - [TEST_CASE][PASSED] - Test Cases/Atlas Platform/Platform Navigation/Picker/TC_020_Validate_Root_tab_Favorites: Test Cases/Atlas Platform/Platform Navigation/Picker/TC_020_Validate_Root_tab_Favorites

2020-02-19 12:58:05 - [TEST_STEP][NOT_RUN] - callTestCase(findTestCase("Atlas Platform/Platform Navigation/Picker/TC_100_RemoveAllFavorites"), [:], STOP_ON_FAILURE): NOT_RUN: callTestCase(findTestCase("Atlas Platform/Platform Navigation/Picker/TC_100_RemoveAllFavorites"), [:], STOP_ON_FAILURE)

2020-02-19 12:58:05 - [MESSAGE][NOT_RUN] - NOT_RUN: callTestCase(findTestCase("Atlas Platform/Platform Navigation/Picker/TC_100_RemoveAllFavorites"), [:], STOP_ON_FAILURE)

2020-02-19 12:58:05 - [TEST_STEP][PASSED] - click(findTestObject("Swicther/swicthermenutext")): Object: 'Object Repository/Swicther/swicthermenutext' is clicked on

2020-02-19 12:58:06 - [MESSAGE][PASSED] - Object: 'Object Repository/Swicther/swicthermenutext' is clicked on

2020-02-19 12:58:06 - [TEST_STEP][PASSED] - click(findTestObject("Swicther/root_tab_swicther")): Object: 'Object Repository/Swicther/root_tab_swicther' is clicked on

2020-02-19 12:58:06 - [MESSAGE][PASSED] - Object: 'Object Repository/Swicther/root_tab_swicther' is clicked on

2020-02-19 12:58:06 - [TEST_STEP][PASSED] - listofoptions = findWebElements(findTestObject("Swicther/root_tab_all_values"), 5): null

2020-02-19 12:58:07 - [TEST_STEP][PASSED] - listoffavicons = findWebElements(findTestObject("Swicther/root_tab_fav_icon"), 5): null

2020-02-19 12:58:07 - [TEST_STEP][PASSED] - listofoptioninstring = new java.util.ArrayList(): null

2020-02-19 12:58:07 - [TEST_STEP][PASSED] - for (org.openqa.selenium.WebElement ele : listofoptions): null

2020-02-19 12:58:07 - [TEST_STEP][PASSED] - listofoptioninstring.addAll(ele.getText()): null

2020-02-19 12:58:07 - [TEST_STEP][PASSED] - println(listofoptioninstring): null

2020-02-19 12:58:07 - [TEST_STEP][PASSED] - verify_accountName = "Root": null

2020-02-19 12:58:07 - [TEST_STEP][PASSED] - for ([h = 0, h < listofoptions.size(), (h++)]): null

2020-02-19 12:58:07 - [TEST_STEP][PASSED] - if (trim().equalsIgnoreCase(verify_accountName)): null

2020-02-19 12:58:07 - [TEST_STEP][PASSED] - get(h).click(): null

2020-02-19 12:58:08 - [TEST_STEP][PASSED] - break: null

2020-02-19 12:58:08 - [TEST_STEP][PASSED] - click(findTestObject("Swicther/favorites_tabs_swicther")): Object: 'Object Repository/Swicther/favorites_tabs_swicther' is clicked on

2020-02-19 12:58:08 - [MESSAGE][PASSED] - Object: 'Object Repository/Swicther/favorites_tabs_swicther' is clicked on

2020-02-19 12:58:08 - [TEST_STEP][PASSED] - listoffavvalues = findWebElements(findTestObject("Swicther/favorites_tab_all_values"), 5): null

2020-02-19 12:58:09 - [TEST_STEP][PASSED] - isPresent = false: null

2020-02-19 12:58:09 - [TEST_STEP][PASSED] - for ([j = 0, j < listoffavvalues.size(), (j++)]): null

2020-02-19 12:58:09 - [TEST_STEP][PASSED] - if (trim().equalsIgnoreCase(verify_accountName)): null

2020-02-19 12:58:09 - [TEST_STEP][PASSED] - if (trim().equalsIgnoreCase(verify_accountName)): null

2020-02-19 12:58:09 - [TEST_STEP][PASSED] - if (trim().equalsIgnoreCase(verify_accountName)): null

2020-02-19 12:58:09 - [TEST_STEP][PASSED] - isPresent = true: null

2020-02-19 12:58:09 - [TEST_STEP][NOT_RUN] - click(findTestObject("Swicther/favorite_icon")): NOT_RUN: click(findTestObject("Swicther/favorite_icon"))

2020-02-19 12:58:09 - [MESSAGE][NOT_RUN] - NOT_RUN: click(findTestObject("Swicther/favorite_icon"))

2020-02-19 12:58:09 - [TEST_STEP][PASSED] - verifyEqual(isPresent, true): Actual object 'true' and expected object 'true' are equal

2020-02-19 12:58:09 - [MESSAGE][PASSED] - Actual object 'true' and expected object 'true' are equal

2020-02-19 12:58:09 - [TEST_STEP][PASSED] - click(findTestObject("Swicther/closeIcon")): Object: 'Object Repository/Swicther/closeIcon' is clicked on

2020-02-19 12:58:10 - [MESSAGE][PASSED] - Object: 'Object Repository/Swicther/closeIcon' is clicked on

2020-02-19 12:58:10 - [TEST_STEP][PASSED] - Start listener action : sampleAfterTestCase: null

2020-02-19 12:58:10 - [TEST_STEP][PASSED] - println(testCaseContext.getTestCaseId()): null

2020-02-19 12:58:10 - [TEST_STEP][PASSED] - println(testCaseContext.getTestCaseStatus()): null

2020-02-19 12:58:10 - [TEST_STEP][PASSED] - println("On Failure Method is Calling : " + testCaseContext.getTestCaseStatus()): null

2020-02-19 12:58:10 - [TEST_STEP][PASSED] - if (!(getTestCaseStatus().equalsIgnoreCase("PASSED"))): null]]></system-out>
         <system-err><![CDATA[]]></system-err>
      </testcase>
      <testcase name="Test Cases/Atlas Platform/Platform Navigation/Picker/TC_021_Validate_Accounts_Favorites" time="116.333" classname="Test Cases/Atlas Platform/Platform Navigation/Picker/TC_021_Validate_Accounts_Favorites" status="PASSED">
         <system-out><![CDATA[2020-02-19 12:58:12 - [TEST_CASE][PASSED] - Test Cases/Atlas Platform/Platform Navigation/Picker/TC_021_Validate_Accounts_Favorites: Test Cases/Atlas Platform/Platform Navigation/Picker/TC_021_Validate_Accounts_Favorites

2020-02-19 12:58:12 - [TEST_STEP][PASSED] - callTestCase(findTestCase("Atlas Platform/Platform Navigation/Picker/TC_100_RemoveAllFavorites"), [:], STOP_ON_FAILURE): Call Test Case 'Test Cases/Atlas Platform/Platform Navigation/Picker/TC_100_RemoveAllFavorites' successfully

2020-02-19 12:58:12 - [TEST_CASE][PASSED] - Test Cases/Atlas Platform/Platform Navigation/Picker/TC_100_RemoveAllFavorites: Test Cases/Atlas Platform/Platform Navigation/Picker/TC_100_RemoveAllFavorites

2020-02-19 12:58:13 - [TEST_STEP][PASSED] - callTestCase(findTestCase("Atlas Platform/Platform Navigation/Login/LoginWithRootAdmin"), [:], STOP_ON_FAILURE): Call Test Case 'Test Cases/Atlas Platform/Platform Navigation/Login/LoginWithRootAdmin' successfully

2020-02-19 12:58:13 - [TEST_CASE][PASSED] - Test Cases/Atlas Platform/Platform Navigation/Login/LoginWithRootAdmin: Test Cases/Atlas Platform/Platform Navigation/Login/LoginWithRootAdmin

2020-02-19 12:58:13 - [TEST_STEP][NOT_RUN] - openBrowser(""): NOT_RUN: openBrowser("")

2020-02-19 12:58:13 - [MESSAGE][NOT_RUN] - NOT_RUN: openBrowser("")

2020-02-19 12:58:13 - [TEST_STEP][PASSED] - callTestCase(findTestCase("Atlas Platform/Platform Navigation/Login/Default Logins/TC_100_ForSecurityURLSAcceptance"), [:], CONTINUE_ON_FAILURE): Call Test Case 'Test Cases/Atlas Platform/Platform Navigation/Login/Default Logins/TC_100_ForSecurityURLSAcceptance' successfully

2020-02-19 12:58:13 - [TEST_CASE][PASSED] - Test Cases/Atlas Platform/Platform Navigation/Login/Default Logins/TC_100_ForSecurityURLSAcceptance: Test Cases/Atlas Platform/Platform Navigation/Login/Default Logins/TC_100_ForSecurityURLSAcceptance

2020-02-19 12:58:13 - [TEST_STEP][PASSED] - openBrowser(""): Browser is opened with url: ''

2020-02-19 12:58:13 - [MESSAGE][WARNING] - A browser is already opened. Closing browser and opening a new one

2020-02-19 12:58:14 - [MESSAGE][INFO] - Starting 'Chrome' driver

2020-02-19 12:58:14 - [MESSAGE][INFO] - User set preference: ['args', '[--start-maximized, --disable-web-security, --no-proxy-server]']

2020-02-19 12:58:14 - [MESSAGE][INFO] - User set preference: ['prefs', '{credentials_enable_service=false, profile.password_manager_enabled=false}']

2020-02-19 12:58:19 - [MESSAGE][PASSED] - Browser is opened with url: ''

2020-02-19 12:58:19 - [TEST_STEP][PASSED] - navigateToUrl("https://ec2-3-133-54-242.us-east-2.compute.amazonaws.com:9092/services/message/api/programs"): Navigate to 'https://ec2-3-133-54-242.us-east-2.compute.amazonaws.com:9092/services/message/api/programs' successfully

2020-02-19 12:58:23 - [MESSAGE][PASSED] - Navigate to 'https://ec2-3-133-54-242.us-east-2.compute.amazonaws.com:9092/services/message/api/programs' successfully

2020-02-19 12:58:23 - [TEST_STEP][PASSED] - click(findTestObject("LoginPage/httpAdvanceBtn")): Object: 'Object Repository/LoginPage/httpAdvanceBtn' is clicked on

2020-02-19 12:58:23 - [MESSAGE][PASSED] - Object: 'Object Repository/LoginPage/httpAdvanceBtn' is clicked on

2020-02-19 12:58:23 - [TEST_STEP][PASSED] - click(findTestObject("LoginPage/httpsproceedlink")): Object: 'Object Repository/LoginPage/httpsproceedlink' is clicked on

2020-02-19 12:58:32 - [MESSAGE][PASSED] - Object: 'Object Repository/LoginPage/httpsproceedlink' is clicked on

2020-02-19 12:58:32 - [TEST_STEP][PASSED] - navigateToUrl("https://3.19.246.255:9090/services/configuration/api/authenticate"): Navigate to 'https://3.19.246.255:9090/services/configuration/api/authenticate' successfully

2020-02-19 12:58:37 - [MESSAGE][PASSED] - Navigate to 'https://3.19.246.255:9090/services/configuration/api/authenticate' successfully

2020-02-19 12:58:37 - [TEST_STEP][PASSED] - click(findTestObject("LoginPage/httpAdvanceBtn")): Object: 'Object Repository/LoginPage/httpAdvanceBtn' is clicked on

2020-02-19 12:58:37 - [MESSAGE][PASSED] - Object: 'Object Repository/LoginPage/httpAdvanceBtn' is clicked on

2020-02-19 12:58:37 - [TEST_STEP][PASSED] - click(findTestObject("LoginPage/httpsproceedlink")): Object: 'Object Repository/LoginPage/httpsproceedlink' is clicked on

2020-02-19 12:58:37 - [MESSAGE][PASSED] - Object: 'Object Repository/LoginPage/httpsproceedlink' is clicked on

2020-02-19 12:58:37 - [TEST_STEP][PASSED] - navigateToUrl("https://ec2-3-133-54-242.us-east-2.compute.amazonaws.com:8080/services/data/api/data-sources?search=Repair&filters=ACTIVE&page=0&size=20&sort=accountId,DESC"): Navigate to 'https://ec2-3-133-54-242.us-east-2.compute.amazonaws.com:8080/services/data/api/data-sources?search=Repair&filters=ACTIVE&page=0&size=20&sort=accountId,DESC' successfully

2020-02-19 12:58:47 - [MESSAGE][PASSED] - Navigate to 'https://ec2-3-133-54-242.us-east-2.compute.amazonaws.com:8080/services/data/api/data-sources?search=Repair&filters=ACTIVE&page=0&size=20&sort=accountId,DESC' successfully

2020-02-19 12:58:47 - [TEST_STEP][PASSED] - click(findTestObject("LoginPage/httpAdvanceBtn")): Object: 'Object Repository/LoginPage/httpAdvanceBtn' is clicked on

2020-02-19 12:58:47 - [MESSAGE][PASSED] - Object: 'Object Repository/LoginPage/httpAdvanceBtn' is clicked on

2020-02-19 12:58:47 - [TEST_STEP][PASSED] - click(findTestObject("LoginPage/httpsproceedlink")): Object: 'Object Repository/LoginPage/httpsproceedlink' is clicked on

2020-02-19 12:58:52 - [MESSAGE][PASSED] - Object: 'Object Repository/LoginPage/httpsproceedlink' is clicked on

2020-02-19 12:58:52 - [TEST_STEP][PASSED] - navigateToUrl("https://3.19.246.255:9091/services/content/api/images?page=0&size=10"): Navigate to 'https://3.19.246.255:9091/services/content/api/images?page=0&size=10' successfully

2020-02-19 12:58:57 - [MESSAGE][PASSED] - Navigate to 'https://3.19.246.255:9091/services/content/api/images?page=0&size=10' successfully

2020-02-19 12:58:57 - [TEST_STEP][PASSED] - click(findTestObject("LoginPage/httpAdvanceBtn")): Object: 'Object Repository/LoginPage/httpAdvanceBtn' is clicked on

2020-02-19 12:58:57 - [MESSAGE][PASSED] - Object: 'Object Repository/LoginPage/httpAdvanceBtn' is clicked on

2020-02-19 12:58:57 - [TEST_STEP][PASSED] - click(findTestObject("LoginPage/httpsproceedlink")): Object: 'Object Repository/LoginPage/httpsproceedlink' is clicked on

2020-02-19 12:59:02 - [MESSAGE][PASSED] - Object: 'Object Repository/LoginPage/httpsproceedlink' is clicked on

2020-02-19 12:59:02 - [MESSAGE][PASSED] - Call Test Case 'Test Cases/Atlas Platform/Platform Navigation/Login/Default Logins/TC_100_ForSecurityURLSAcceptance' successfully

2020-02-19 12:59:02 - [TEST_STEP][PASSED] - navigateToUrl("https://atlas-dev.gsm.auto/"): Navigate to 'https://atlas-dev.gsm.auto/' successfully

2020-02-19 12:59:36 - [MESSAGE][PASSED] - Navigate to 'https://atlas-dev.gsm.auto/' successfully

2020-02-19 12:59:36 - [TEST_STEP][PASSED] - setText(findTestObject("Object Repository/LoginPage/loginpageemailtxtbox"), user_Email): Text 'navaraj@totient.co.in' is set on object 'Object Repository/LoginPage/loginpageemailtxtbox'

2020-02-19 12:59:37 - [MESSAGE][PASSED] - Text 'navaraj@totient.co.in' is set on object 'Object Repository/LoginPage/loginpageemailtxtbox'

2020-02-19 12:59:37 - [TEST_STEP][PASSED] - setText(findTestObject("Object Repository/LoginPage/loginpaepasswordtxtbox"), user_Password): Text 'Totient@123' is set on object 'Object Repository/LoginPage/loginpaepasswordtxtbox'

2020-02-19 12:59:38 - [MESSAGE][PASSED] - Text 'Totient@123' is set on object 'Object Repository/LoginPage/loginpaepasswordtxtbox'

2020-02-19 12:59:38 - [TEST_STEP][PASSED] - click(findTestObject("LoginPage/loginpageloginbtn")): Object: 'Object Repository/LoginPage/loginpageloginbtn' is clicked on

2020-02-19 12:59:38 - [MESSAGE][PASSED] - Object: 'Object Repository/LoginPage/loginpageloginbtn' is clicked on

2020-02-19 12:59:38 - [TEST_STEP][PASSED] - conn = com.katalon.plugin.keyword.connection.DatabaseKeywords.getGlobalConnection(): com.katalon.plugin.keyword.connection.DatabaseKeywords.getGlobalConnection is PASSED

2020-02-19 12:59:48 - [MESSAGE][PASSED] - com.katalon.plugin.keyword.connection.DatabaseKeywords.getGlobalConnection is PASSED

2020-02-19 12:59:48 - [TEST_STEP][PASSED] - resultValues1 = com.katalon.plugin.keyword.connection.DatabaseKeywords.executeQuery(conn, "SELECT * FROM atlas_config.user WHERE email ="" + user_Email + "";"): com.katalon.plugin.keyword.connection.DatabaseKeywords.executeQuery is PASSED

2020-02-19 12:59:50 - [MESSAGE][PASSED] - com.katalon.plugin.keyword.connection.DatabaseKeywords.executeQuery is PASSED

2020-02-19 12:59:50 - [TEST_STEP][PASSED] - println(com.katalon.plugin.keyword.connection.ResultSetKeywords.getSingleCellValue(resultValues1, 1, "user_id")): com.katalon.plugin.keyword.connection.ResultSetKeywords.getSingleCellValue is PASSED

2020-02-19 12:59:50 - [MESSAGE][PASSED] - com.katalon.plugin.keyword.connection.ResultSetKeywords.getSingleCellValue is PASSED

2020-02-19 12:59:50 - [TEST_STEP][PASSED] - user_id = com.katalon.plugin.keyword.connection.ResultSetKeywords.getSingleCellValue(resultValues1, 1, "user_id"): com.katalon.plugin.keyword.connection.ResultSetKeywords.getSingleCellValue is PASSED

2020-02-19 12:59:50 - [MESSAGE][PASSED] - com.katalon.plugin.keyword.connection.ResultSetKeywords.getSingleCellValue is PASSED

2020-02-19 12:59:50 - [TEST_STEP][PASSED] - println("User ID Variable value is : " + user_id): null

2020-02-19 12:59:50 - [MESSAGE][PASSED] - Call Test Case 'Test Cases/Atlas Platform/Platform Navigation/Login/LoginWithRootAdmin' successfully

2020-02-19 12:59:50 - [TEST_STEP][PASSED] - click(findTestObject("Swicther/swicthermenutext")): Object: 'Object Repository/Swicther/swicthermenutext' is clicked on

2020-02-19 12:59:51 - [MESSAGE][PASSED] - Object: 'Object Repository/Swicther/swicthermenutext' is clicked on

2020-02-19 12:59:51 - [TEST_STEP][PASSED] - click(findTestObject("Swicther/favorites_tabs_swicther")): Object: 'Object Repository/Swicther/favorites_tabs_swicther' is clicked on

2020-02-19 12:59:51 - [MESSAGE][PASSED] - Object: 'Object Repository/Swicther/favorites_tabs_swicther' is clicked on

2020-02-19 12:59:51 - [TEST_STEP][PASSED] - listoffavvalues = findWebElements(findTestObject("Swicther/favorites_tab_all_fav_icon"), 5): Unable to find the element located by 'By.xpath: //div[@id='switcherTabs-pane-4']/ul/li/div/div[2]/div/div'. Please recheck the objects properties to make sure the desired element is located. 

2020-02-19 12:59:59 - [MESSAGE][INFO] - Unable to find the element located by 'By.xpath: //div[@id='switcherTabs-pane-4']/ul/li/div/div[2]/div/div'. Please recheck the objects properties to make sure the desired element is located. 

2020-02-19 12:59:59 - [TEST_STEP][PASSED] - for ([j = 0, j < listoffavvalues.size(), (j++)]): null

2020-02-19 12:59:59 - [MESSAGE][PASSED] - Call Test Case 'Test Cases/Atlas Platform/Platform Navigation/Picker/TC_100_RemoveAllFavorites' successfully

2020-02-19 12:59:59 - [TEST_STEP][PASSED] - click(findTestObject("Swicther/swicthermenutext")): Object: 'Object Repository/Swicther/swicthermenutext' is clicked on

2020-02-19 13:00:02 - [MESSAGE][PASSED] - Object: 'Object Repository/Swicther/swicthermenutext' is clicked on

2020-02-19 13:00:02 - [TEST_STEP][PASSED] - click(findTestObject("Swicther/accounts_tab_swicther")): Object: 'Object Repository/Swicther/accounts_tab_swicther' is clicked on

2020-02-19 13:00:03 - [MESSAGE][PASSED] - Object: 'Object Repository/Swicther/accounts_tab_swicther' is clicked on

2020-02-19 13:00:03 - [TEST_STEP][PASSED] - listofoptions = findWebElements(findTestObject("Swicther/accounts_tab_all_values"), 5): null

2020-02-19 13:00:03 - [TEST_STEP][PASSED] - listoffavicons = findWebElements(findTestObject("Swicther/accounts_tab_fav_icon"), 5): null

2020-02-19 13:00:04 - [TEST_STEP][PASSED] - listofoptioninstring = new java.util.ArrayList(): null

2020-02-19 13:00:04 - [TEST_STEP][PASSED] - for (org.openqa.selenium.WebElement ele : listofoptions): null

2020-02-19 13:00:04 - [TEST_STEP][PASSED] - listofoptioninstring.addAll(ele.getText()): null

2020-02-19 13:00:04 - [TEST_STEP][PASSED] - listofoptioninstring.addAll(ele.getText()): null

2020-02-19 13:00:04 - [TEST_STEP][PASSED] - listofoptioninstring.addAll(ele.getText()): null

2020-02-19 13:00:04 - [TEST_STEP][PASSED] - listofoptioninstring.addAll(ele.getText()): null

2020-02-19 13:00:04 - [TEST_STEP][PASSED] - listofoptioninstring.addAll(ele.getText()): null

2020-02-19 13:00:04 - [TEST_STEP][PASSED] - listofoptioninstring.addAll(ele.getText()): null

2020-02-19 13:00:04 - [TEST_STEP][PASSED] - listofoptioninstring.addAll(ele.getText()): null

2020-02-19 13:00:04 - [TEST_STEP][PASSED] - listofoptioninstring.addAll(ele.getText()): null

2020-02-19 13:00:04 - [TEST_STEP][PASSED] - verify_accountName = web.CustomKeyword.getrandomStingValue(listofoptioninstring): web.CustomKeyword.getrandomStingValue is PASSED

2020-02-19 13:00:04 - [MESSAGE][PASSED] - web.CustomKeyword.getrandomStingValue is PASSED

2020-02-19 13:00:04 - [TEST_STEP][PASSED] - for ([h = 0, h < listofoptions.size(), (h++)]): null

2020-02-19 13:00:04 - [TEST_STEP][PASSED] - if (getText().equalsIgnoreCase(verify_accountName)): null

2020-02-19 13:00:04 - [TEST_STEP][PASSED] - get(h).click(): null

2020-02-19 13:00:04 - [TEST_STEP][PASSED] - break: null

2020-02-19 13:00:04 - [TEST_STEP][PASSED] - click(findTestObject("Swicther/favorites_tabs_swicther")): Object: 'Object Repository/Swicther/favorites_tabs_swicther' is clicked on

2020-02-19 13:00:05 - [MESSAGE][PASSED] - Object: 'Object Repository/Swicther/favorites_tabs_swicther' is clicked on

2020-02-19 13:00:05 - [TEST_STEP][PASSED] - listoffavvalues = findWebElements(findTestObject("Swicther/favorites_tab_all_values"), 5): null

2020-02-19 13:00:06 - [TEST_STEP][PASSED] - isPresent = false: null

2020-02-19 13:00:06 - [TEST_STEP][PASSED] - for ([j = 0, j < listoffavvalues.size(), (j++)]): null

2020-02-19 13:00:06 - [TEST_STEP][PASSED] - if (getText().equalsIgnoreCase(verify_accountName)): null

2020-02-19 13:00:06 - [TEST_STEP][PASSED] - isPresent = true: null

2020-02-19 13:00:06 - [TEST_STEP][NOT_RUN] - click(findTestObject("Swicther/favorite_icon")): NOT_RUN: click(findTestObject("Swicther/favorite_icon"))

2020-02-19 13:00:06 - [MESSAGE][NOT_RUN] - NOT_RUN: click(findTestObject("Swicther/favorite_icon"))

2020-02-19 13:00:06 - [TEST_STEP][PASSED] - verifyEqual(isPresent, true): Actual object 'true' and expected object 'true' are equal

2020-02-19 13:00:06 - [MESSAGE][PASSED] - Actual object 'true' and expected object 'true' are equal

2020-02-19 13:00:06 - [TEST_STEP][PASSED] - Start listener action : sampleAfterTestCase: null

2020-02-19 13:00:06 - [TEST_STEP][PASSED] - println(testCaseContext.getTestCaseId()): null

2020-02-19 13:00:06 - [TEST_STEP][PASSED] - println(testCaseContext.getTestCaseStatus()): null

2020-02-19 13:00:06 - [TEST_STEP][PASSED] - println("On Failure Method is Calling : " + testCaseContext.getTestCaseStatus()): null

2020-02-19 13:00:06 - [TEST_STEP][PASSED] - if (!(getTestCaseStatus().equalsIgnoreCase("PASSED"))): null]]></system-out>
         <system-err><![CDATA[]]></system-err>
      </testcase>
      <testcase name="Test Cases/Atlas Platform/Platform Navigation/Picker/TC_022_Verify_Favorite_tab_sorting" time="6.556" classname="Test Cases/Atlas Platform/Platform Navigation/Picker/TC_022_Verify_Favorite_tab_sorting" status="PASSED">
         <system-out><![CDATA[2020-02-19 13:00:08 - [TEST_CASE][PASSED] - Test Cases/Atlas Platform/Platform Navigation/Picker/TC_022_Verify_Favorite_tab_sorting: Test Cases/Atlas Platform/Platform Navigation/Picker/TC_022_Verify_Favorite_tab_sorting

2020-02-19 13:00:08 - [TEST_STEP][NOT_RUN] - callTestCase(findTestCase("Atlas Platform/Platform Navigation/Login/LoginWithRootAdmin"), [:], STOP_ON_FAILURE): NOT_RUN: callTestCase(findTestCase("Atlas Platform/Platform Navigation/Login/LoginWithRootAdmin"), [:], STOP_ON_FAILURE)

2020-02-19 13:00:08 - [MESSAGE][NOT_RUN] - NOT_RUN: callTestCase(findTestCase("Atlas Platform/Platform Navigation/Login/LoginWithRootAdmin"), [:], STOP_ON_FAILURE)

2020-02-19 13:00:08 - [TEST_STEP][PASSED] - click(findTestObject("Swicther/swicthermenutext")): Object: 'Object Repository/Swicther/swicthermenutext' is clicked on

2020-02-19 13:00:11 - [MESSAGE][PASSED] - Object: 'Object Repository/Swicther/swicthermenutext' is clicked on

2020-02-19 13:00:11 - [TEST_STEP][PASSED] - click(findTestObject("Swicther/favorites_tabs_swicther")): Object: 'Object Repository/Swicther/favorites_tabs_swicther' is clicked on

2020-02-19 13:00:12 - [MESSAGE][PASSED] - Object: 'Object Repository/Swicther/favorites_tabs_swicther' is clicked on

2020-02-19 13:00:12 - [TEST_STEP][PASSED] - listofoptions = findWebElements(findTestObject("Swicther/favorites_tab_all_values"), 5): null

2020-02-19 13:00:12 - [TEST_STEP][PASSED] - listofoptioninstring = new java.util.ArrayList(): null

2020-02-19 13:00:12 - [TEST_STEP][PASSED] - for (org.openqa.selenium.WebElement ele : listofoptions): null

2020-02-19 13:00:12 - [TEST_STEP][PASSED] - listofoptioninstring.addAll(split("Last")[0].trim()): null

2020-02-19 13:00:12 - [TEST_STEP][PASSED] - isSorted = web.CustomKeyword.checkListAscendingOrder(listofoptioninstring): web.CustomKeyword.checkListAscendingOrder is PASSED

2020-02-19 13:00:12 - [MESSAGE][PASSED] - web.CustomKeyword.checkListAscendingOrder is PASSED

2020-02-19 13:00:12 - [TEST_STEP][PASSED] - verifyEqual(isSorted, true): Actual object 'true' and expected object 'true' are equal

2020-02-19 13:00:12 - [MESSAGE][PASSED] - Actual object 'true' and expected object 'true' are equal

2020-02-19 13:00:12 - [TEST_STEP][PASSED] - click(findTestObject("Swicther/closeIcon")): Object: 'Object Repository/Swicther/closeIcon' is clicked on

2020-02-19 13:00:12 - [MESSAGE][PASSED] - Object: 'Object Repository/Swicther/closeIcon' is clicked on

2020-02-19 13:00:12 - [TEST_STEP][PASSED] - Start listener action : sampleAfterTestCase: null

2020-02-19 13:00:12 - [TEST_STEP][PASSED] - println(testCaseContext.getTestCaseId()): null

2020-02-19 13:00:13 - [TEST_STEP][PASSED] - println(testCaseContext.getTestCaseStatus()): null

2020-02-19 13:00:13 - [TEST_STEP][PASSED] - println("On Failure Method is Calling : " + testCaseContext.getTestCaseStatus()): null

2020-02-19 13:00:13 - [TEST_STEP][PASSED] - if (!(getTestCaseStatus().equalsIgnoreCase("PASSED"))): null]]></system-out>
         <system-err><![CDATA[]]></system-err>
      </testcase>
      <testcase name="Test Cases/Atlas Platform/Platform Navigation/Picker/TC_023_Remove_Selected_Account_From_Favorites" time="105.798" classname="Test Cases/Atlas Platform/Platform Navigation/Picker/TC_023_Remove_Selected_Account_From_Favorites" status="PASSED">
         <system-out><![CDATA[2020-02-19 13:00:15 - [TEST_CASE][PASSED] - Test Cases/Atlas Platform/Platform Navigation/Picker/TC_023_Remove_Selected_Account_From_Favorites: Test Cases/Atlas Platform/Platform Navigation/Picker/TC_023_Remove_Selected_Account_From_Favorites

2020-02-19 13:00:15 - [TEST_STEP][PASSED] - callTestCase(findTestCase("Atlas Platform/Platform Navigation/Picker/TC_021_Validate_Accounts_Favorites"), [:], STOP_ON_FAILURE): Call Test Case 'Test Cases/Atlas Platform/Platform Navigation/Picker/TC_021_Validate_Accounts_Favorites' successfully

2020-02-19 13:00:15 - [TEST_CASE][PASSED] - Test Cases/Atlas Platform/Platform Navigation/Picker/TC_021_Validate_Accounts_Favorites: Test Cases/Atlas Platform/Platform Navigation/Picker/TC_021_Validate_Accounts_Favorites

2020-02-19 13:00:15 - [TEST_STEP][PASSED] - callTestCase(findTestCase("Atlas Platform/Platform Navigation/Picker/TC_100_RemoveAllFavorites"), [:], STOP_ON_FAILURE): Call Test Case 'Test Cases/Atlas Platform/Platform Navigation/Picker/TC_100_RemoveAllFavorites' successfully

2020-02-19 13:00:15 - [TEST_CASE][PASSED] - Test Cases/Atlas Platform/Platform Navigation/Picker/TC_100_RemoveAllFavorites: Test Cases/Atlas Platform/Platform Navigation/Picker/TC_100_RemoveAllFavorites

2020-02-19 13:00:15 - [TEST_STEP][PASSED] - callTestCase(findTestCase("Atlas Platform/Platform Navigation/Login/LoginWithRootAdmin"), [:], STOP_ON_FAILURE): Call Test Case 'Test Cases/Atlas Platform/Platform Navigation/Login/LoginWithRootAdmin' successfully

2020-02-19 13:00:15 - [TEST_CASE][PASSED] - Test Cases/Atlas Platform/Platform Navigation/Login/LoginWithRootAdmin: Test Cases/Atlas Platform/Platform Navigation/Login/LoginWithRootAdmin

2020-02-19 13:00:15 - [TEST_STEP][NOT_RUN] - openBrowser(""): NOT_RUN: openBrowser("")

2020-02-19 13:00:15 - [MESSAGE][NOT_RUN] - NOT_RUN: openBrowser("")

2020-02-19 13:00:15 - [TEST_STEP][PASSED] - callTestCase(findTestCase("Atlas Platform/Platform Navigation/Login/Default Logins/TC_100_ForSecurityURLSAcceptance"), [:], CONTINUE_ON_FAILURE): Call Test Case 'Test Cases/Atlas Platform/Platform Navigation/Login/Default Logins/TC_100_ForSecurityURLSAcceptance' successfully

2020-02-19 13:00:15 - [TEST_CASE][PASSED] - Test Cases/Atlas Platform/Platform Navigation/Login/Default Logins/TC_100_ForSecurityURLSAcceptance: Test Cases/Atlas Platform/Platform Navigation/Login/Default Logins/TC_100_ForSecurityURLSAcceptance

2020-02-19 13:00:15 - [TEST_STEP][PASSED] - openBrowser(""): Browser is opened with url: ''

2020-02-19 13:00:15 - [MESSAGE][WARNING] - A browser is already opened. Closing browser and opening a new one

2020-02-19 13:00:16 - [MESSAGE][INFO] - Starting 'Chrome' driver

2020-02-19 13:00:16 - [MESSAGE][INFO] - User set preference: ['args', '[--start-maximized, --disable-web-security, --no-proxy-server]']

2020-02-19 13:00:16 - [MESSAGE][INFO] - User set preference: ['prefs', '{credentials_enable_service=false, profile.password_manager_enabled=false}']

2020-02-19 13:00:22 - [MESSAGE][PASSED] - Browser is opened with url: ''

2020-02-19 13:00:22 - [TEST_STEP][PASSED] - navigateToUrl("https://ec2-3-133-54-242.us-east-2.compute.amazonaws.com:9092/services/message/api/programs"): Navigate to 'https://ec2-3-133-54-242.us-east-2.compute.amazonaws.com:9092/services/message/api/programs' successfully

2020-02-19 13:00:25 - [MESSAGE][PASSED] - Navigate to 'https://ec2-3-133-54-242.us-east-2.compute.amazonaws.com:9092/services/message/api/programs' successfully

2020-02-19 13:00:25 - [TEST_STEP][PASSED] - click(findTestObject("LoginPage/httpAdvanceBtn")): Object: 'Object Repository/LoginPage/httpAdvanceBtn' is clicked on

2020-02-19 13:00:25 - [MESSAGE][PASSED] - Object: 'Object Repository/LoginPage/httpAdvanceBtn' is clicked on

2020-02-19 13:00:25 - [TEST_STEP][PASSED] - click(findTestObject("LoginPage/httpsproceedlink")): Object: 'Object Repository/LoginPage/httpsproceedlink' is clicked on

2020-02-19 13:00:34 - [MESSAGE][PASSED] - Object: 'Object Repository/LoginPage/httpsproceedlink' is clicked on

2020-02-19 13:00:34 - [TEST_STEP][PASSED] - navigateToUrl("https://3.19.246.255:9090/services/configuration/api/authenticate"): Navigate to 'https://3.19.246.255:9090/services/configuration/api/authenticate' successfully

2020-02-19 13:00:40 - [MESSAGE][PASSED] - Navigate to 'https://3.19.246.255:9090/services/configuration/api/authenticate' successfully

2020-02-19 13:00:40 - [TEST_STEP][PASSED] - click(findTestObject("LoginPage/httpAdvanceBtn")): Object: 'Object Repository/LoginPage/httpAdvanceBtn' is clicked on

2020-02-19 13:00:40 - [MESSAGE][PASSED] - Object: 'Object Repository/LoginPage/httpAdvanceBtn' is clicked on

2020-02-19 13:00:40 - [TEST_STEP][PASSED] - click(findTestObject("LoginPage/httpsproceedlink")): Object: 'Object Repository/LoginPage/httpsproceedlink' is clicked on

2020-02-19 13:00:44 - [MESSAGE][PASSED] - Object: 'Object Repository/LoginPage/httpsproceedlink' is clicked on

2020-02-19 13:00:44 - [TEST_STEP][PASSED] - navigateToUrl("https://ec2-3-133-54-242.us-east-2.compute.amazonaws.com:8080/services/data/api/data-sources?search=Repair&filters=ACTIVE&page=0&size=20&sort=accountId,DESC"): Navigate to 'https://ec2-3-133-54-242.us-east-2.compute.amazonaws.com:8080/services/data/api/data-sources?search=Repair&filters=ACTIVE&page=0&size=20&sort=accountId,DESC' successfully

2020-02-19 13:00:49 - [MESSAGE][PASSED] - Navigate to 'https://ec2-3-133-54-242.us-east-2.compute.amazonaws.com:8080/services/data/api/data-sources?search=Repair&filters=ACTIVE&page=0&size=20&sort=accountId,DESC' successfully

2020-02-19 13:00:49 - [TEST_STEP][PASSED] - click(findTestObject("LoginPage/httpAdvanceBtn")): Object: 'Object Repository/LoginPage/httpAdvanceBtn' is clicked on

2020-02-19 13:00:50 - [MESSAGE][PASSED] - Object: 'Object Repository/LoginPage/httpAdvanceBtn' is clicked on

2020-02-19 13:00:50 - [TEST_STEP][PASSED] - click(findTestObject("LoginPage/httpsproceedlink")): Object: 'Object Repository/LoginPage/httpsproceedlink' is clicked on

2020-02-19 13:00:53 - [MESSAGE][PASSED] - Object: 'Object Repository/LoginPage/httpsproceedlink' is clicked on

2020-02-19 13:00:53 - [TEST_STEP][PASSED] - navigateToUrl("https://3.19.246.255:9091/services/content/api/images?page=0&size=10"): Navigate to 'https://3.19.246.255:9091/services/content/api/images?page=0&size=10' successfully

2020-02-19 13:00:58 - [MESSAGE][PASSED] - Navigate to 'https://3.19.246.255:9091/services/content/api/images?page=0&size=10' successfully

2020-02-19 13:00:58 - [TEST_STEP][PASSED] - click(findTestObject("LoginPage/httpAdvanceBtn")): Object: 'Object Repository/LoginPage/httpAdvanceBtn' is clicked on

2020-02-19 13:00:58 - [MESSAGE][PASSED] - Object: 'Object Repository/LoginPage/httpAdvanceBtn' is clicked on

2020-02-19 13:00:58 - [TEST_STEP][PASSED] - click(findTestObject("LoginPage/httpsproceedlink")): Object: 'Object Repository/LoginPage/httpsproceedlink' is clicked on

2020-02-19 13:01:01 - [MESSAGE][PASSED] - Object: 'Object Repository/LoginPage/httpsproceedlink' is clicked on

2020-02-19 13:01:01 - [MESSAGE][PASSED] - Call Test Case 'Test Cases/Atlas Platform/Platform Navigation/Login/Default Logins/TC_100_ForSecurityURLSAcceptance' successfully

2020-02-19 13:01:01 - [TEST_STEP][PASSED] - navigateToUrl("https://atlas-dev.gsm.auto/"): Navigate to 'https://atlas-dev.gsm.auto/' successfully

2020-02-19 13:01:24 - [MESSAGE][PASSED] - Navigate to 'https://atlas-dev.gsm.auto/' successfully

2020-02-19 13:01:24 - [TEST_STEP][PASSED] - setText(findTestObject("Object Repository/LoginPage/loginpageemailtxtbox"), user_Email): Text 'navaraj@totient.co.in' is set on object 'Object Repository/LoginPage/loginpageemailtxtbox'

2020-02-19 13:01:25 - [MESSAGE][PASSED] - Text 'navaraj@totient.co.in' is set on object 'Object Repository/LoginPage/loginpageemailtxtbox'

2020-02-19 13:01:25 - [TEST_STEP][PASSED] - setText(findTestObject("Object Repository/LoginPage/loginpaepasswordtxtbox"), user_Password): Text 'Totient@123' is set on object 'Object Repository/LoginPage/loginpaepasswordtxtbox'

2020-02-19 13:01:25 - [MESSAGE][PASSED] - Text 'Totient@123' is set on object 'Object Repository/LoginPage/loginpaepasswordtxtbox'

2020-02-19 13:01:25 - [TEST_STEP][PASSED] - click(findTestObject("LoginPage/loginpageloginbtn")): Object: 'Object Repository/LoginPage/loginpageloginbtn' is clicked on

2020-02-19 13:01:26 - [MESSAGE][PASSED] - Object: 'Object Repository/LoginPage/loginpageloginbtn' is clicked on

2020-02-19 13:01:26 - [TEST_STEP][PASSED] - conn = com.katalon.plugin.keyword.connection.DatabaseKeywords.getGlobalConnection(): com.katalon.plugin.keyword.connection.DatabaseKeywords.getGlobalConnection is PASSED

2020-02-19 13:01:32 - [MESSAGE][PASSED] - com.katalon.plugin.keyword.connection.DatabaseKeywords.getGlobalConnection is PASSED

2020-02-19 13:01:32 - [TEST_STEP][PASSED] - resultValues1 = com.katalon.plugin.keyword.connection.DatabaseKeywords.executeQuery(conn, "SELECT * FROM atlas_config.user WHERE email ="" + user_Email + "";"): com.katalon.plugin.keyword.connection.DatabaseKeywords.executeQuery is PASSED

2020-02-19 13:01:33 - [MESSAGE][PASSED] - com.katalon.plugin.keyword.connection.DatabaseKeywords.executeQuery is PASSED

2020-02-19 13:01:33 - [TEST_STEP][PASSED] - println(com.katalon.plugin.keyword.connection.ResultSetKeywords.getSingleCellValue(resultValues1, 1, "user_id")): com.katalon.plugin.keyword.connection.ResultSetKeywords.getSingleCellValue is PASSED

2020-02-19 13:01:33 - [MESSAGE][PASSED] - com.katalon.plugin.keyword.connection.ResultSetKeywords.getSingleCellValue is PASSED

2020-02-19 13:01:33 - [TEST_STEP][PASSED] - user_id = com.katalon.plugin.keyword.connection.ResultSetKeywords.getSingleCellValue(resultValues1, 1, "user_id"): com.katalon.plugin.keyword.connection.ResultSetKeywords.getSingleCellValue is PASSED

2020-02-19 13:01:33 - [MESSAGE][PASSED] - com.katalon.plugin.keyword.connection.ResultSetKeywords.getSingleCellValue is PASSED

2020-02-19 13:01:33 - [TEST_STEP][PASSED] - println("User ID Variable value is : " + user_id): null

2020-02-19 13:01:33 - [MESSAGE][PASSED] - Call Test Case 'Test Cases/Atlas Platform/Platform Navigation/Login/LoginWithRootAdmin' successfully

2020-02-19 13:01:33 - [TEST_STEP][PASSED] - click(findTestObject("Swicther/swicthermenutext")): Object: 'Object Repository/Swicther/swicthermenutext' is clicked on

2020-02-19 13:01:34 - [MESSAGE][PASSED] - Object: 'Object Repository/Swicther/swicthermenutext' is clicked on

2020-02-19 13:01:34 - [TEST_STEP][PASSED] - click(findTestObject("Swicther/favorites_tabs_swicther")): Object: 'Object Repository/Swicther/favorites_tabs_swicther' is clicked on

2020-02-19 13:01:34 - [MESSAGE][PASSED] - Object: 'Object Repository/Swicther/favorites_tabs_swicther' is clicked on

2020-02-19 13:01:34 - [TEST_STEP][PASSED] - listoffavvalues = findWebElements(findTestObject("Swicther/favorites_tab_all_fav_icon"), 5): Unable to find the element located by 'By.xpath: //div[@id='switcherTabs-pane-4']/ul/li/div/div[2]/div/div'. Please recheck the objects properties to make sure the desired element is located. 

2020-02-19 13:01:43 - [MESSAGE][INFO] - Unable to find the element located by 'By.xpath: //div[@id='switcherTabs-pane-4']/ul/li/div/div[2]/div/div'. Please recheck the objects properties to make sure the desired element is located. 

2020-02-19 13:01:43 - [TEST_STEP][PASSED] - for ([j = 0, j < listoffavvalues.size(), (j++)]): null

2020-02-19 13:01:43 - [MESSAGE][PASSED] - Call Test Case 'Test Cases/Atlas Platform/Platform Navigation/Picker/TC_100_RemoveAllFavorites' successfully

2020-02-19 13:01:43 - [TEST_STEP][PASSED] - click(findTestObject("Swicther/swicthermenutext")): Object: 'Object Repository/Swicther/swicthermenutext' is clicked on

2020-02-19 13:01:45 - [MESSAGE][PASSED] - Object: 'Object Repository/Swicther/swicthermenutext' is clicked on

2020-02-19 13:01:45 - [TEST_STEP][PASSED] - click(findTestObject("Swicther/accounts_tab_swicther")): Object: 'Object Repository/Swicther/accounts_tab_swicther' is clicked on

2020-02-19 13:01:46 - [MESSAGE][PASSED] - Object: 'Object Repository/Swicther/accounts_tab_swicther' is clicked on

2020-02-19 13:01:46 - [TEST_STEP][PASSED] - listofoptions = findWebElements(findTestObject("Swicther/accounts_tab_all_values"), 5): null

2020-02-19 13:01:47 - [TEST_STEP][PASSED] - listoffavicons = findWebElements(findTestObject("Swicther/accounts_tab_fav_icon"), 5): null

2020-02-19 13:01:47 - [TEST_STEP][PASSED] - listofoptioninstring = new java.util.ArrayList(): null

2020-02-19 13:01:47 - [TEST_STEP][PASSED] - for (org.openqa.selenium.WebElement ele : listofoptions): null

2020-02-19 13:01:47 - [TEST_STEP][PASSED] - listofoptioninstring.addAll(ele.getText()): null

2020-02-19 13:01:47 - [TEST_STEP][PASSED] - listofoptioninstring.addAll(ele.getText()): null

2020-02-19 13:01:47 - [TEST_STEP][PASSED] - listofoptioninstring.addAll(ele.getText()): null

2020-02-19 13:01:47 - [TEST_STEP][PASSED] - listofoptioninstring.addAll(ele.getText()): null

2020-02-19 13:01:47 - [TEST_STEP][PASSED] - listofoptioninstring.addAll(ele.getText()): null

2020-02-19 13:01:47 - [TEST_STEP][PASSED] - listofoptioninstring.addAll(ele.getText()): null

2020-02-19 13:01:47 - [TEST_STEP][PASSED] - listofoptioninstring.addAll(ele.getText()): null

2020-02-19 13:01:47 - [TEST_STEP][PASSED] - listofoptioninstring.addAll(ele.getText()): null

2020-02-19 13:01:47 - [TEST_STEP][PASSED] - verify_accountName = web.CustomKeyword.getrandomStingValue(listofoptioninstring): web.CustomKeyword.getrandomStingValue is PASSED

2020-02-19 13:01:47 - [MESSAGE][PASSED] - web.CustomKeyword.getrandomStingValue is PASSED

2020-02-19 13:01:47 - [TEST_STEP][PASSED] - for ([h = 0, h < listofoptions.size(), (h++)]): null

2020-02-19 13:01:47 - [TEST_STEP][PASSED] - if (getText().equalsIgnoreCase(verify_accountName)): null

2020-02-19 13:01:47 - [TEST_STEP][PASSED] - if (getText().equalsIgnoreCase(verify_accountName)): null

2020-02-19 13:01:47 - [TEST_STEP][PASSED] - if (getText().equalsIgnoreCase(verify_accountName)): null

2020-02-19 13:01:47 - [TEST_STEP][PASSED] - get(h).click(): null

2020-02-19 13:01:48 - [TEST_STEP][PASSED] - break: null

2020-02-19 13:01:48 - [TEST_STEP][PASSED] - click(findTestObject("Swicther/favorites_tabs_swicther")): Object: 'Object Repository/Swicther/favorites_tabs_swicther' is clicked on

2020-02-19 13:01:49 - [MESSAGE][PASSED] - Object: 'Object Repository/Swicther/favorites_tabs_swicther' is clicked on

2020-02-19 13:01:49 - [TEST_STEP][PASSED] - listoffavvalues = findWebElements(findTestObject("Swicther/favorites_tab_all_values"), 5): null

2020-02-19 13:01:49 - [TEST_STEP][PASSED] - isPresent = false: null

2020-02-19 13:01:49 - [TEST_STEP][PASSED] - for ([j = 0, j < listoffavvalues.size(), (j++)]): null

2020-02-19 13:01:49 - [TEST_STEP][PASSED] - if (getText().equalsIgnoreCase(verify_accountName)): null

2020-02-19 13:01:49 - [TEST_STEP][PASSED] - isPresent = true: null

2020-02-19 13:01:49 - [TEST_STEP][NOT_RUN] - click(findTestObject("Swicther/favorite_icon")): NOT_RUN: click(findTestObject("Swicther/favorite_icon"))

2020-02-19 13:01:49 - [MESSAGE][NOT_RUN] - NOT_RUN: click(findTestObject("Swicther/favorite_icon"))

2020-02-19 13:01:49 - [TEST_STEP][PASSED] - verifyEqual(isPresent, true): Actual object 'true' and expected object 'true' are equal

2020-02-19 13:01:49 - [MESSAGE][PASSED] - Actual object 'true' and expected object 'true' are equal

2020-02-19 13:01:49 - [MESSAGE][PASSED] - Call Test Case 'Test Cases/Atlas Platform/Platform Navigation/Picker/TC_021_Validate_Accounts_Favorites' successfully

2020-02-19 13:01:49 - [TEST_STEP][PASSED] - listoffavvalues = findWebElements(findTestObject("Swicther/favorites_tab_all_values"), 5): null

2020-02-19 13:01:50 - [TEST_STEP][PASSED] - listofstaricon = findWebElements(findTestObject("Swicther/favorites_tab_all_fav_icon"), 5): null

2020-02-19 13:01:50 - [TEST_STEP][PASSED] - beforeRemoveStar_FavoriteListCount = listoffavvalues.size(): null

2020-02-19 13:01:50 - [TEST_STEP][PASSED] - for ([h = 0, h < listoffavvalues.size(), (h++)]): null

2020-02-19 13:01:50 - [TEST_STEP][PASSED] - get(h).click(): null

2020-02-19 13:01:50 - [TEST_STEP][PASSED] - break: null

2020-02-19 13:01:50 - [TEST_STEP][PASSED] - listoffavvalues = findWebElements(findTestObject("Swicther/favorites_tab_all_values"), 5): Unable to find the element located by 'By.xpath: //div[@id='switcherTabs-pane-4']/ul/li/div/div/div[2]/div'. Please recheck the objects properties to make sure the desired element is located. 

2020-02-19 13:01:58 - [MESSAGE][INFO] - Unable to find the element located by 'By.xpath: //div[@id='switcherTabs-pane-4']/ul/li/div/div/div[2]/div'. Please recheck the objects properties to make sure the desired element is located. 

2020-02-19 13:01:58 - [TEST_STEP][PASSED] - afterRemovedStar_FavoriteListCount = listoffavvalues.size(): null

2020-02-19 13:01:58 - [TEST_STEP][PASSED] - verifyNotEqual(beforeRemoveStar_FavoriteListCount, afterRemovedStar_FavoriteListCount): Actual object '1' and expected object '0' are not equal

2020-02-19 13:01:58 - [MESSAGE][PASSED] - Actual object '1' and expected object '0' are not equal

2020-02-19 13:01:58 - [TEST_STEP][PASSED] - Start listener action : sampleAfterTestCase: null

2020-02-19 13:01:58 - [TEST_STEP][PASSED] - println(testCaseContext.getTestCaseId()): null

2020-02-19 13:01:58 - [TEST_STEP][PASSED] - println(testCaseContext.getTestCaseStatus()): null

2020-02-19 13:01:58 - [TEST_STEP][PASSED] - println("On Failure Method is Calling : " + testCaseContext.getTestCaseStatus()): null

2020-02-19 13:01:58 - [TEST_STEP][PASSED] - if (!(getTestCaseStatus().equalsIgnoreCase("PASSED"))): null]]></system-out>
         <system-err><![CDATA[]]></system-err>
      </testcase>
      <testcase name="Test Cases/Atlas Platform/Platform Navigation/Picker/TC_024_Verify_Assign_Multiple_Account_Login(TBD)" time="2.379" classname="Test Cases/Atlas Platform/Platform Navigation/Picker/TC_024_Verify_Assign_Multiple_Account_Login(TBD)" status="PASSED">
         <system-out><![CDATA[2020-02-19 13:02:00 - [TEST_CASE][PASSED] - Test Cases/Atlas Platform/Platform Navigation/Picker/TC_024_Verify_Assign_Multiple_Account_Login(TBD): Test Cases/Atlas Platform/Platform Navigation/Picker/TC_024_Verify_Assign_Multiple_Account_Login(TBD)

2020-02-19 13:02:01 - [TEST_STEP][PASSED] - return null: null

2020-02-19 13:02:01 - [TEST_STEP][PASSED] - Start listener action : sampleAfterTestCase: null

2020-02-19 13:02:01 - [TEST_STEP][PASSED] - println(testCaseContext.getTestCaseId()): null

2020-02-19 13:02:01 - [TEST_STEP][PASSED] - println(testCaseContext.getTestCaseStatus()): null

2020-02-19 13:02:01 - [TEST_STEP][PASSED] - println("On Failure Method is Calling : " + testCaseContext.getTestCaseStatus()): null

2020-02-19 13:02:01 - [TEST_STEP][PASSED] - if (!(getTestCaseStatus().equalsIgnoreCase("PASSED"))): null]]></system-out>
         <system-err><![CDATA[]]></system-err>
      </testcase>
      <testcase name="Test Cases/Atlas Platform/Platform Navigation/Picker/TC_025_Verify_After_Swicth_Login(TBD)" time="2.281" classname="Test Cases/Atlas Platform/Platform Navigation/Picker/TC_025_Verify_After_Swicth_Login(TBD)" status="PASSED">
         <system-out><![CDATA[2020-02-19 13:02:03 - [TEST_CASE][PASSED] - Test Cases/Atlas Platform/Platform Navigation/Picker/TC_025_Verify_After_Swicth_Login(TBD): Test Cases/Atlas Platform/Platform Navigation/Picker/TC_025_Verify_After_Swicth_Login(TBD)

2020-02-19 13:02:03 - [TEST_STEP][PASSED] - return null: null

2020-02-19 13:02:03 - [TEST_STEP][PASSED] - Start listener action : sampleAfterTestCase: null

2020-02-19 13:02:03 - [TEST_STEP][PASSED] - println(testCaseContext.getTestCaseId()): null

2020-02-19 13:02:03 - [TEST_STEP][PASSED] - println(testCaseContext.getTestCaseStatus()): null

2020-02-19 13:02:03 - [TEST_STEP][PASSED] - println("On Failure Method is Calling : " + testCaseContext.getTestCaseStatus()): null

2020-02-19 13:02:03 - [TEST_STEP][PASSED] - if (!(getTestCaseStatus().equalsIgnoreCase("PASSED"))): null]]></system-out>
         <system-err><![CDATA[]]></system-err>
      </testcase>
      <testcase name="Test Cases/Atlas Platform/Platform Navigation/Picker/TC_026_Validate_Valid_Search_Record(TBD)" time="7.384" classname="Test Cases/Atlas Platform/Platform Navigation/Picker/TC_026_Validate_Valid_Search_Record(TBD)" status="PASSED">
         <system-out><![CDATA[2020-02-19 13:02:05 - [TEST_CASE][PASSED] - Test Cases/Atlas Platform/Platform Navigation/Picker/TC_026_Validate_Valid_Search_Record(TBD): Test Cases/Atlas Platform/Platform Navigation/Picker/TC_026_Validate_Valid_Search_Record(TBD)

2020-02-19 13:02:05 - [TEST_STEP][PASSED] - web.MySQLDataBase.conncetDBWithOutParams(): web.MySQLDataBase.conncetDBWithOutParams is PASSED

2020-02-19 13:02:09 - [MESSAGE][PASSED] - web.MySQLDataBase.conncetDBWithOutParams is PASSED

2020-02-19 13:02:09 - [TEST_STEP][PASSED] - rs = web.MySQLDataBase.executeQuery("select account.name from atlas_config.account INNER join atlas_config.account_access ON account_access.account_id=account.account_id where user_id=2;"): web.MySQLDataBase.executeQuery is PASSED

2020-02-19 13:02:10 - [MESSAGE][PASSED] - web.MySQLDataBase.executeQuery is PASSED

2020-02-19 13:02:10 - [TEST_STEP][PASSED] - rs1 = web.MySQLDataBase.executeQuery("select count(*) AS total from atlas_config.account INNER join atlas_config.account_access ON account_access.account_id=account.account_id where user_id=2;"): web.MySQLDataBase.executeQuery is PASSED

2020-02-19 13:02:10 - [MESSAGE][PASSED] - web.MySQLDataBase.executeQuery is PASSED

2020-02-19 13:02:10 - [TEST_STEP][PASSED] - count = <not implemented yet for class: org.codehaus.groovy.ast.expr.EmptyExpression>: null

2020-02-19 13:02:10 - [TEST_STEP][PASSED] - while (rs1.next()): null

2020-02-19 13:02:10 - [TEST_STEP][PASSED] - count = rs1.getInt("total"): null

2020-02-19 13:02:10 - [TEST_STEP][PASSED] - println(count): null

2020-02-19 13:02:10 - [TEST_STEP][PASSED] - while (rs.next()): null

2020-02-19 13:02:10 - [TEST_STEP][PASSED] - println(rs.getString("name")): null

2020-02-19 13:02:10 - [TEST_STEP][PASSED] - println(rs.getString("name")): null

2020-02-19 13:02:10 - [TEST_STEP][PASSED] - println(rs.getString("name")): null

2020-02-19 13:02:10 - [TEST_STEP][PASSED] - println(rs.getString("name")): null

2020-02-19 13:02:10 - [TEST_STEP][PASSED] - println(rs.getString("name")): null

2020-02-19 13:02:10 - [TEST_STEP][PASSED] - println(rs.getString("name")): null

2020-02-19 13:02:10 - [TEST_STEP][PASSED] - println(rs.getString("name")): null

2020-02-19 13:02:10 - [TEST_STEP][PASSED] - println(rs.getString("name")): null

2020-02-19 13:02:10 - [TEST_STEP][PASSED] - Start listener action : sampleAfterTestCase: null

2020-02-19 13:02:10 - [TEST_STEP][PASSED] - println(testCaseContext.getTestCaseId()): null

2020-02-19 13:02:10 - [TEST_STEP][PASSED] - println(testCaseContext.getTestCaseStatus()): null

2020-02-19 13:02:10 - [TEST_STEP][PASSED] - println("On Failure Method is Calling : " + testCaseContext.getTestCaseStatus()): null

2020-02-19 13:02:10 - [TEST_STEP][PASSED] - if (!(getTestCaseStatus().equalsIgnoreCase("PASSED"))): null]]></system-out>
         <system-err><![CDATA[]]></system-err>
      </testcase>
      <testcase name="Test Cases/Atlas Platform/Platform Navigation/Picker/TC_027_Validate_Invalid_Search_Record(TBD)" time="2.317" classname="Test Cases/Atlas Platform/Platform Navigation/Picker/TC_027_Validate_Invalid_Search_Record(TBD)" status="PASSED">
         <system-out><![CDATA[2020-02-19 13:02:12 - [TEST_CASE][PASSED] - Test Cases/Atlas Platform/Platform Navigation/Picker/TC_027_Validate_Invalid_Search_Record(TBD): Test Cases/Atlas Platform/Platform Navigation/Picker/TC_027_Validate_Invalid_Search_Record(TBD)

2020-02-19 13:02:13 - [TEST_STEP][PASSED] - return null: null

2020-02-19 13:02:13 - [TEST_STEP][PASSED] - Start listener action : sampleAfterTestCase: null

2020-02-19 13:02:13 - [TEST_STEP][PASSED] - println(testCaseContext.getTestCaseId()): null

2020-02-19 13:02:13 - [TEST_STEP][PASSED] - println(testCaseContext.getTestCaseStatus()): null

2020-02-19 13:02:13 - [TEST_STEP][PASSED] - println("On Failure Method is Calling : " + testCaseContext.getTestCaseStatus()): null

2020-02-19 13:02:13 - [TEST_STEP][PASSED] - if (!(getTestCaseStatus().equalsIgnoreCase("PASSED"))): null]]></system-out>
         <system-err><![CDATA[]]></system-err>
      </testcase>
      <testcase name="Test Cases/Atlas Platform/Platform Navigation/Picker/TC_028_Verify_Valid_Search_Record_Char_Seq(TBD)" time="2.255" classname="Test Cases/Atlas Platform/Platform Navigation/Picker/TC_028_Verify_Valid_Search_Record_Char_Seq(TBD)" status="PASSED">
         <system-out><![CDATA[2020-02-19 13:02:15 - [TEST_CASE][PASSED] - Test Cases/Atlas Platform/Platform Navigation/Picker/TC_028_Verify_Valid_Search_Record_Char_Seq(TBD): Test Cases/Atlas Platform/Platform Navigation/Picker/TC_028_Verify_Valid_Search_Record_Char_Seq(TBD)

2020-02-19 13:02:15 - [TEST_STEP][PASSED] - return null: null

2020-02-19 13:02:15 - [TEST_STEP][PASSED] - Start listener action : sampleAfterTestCase: null

2020-02-19 13:02:15 - [TEST_STEP][PASSED] - println(testCaseContext.getTestCaseId()): null

2020-02-19 13:02:15 - [TEST_STEP][PASSED] - println(testCaseContext.getTestCaseStatus()): null

2020-02-19 13:02:15 - [TEST_STEP][PASSED] - println("On Failure Method is Calling : " + testCaseContext.getTestCaseStatus()): null

2020-02-19 13:02:15 - [TEST_STEP][PASSED] - if (!(getTestCaseStatus().equalsIgnoreCase("PASSED"))): null]]></system-out>
         <system-err><![CDATA[]]></system-err>
      </testcase>
      <testcase name="Test Cases/Atlas Platform/Platform Navigation/Picker/TC_029_Validate_Invalid_Search_Record(TBD)" time="2.271" classname="Test Cases/Atlas Platform/Platform Navigation/Picker/TC_029_Validate_Invalid_Search_Record(TBD)" status="PASSED">
         <system-out><![CDATA[2020-02-19 13:02:17 - [TEST_CASE][PASSED] - Test Cases/Atlas Platform/Platform Navigation/Picker/TC_029_Validate_Invalid_Search_Record(TBD): Test Cases/Atlas Platform/Platform Navigation/Picker/TC_029_Validate_Invalid_Search_Record(TBD)

2020-02-19 13:02:17 - [TEST_STEP][PASSED] - return null: null

2020-02-19 13:02:17 - [TEST_STEP][PASSED] - Start listener action : sampleAfterTestCase: null

2020-02-19 13:02:17 - [TEST_STEP][PASSED] - println(testCaseContext.getTestCaseId()): null

2020-02-19 13:02:17 - [TEST_STEP][PASSED] - println(testCaseContext.getTestCaseStatus()): null

2020-02-19 13:02:17 - [TEST_STEP][PASSED] - println("On Failure Method is Calling : " + testCaseContext.getTestCaseStatus()): null

2020-02-19 13:02:17 - [TEST_STEP][PASSED] - if (!(getTestCaseStatus().equalsIgnoreCase("PASSED"))): null]]></system-out>
         <system-err><![CDATA[]]></system-err>
      </testcase>
      <testcase name="Test Cases/Atlas Platform/Platform Navigation/Picker/TC_030_Validate_Star_InSearchLising(TBD)" time="2.328" classname="Test Cases/Atlas Platform/Platform Navigation/Picker/TC_030_Validate_Star_InSearchLising(TBD)" status="PASSED">
         <system-out><![CDATA[2020-02-19 13:02:19 - [TEST_CASE][PASSED] - Test Cases/Atlas Platform/Platform Navigation/Picker/TC_030_Validate_Star_InSearchLising(TBD): Test Cases/Atlas Platform/Platform Navigation/Picker/TC_030_Validate_Star_InSearchLising(TBD)

2020-02-19 13:02:20 - [TEST_STEP][PASSED] - return null: null

2020-02-19 13:02:20 - [TEST_STEP][PASSED] - Start listener action : sampleAfterTestCase: null

2020-02-19 13:02:20 - [TEST_STEP][PASSED] - println(testCaseContext.getTestCaseId()): null

2020-02-19 13:02:20 - [TEST_STEP][PASSED] - println(testCaseContext.getTestCaseStatus()): null

2020-02-19 13:02:20 - [TEST_STEP][PASSED] - println("On Failure Method is Calling : " + testCaseContext.getTestCaseStatus()): null

2020-02-19 13:02:20 - [TEST_STEP][PASSED] - if (!(getTestCaseStatus().equalsIgnoreCase("PASSED"))): null]]></system-out>
         <system-err><![CDATA[]]></system-err>
      </testcase>
      <testcase name="Test Cases/Atlas Platform/Platform Navigation/Picker/TC_031_Validate_Search_list_Sort_Order(TBD)" time="2.439" classname="Test Cases/Atlas Platform/Platform Navigation/Picker/TC_031_Validate_Search_list_Sort_Order(TBD)" status="PASSED">
         <system-out><![CDATA[2020-02-19 13:02:22 - [TEST_CASE][PASSED] - Test Cases/Atlas Platform/Platform Navigation/Picker/TC_031_Validate_Search_list_Sort_Order(TBD): Test Cases/Atlas Platform/Platform Navigation/Picker/TC_031_Validate_Search_list_Sort_Order(TBD)

2020-02-19 13:02:22 - [TEST_STEP][PASSED] - return null: null

2020-02-19 13:02:22 - [TEST_STEP][PASSED] - Start listener action : sampleAfterTestCase: null

2020-02-19 13:02:22 - [TEST_STEP][PASSED] - println(testCaseContext.getTestCaseId()): null

2020-02-19 13:02:22 - [TEST_STEP][PASSED] - println(testCaseContext.getTestCaseStatus()): null

2020-02-19 13:02:22 - [TEST_STEP][PASSED] - println("On Failure Method is Calling : " + testCaseContext.getTestCaseStatus()): null

2020-02-19 13:02:22 - [TEST_STEP][PASSED] - if (!(getTestCaseStatus().equalsIgnoreCase("PASSED"))): null]]></system-out>
         <system-err><![CDATA[]]></system-err>
      </testcase>
      <testcase name="Test Cases/Atlas Platform/Platform Navigation/Picker/TC_032_Validate_Cancel_Button_On_Search" time="7.67" classname="Test Cases/Atlas Platform/Platform Navigation/Picker/TC_032_Validate_Cancel_Button_On_Search" status="PASSED">
         <system-out><![CDATA[2020-02-19 13:02:24 - [TEST_CASE][PASSED] - Test Cases/Atlas Platform/Platform Navigation/Picker/TC_032_Validate_Cancel_Button_On_Search: Test Cases/Atlas Platform/Platform Navigation/Picker/TC_032_Validate_Cancel_Button_On_Search

2020-02-19 13:02:24 - [TEST_STEP][NOT_RUN] - callTestCase(findTestCase("Atlas Platform/Platform Navigation/Login/LoginWithRootAdmin"), [:], STOP_ON_FAILURE): NOT_RUN: callTestCase(findTestCase("Atlas Platform/Platform Navigation/Login/LoginWithRootAdmin"), [:], STOP_ON_FAILURE)

2020-02-19 13:02:24 - [MESSAGE][NOT_RUN] - NOT_RUN: callTestCase(findTestCase("Atlas Platform/Platform Navigation/Login/LoginWithRootAdmin"), [:], STOP_ON_FAILURE)

2020-02-19 13:02:24 - [TEST_STEP][PASSED] - click(findTestObject("Swicther/swicthermenutext")): Object: 'Object Repository/Swicther/swicthermenutext' is clicked on

2020-02-19 13:02:27 - [MESSAGE][PASSED] - Object: 'Object Repository/Swicther/swicthermenutext' is clicked on

2020-02-19 13:02:27 - [TEST_STEP][PASSED] - click(findTestObject("Swicther/search_in_swicther")): Object: 'Object Repository/Swicther/search_in_swicther' is clicked on

2020-02-19 13:02:28 - [MESSAGE][PASSED] - Object: 'Object Repository/Swicther/search_in_swicther' is clicked on

2020-02-19 13:02:28 - [TEST_STEP][PASSED] - verifyElementText(findTestObject("Swicther/search_cancel_btn"), "Cancel"): Actual text and expected text of test object 'Object Repository/Swicther/search_cancel_btn' are matched.

2020-02-19 13:02:28 - [MESSAGE][PASSED] - Actual text and expected text of test object 'Object Repository/Swicther/search_cancel_btn' are matched.

2020-02-19 13:02:28 - [TEST_STEP][PASSED] - click(findTestObject("Swicther/search_cancel_btn")): Object: 'Object Repository/Swicther/search_cancel_btn' is clicked on

2020-02-19 13:02:29 - [MESSAGE][PASSED] - Object: 'Object Repository/Swicther/search_cancel_btn' is clicked on

2020-02-19 13:02:29 - [TEST_STEP][PASSED] - verifyElementText(findTestObject("Swicther/organization_tab_swicther"), "Organizations"): Actual text and expected text of test object 'Object Repository/Swicther/organization_tab_swicther' are matched.

2020-02-19 13:02:29 - [MESSAGE][PASSED] - Actual text and expected text of test object 'Object Repository/Swicther/organization_tab_swicther' are matched.

2020-02-19 13:02:29 - [TEST_STEP][PASSED] - click(findTestObject("Swicther/closeIcon")): Object: 'Object Repository/Swicther/closeIcon' is clicked on

2020-02-19 13:02:30 - [MESSAGE][PASSED] - Object: 'Object Repository/Swicther/closeIcon' is clicked on

2020-02-19 13:02:30 - [TEST_STEP][PASSED] - Start listener action : sampleAfterTestCase: null

2020-02-19 13:02:30 - [TEST_STEP][PASSED] - println(testCaseContext.getTestCaseId()): null

2020-02-19 13:02:30 - [TEST_STEP][PASSED] - println(testCaseContext.getTestCaseStatus()): null

2020-02-19 13:02:30 - [TEST_STEP][PASSED] - println("On Failure Method is Calling : " + testCaseContext.getTestCaseStatus()): null

2020-02-19 13:02:30 - [TEST_STEP][PASSED] - if (!(getTestCaseStatus().equalsIgnoreCase("PASSED"))): null]]></system-out>
         <system-err><![CDATA[]]></system-err>
      </testcase>
      <testcase name="Test Cases/Atlas Platform/Platform Navigation/Picker/TC_033_Verify_Clear_Icon_Present" time="5.232" classname="Test Cases/Atlas Platform/Platform Navigation/Picker/TC_033_Verify_Clear_Icon_Present" status="PASSED">
         <system-out><![CDATA[2020-02-19 13:02:32 - [TEST_CASE][PASSED] - Test Cases/Atlas Platform/Platform Navigation/Picker/TC_033_Verify_Clear_Icon_Present: Test Cases/Atlas Platform/Platform Navigation/Picker/TC_033_Verify_Clear_Icon_Present

2020-02-19 13:02:32 - [TEST_STEP][NOT_RUN] - callTestCase(findTestCase("Atlas Platform/Platform Navigation/Login/LoginWithRootAdmin"), [:], STOP_ON_FAILURE): NOT_RUN: callTestCase(findTestCase("Atlas Platform/Platform Navigation/Login/LoginWithRootAdmin"), [:], STOP_ON_FAILURE)

2020-02-19 13:02:32 - [MESSAGE][NOT_RUN] - NOT_RUN: callTestCase(findTestCase("Atlas Platform/Platform Navigation/Login/LoginWithRootAdmin"), [:], STOP_ON_FAILURE)

2020-02-19 13:02:32 - [TEST_STEP][PASSED] - click(findTestObject("Swicther/swicthermenutext")): Object: 'Object Repository/Swicther/swicthermenutext' is clicked on

2020-02-19 13:02:33 - [MESSAGE][PASSED] - Object: 'Object Repository/Swicther/swicthermenutext' is clicked on

2020-02-19 13:02:33 - [TEST_STEP][PASSED] - click(findTestObject("Swicther/search_in_swicther")): Object: 'Object Repository/Swicther/search_in_swicther' is clicked on

2020-02-19 13:02:33 - [MESSAGE][PASSED] - Object: 'Object Repository/Swicther/search_in_swicther' is clicked on

2020-02-19 13:02:33 - [TEST_STEP][PASSED] - verifyElementPresent(findTestObject("Swicther/Swicther_Search_Clear_Icon"), 0): Object 'Object Repository/Swicther/Swicther_Search_Clear_Icon' is present

2020-02-19 13:02:33 - [MESSAGE][WARNING] - Timeout '0' is invalid. Using default page load timeout: '230'

2020-02-19 13:02:33 - [MESSAGE][PASSED] - Object 'Object Repository/Swicther/Swicther_Search_Clear_Icon' is present

2020-02-19 13:02:33 - [TEST_STEP][PASSED] - click(findTestObject("Swicther/search_cancel_btn")): Object: 'Object Repository/Swicther/search_cancel_btn' is clicked on

2020-02-19 13:02:34 - [MESSAGE][PASSED] - Object: 'Object Repository/Swicther/search_cancel_btn' is clicked on

2020-02-19 13:02:34 - [TEST_STEP][PASSED] - click(findTestObject("Swicther/closeIcon")): Object: 'Object Repository/Swicther/closeIcon' is clicked on

2020-02-19 13:02:35 - [MESSAGE][PASSED] - Object: 'Object Repository/Swicther/closeIcon' is clicked on

2020-02-19 13:02:35 - [TEST_STEP][PASSED] - Start listener action : sampleAfterTestCase: null

2020-02-19 13:02:35 - [TEST_STEP][PASSED] - println(testCaseContext.getTestCaseId()): null

2020-02-19 13:02:35 - [TEST_STEP][PASSED] - println(testCaseContext.getTestCaseStatus()): null

2020-02-19 13:02:35 - [TEST_STEP][PASSED] - println("On Failure Method is Calling : " + testCaseContext.getTestCaseStatus()): null

2020-02-19 13:02:35 - [TEST_STEP][PASSED] - if (!(getTestCaseStatus().equalsIgnoreCase("PASSED"))): null]]></system-out>
         <system-err><![CDATA[]]></system-err>
      </testcase>
      <testcase name="Test Cases/Atlas Platform/Platform Navigation/Picker/TC_034_Validate_Clear_Opt_On_Search_Box" time="9.475" classname="Test Cases/Atlas Platform/Platform Navigation/Picker/TC_034_Validate_Clear_Opt_On_Search_Box" status="PASSED">
         <system-out><![CDATA[2020-02-19 13:02:37 - [TEST_CASE][PASSED] - Test Cases/Atlas Platform/Platform Navigation/Picker/TC_034_Validate_Clear_Opt_On_Search_Box: Test Cases/Atlas Platform/Platform Navigation/Picker/TC_034_Validate_Clear_Opt_On_Search_Box

2020-02-19 13:02:37 - [TEST_STEP][NOT_RUN] - callTestCase(findTestCase("Atlas Platform/Platform Navigation/Login/LoginWithRootAdmin"), [:], STOP_ON_FAILURE): NOT_RUN: callTestCase(findTestCase("Atlas Platform/Platform Navigation/Login/LoginWithRootAdmin"), [:], STOP_ON_FAILURE)

2020-02-19 13:02:37 - [MESSAGE][NOT_RUN] - NOT_RUN: callTestCase(findTestCase("Atlas Platform/Platform Navigation/Login/LoginWithRootAdmin"), [:], STOP_ON_FAILURE)

2020-02-19 13:02:37 - [TEST_STEP][PASSED] - click(findTestObject("Swicther/swicthermenutext")): Object: 'Object Repository/Swicther/swicthermenutext' is clicked on

2020-02-19 13:02:38 - [MESSAGE][PASSED] - Object: 'Object Repository/Swicther/swicthermenutext' is clicked on

2020-02-19 13:02:38 - [TEST_STEP][PASSED] - click(findTestObject("Swicther/search_in_swicther")): Object: 'Object Repository/Swicther/search_in_swicther' is clicked on

2020-02-19 13:02:38 - [MESSAGE][PASSED] - Object: 'Object Repository/Swicther/search_in_swicther' is clicked on

2020-02-19 13:02:38 - [TEST_STEP][PASSED] - setText(findTestObject("Swicther/Swicher_Search_box"), web.CustomKeyword.randomEmailIDGenerator()): Text 'qckms@yopmail.com' is set on object 'Object Repository/Swicther/Swicher_Search_box'

2020-02-19 13:02:39 - [MESSAGE][PASSED] - web.CustomKeyword.randomEmailIDGenerator is PASSED

2020-02-19 13:02:39 - [MESSAGE][PASSED] - Text 'qckms@yopmail.com' is set on object 'Object Repository/Swicther/Swicher_Search_box'

2020-02-19 13:02:39 - [TEST_STEP][PASSED] - beforClearSearchBox = getAttribute(findTestObject("Swicther/Swicher_Search_box"), "value"): Attribute 'value' of object 'Object Repository/Swicther/Swicher_Search_box' is: 'qckms@yopmail.com'

2020-02-19 13:02:40 - [MESSAGE][PASSED] - Attribute 'value' of object 'Object Repository/Swicther/Swicher_Search_box' is: 'qckms@yopmail.com'

2020-02-19 13:02:40 - [TEST_STEP][PASSED] - click(findTestObject("Swicther/Swicther_Search_Clear_Icon")): Object: 'Object Repository/Swicther/Swicther_Search_Clear_Icon' is clicked on

2020-02-19 13:02:43 - [MESSAGE][PASSED] - Object: 'Object Repository/Swicther/Swicther_Search_Clear_Icon' is clicked on

2020-02-19 13:02:43 - [TEST_STEP][PASSED] - afterClearSearchBox = getAttribute(findTestObject("Swicther/Swicher_Search_box"), "value"): Attribute 'value' of object 'Object Repository/Swicther/Swicher_Search_box' is: ''

2020-02-19 13:02:43 - [MESSAGE][PASSED] - Attribute 'value' of object 'Object Repository/Swicther/Swicher_Search_box' is: ''

2020-02-19 13:02:43 - [TEST_STEP][PASSED] - verifyNotEqual(afterClearSearchBox, beforClearSearchBox): Actual object '' and expected object 'qckms@yopmail.com' are not equal

2020-02-19 13:02:43 - [MESSAGE][PASSED] - Actual object '' and expected object 'qckms@yopmail.com' are not equal

2020-02-19 13:02:43 - [TEST_STEP][PASSED] - click(findTestObject("Swicther/search_cancel_btn")): Object: 'Object Repository/Swicther/search_cancel_btn' is clicked on

2020-02-19 13:02:44 - [MESSAGE][PASSED] - Object: 'Object Repository/Swicther/search_cancel_btn' is clicked on

2020-02-19 13:02:44 - [TEST_STEP][PASSED] - click(findTestObject("Swicther/closeIcon")): Object: 'Object Repository/Swicther/closeIcon' is clicked on

2020-02-19 13:02:44 - [MESSAGE][PASSED] - Object: 'Object Repository/Swicther/closeIcon' is clicked on

2020-02-19 13:02:44 - [TEST_STEP][PASSED] - Start listener action : sampleAfterTestCase: null

2020-02-19 13:02:44 - [TEST_STEP][PASSED] - println(testCaseContext.getTestCaseId()): null

2020-02-19 13:02:44 - [TEST_STEP][PASSED] - println(testCaseContext.getTestCaseStatus()): null

2020-02-19 13:02:44 - [TEST_STEP][PASSED] - println("On Failure Method is Calling : " + testCaseContext.getTestCaseStatus()): null

2020-02-19 13:02:44 - [TEST_STEP][PASSED] - if (!(getTestCaseStatus().equalsIgnoreCase("PASSED"))): null]]></system-out>
         <system-err><![CDATA[]]></system-err>
      </testcase>
      <testcase name="Test Cases/Atlas Platform/Platform Navigation/Picker/TC_099_Close_Common_Browser" time="3.046" classname="Test Cases/Atlas Platform/Platform Navigation/Picker/TC_099_Close_Common_Browser" status="PASSED">
         <system-out><![CDATA[2020-02-19 13:02:46 - [TEST_CASE][PASSED] - Test Cases/Atlas Platform/Platform Navigation/Picker/TC_099_Close_Common_Browser: Test Cases/Atlas Platform/Platform Navigation/Picker/TC_099_Close_Common_Browser

2020-02-19 13:02:47 - [TEST_STEP][PASSED] - closeBrowser(): Browser is closed

2020-02-19 13:02:47 - [MESSAGE][PASSED] - Browser is closed

2020-02-19 13:02:47 - [TEST_STEP][PASSED] - Start listener action : sampleAfterTestCase: null

2020-02-19 13:02:47 - [TEST_STEP][PASSED] - println(testCaseContext.getTestCaseId()): null

2020-02-19 13:02:47 - [TEST_STEP][PASSED] - println(testCaseContext.getTestCaseStatus()): null

2020-02-19 13:02:47 - [TEST_STEP][PASSED] - println("On Failure Method is Calling : " + testCaseContext.getTestCaseStatus()): null

2020-02-19 13:02:47 - [TEST_STEP][PASSED] - if (!(getTestCaseStatus().equalsIgnoreCase("PASSED"))): null]]></system-out>
         <system-err><![CDATA[]]></system-err>
      </testcase>
      <system-out><![CDATA[2020-02-19 12:54:48 - [TEST_SUITE][PASSED] - SwitcherTestSuite: Test Cases/Atlas Platform/Platform Navigation/Picker/TC_099_Close_Common_Browser]]></system-out>
      <system-err><![CDATA[]]></system-err>
   </testsuite>
</testsuites>
