<?xml version="1.0" encoding="UTF-8"?>
<testsuites name="SwitcherTestSuite" time="261.938" tests="36" failures="2" errors="0">
   <testsuite name="SwitcherTestSuite" tests="36" failures="2" errors="0" time="261.938" timestamp="2020-01-08 17:01:13" hostname="Dell - DESKTOP-8FKLJ50" id="Test Suites/SwitcherTestSuite">
      <properties>
         <property name="deviceName" value=""/>
         <property name="devicePlatform" value=""/>
         <property name="logFolder" value="C:\\Users\\Dell\\git\\GSMProject\\Reports\\20200108_170059\\SwitcherTestSuite\\20200108_170059"/>
         <property name="logFiles" value="C:\\Users\\Dell\\git\\GSMProject\\Reports\\20200108_170059\\SwitcherTestSuite\\20200108_170059\\execution0.log"/>
         <property name="attachments" value="C:\\Users\\Dell\\git\\GSMProject\\Reports\\20200108_170059\\SwitcherTestSuite\\20200108_170059\\1578483099388.png, D:\\TestDataForSampleProject\\test1.jpg, C:\\Users\\Dell\\git\\GSMProject\\Reports\\20200108_170059\\SwitcherTestSuite\\20200108_170059/videos\\test_3.avi, D:\\TestDataForSampleProject\\test1.jpg, C:\\Users\\Dell\\git\\GSMProject\\Reports\\20200108_170059\\SwitcherTestSuite\\20200108_170059/videos\\test_11.avi"/>
         <property name="hostName" value="Dell - DESKTOP-8FKLJ50"/>
         <property name="os" value="Windows 10 64bit"/>
         <property name="katalonVersion" value="7.2.1.1"/>
         <property name="browser" value="Chrome 79.0.3945.88"/>
         <property name="hostAddress" value="10.0.75.1"/>
         <property name="sessionId" value="66210d3d78a21f2c913708b6bda0164a"/>
         <property name="seleniumVersion" value="3.141.59"/>
         <property name="proxyInformation" value="ProxyInformation{proxyOption=NO_PROXY, proxyServerType=HTTP, password=, proxyServerAddress=, proxyServerPort=0, executionList=}"/>
         <property name="platform" value="Windows 10"/>
      </properties>
      <testcase name="Test Cases/Atlas Platform/OnBoard/Swicther/TC_000_Common_Browser_WithLogin" time="19.101" classname="Test Cases/Atlas Platform/OnBoard/Swicther/TC_000_Common_Browser_WithLogin" status="PASSED">
         <system-out><![CDATA[2020-01-08 17:01:13 - [TEST_CASE][PASSED] - Test Cases/Atlas Platform/OnBoard/Swicther/TC_000_Common_Browser_WithLogin: Test Cases/Atlas Platform/OnBoard/Swicther/TC_000_Common_Browser_WithLogin

2020-01-08 17:01:14 - [TEST_STEP][PASSED] - callTestCase(findTestCase("Atlas Platform/OnBoard/Login/LoginWithRootAdmin"), [:], STOP_ON_FAILURE): Call Test Case 'Test Cases/Atlas Platform/OnBoard/Login/LoginWithRootAdmin' successfully

2020-01-08 17:01:15 - [TEST_CASE][PASSED] - Test Cases/Atlas Platform/OnBoard/Login/LoginWithRootAdmin: Test Cases/Atlas Platform/OnBoard/Login/LoginWithRootAdmin

2020-01-08 17:01:15 - [TEST_STEP][PASSED] - openBrowser(""): Browser is opened with url: ''

2020-01-08 17:01:16 - [MESSAGE][INFO] - Starting 'Chrome' driver

2020-01-08 17:01:16 - [MESSAGE][INFO] - Action delay is set to 0 seconds

2020-01-08 17:01:24 - [MESSAGE][PASSED] - Browser is opened with url: ''

2020-01-08 17:01:24 - [TEST_STEP][PASSED] - navigateToUrl("http://dqfn4clx0bazt.cloudfront.net/"): Navigate to 'http://dqfn4clx0bazt.cloudfront.net/' successfully

2020-01-08 17:01:27 - [MESSAGE][PASSED] - Navigate to 'http://dqfn4clx0bazt.cloudfront.net/' successfully

2020-01-08 17:01:27 - [TEST_STEP][PASSED] - setText(findTestObject("Object Repository/LoginPage/loginpageemailtxtbox"), "jayakumar@totient.co.in"): Text 'jayakumar@totient.co.in' is set on object 'Object Repository/LoginPage/loginpageemailtxtbox'

2020-01-08 17:01:29 - [MESSAGE][PASSED] - Text 'jayakumar@totient.co.in' is set on object 'Object Repository/LoginPage/loginpageemailtxtbox'

2020-01-08 17:01:29 - [TEST_STEP][PASSED] - setEncryptedText(findTestObject("Object Repository/LoginPage/loginpaepasswordtxtbox"), "dY75oODjl60xa8W7XdEt7g=="): Text ****** has been set on object 'Object Repository/LoginPage/loginpaepasswordtxtbox'

2020-01-08 17:01:29 - [MESSAGE][PASSED] - Text ****** has been set on object 'Object Repository/LoginPage/loginpaepasswordtxtbox'

2020-01-08 17:01:29 - [TEST_STEP][PASSED] - click(findTestObject("LoginPage/loginpageloginbtn")): Object: 'Object Repository/LoginPage/loginpageloginbtn' is clicked on

2020-01-08 17:01:30 - [MESSAGE][PASSED] - Object: 'Object Repository/LoginPage/loginpageloginbtn' is clicked on

2020-01-08 17:01:30 - [MESSAGE][PASSED] - Call Test Case 'Test Cases/Atlas Platform/OnBoard/Login/LoginWithRootAdmin' successfully

2020-01-08 17:01:30 - [TEST_STEP][PASSED] - Start listener action : sampleAfterTestCase: null

2020-01-08 17:01:30 - [TEST_STEP][PASSED] - println(testCaseContext.getTestCaseId()): null

2020-01-08 17:01:30 - [TEST_STEP][PASSED] - println(testCaseContext.getTestCaseStatus()): null

2020-01-08 17:01:30 - [TEST_STEP][PASSED] - println("On Failure Method is Calling : " + testCaseContext.getTestCaseStatus()): null

2020-01-08 17:01:30 - [TEST_STEP][PASSED] - if (!(getTestCaseStatus().equalsIgnoreCase("PASSED"))): null]]></system-out>
         <system-err><![CDATA[]]></system-err>
      </testcase>
      <testcase name="Test Cases/Atlas Platform/OnBoard/Swicther/TC_001_SwictherTextValidation" time="3.795" classname="Test Cases/Atlas Platform/OnBoard/Swicther/TC_001_SwictherTextValidation" status="PASSED">
         <system-out><![CDATA[2020-01-08 17:01:32 - [TEST_CASE][PASSED] - Test Cases/Atlas Platform/OnBoard/Swicther/TC_001_SwictherTextValidation: Test Cases/Atlas Platform/OnBoard/Swicther/TC_001_SwictherTextValidation

2020-01-08 17:01:33 - [TEST_STEP][NOT_RUN] - callTestCase(findTestCase("Atlas Platform/OnBoard/Login/LoginWithRootAdmin"), [:], STOP_ON_FAILURE): NOT_RUN: callTestCase(findTestCase("Atlas Platform/OnBoard/Login/LoginWithRootAdmin"), [:], STOP_ON_FAILURE)

2020-01-08 17:01:33 - [MESSAGE][NOT_RUN] - NOT_RUN: callTestCase(findTestCase("Atlas Platform/OnBoard/Login/LoginWithRootAdmin"), [:], STOP_ON_FAILURE)

2020-01-08 17:01:33 - [TEST_STEP][PASSED] - verifyElementPresent(findTestObject("Swicther/swicthermenutext"), 0): Object 'Object Repository/Swicther/swicthermenutext' is present

2020-01-08 17:01:33 - [MESSAGE][WARNING] - Timeout '0' is invalid. Using default page load timeout: '230'

2020-01-08 17:01:33 - [MESSAGE][PASSED] - Object 'Object Repository/Swicther/swicthermenutext' is present

2020-01-08 17:01:33 - [TEST_STEP][PASSED] - verifyEqual(getCSSValue(findTestObject("Swicther/swicthermenutext"), "margin-right"), "6px"): Actual object '6px' and expected object '6px' are equal

2020-01-08 17:01:34 - [MESSAGE][PASSED] - Get CSS 'margin-right' value on 'Object Repository/Swicther/swicthermenutext' successfully: '6px'.

2020-01-08 17:01:34 - [MESSAGE][PASSED] - Actual object '6px' and expected object '6px' are equal

2020-01-08 17:01:34 - [TEST_STEP][PASSED] - verifyEqual(getCSSValue(findTestObject("Swicther/swicthermenutext"), "font-size"), "12px"): Actual object '12px' and expected object '12px' are equal

2020-01-08 17:01:34 - [MESSAGE][PASSED] - Get CSS 'font-size' value on 'Object Repository/Swicther/swicthermenutext' successfully: '12px'.

2020-01-08 17:01:34 - [MESSAGE][PASSED] - Actual object '12px' and expected object '12px' are equal

2020-01-08 17:01:34 - [TEST_STEP][PASSED] - Start listener action : sampleAfterTestCase: null

2020-01-08 17:01:34 - [TEST_STEP][PASSED] - println(testCaseContext.getTestCaseId()): null

2020-01-08 17:01:34 - [TEST_STEP][PASSED] - println(testCaseContext.getTestCaseStatus()): null

2020-01-08 17:01:34 - [TEST_STEP][PASSED] - println("On Failure Method is Calling : " + testCaseContext.getTestCaseStatus()): null

2020-01-08 17:01:34 - [TEST_STEP][PASSED] - if (!(getTestCaseStatus().equalsIgnoreCase("PASSED"))): null]]></system-out>
         <system-err><![CDATA[]]></system-err>
      </testcase>
      <testcase name="Test Cases/Atlas Platform/OnBoard/Swicther/TC_002_ChecksSwictherMenuAttributes" time="7.561" classname="Test Cases/Atlas Platform/OnBoard/Swicther/TC_002_ChecksSwictherMenuAttributes" status="FAILED">
         <failure type="FAILED" message="Test Cases/Atlas Platform/OnBoard/Swicther/TC_002_ChecksSwictherMenuAttributes FAILED.
Reason:
com.kms.katalon.core.exception.StepFailedException: Actual text 'favorites' and expected text 'Favorites' of test object 'Object Repository/Swicther/favorites_tabs_swicther' are NOT matched. (Root cause: com.kms.katalon.core.exception.StepFailedException: Actual text 'favorites' and expected text 'Favorites' of test object 'Object Repository/Swicther/favorites_tabs_swicther' are NOT matched.
	at com.kms.katalon.core.webui.keyword.internal.WebUIKeywordMain.stepFailed(WebUIKeywordMain.groovy:64)
	at com.kms.katalon.core.webui.keyword.builtin.VerifyElementTextKeyword$_verifyElementText_closure1.doCall(VerifyElementTextKeyword.groovy:57)
	at com.kms.katalon.core.webui.keyword.builtin.VerifyElementTextKeyword$_verifyElementText_closure1.call(VerifyElementTextKeyword.groovy)
	at com.kms.katalon.core.webui.keyword.internal.WebUIKeywordMain.runKeyword(WebUIKeywordMain.groovy:20)
	at com.kms.katalon.core.webui.keyword.builtin.VerifyElementTextKeyword.verifyElementText(VerifyElementTextKeyword.groovy:72)
	at com.kms.katalon.core.webui.keyword.builtin.VerifyElementTextKeyword.execute(VerifyElementTextKeyword.groovy:40)
	at com.kms.katalon.core.keyword.internal.KeywordExecutor.executeKeywordForPlatform(KeywordExecutor.groovy:72)
	at com.kms.katalon.core.webui.keyword.WebUiBuiltInKeywords.verifyElementText(WebUiBuiltInKeywords.groovy:3663)
	at com.kms.katalon.core.webui.keyword.WebUiBuiltInKeywords$verifyElementText$6.call(Unknown Source)
	at TC_002_ChecksSwictherMenuAttributes.run(TC_002_ChecksSwictherMenuAttributes:28)
	at com.kms.katalon.core.main.ScriptEngine.run(ScriptEngine.java:194)
	at com.kms.katalon.core.main.ScriptEngine.runScriptAsRawText(ScriptEngine.java:119)
	at com.kms.katalon.core.main.TestCaseExecutor.runScript(TestCaseExecutor.java:337)
	at com.kms.katalon.core.main.TestCaseExecutor.doExecute(TestCaseExecutor.java:328)
	at com.kms.katalon.core.main.TestCaseExecutor.processExecutionPhase(TestCaseExecutor.java:307)
	at com.kms.katalon.core.main.TestCaseExecutor.accessMainPhase(TestCaseExecutor.java:299)
	at com.kms.katalon.core.main.TestCaseExecutor.execute(TestCaseExecutor.java:233)
	at com.kms.katalon.core.main.TestSuiteExecutor.accessTestCaseMainPhase(TestSuiteExecutor.java:169)
	at com.kms.katalon.core.main.TestSuiteExecutor.accessTestSuiteMainPhase(TestSuiteExecutor.java:142)
	at com.kms.katalon.core.main.TestSuiteExecutor.execute(TestSuiteExecutor.java:91)
	at com.kms.katalon.core.main.TestCaseMain.startTestSuite(TestCaseMain.java:157)
	at com.kms.katalon.core.main.TestCaseMain$startTestSuite$0.call(Unknown Source)
	at TempTestSuite1578483063719.run(TempTestSuite1578483063719.groovy:36)
)
	at com.kms.katalon.core.keyword.internal.KeywordMain.stepFailed(KeywordMain.groovy:39)
	at com.kms.katalon.core.webui.keyword.internal.WebUIKeywordMain.stepFailed(WebUIKeywordMain.groovy:64)
	at com.kms.katalon.core.webui.keyword.builtin.VerifyElementTextKeyword$_verifyElementText_closure1.doCall(VerifyElementTextKeyword.groovy:57)
	at com.kms.katalon.core.webui.keyword.builtin.VerifyElementTextKeyword$_verifyElementText_closure1.call(VerifyElementTextKeyword.groovy)
	at com.kms.katalon.core.webui.keyword.internal.WebUIKeywordMain.runKeyword(WebUIKeywordMain.groovy:20)
	at com.kms.katalon.core.webui.keyword.builtin.VerifyElementTextKeyword.verifyElementText(VerifyElementTextKeyword.groovy:72)
	at com.kms.katalon.core.webui.keyword.builtin.VerifyElementTextKeyword.execute(VerifyElementTextKeyword.groovy:40)
	at com.kms.katalon.core.keyword.internal.KeywordExecutor.executeKeywordForPlatform(KeywordExecutor.groovy:72)
	at com.kms.katalon.core.webui.keyword.WebUiBuiltInKeywords.verifyElementText(WebUiBuiltInKeywords.groovy:3663)
	at com.kms.katalon.core.webui.keyword.WebUiBuiltInKeywords$verifyElementText$6.call(Unknown Source)
	at TC_002_ChecksSwictherMenuAttributes.run(TC_002_ChecksSwictherMenuAttributes:28)
	at com.kms.katalon.core.main.ScriptEngine.run(ScriptEngine.java:194)
	at com.kms.katalon.core.main.ScriptEngine.runScriptAsRawText(ScriptEngine.java:119)
	at com.kms.katalon.core.main.TestCaseExecutor.runScript(TestCaseExecutor.java:337)
	at com.kms.katalon.core.main.TestCaseExecutor.doExecute(TestCaseExecutor.java:328)
	at com.kms.katalon.core.main.TestCaseExecutor.processExecutionPhase(TestCaseExecutor.java:307)
	at com.kms.katalon.core.main.TestCaseExecutor.accessMainPhase(TestCaseExecutor.java:299)
	at com.kms.katalon.core.main.TestCaseExecutor.execute(TestCaseExecutor.java:233)
	at com.kms.katalon.core.main.TestSuiteExecutor.accessTestCaseMainPhase(TestSuiteExecutor.java:169)
	at com.kms.katalon.core.main.TestSuiteExecutor.accessTestSuiteMainPhase(TestSuiteExecutor.java:142)
	at com.kms.katalon.core.main.TestSuiteExecutor.execute(TestSuiteExecutor.java:91)
	at com.kms.katalon.core.main.TestCaseMain.startTestSuite(TestCaseMain.java:157)
	at com.kms.katalon.core.main.TestCaseMain$startTestSuite$0.call(Unknown Source)
	at TempTestSuite1578483063719.run(TempTestSuite1578483063719.groovy:36)
Caused by: com.kms.katalon.core.exception.StepFailedException: Actual text 'favorites' and expected text 'Favorites' of test object 'Object Repository/Swicther/favorites_tabs_swicther' are NOT matched.
	... 23 more
"/>
         <system-out><![CDATA[2020-01-08 17:01:36 - [TEST_CASE][FAILED] - Test Cases/Atlas Platform/OnBoard/Swicther/TC_002_ChecksSwictherMenuAttributes: Test Cases/Atlas Platform/OnBoard/Swicther/TC_002_ChecksSwictherMenuAttributes FAILED.
Reason:
com.kms.katalon.core.exception.StepFailedException: Actual text 'favorites' and expected text 'Favorites' of test object 'Object Repository/Swicther/favorites_tabs_swicther' are NOT matched. (Root cause: com.kms.katalon.core.exception.StepFailedException: Actual text 'favorites' and expected text 'Favorites' of test object 'Object Repository/Swicther/favorites_tabs_swicther' are NOT matched.
	at com.kms.katalon.core.webui.keyword.internal.WebUIKeywordMain.stepFailed(WebUIKeywordMain.groovy:64)
	at com.kms.katalon.core.webui.keyword.builtin.VerifyElementTextKeyword$_verifyElementText_closure1.doCall(VerifyElementTextKeyword.groovy:57)
	at com.kms.katalon.core.webui.keyword.builtin.VerifyElementTextKeyword$_verifyElementText_closure1.call(VerifyElementTextKeyword.groovy)
	at com.kms.katalon.core.webui.keyword.internal.WebUIKeywordMain.runKeyword(WebUIKeywordMain.groovy:20)
	at com.kms.katalon.core.webui.keyword.builtin.VerifyElementTextKeyword.verifyElementText(VerifyElementTextKeyword.groovy:72)
	at com.kms.katalon.core.webui.keyword.builtin.VerifyElementTextKeyword.execute(VerifyElementTextKeyword.groovy:40)
	at com.kms.katalon.core.keyword.internal.KeywordExecutor.executeKeywordForPlatform(KeywordExecutor.groovy:72)
	at com.kms.katalon.core.webui.keyword.WebUiBuiltInKeywords.verifyElementText(WebUiBuiltInKeywords.groovy:3663)
	at com.kms.katalon.core.webui.keyword.WebUiBuiltInKeywords$verifyElementText$6.call(Unknown Source)
	at TC_002_ChecksSwictherMenuAttributes.run(TC_002_ChecksSwictherMenuAttributes:28)
	at com.kms.katalon.core.main.ScriptEngine.run(ScriptEngine.java:194)
	at com.kms.katalon.core.main.ScriptEngine.runScriptAsRawText(ScriptEngine.java:119)
	at com.kms.katalon.core.main.TestCaseExecutor.runScript(TestCaseExecutor.java:337)
	at com.kms.katalon.core.main.TestCaseExecutor.doExecute(TestCaseExecutor.java:328)
	at com.kms.katalon.core.main.TestCaseExecutor.processExecutionPhase(TestCaseExecutor.java:307)
	at com.kms.katalon.core.main.TestCaseExecutor.accessMainPhase(TestCaseExecutor.java:299)
	at com.kms.katalon.core.main.TestCaseExecutor.execute(TestCaseExecutor.java:233)
	at com.kms.katalon.core.main.TestSuiteExecutor.accessTestCaseMainPhase(TestSuiteExecutor.java:169)
	at com.kms.katalon.core.main.TestSuiteExecutor.accessTestSuiteMainPhase(TestSuiteExecutor.java:142)
	at com.kms.katalon.core.main.TestSuiteExecutor.execute(TestSuiteExecutor.java:91)
	at com.kms.katalon.core.main.TestCaseMain.startTestSuite(TestCaseMain.java:157)
	at com.kms.katalon.core.main.TestCaseMain$startTestSuite$0.call(Unknown Source)
	at TempTestSuite1578483063719.run(TempTestSuite1578483063719.groovy:36)
)
	at com.kms.katalon.core.keyword.internal.KeywordMain.stepFailed(KeywordMain.groovy:39)
	at com.kms.katalon.core.webui.keyword.internal.WebUIKeywordMain.stepFailed(WebUIKeywordMain.groovy:64)
	at com.kms.katalon.core.webui.keyword.builtin.VerifyElementTextKeyword$_verifyElementText_closure1.doCall(VerifyElementTextKeyword.groovy:57)
	at com.kms.katalon.core.webui.keyword.builtin.VerifyElementTextKeyword$_verifyElementText_closure1.call(VerifyElementTextKeyword.groovy)
	at com.kms.katalon.core.webui.keyword.internal.WebUIKeywordMain.runKeyword(WebUIKeywordMain.groovy:20)
	at com.kms.katalon.core.webui.keyword.builtin.VerifyElementTextKeyword.verifyElementText(VerifyElementTextKeyword.groovy:72)
	at com.kms.katalon.core.webui.keyword.builtin.VerifyElementTextKeyword.execute(VerifyElementTextKeyword.groovy:40)
	at com.kms.katalon.core.keyword.internal.KeywordExecutor.executeKeywordForPlatform(KeywordExecutor.groovy:72)
	at com.kms.katalon.core.webui.keyword.WebUiBuiltInKeywords.verifyElementText(WebUiBuiltInKeywords.groovy:3663)
	at com.kms.katalon.core.webui.keyword.WebUiBuiltInKeywords$verifyElementText$6.call(Unknown Source)
	at TC_002_ChecksSwictherMenuAttributes.run(TC_002_ChecksSwictherMenuAttributes:28)
	at com.kms.katalon.core.main.ScriptEngine.run(ScriptEngine.java:194)
	at com.kms.katalon.core.main.ScriptEngine.runScriptAsRawText(ScriptEngine.java:119)
	at com.kms.katalon.core.main.TestCaseExecutor.runScript(TestCaseExecutor.java:337)
	at com.kms.katalon.core.main.TestCaseExecutor.doExecute(TestCaseExecutor.java:328)
	at com.kms.katalon.core.main.TestCaseExecutor.processExecutionPhase(TestCaseExecutor.java:307)
	at com.kms.katalon.core.main.TestCaseExecutor.accessMainPhase(TestCaseExecutor.java:299)
	at com.kms.katalon.core.main.TestCaseExecutor.execute(TestCaseExecutor.java:233)
	at com.kms.katalon.core.main.TestSuiteExecutor.accessTestCaseMainPhase(TestSuiteExecutor.java:169)
	at com.kms.katalon.core.main.TestSuiteExecutor.accessTestSuiteMainPhase(TestSuiteExecutor.java:142)
	at com.kms.katalon.core.main.TestSuiteExecutor.execute(TestSuiteExecutor.java:91)
	at com.kms.katalon.core.main.TestCaseMain.startTestSuite(TestCaseMain.java:157)
	at com.kms.katalon.core.main.TestCaseMain$startTestSuite$0.call(Unknown Source)
	at TempTestSuite1578483063719.run(TempTestSuite1578483063719.groovy:36)
Caused by: com.kms.katalon.core.exception.StepFailedException: Actual text 'favorites' and expected text 'Favorites' of test object 'Object Repository/Swicther/favorites_tabs_swicther' are NOT matched.
	... 23 more


2020-01-08 17:01:36 - [TEST_STEP][NOT_RUN] - callTestCase(findTestCase("Atlas Platform/OnBoard/Login/LoginWithRootAdmin"), [:], STOP_ON_FAILURE): NOT_RUN: callTestCase(findTestCase("Atlas Platform/OnBoard/Login/LoginWithRootAdmin"), [:], STOP_ON_FAILURE)

2020-01-08 17:01:36 - [MESSAGE][NOT_RUN] - NOT_RUN: callTestCase(findTestCase("Atlas Platform/OnBoard/Login/LoginWithRootAdmin"), [:], STOP_ON_FAILURE)

2020-01-08 17:01:36 - [TEST_STEP][PASSED] - click(findTestObject("Swicther/swicthermenutext")): Object: 'Object Repository/Swicther/swicthermenutext' is clicked on

2020-01-08 17:01:37 - [MESSAGE][PASSED] - Object: 'Object Repository/Swicther/swicthermenutext' is clicked on

2020-01-08 17:01:37 - [TEST_STEP][PASSED] - verifyElementText(findTestObject("Swicther/root_tab_swicther"), "Root"): Actual text and expected text of test object 'Object Repository/Swicther/root_tab_swicther' are matched.

2020-01-08 17:01:38 - [MESSAGE][PASSED] - Actual text and expected text of test object 'Object Repository/Swicther/root_tab_swicther' are matched.

2020-01-08 17:01:38 - [TEST_STEP][PASSED] - verifyElementText(findTestObject("Swicther/accounts_tab_swicther"), "Accounts"): Actual text and expected text of test object 'Object Repository/Swicther/accounts_tab_swicther' are matched.

2020-01-08 17:01:38 - [MESSAGE][PASSED] - Actual text and expected text of test object 'Object Repository/Swicther/accounts_tab_swicther' are matched.

2020-01-08 17:01:38 - [TEST_STEP][PASSED] - verifyElementText(findTestObject("Swicther/organization_tab_swicther"), "Organizations"): Actual text and expected text of test object 'Object Repository/Swicther/organization_tab_swicther' are matched.

2020-01-08 17:01:38 - [MESSAGE][PASSED] - Actual text and expected text of test object 'Object Repository/Swicther/organization_tab_swicther' are matched.

2020-01-08 17:01:38 - [TEST_STEP][FAILED] - verifyElementText(findTestObject("Swicther/favorites_tabs_swicther"), "Favorites"): Actual text 'favorites' and expected text 'Favorites' of test object 'Object Repository/Swicther/favorites_tabs_swicther' are NOT matched. (Root cause: com.kms.katalon.core.exception.StepFailedException: Actual text 'favorites' and expected text 'Favorites' of test object 'Object Repository/Swicther/favorites_tabs_swicther' are NOT matched.
	at com.kms.katalon.core.webui.keyword.internal.WebUIKeywordMain.stepFailed(WebUIKeywordMain.groovy:64)
	at com.kms.katalon.core.webui.keyword.builtin.VerifyElementTextKeyword$_verifyElementText_closure1.doCall(VerifyElementTextKeyword.groovy:57)
	at com.kms.katalon.core.webui.keyword.builtin.VerifyElementTextKeyword$_verifyElementText_closure1.call(VerifyElementTextKeyword.groovy)
	at com.kms.katalon.core.webui.keyword.internal.WebUIKeywordMain.runKeyword(WebUIKeywordMain.groovy:20)
	at com.kms.katalon.core.webui.keyword.builtin.VerifyElementTextKeyword.verifyElementText(VerifyElementTextKeyword.groovy:72)
	at com.kms.katalon.core.webui.keyword.builtin.VerifyElementTextKeyword.execute(VerifyElementTextKeyword.groovy:40)
	at com.kms.katalon.core.keyword.internal.KeywordExecutor.executeKeywordForPlatform(KeywordExecutor.groovy:72)
	at com.kms.katalon.core.webui.keyword.WebUiBuiltInKeywords.verifyElementText(WebUiBuiltInKeywords.groovy:3663)
	at com.kms.katalon.core.webui.keyword.WebUiBuiltInKeywords$verifyElementText$6.call(Unknown Source)
	at TC_002_ChecksSwictherMenuAttributes.run(TC_002_ChecksSwictherMenuAttributes:28)
	at com.kms.katalon.core.main.ScriptEngine.run(ScriptEngine.java:194)
	at com.kms.katalon.core.main.ScriptEngine.runScriptAsRawText(ScriptEngine.java:119)
	at com.kms.katalon.core.main.TestCaseExecutor.runScript(TestCaseExecutor.java:337)
	at com.kms.katalon.core.main.TestCaseExecutor.doExecute(TestCaseExecutor.java:328)
	at com.kms.katalon.core.main.TestCaseExecutor.processExecutionPhase(TestCaseExecutor.java:307)
	at com.kms.katalon.core.main.TestCaseExecutor.accessMainPhase(TestCaseExecutor.java:299)
	at com.kms.katalon.core.main.TestCaseExecutor.execute(TestCaseExecutor.java:233)
	at com.kms.katalon.core.main.TestSuiteExecutor.accessTestCaseMainPhase(TestSuiteExecutor.java:169)
	at com.kms.katalon.core.main.TestSuiteExecutor.accessTestSuiteMainPhase(TestSuiteExecutor.java:142)
	at com.kms.katalon.core.main.TestSuiteExecutor.execute(TestSuiteExecutor.java:91)
	at com.kms.katalon.core.main.TestCaseMain.startTestSuite(TestCaseMain.java:157)
	at com.kms.katalon.core.main.TestCaseMain$startTestSuite$0.call(Unknown Source)
	at TempTestSuite1578483063719.run(TempTestSuite1578483063719.groovy:36)
)

2020-01-08 17:01:39 - [MESSAGE][FAILED] - Actual text 'favorites' and expected text 'Favorites' of test object 'Object Repository/Swicther/favorites_tabs_swicther' are NOT matched. (Root cause: com.kms.katalon.core.exception.StepFailedException: Actual text 'favorites' and expected text 'Favorites' of test object 'Object Repository/Swicther/favorites_tabs_swicther' are NOT matched.
	at com.kms.katalon.core.webui.keyword.internal.WebUIKeywordMain.stepFailed(WebUIKeywordMain.groovy:64)
	at com.kms.katalon.core.webui.keyword.builtin.VerifyElementTextKeyword$_verifyElementText_closure1.doCall(VerifyElementTextKeyword.groovy:57)
	at com.kms.katalon.core.webui.keyword.builtin.VerifyElementTextKeyword$_verifyElementText_closure1.call(VerifyElementTextKeyword.groovy)
	at com.kms.katalon.core.webui.keyword.internal.WebUIKeywordMain.runKeyword(WebUIKeywordMain.groovy:20)
	at com.kms.katalon.core.webui.keyword.builtin.VerifyElementTextKeyword.verifyElementText(VerifyElementTextKeyword.groovy:72)
	at com.kms.katalon.core.webui.keyword.builtin.VerifyElementTextKeyword.execute(VerifyElementTextKeyword.groovy:40)
	at com.kms.katalon.core.keyword.internal.KeywordExecutor.executeKeywordForPlatform(KeywordExecutor.groovy:72)
	at com.kms.katalon.core.webui.keyword.WebUiBuiltInKeywords.verifyElementText(WebUiBuiltInKeywords.groovy:3663)
	at com.kms.katalon.core.webui.keyword.WebUiBuiltInKeywords$verifyElementText$6.call(Unknown Source)
	at TC_002_ChecksSwictherMenuAttributes.run(TC_002_ChecksSwictherMenuAttributes:28)
	at com.kms.katalon.core.main.ScriptEngine.run(ScriptEngine.java:194)
	at com.kms.katalon.core.main.ScriptEngine.runScriptAsRawText(ScriptEngine.java:119)
	at com.kms.katalon.core.main.TestCaseExecutor.runScript(TestCaseExecutor.java:337)
	at com.kms.katalon.core.main.TestCaseExecutor.doExecute(TestCaseExecutor.java:328)
	at com.kms.katalon.core.main.TestCaseExecutor.processExecutionPhase(TestCaseExecutor.java:307)
	at com.kms.katalon.core.main.TestCaseExecutor.accessMainPhase(TestCaseExecutor.java:299)
	at com.kms.katalon.core.main.TestCaseExecutor.execute(TestCaseExecutor.java:233)
	at com.kms.katalon.core.main.TestSuiteExecutor.accessTestCaseMainPhase(TestSuiteExecutor.java:169)
	at com.kms.katalon.core.main.TestSuiteExecutor.accessTestSuiteMainPhase(TestSuiteExecutor.java:142)
	at com.kms.katalon.core.main.TestSuiteExecutor.execute(TestSuiteExecutor.java:91)
	at com.kms.katalon.core.main.TestCaseMain.startTestSuite(TestCaseMain.java:157)
	at com.kms.katalon.core.main.TestCaseMain$startTestSuite$0.call(Unknown Source)
	at TempTestSuite1578483063719.run(TempTestSuite1578483063719.groovy:36)
)
[[ATTACHMENT|C:\\Users\\Dell\\git\\GSMProject\\Reports\\20200108_170059\\SwitcherTestSuite\\20200108_170059\\1578483099388.png]]

2020-01-08 17:01:39 - [TEST_STEP][PASSED] - verifyElementInViewport(findTestObject("Swicther/search_in_swicther"), 0): Object 'Object Repository/Swicther/search_in_swicther' is present and visible in viewport

2020-01-08 17:01:40 - [MESSAGE][WARNING] - Timeout '0' is invalid. Using default page load timeout: '230'

2020-01-08 17:01:40 - [MESSAGE][PASSED] - Object 'Object Repository/Swicther/search_in_swicther' is present and visible in viewport

2020-01-08 17:01:40 - [TEST_STEP][PASSED] - verifyElementInViewport(findTestObject("Swicther/closeIcon"), 0): Object 'Object Repository/Swicther/closeIcon' is present and visible in viewport

2020-01-08 17:01:40 - [MESSAGE][WARNING] - Timeout '0' is invalid. Using default page load timeout: '230'

2020-01-08 17:01:40 - [MESSAGE][PASSED] - Object 'Object Repository/Swicther/closeIcon' is present and visible in viewport

2020-01-08 17:01:40 - [TEST_STEP][PASSED] - click(findTestObject("Swicther/closeIcon")): Object: 'Object Repository/Swicther/closeIcon' is clicked on

2020-01-08 17:01:41 - [MESSAGE][PASSED] - Object: 'Object Repository/Swicther/closeIcon' is clicked on

2020-01-08 17:01:41 - [TEST_STEP][PASSED] - Start listener action : sampleAfterTestCase: Taking screenshot successfully

2020-01-08 17:01:41 - [TEST_STEP][PASSED] - println(testCaseContext.getTestCaseId()): null

2020-01-08 17:01:41 - [TEST_STEP][PASSED] - println(testCaseContext.getTestCaseStatus()): null

2020-01-08 17:01:41 - [TEST_STEP][PASSED] - println("On Failure Method is Calling : " + testCaseContext.getTestCaseStatus()): null

2020-01-08 17:01:41 - [TEST_STEP][PASSED] - if (!(getTestCaseStatus().equalsIgnoreCase("PASSED"))): Taking screenshot successfully

2020-01-08 17:01:42 - [MESSAGE][PASSED] - Taking screenshot successfully
[[ATTACHMENT|D:\\TestDataForSampleProject\\test1.jpg]]

2020-01-08 17:01:44 - [TEST_STEP][PASSED] - Video: Video recording for test case 'Test Cases/Atlas Platform/OnBoard/Swicther/TC_002_ChecksSwictherMenuAttributes' .

2020-01-08 17:01:44 - [MESSAGE][INFO] - Video recording for test case 'Test Cases/Atlas Platform/OnBoard/Swicther/TC_002_ChecksSwictherMenuAttributes' .
[[ATTACHMENT|C:\\Users\\Dell\\git\\GSMProject\\Reports\\20200108_170059\\SwitcherTestSuite\\20200108_170059/videos\\test_3.avi]]]]></system-out>
         <system-err><![CDATA[2020-01-08 17:01:36 - [TEST_CASE][FAILED] - Test Cases/Atlas Platform/OnBoard/Swicther/TC_002_ChecksSwictherMenuAttributes: Test Cases/Atlas Platform/OnBoard/Swicther/TC_002_ChecksSwictherMenuAttributes FAILED.
Reason:
com.kms.katalon.core.exception.StepFailedException: Actual text 'favorites' and expected text 'Favorites' of test object 'Object Repository/Swicther/favorites_tabs_swicther' are NOT matched. (Root cause: com.kms.katalon.core.exception.StepFailedException: Actual text 'favorites' and expected text 'Favorites' of test object 'Object Repository/Swicther/favorites_tabs_swicther' are NOT matched.
	at com.kms.katalon.core.webui.keyword.internal.WebUIKeywordMain.stepFailed(WebUIKeywordMain.groovy:64)
	at com.kms.katalon.core.webui.keyword.builtin.VerifyElementTextKeyword$_verifyElementText_closure1.doCall(VerifyElementTextKeyword.groovy:57)
	at com.kms.katalon.core.webui.keyword.builtin.VerifyElementTextKeyword$_verifyElementText_closure1.call(VerifyElementTextKeyword.groovy)
	at com.kms.katalon.core.webui.keyword.internal.WebUIKeywordMain.runKeyword(WebUIKeywordMain.groovy:20)
	at com.kms.katalon.core.webui.keyword.builtin.VerifyElementTextKeyword.verifyElementText(VerifyElementTextKeyword.groovy:72)
	at com.kms.katalon.core.webui.keyword.builtin.VerifyElementTextKeyword.execute(VerifyElementTextKeyword.groovy:40)
	at com.kms.katalon.core.keyword.internal.KeywordExecutor.executeKeywordForPlatform(KeywordExecutor.groovy:72)
	at com.kms.katalon.core.webui.keyword.WebUiBuiltInKeywords.verifyElementText(WebUiBuiltInKeywords.groovy:3663)
	at com.kms.katalon.core.webui.keyword.WebUiBuiltInKeywords$verifyElementText$6.call(Unknown Source)
	at TC_002_ChecksSwictherMenuAttributes.run(TC_002_ChecksSwictherMenuAttributes:28)
	at com.kms.katalon.core.main.ScriptEngine.run(ScriptEngine.java:194)
	at com.kms.katalon.core.main.ScriptEngine.runScriptAsRawText(ScriptEngine.java:119)
	at com.kms.katalon.core.main.TestCaseExecutor.runScript(TestCaseExecutor.java:337)
	at com.kms.katalon.core.main.TestCaseExecutor.doExecute(TestCaseExecutor.java:328)
	at com.kms.katalon.core.main.TestCaseExecutor.processExecutionPhase(TestCaseExecutor.java:307)
	at com.kms.katalon.core.main.TestCaseExecutor.accessMainPhase(TestCaseExecutor.java:299)
	at com.kms.katalon.core.main.TestCaseExecutor.execute(TestCaseExecutor.java:233)
	at com.kms.katalon.core.main.TestSuiteExecutor.accessTestCaseMainPhase(TestSuiteExecutor.java:169)
	at com.kms.katalon.core.main.TestSuiteExecutor.accessTestSuiteMainPhase(TestSuiteExecutor.java:142)
	at com.kms.katalon.core.main.TestSuiteExecutor.execute(TestSuiteExecutor.java:91)
	at com.kms.katalon.core.main.TestCaseMain.startTestSuite(TestCaseMain.java:157)
	at com.kms.katalon.core.main.TestCaseMain$startTestSuite$0.call(Unknown Source)
	at TempTestSuite1578483063719.run(TempTestSuite1578483063719.groovy:36)
)
	at com.kms.katalon.core.keyword.internal.KeywordMain.stepFailed(KeywordMain.groovy:39)
	at com.kms.katalon.core.webui.keyword.internal.WebUIKeywordMain.stepFailed(WebUIKeywordMain.groovy:64)
	at com.kms.katalon.core.webui.keyword.builtin.VerifyElementTextKeyword$_verifyElementText_closure1.doCall(VerifyElementTextKeyword.groovy:57)
	at com.kms.katalon.core.webui.keyword.builtin.VerifyElementTextKeyword$_verifyElementText_closure1.call(VerifyElementTextKeyword.groovy)
	at com.kms.katalon.core.webui.keyword.internal.WebUIKeywordMain.runKeyword(WebUIKeywordMain.groovy:20)
	at com.kms.katalon.core.webui.keyword.builtin.VerifyElementTextKeyword.verifyElementText(VerifyElementTextKeyword.groovy:72)
	at com.kms.katalon.core.webui.keyword.builtin.VerifyElementTextKeyword.execute(VerifyElementTextKeyword.groovy:40)
	at com.kms.katalon.core.keyword.internal.KeywordExecutor.executeKeywordForPlatform(KeywordExecutor.groovy:72)
	at com.kms.katalon.core.webui.keyword.WebUiBuiltInKeywords.verifyElementText(WebUiBuiltInKeywords.groovy:3663)
	at com.kms.katalon.core.webui.keyword.WebUiBuiltInKeywords$verifyElementText$6.call(Unknown Source)
	at TC_002_ChecksSwictherMenuAttributes.run(TC_002_ChecksSwictherMenuAttributes:28)
	at com.kms.katalon.core.main.ScriptEngine.run(ScriptEngine.java:194)
	at com.kms.katalon.core.main.ScriptEngine.runScriptAsRawText(ScriptEngine.java:119)
	at com.kms.katalon.core.main.TestCaseExecutor.runScript(TestCaseExecutor.java:337)
	at com.kms.katalon.core.main.TestCaseExecutor.doExecute(TestCaseExecutor.java:328)
	at com.kms.katalon.core.main.TestCaseExecutor.processExecutionPhase(TestCaseExecutor.java:307)
	at com.kms.katalon.core.main.TestCaseExecutor.accessMainPhase(TestCaseExecutor.java:299)
	at com.kms.katalon.core.main.TestCaseExecutor.execute(TestCaseExecutor.java:233)
	at com.kms.katalon.core.main.TestSuiteExecutor.accessTestCaseMainPhase(TestSuiteExecutor.java:169)
	at com.kms.katalon.core.main.TestSuiteExecutor.accessTestSuiteMainPhase(TestSuiteExecutor.java:142)
	at com.kms.katalon.core.main.TestSuiteExecutor.execute(TestSuiteExecutor.java:91)
	at com.kms.katalon.core.main.TestCaseMain.startTestSuite(TestCaseMain.java:157)
	at com.kms.katalon.core.main.TestCaseMain$startTestSuite$0.call(Unknown Source)
	at TempTestSuite1578483063719.run(TempTestSuite1578483063719.groovy:36)
Caused by: com.kms.katalon.core.exception.StepFailedException: Actual text 'favorites' and expected text 'Favorites' of test object 'Object Repository/Swicther/favorites_tabs_swicther' are NOT matched.
	... 23 more]]></system-err>
      </testcase>
      <testcase name="Test Cases/Atlas Platform/OnBoard/Swicther/TC_003_VerifyLastVisitYesterday" time="4.736" classname="Test Cases/Atlas Platform/OnBoard/Swicther/TC_003_VerifyLastVisitYesterday" status="PASSED">
         <system-out><![CDATA[2020-01-08 17:01:44 - [TEST_CASE][PASSED] - Test Cases/Atlas Platform/OnBoard/Swicther/TC_003_VerifyLastVisitYesterday: Test Cases/Atlas Platform/OnBoard/Swicther/TC_003_VerifyLastVisitYesterday

2020-01-08 17:01:44 - [TEST_STEP][NOT_RUN] - callTestCase(findTestCase("Atlas Platform/OnBoard/Login/LoginWithRootAdmin"), [:], STOP_ON_FAILURE): NOT_RUN: callTestCase(findTestCase("Atlas Platform/OnBoard/Login/LoginWithRootAdmin"), [:], STOP_ON_FAILURE)

2020-01-08 17:01:44 - [MESSAGE][NOT_RUN] - NOT_RUN: callTestCase(findTestCase("Atlas Platform/OnBoard/Login/LoginWithRootAdmin"), [:], STOP_ON_FAILURE)

2020-01-08 17:01:44 - [TEST_STEP][PASSED] - click(findTestObject("Swicther/swicthermenutext")): Object: 'Object Repository/Swicther/swicthermenutext' is clicked on

2020-01-08 17:01:45 - [MESSAGE][PASSED] - Object: 'Object Repository/Swicther/swicthermenutext' is clicked on

2020-01-08 17:01:45 - [TEST_STEP][PASSED] - click(findTestObject("Swicther/accounts_tab_swicther")): Object: 'Object Repository/Swicther/accounts_tab_swicther' is clicked on

2020-01-08 17:01:45 - [MESSAGE][PASSED] - Object: 'Object Repository/Swicther/accounts_tab_swicther' is clicked on

2020-01-08 17:01:45 - [TEST_STEP][PASSED] - verifyElementText(findTestObject("Swicther/FirstLastViewedTextForAccounts"), "Last Visited Today"): Actual text and expected text of test object 'Object Repository/Swicther/FirstLastViewedTextForAccounts' are matched.

2020-01-08 17:01:46 - [MESSAGE][PASSED] - Actual text and expected text of test object 'Object Repository/Swicther/FirstLastViewedTextForAccounts' are matched.

2020-01-08 17:01:46 - [TEST_STEP][PASSED] - click(findTestObject("Swicther/closeIcon")): Object: 'Object Repository/Swicther/closeIcon' is clicked on

2020-01-08 17:01:46 - [MESSAGE][PASSED] - Object: 'Object Repository/Swicther/closeIcon' is clicked on

2020-01-08 17:01:46 - [TEST_STEP][PASSED] - Start listener action : sampleAfterTestCase: null

2020-01-08 17:01:46 - [TEST_STEP][PASSED] - println(testCaseContext.getTestCaseId()): null

2020-01-08 17:01:46 - [TEST_STEP][PASSED] - println(testCaseContext.getTestCaseStatus()): null

2020-01-08 17:01:46 - [TEST_STEP][PASSED] - println("On Failure Method is Calling : " + testCaseContext.getTestCaseStatus()): null

2020-01-08 17:01:46 - [TEST_STEP][PASSED] - if (!(getTestCaseStatus().equalsIgnoreCase("PASSED"))): null]]></system-out>
         <system-err><![CDATA[]]></system-err>
      </testcase>
      <testcase name="Test Cases/Atlas Platform/OnBoard/Swicther/TC_004_VerifyLastVisitToday" time="4.576" classname="Test Cases/Atlas Platform/OnBoard/Swicther/TC_004_VerifyLastVisitToday" status="PASSED">
         <system-out><![CDATA[2020-01-08 17:01:48 - [TEST_CASE][PASSED] - Test Cases/Atlas Platform/OnBoard/Swicther/TC_004_VerifyLastVisitToday: Test Cases/Atlas Platform/OnBoard/Swicther/TC_004_VerifyLastVisitToday

2020-01-08 17:01:49 - [TEST_STEP][NOT_RUN] - callTestCase(findTestCase("Atlas Platform/OnBoard/Login/LoginWithRootAdmin"), [:], STOP_ON_FAILURE): NOT_RUN: callTestCase(findTestCase("Atlas Platform/OnBoard/Login/LoginWithRootAdmin"), [:], STOP_ON_FAILURE)

2020-01-08 17:01:49 - [MESSAGE][NOT_RUN] - NOT_RUN: callTestCase(findTestCase("Atlas Platform/OnBoard/Login/LoginWithRootAdmin"), [:], STOP_ON_FAILURE)

2020-01-08 17:01:49 - [TEST_STEP][PASSED] - click(findTestObject("Swicther/swicthermenutext")): Object: 'Object Repository/Swicther/swicthermenutext' is clicked on

2020-01-08 17:01:49 - [MESSAGE][PASSED] - Object: 'Object Repository/Swicther/swicthermenutext' is clicked on

2020-01-08 17:01:49 - [TEST_STEP][PASSED] - click(findTestObject("Swicther/root_tab_swicther")): Object: 'Object Repository/Swicther/root_tab_swicther' is clicked on

2020-01-08 17:01:50 - [MESSAGE][PASSED] - Object: 'Object Repository/Swicther/root_tab_swicther' is clicked on

2020-01-08 17:01:50 - [TEST_STEP][PASSED] - verifyElementText(findTestObject("Swicther/FirstLastViewedTextForRoot"), "Last Visited Today"): Actual text and expected text of test object 'Object Repository/Swicther/FirstLastViewedTextForRoot' are matched.

2020-01-08 17:01:50 - [MESSAGE][PASSED] - Actual text and expected text of test object 'Object Repository/Swicther/FirstLastViewedTextForRoot' are matched.

2020-01-08 17:01:50 - [TEST_STEP][PASSED] - click(findTestObject("Swicther/closeIcon")): Object: 'Object Repository/Swicther/closeIcon' is clicked on

2020-01-08 17:01:51 - [MESSAGE][PASSED] - Object: 'Object Repository/Swicther/closeIcon' is clicked on

2020-01-08 17:01:51 - [TEST_STEP][PASSED] - Start listener action : sampleAfterTestCase: null

2020-01-08 17:01:51 - [TEST_STEP][PASSED] - println(testCaseContext.getTestCaseId()): null

2020-01-08 17:01:51 - [TEST_STEP][PASSED] - println(testCaseContext.getTestCaseStatus()): null

2020-01-08 17:01:51 - [TEST_STEP][PASSED] - println("On Failure Method is Calling : " + testCaseContext.getTestCaseStatus()): null

2020-01-08 17:01:51 - [TEST_STEP][PASSED] - if (!(getTestCaseStatus().equalsIgnoreCase("PASSED"))): null]]></system-out>
         <system-err><![CDATA[]]></system-err>
      </testcase>
      <testcase name="Test Cases/Atlas Platform/OnBoard/Swicther/TC_005_VerifyRootTabValues" time="8.25" classname="Test Cases/Atlas Platform/OnBoard/Swicther/TC_005_VerifyRootTabValues" status="PASSED">
         <system-out><![CDATA[2020-01-08 17:01:53 - [TEST_CASE][PASSED] - Test Cases/Atlas Platform/OnBoard/Swicther/TC_005_VerifyRootTabValues: Test Cases/Atlas Platform/OnBoard/Swicther/TC_005_VerifyRootTabValues

2020-01-08 17:01:54 - [TEST_STEP][NOT_RUN] - callTestCase(findTestCase("Atlas Platform/OnBoard/Login/LoginWithRootAdmin"), [:], STOP_ON_FAILURE): NOT_RUN: callTestCase(findTestCase("Atlas Platform/OnBoard/Login/LoginWithRootAdmin"), [:], STOP_ON_FAILURE)

2020-01-08 17:01:54 - [MESSAGE][NOT_RUN] - NOT_RUN: callTestCase(findTestCase("Atlas Platform/OnBoard/Login/LoginWithRootAdmin"), [:], STOP_ON_FAILURE)

2020-01-08 17:01:54 - [TEST_STEP][PASSED] - click(findTestObject("Swicther/swicthermenutext")): Object: 'Object Repository/Swicther/swicthermenutext' is clicked on

2020-01-08 17:01:54 - [MESSAGE][PASSED] - Object: 'Object Repository/Swicther/swicthermenutext' is clicked on

2020-01-08 17:01:54 - [TEST_STEP][PASSED] - click(findTestObject("Swicther/organization_tab_swicther")): Object: 'Object Repository/Swicther/organization_tab_swicther' is clicked on

2020-01-08 17:01:55 - [MESSAGE][PASSED] - Object: 'Object Repository/Swicther/organization_tab_swicther' is clicked on

2020-01-08 17:01:55 - [TEST_STEP][PASSED] - listofOrgNames = findWebElements(findTestObject("Swicther/organization_tab_all_values"), 10): null

2020-01-08 17:01:55 - [TEST_STEP][PASSED] - click(findTestObject("Swicther/root_tab_swicther")): Object: 'Object Repository/Swicther/root_tab_swicther' is clicked on

2020-01-08 17:01:56 - [MESSAGE][PASSED] - Object: 'Object Repository/Swicther/root_tab_swicther' is clicked on

2020-01-08 17:01:56 - [TEST_STEP][PASSED] - listofRootnames = findWebElements(findTestObject("Swicther/root_tab_all_values"), 10): null

2020-01-08 17:01:57 - [TEST_STEP][PASSED] - rootNames = new java.util.ArrayList(): null

2020-01-08 17:01:57 - [TEST_STEP][PASSED] - for (org.openqa.selenium.WebElement ele : listofRootnames): null

2020-01-08 17:01:57 - [TEST_STEP][PASSED] - rootNames.add(ele.getText()): null

2020-01-08 17:01:57 - [TEST_STEP][PASSED] - for ([hjk = 0, hjk < listofOrgNames.size(), (hjk++)]): null

2020-01-08 17:01:57 - [TEST_STEP][PASSED] - Assert.assertTrue(!(rootNames.contains(split("Last")[0].trim())), "Root Account is not present in Org Tab"): null

2020-01-08 17:01:57 - [TEST_STEP][PASSED] - Assert.assertTrue(!(rootNames.contains(split("Last")[0].trim())), "Root Account is not present in Org Tab"): null

2020-01-08 17:01:57 - [TEST_STEP][PASSED] - Assert.assertTrue(!(rootNames.contains(split("Last")[0].trim())), "Root Account is not present in Org Tab"): null

2020-01-08 17:01:57 - [TEST_STEP][PASSED] - click(findTestObject("Swicther/accounts_tab_swicther")): Object: 'Object Repository/Swicther/accounts_tab_swicther' is clicked on

2020-01-08 17:01:57 - [MESSAGE][PASSED] - Object: 'Object Repository/Swicther/accounts_tab_swicther' is clicked on

2020-01-08 17:01:57 - [TEST_STEP][PASSED] - listofAccNames = findWebElements(findTestObject("Swicther/accounts_tab_all_values"), 10): null

2020-01-08 17:01:58 - [TEST_STEP][PASSED] - for ([hjk = 0, hjk < listofAccNames.size(), (hjk++)]): null

2020-01-08 17:01:58 - [TEST_STEP][PASSED] - Assert.assertTrue(!(rootNames.contains(split("Last")[0].trim())), "Root Account is not present in Acc Tab"): null

2020-01-08 17:01:58 - [TEST_STEP][PASSED] - Assert.assertTrue(!(rootNames.contains(split("Last")[0].trim())), "Root Account is not present in Acc Tab"): null

2020-01-08 17:01:58 - [TEST_STEP][PASSED] - Assert.assertTrue(!(rootNames.contains(split("Last")[0].trim())), "Root Account is not present in Acc Tab"): null

2020-01-08 17:01:58 - [TEST_STEP][PASSED] - Assert.assertTrue(!(rootNames.contains(split("Last")[0].trim())), "Root Account is not present in Acc Tab"): null

2020-01-08 17:01:58 - [TEST_STEP][PASSED] - Assert.assertTrue(!(rootNames.contains(split("Last")[0].trim())), "Root Account is not present in Acc Tab"): null

2020-01-08 17:01:58 - [TEST_STEP][PASSED] - Assert.assertTrue(!(rootNames.contains(split("Last")[0].trim())), "Root Account is not present in Acc Tab"): null

2020-01-08 17:01:58 - [TEST_STEP][PASSED] - Assert.assertTrue(!(rootNames.contains(split("Last")[0].trim())), "Root Account is not present in Acc Tab"): null

2020-01-08 17:01:58 - [TEST_STEP][PASSED] - Assert.assertTrue(!(rootNames.contains(split("Last")[0].trim())), "Root Account is not present in Acc Tab"): null

2020-01-08 17:01:58 - [TEST_STEP][PASSED] - Assert.assertTrue(!(rootNames.contains(split("Last")[0].trim())), "Root Account is not present in Acc Tab"): null

2020-01-08 17:01:58 - [TEST_STEP][PASSED] - Assert.assertTrue(!(rootNames.contains(split("Last")[0].trim())), "Root Account is not present in Acc Tab"): null

2020-01-08 17:01:58 - [TEST_STEP][PASSED] - Assert.assertTrue(!(rootNames.contains(split("Last")[0].trim())), "Root Account is not present in Acc Tab"): null

2020-01-08 17:01:58 - [TEST_STEP][PASSED] - Assert.assertTrue(!(rootNames.contains(split("Last")[0].trim())), "Root Account is not present in Acc Tab"): null

2020-01-08 17:01:58 - [TEST_STEP][PASSED] - Assert.assertTrue(!(rootNames.contains(split("Last")[0].trim())), "Root Account is not present in Acc Tab"): null

2020-01-08 17:01:58 - [TEST_STEP][PASSED] - Assert.assertTrue(!(rootNames.contains(split("Last")[0].trim())), "Root Account is not present in Acc Tab"): null

2020-01-08 17:01:58 - [TEST_STEP][PASSED] - Assert.assertTrue(!(rootNames.contains(split("Last")[0].trim())), "Root Account is not present in Acc Tab"): null

2020-01-08 17:01:59 - [TEST_STEP][PASSED] - Assert.assertTrue(!(rootNames.contains(split("Last")[0].trim())), "Root Account is not present in Acc Tab"): null

2020-01-08 17:01:59 - [TEST_STEP][PASSED] - click(findTestObject("Swicther/closeIcon")): Object: 'Object Repository/Swicther/closeIcon' is clicked on

2020-01-08 17:01:59 - [MESSAGE][PASSED] - Object: 'Object Repository/Swicther/closeIcon' is clicked on

2020-01-08 17:01:59 - [TEST_STEP][PASSED] - Start listener action : sampleAfterTestCase: null

2020-01-08 17:01:59 - [TEST_STEP][PASSED] - println(testCaseContext.getTestCaseId()): null

2020-01-08 17:01:59 - [TEST_STEP][PASSED] - println(testCaseContext.getTestCaseStatus()): null

2020-01-08 17:01:59 - [TEST_STEP][PASSED] - println("On Failure Method is Calling : " + testCaseContext.getTestCaseStatus()): null

2020-01-08 17:01:59 - [TEST_STEP][PASSED] - if (!(getTestCaseStatus().equalsIgnoreCase("PASSED"))): null]]></system-out>
         <system-err><![CDATA[]]></system-err>
      </testcase>
      <testcase name="Test Cases/Atlas Platform/OnBoard/Swicther/TC_006_VerifyCloseIcon" time="3.632" classname="Test Cases/Atlas Platform/OnBoard/Swicther/TC_006_VerifyCloseIcon" status="PASSED">
         <system-out><![CDATA[2020-01-08 17:02:01 - [TEST_CASE][PASSED] - Test Cases/Atlas Platform/OnBoard/Swicther/TC_006_VerifyCloseIcon: Test Cases/Atlas Platform/OnBoard/Swicther/TC_006_VerifyCloseIcon

2020-01-08 17:02:02 - [TEST_STEP][NOT_RUN] - callTestCase(findTestCase("Atlas Platform/OnBoard/Login/LoginWithRootAdmin"), [:], STOP_ON_FAILURE): NOT_RUN: callTestCase(findTestCase("Atlas Platform/OnBoard/Login/LoginWithRootAdmin"), [:], STOP_ON_FAILURE)

2020-01-08 17:02:02 - [MESSAGE][NOT_RUN] - NOT_RUN: callTestCase(findTestCase("Atlas Platform/OnBoard/Login/LoginWithRootAdmin"), [:], STOP_ON_FAILURE)

2020-01-08 17:02:02 - [TEST_STEP][PASSED] - click(findTestObject("Swicther/swicthermenutext")): Object: 'Object Repository/Swicther/swicthermenutext' is clicked on

2020-01-08 17:02:02 - [MESSAGE][PASSED] - Object: 'Object Repository/Swicther/swicthermenutext' is clicked on

2020-01-08 17:02:02 - [TEST_STEP][PASSED] - click(findTestObject("Swicther/closeIcon")): Object: 'Object Repository/Swicther/closeIcon' is clicked on

2020-01-08 17:02:03 - [MESSAGE][PASSED] - Object: 'Object Repository/Swicther/closeIcon' is clicked on

2020-01-08 17:02:03 - [TEST_STEP][PASSED] - Start listener action : sampleAfterTestCase: null

2020-01-08 17:02:03 - [TEST_STEP][PASSED] - println(testCaseContext.getTestCaseId()): null

2020-01-08 17:02:03 - [TEST_STEP][PASSED] - println(testCaseContext.getTestCaseStatus()): null

2020-01-08 17:02:03 - [TEST_STEP][PASSED] - println("On Failure Method is Calling : " + testCaseContext.getTestCaseStatus()): null

2020-01-08 17:02:03 - [TEST_STEP][PASSED] - if (!(getTestCaseStatus().equalsIgnoreCase("PASSED"))): null]]></system-out>
         <system-err><![CDATA[]]></system-err>
      </testcase>
      <testcase name="Test Cases/Atlas Platform/OnBoard/Swicther/TC_007_ValidateSwicther-SelectedAccount" time="5.464" classname="Test Cases/Atlas Platform/OnBoard/Swicther/TC_007_ValidateSwicther-SelectedAccount" status="PASSED">
         <system-out><![CDATA[2020-01-08 17:02:05 - [TEST_CASE][PASSED] - Test Cases/Atlas Platform/OnBoard/Swicther/TC_007_ValidateSwicther-SelectedAccount: Test Cases/Atlas Platform/OnBoard/Swicther/TC_007_ValidateSwicther-SelectedAccount

2020-01-08 17:02:06 - [TEST_STEP][NOT_RUN] - callTestCase(findTestCase("Atlas Platform/OnBoard/Login/LoginWithRootAdmin"), [:], STOP_ON_FAILURE): NOT_RUN: callTestCase(findTestCase("Atlas Platform/OnBoard/Login/LoginWithRootAdmin"), [:], STOP_ON_FAILURE)

2020-01-08 17:02:06 - [MESSAGE][NOT_RUN] - NOT_RUN: callTestCase(findTestCase("Atlas Platform/OnBoard/Login/LoginWithRootAdmin"), [:], STOP_ON_FAILURE)

2020-01-08 17:02:06 - [TEST_STEP][PASSED] - initiallyselectedtext = getText(findTestObject("Swicther/swicthermenutext")): Text of object 'Object Repository/Swicther/swicthermenutext' is: 'Toyota'

2020-01-08 17:02:06 - [MESSAGE][PASSED] - Text of object 'Object Repository/Swicther/swicthermenutext' is: 'Toyota'

2020-01-08 17:02:06 - [TEST_STEP][PASSED] - click(findTestObject("Swicther/swicthermenutext")): Object: 'Object Repository/Swicther/swicthermenutext' is clicked on

2020-01-08 17:02:06 - [MESSAGE][PASSED] - Object: 'Object Repository/Swicther/swicthermenutext' is clicked on

2020-01-08 17:02:06 - [TEST_STEP][PASSED] - click(findTestObject("Swicther/accounts_tab_swicther")): Object: 'Object Repository/Swicther/accounts_tab_swicther' is clicked on

2020-01-08 17:02:07 - [MESSAGE][PASSED] - Object: 'Object Repository/Swicther/accounts_tab_swicther' is clicked on

2020-01-08 17:02:07 - [TEST_STEP][PASSED] - selectedtext = getText(findTestObject("Swicther/account_tab_first_values")): Text of object 'Object Repository/Swicther/account_tab_first_values' is: 'Ford of Escondido
Last Visited Today'

2020-01-08 17:02:07 - [MESSAGE][PASSED] - Text of object 'Object Repository/Swicther/account_tab_first_values' is: 'Ford of Escondido
Last Visited Today'

2020-01-08 17:02:07 - [TEST_STEP][PASSED] - click(findTestObject("Swicther/account_tab_first_values")): Object: 'Object Repository/Swicther/account_tab_first_values' is clicked on

2020-01-08 17:02:08 - [MESSAGE][PASSED] - Object: 'Object Repository/Swicther/account_tab_first_values' is clicked on

2020-01-08 17:02:08 - [TEST_STEP][PASSED] - verifyNotEqual(initiallyselectedtext, split("Last")[0].trim()): Actual object 'Toyota' and expected object 'Ford of Escondido' are not equal

2020-01-08 17:02:08 - [MESSAGE][PASSED] - Actual object 'Toyota' and expected object 'Ford of Escondido' are not equal

2020-01-08 17:02:08 - [TEST_STEP][PASSED] - currentlySelectedText = getText(findTestObject("Swicther/swicthermenutext")): Text of object 'Object Repository/Swicther/swicthermenutext' is: 'Ford of Escondido'

2020-01-08 17:02:08 - [MESSAGE][PASSED] - Text of object 'Object Repository/Swicther/swicthermenutext' is: 'Ford of Escondido'

2020-01-08 17:02:08 - [TEST_STEP][PASSED] - verifyEqual(currentlySelectedText.trim(), split("Last")[0].trim()): Actual object 'Ford of Escondido' and expected object 'Ford of Escondido' are equal

2020-01-08 17:02:08 - [MESSAGE][PASSED] - Actual object 'Ford of Escondido' and expected object 'Ford of Escondido' are equal

2020-01-08 17:02:08 - [TEST_STEP][PASSED] - Start listener action : sampleAfterTestCase: null

2020-01-08 17:02:08 - [TEST_STEP][PASSED] - println(testCaseContext.getTestCaseId()): null

2020-01-08 17:02:08 - [TEST_STEP][PASSED] - println(testCaseContext.getTestCaseStatus()): null

2020-01-08 17:02:08 - [TEST_STEP][PASSED] - println("On Failure Method is Calling : " + testCaseContext.getTestCaseStatus()): null

2020-01-08 17:02:08 - [TEST_STEP][PASSED] - if (!(getTestCaseStatus().equalsIgnoreCase("PASSED"))): null]]></system-out>
         <system-err><![CDATA[]]></system-err>
      </testcase>
      <testcase name="Test Cases/Atlas Platform/OnBoard/Swicther/TC_008_ValidateSwicther-SelectedOrganization" time="5.823" classname="Test Cases/Atlas Platform/OnBoard/Swicther/TC_008_ValidateSwicther-SelectedOrganization" status="PASSED">
         <system-out><![CDATA[2020-01-08 17:02:10 - [TEST_CASE][PASSED] - Test Cases/Atlas Platform/OnBoard/Swicther/TC_008_ValidateSwicther-SelectedOrganization: Test Cases/Atlas Platform/OnBoard/Swicther/TC_008_ValidateSwicther-SelectedOrganization

2020-01-08 17:02:11 - [TEST_STEP][NOT_RUN] - callTestCase(findTestCase("Atlas Platform/OnBoard/Login/LoginWithRootAdmin"), [:], STOP_ON_FAILURE): NOT_RUN: callTestCase(findTestCase("Atlas Platform/OnBoard/Login/LoginWithRootAdmin"), [:], STOP_ON_FAILURE)

2020-01-08 17:02:11 - [MESSAGE][NOT_RUN] - NOT_RUN: callTestCase(findTestCase("Atlas Platform/OnBoard/Login/LoginWithRootAdmin"), [:], STOP_ON_FAILURE)

2020-01-08 17:02:11 - [TEST_STEP][PASSED] - initiallyselectedtext = getText(findTestObject("Swicther/swicthermenutext")): Text of object 'Object Repository/Swicther/swicthermenutext' is: 'Ford of Escondido'

2020-01-08 17:02:11 - [MESSAGE][PASSED] - Text of object 'Object Repository/Swicther/swicthermenutext' is: 'Ford of Escondido'

2020-01-08 17:02:11 - [TEST_STEP][PASSED] - click(findTestObject("Swicther/swicthermenutext")): Object: 'Object Repository/Swicther/swicthermenutext' is clicked on

2020-01-08 17:02:12 - [MESSAGE][PASSED] - Object: 'Object Repository/Swicther/swicthermenutext' is clicked on

2020-01-08 17:02:12 - [TEST_STEP][PASSED] - click(findTestObject("Swicther/organization_tab_swicther")): Object: 'Object Repository/Swicther/organization_tab_swicther' is clicked on

2020-01-08 17:02:13 - [MESSAGE][PASSED] - Object: 'Object Repository/Swicther/organization_tab_swicther' is clicked on

2020-01-08 17:02:13 - [TEST_STEP][PASSED] - selectedtext = getText(findTestObject("Swicther/fordtext_value")): Text of object 'Object Repository/Swicther/fordtext_value' is: 'Ford
Last Visited Today'

2020-01-08 17:02:13 - [MESSAGE][PASSED] - Text of object 'Object Repository/Swicther/fordtext_value' is: 'Ford
Last Visited Today'

2020-01-08 17:02:13 - [TEST_STEP][PASSED] - click(findTestObject("Swicther/fordtext_value")): Object: 'Object Repository/Swicther/fordtext_value' is clicked on

2020-01-08 17:02:14 - [MESSAGE][PASSED] - Object: 'Object Repository/Swicther/fordtext_value' is clicked on

2020-01-08 17:02:14 - [TEST_STEP][PASSED] - verifyNotEqual(initiallyselectedtext, split("Last")[0].trim()): Actual object 'Ford of Escondido' and expected object 'Ford' are not equal

2020-01-08 17:02:14 - [MESSAGE][PASSED] - Actual object 'Ford of Escondido' and expected object 'Ford' are not equal

2020-01-08 17:02:14 - [TEST_STEP][PASSED] - currentlySelectedText = getText(findTestObject("Swicther/swicthermenutext")): Text of object 'Object Repository/Swicther/swicthermenutext' is: 'Ford'

2020-01-08 17:02:14 - [MESSAGE][PASSED] - Text of object 'Object Repository/Swicther/swicthermenutext' is: 'Ford'

2020-01-08 17:02:14 - [TEST_STEP][PASSED] - verifyEqual(currentlySelectedText.trim(), split("Last")[0].trim()): Actual object 'Ford' and expected object 'Ford' are equal

2020-01-08 17:02:14 - [MESSAGE][PASSED] - Actual object 'Ford' and expected object 'Ford' are equal

2020-01-08 17:02:14 - [TEST_STEP][PASSED] - Start listener action : sampleAfterTestCase: null

2020-01-08 17:02:14 - [TEST_STEP][PASSED] - println(testCaseContext.getTestCaseId()): null

2020-01-08 17:02:14 - [TEST_STEP][PASSED] - println(testCaseContext.getTestCaseStatus()): null

2020-01-08 17:02:14 - [TEST_STEP][PASSED] - println("On Failure Method is Calling : " + testCaseContext.getTestCaseStatus()): null

2020-01-08 17:02:14 - [TEST_STEP][PASSED] - if (!(getTestCaseStatus().equalsIgnoreCase("PASSED"))): null]]></system-out>
         <system-err><![CDATA[]]></system-err>
      </testcase>
      <testcase name="Test Cases/Atlas Platform/OnBoard/Swicther/TC_009_ValidateSwicther_SelectedRoot(TBD)" time="4.169" classname="Test Cases/Atlas Platform/OnBoard/Swicther/TC_009_ValidateSwicther_SelectedRoot(TBD)" status="PASSED">
         <system-out><![CDATA[2020-01-08 17:02:16 - [TEST_CASE][PASSED] - Test Cases/Atlas Platform/OnBoard/Swicther/TC_009_ValidateSwicther_SelectedRoot(TBD): Test Cases/Atlas Platform/OnBoard/Swicther/TC_009_ValidateSwicther_SelectedRoot(TBD)

2020-01-08 17:02:17 - [TEST_STEP][NOT_RUN] - callTestCase(findTestCase("Atlas Platform/OnBoard/Login/LoginWithRootAdmin"), [:], STOP_ON_FAILURE): NOT_RUN: callTestCase(findTestCase("Atlas Platform/OnBoard/Login/LoginWithRootAdmin"), [:], STOP_ON_FAILURE)

2020-01-08 17:02:17 - [MESSAGE][NOT_RUN] - NOT_RUN: callTestCase(findTestCase("Atlas Platform/OnBoard/Login/LoginWithRootAdmin"), [:], STOP_ON_FAILURE)

2020-01-08 17:02:17 - [TEST_STEP][PASSED] - initiallyselectedtext = getText(findTestObject("Swicther/swicthermenutext")): Text of object 'Object Repository/Swicther/swicthermenutext' is: 'Ford'

2020-01-08 17:02:17 - [MESSAGE][PASSED] - Text of object 'Object Repository/Swicther/swicthermenutext' is: 'Ford'

2020-01-08 17:02:17 - [TEST_STEP][PASSED] - click(findTestObject("Swicther/swicthermenutext")): Object: 'Object Repository/Swicther/swicthermenutext' is clicked on

2020-01-08 17:02:18 - [MESSAGE][PASSED] - Object: 'Object Repository/Swicther/swicthermenutext' is clicked on

2020-01-08 17:02:18 - [TEST_STEP][PASSED] - click(findTestObject("Swicther/closeIcon")): Object: 'Object Repository/Swicther/closeIcon' is clicked on

2020-01-08 17:02:18 - [MESSAGE][PASSED] - Object: 'Object Repository/Swicther/closeIcon' is clicked on

2020-01-08 17:02:18 - [TEST_STEP][PASSED] - Start listener action : sampleAfterTestCase: null

2020-01-08 17:02:18 - [TEST_STEP][PASSED] - println(testCaseContext.getTestCaseId()): null

2020-01-08 17:02:18 - [TEST_STEP][PASSED] - println(testCaseContext.getTestCaseStatus()): null

2020-01-08 17:02:18 - [TEST_STEP][PASSED] - println("On Failure Method is Calling : " + testCaseContext.getTestCaseStatus()): null

2020-01-08 17:02:18 - [TEST_STEP][PASSED] - if (!(getTestCaseStatus().equalsIgnoreCase("PASSED"))): null]]></system-out>
         <system-err><![CDATA[]]></system-err>
      </testcase>
      <testcase name="Test Cases/Atlas Platform/OnBoard/Swicther/TC_010_VerifyAccounts_tab_Sorting" time="6.358" classname="Test Cases/Atlas Platform/OnBoard/Swicther/TC_010_VerifyAccounts_tab_Sorting" status="FAILED">
         <failure type="FAILED" message="Test Cases/Atlas Platform/OnBoard/Swicther/TC_010_VerifyAccounts_tab_Sorting FAILED.
Reason:
com.kms.katalon.core.exception.StepFailedException: Unable to verify equal between actual object 'false' and expected object 'true' (Root cause: com.kms.katalon.core.exception.StepFailedException: Actual object 'false' and expected object 'true' are not equal
	at com.kms.katalon.core.keyword.builtin.VerifyEqualKeyword$_verifyEqual_closure1.doCall(VerifyEqualKeyword.groovy:58)
	at com.kms.katalon.core.keyword.builtin.VerifyEqualKeyword$_verifyEqual_closure1.call(VerifyEqualKeyword.groovy)
	at com.kms.katalon.core.keyword.internal.KeywordMain.runKeyword(KeywordMain.groovy:68)
	at com.kms.katalon.core.keyword.builtin.VerifyEqualKeyword.verifyEqual(VerifyEqualKeyword.groovy:63)
	at com.kms.katalon.core.keyword.builtin.VerifyEqualKeyword.execute(VerifyEqualKeyword.groovy:44)
	at com.kms.katalon.core.keyword.internal.KeywordExecutor.executeKeywordForPlatform(KeywordExecutor.groovy:72)
	at com.kms.katalon.core.keyword.BuiltinKeywords.verifyEqual(BuiltinKeywords.groovy:141)
	at TC_010_VerifyAccounts_tab_Sorting.run(TC_010_VerifyAccounts_tab_Sorting:37)
	at com.kms.katalon.core.main.ScriptEngine.run(ScriptEngine.java:194)
	at com.kms.katalon.core.main.ScriptEngine.runScriptAsRawText(ScriptEngine.java:119)
	at com.kms.katalon.core.main.TestCaseExecutor.runScript(TestCaseExecutor.java:337)
	at com.kms.katalon.core.main.TestCaseExecutor.doExecute(TestCaseExecutor.java:328)
	at com.kms.katalon.core.main.TestCaseExecutor.processExecutionPhase(TestCaseExecutor.java:307)
	at com.kms.katalon.core.main.TestCaseExecutor.accessMainPhase(TestCaseExecutor.java:299)
	at com.kms.katalon.core.main.TestCaseExecutor.execute(TestCaseExecutor.java:233)
	at com.kms.katalon.core.main.TestSuiteExecutor.accessTestCaseMainPhase(TestSuiteExecutor.java:169)
	at com.kms.katalon.core.main.TestSuiteExecutor.accessTestSuiteMainPhase(TestSuiteExecutor.java:142)
	at com.kms.katalon.core.main.TestSuiteExecutor.execute(TestSuiteExecutor.java:91)
	at com.kms.katalon.core.main.TestCaseMain.startTestSuite(TestCaseMain.java:157)
	at com.kms.katalon.core.main.TestCaseMain$startTestSuite$0.call(Unknown Source)
	at TempTestSuite1578483063719.run(TempTestSuite1578483063719.groovy:36)
)
	at com.kms.katalon.core.keyword.internal.KeywordMain.stepFailed(KeywordMain.groovy:39)
	at com.kms.katalon.core.keyword.internal.KeywordMain.stepFailed(KeywordMain.groovy)
	at com.kms.katalon.core.keyword.internal.KeywordMain.runKeyword(KeywordMain.groovy:70)
	at com.kms.katalon.core.keyword.builtin.VerifyEqualKeyword.verifyEqual(VerifyEqualKeyword.groovy:63)
	at com.kms.katalon.core.keyword.builtin.VerifyEqualKeyword.execute(VerifyEqualKeyword.groovy:44)
	at com.kms.katalon.core.keyword.internal.KeywordExecutor.executeKeywordForPlatform(KeywordExecutor.groovy:72)
	at com.kms.katalon.core.keyword.BuiltinKeywords.verifyEqual(BuiltinKeywords.groovy:141)
	at TC_010_VerifyAccounts_tab_Sorting.run(TC_010_VerifyAccounts_tab_Sorting:37)
	at com.kms.katalon.core.main.ScriptEngine.run(ScriptEngine.java:194)
	at com.kms.katalon.core.main.ScriptEngine.runScriptAsRawText(ScriptEngine.java:119)
	at com.kms.katalon.core.main.TestCaseExecutor.runScript(TestCaseExecutor.java:337)
	at com.kms.katalon.core.main.TestCaseExecutor.doExecute(TestCaseExecutor.java:328)
	at com.kms.katalon.core.main.TestCaseExecutor.processExecutionPhase(TestCaseExecutor.java:307)
	at com.kms.katalon.core.main.TestCaseExecutor.accessMainPhase(TestCaseExecutor.java:299)
	at com.kms.katalon.core.main.TestCaseExecutor.execute(TestCaseExecutor.java:233)
	at com.kms.katalon.core.main.TestSuiteExecutor.accessTestCaseMainPhase(TestSuiteExecutor.java:169)
	at com.kms.katalon.core.main.TestSuiteExecutor.accessTestSuiteMainPhase(TestSuiteExecutor.java:142)
	at com.kms.katalon.core.main.TestSuiteExecutor.execute(TestSuiteExecutor.java:91)
	at com.kms.katalon.core.main.TestCaseMain.startTestSuite(TestCaseMain.java:157)
	at com.kms.katalon.core.main.TestCaseMain$startTestSuite$0.call(Unknown Source)
	at TempTestSuite1578483063719.run(TempTestSuite1578483063719.groovy:36)
Caused by: com.kms.katalon.core.exception.StepFailedException: Actual object 'false' and expected object 'true' are not equal
	at com.kms.katalon.core.keyword.builtin.VerifyEqualKeyword$_verifyEqual_closure1.doCall(VerifyEqualKeyword.groovy:58)
	at com.kms.katalon.core.keyword.builtin.VerifyEqualKeyword$_verifyEqual_closure1.call(VerifyEqualKeyword.groovy)
	at com.kms.katalon.core.keyword.internal.KeywordMain.runKeyword(KeywordMain.groovy:68)
	... 18 more
"/>
         <system-out><![CDATA[2020-01-08 17:02:20 - [TEST_CASE][FAILED] - Test Cases/Atlas Platform/OnBoard/Swicther/TC_010_VerifyAccounts_tab_Sorting: Test Cases/Atlas Platform/OnBoard/Swicther/TC_010_VerifyAccounts_tab_Sorting FAILED.
Reason:
com.kms.katalon.core.exception.StepFailedException: Unable to verify equal between actual object 'false' and expected object 'true' (Root cause: com.kms.katalon.core.exception.StepFailedException: Actual object 'false' and expected object 'true' are not equal
	at com.kms.katalon.core.keyword.builtin.VerifyEqualKeyword$_verifyEqual_closure1.doCall(VerifyEqualKeyword.groovy:58)
	at com.kms.katalon.core.keyword.builtin.VerifyEqualKeyword$_verifyEqual_closure1.call(VerifyEqualKeyword.groovy)
	at com.kms.katalon.core.keyword.internal.KeywordMain.runKeyword(KeywordMain.groovy:68)
	at com.kms.katalon.core.keyword.builtin.VerifyEqualKeyword.verifyEqual(VerifyEqualKeyword.groovy:63)
	at com.kms.katalon.core.keyword.builtin.VerifyEqualKeyword.execute(VerifyEqualKeyword.groovy:44)
	at com.kms.katalon.core.keyword.internal.KeywordExecutor.executeKeywordForPlatform(KeywordExecutor.groovy:72)
	at com.kms.katalon.core.keyword.BuiltinKeywords.verifyEqual(BuiltinKeywords.groovy:141)
	at TC_010_VerifyAccounts_tab_Sorting.run(TC_010_VerifyAccounts_tab_Sorting:37)
	at com.kms.katalon.core.main.ScriptEngine.run(ScriptEngine.java:194)
	at com.kms.katalon.core.main.ScriptEngine.runScriptAsRawText(ScriptEngine.java:119)
	at com.kms.katalon.core.main.TestCaseExecutor.runScript(TestCaseExecutor.java:337)
	at com.kms.katalon.core.main.TestCaseExecutor.doExecute(TestCaseExecutor.java:328)
	at com.kms.katalon.core.main.TestCaseExecutor.processExecutionPhase(TestCaseExecutor.java:307)
	at com.kms.katalon.core.main.TestCaseExecutor.accessMainPhase(TestCaseExecutor.java:299)
	at com.kms.katalon.core.main.TestCaseExecutor.execute(TestCaseExecutor.java:233)
	at com.kms.katalon.core.main.TestSuiteExecutor.accessTestCaseMainPhase(TestSuiteExecutor.java:169)
	at com.kms.katalon.core.main.TestSuiteExecutor.accessTestSuiteMainPhase(TestSuiteExecutor.java:142)
	at com.kms.katalon.core.main.TestSuiteExecutor.execute(TestSuiteExecutor.java:91)
	at com.kms.katalon.core.main.TestCaseMain.startTestSuite(TestCaseMain.java:157)
	at com.kms.katalon.core.main.TestCaseMain$startTestSuite$0.call(Unknown Source)
	at TempTestSuite1578483063719.run(TempTestSuite1578483063719.groovy:36)
)
	at com.kms.katalon.core.keyword.internal.KeywordMain.stepFailed(KeywordMain.groovy:39)
	at com.kms.katalon.core.keyword.internal.KeywordMain.stepFailed(KeywordMain.groovy)
	at com.kms.katalon.core.keyword.internal.KeywordMain.runKeyword(KeywordMain.groovy:70)
	at com.kms.katalon.core.keyword.builtin.VerifyEqualKeyword.verifyEqual(VerifyEqualKeyword.groovy:63)
	at com.kms.katalon.core.keyword.builtin.VerifyEqualKeyword.execute(VerifyEqualKeyword.groovy:44)
	at com.kms.katalon.core.keyword.internal.KeywordExecutor.executeKeywordForPlatform(KeywordExecutor.groovy:72)
	at com.kms.katalon.core.keyword.BuiltinKeywords.verifyEqual(BuiltinKeywords.groovy:141)
	at TC_010_VerifyAccounts_tab_Sorting.run(TC_010_VerifyAccounts_tab_Sorting:37)
	at com.kms.katalon.core.main.ScriptEngine.run(ScriptEngine.java:194)
	at com.kms.katalon.core.main.ScriptEngine.runScriptAsRawText(ScriptEngine.java:119)
	at com.kms.katalon.core.main.TestCaseExecutor.runScript(TestCaseExecutor.java:337)
	at com.kms.katalon.core.main.TestCaseExecutor.doExecute(TestCaseExecutor.java:328)
	at com.kms.katalon.core.main.TestCaseExecutor.processExecutionPhase(TestCaseExecutor.java:307)
	at com.kms.katalon.core.main.TestCaseExecutor.accessMainPhase(TestCaseExecutor.java:299)
	at com.kms.katalon.core.main.TestCaseExecutor.execute(TestCaseExecutor.java:233)
	at com.kms.katalon.core.main.TestSuiteExecutor.accessTestCaseMainPhase(TestSuiteExecutor.java:169)
	at com.kms.katalon.core.main.TestSuiteExecutor.accessTestSuiteMainPhase(TestSuiteExecutor.java:142)
	at com.kms.katalon.core.main.TestSuiteExecutor.execute(TestSuiteExecutor.java:91)
	at com.kms.katalon.core.main.TestCaseMain.startTestSuite(TestCaseMain.java:157)
	at com.kms.katalon.core.main.TestCaseMain$startTestSuite$0.call(Unknown Source)
	at TempTestSuite1578483063719.run(TempTestSuite1578483063719.groovy:36)
Caused by: com.kms.katalon.core.exception.StepFailedException: Actual object 'false' and expected object 'true' are not equal
	at com.kms.katalon.core.keyword.builtin.VerifyEqualKeyword$_verifyEqual_closure1.doCall(VerifyEqualKeyword.groovy:58)
	at com.kms.katalon.core.keyword.builtin.VerifyEqualKeyword$_verifyEqual_closure1.call(VerifyEqualKeyword.groovy)
	at com.kms.katalon.core.keyword.internal.KeywordMain.runKeyword(KeywordMain.groovy:68)
	... 18 more


2020-01-08 17:02:21 - [TEST_STEP][NOT_RUN] - callTestCase(findTestCase("Atlas Platform/OnBoard/Login/LoginWithRootAdmin"), [:], STOP_ON_FAILURE): NOT_RUN: callTestCase(findTestCase("Atlas Platform/OnBoard/Login/LoginWithRootAdmin"), [:], STOP_ON_FAILURE)

2020-01-08 17:02:21 - [MESSAGE][NOT_RUN] - NOT_RUN: callTestCase(findTestCase("Atlas Platform/OnBoard/Login/LoginWithRootAdmin"), [:], STOP_ON_FAILURE)

2020-01-08 17:02:21 - [TEST_STEP][PASSED] - click(findTestObject("Swicther/swicthermenutext")): Object: 'Object Repository/Swicther/swicthermenutext' is clicked on

2020-01-08 17:02:21 - [MESSAGE][PASSED] - Object: 'Object Repository/Swicther/swicthermenutext' is clicked on

2020-01-08 17:02:21 - [TEST_STEP][PASSED] - click(findTestObject("Swicther/accounts_tab_swicther")): Object: 'Object Repository/Swicther/accounts_tab_swicther' is clicked on

2020-01-08 17:02:22 - [MESSAGE][PASSED] - Object: 'Object Repository/Swicther/accounts_tab_swicther' is clicked on

2020-01-08 17:02:22 - [TEST_STEP][PASSED] - listofoptions = findWebElements(findTestObject("Swicther/accounts_tab_all_values"), 5): null

2020-01-08 17:02:23 - [TEST_STEP][PASSED] - listofoptioninstring = new java.util.ArrayList(): null

2020-01-08 17:02:23 - [TEST_STEP][PASSED] - for (org.openqa.selenium.WebElement ele : listofoptions): null

2020-01-08 17:02:23 - [TEST_STEP][PASSED] - listofoptioninstring.addAll(getText().split("Last")[0]): null

2020-01-08 17:02:23 - [TEST_STEP][PASSED] - listofoptioninstring.addAll(getText().split("Last")[0]): null

2020-01-08 17:02:23 - [TEST_STEP][PASSED] - listofoptioninstring.addAll(getText().split("Last")[0]): null

2020-01-08 17:02:23 - [TEST_STEP][PASSED] - listofoptioninstring.addAll(getText().split("Last")[0]): null

2020-01-08 17:02:23 - [TEST_STEP][PASSED] - listofoptioninstring.addAll(getText().split("Last")[0]): null

2020-01-08 17:02:23 - [TEST_STEP][PASSED] - listofoptioninstring.addAll(getText().split("Last")[0]): null

2020-01-08 17:02:23 - [TEST_STEP][PASSED] - listofoptioninstring.addAll(getText().split("Last")[0]): null

2020-01-08 17:02:23 - [TEST_STEP][PASSED] - listofoptioninstring.addAll(getText().split("Last")[0]): null

2020-01-08 17:02:23 - [TEST_STEP][PASSED] - listofoptioninstring.addAll(getText().split("Last")[0]): null

2020-01-08 17:02:23 - [TEST_STEP][PASSED] - listofoptioninstring.addAll(getText().split("Last")[0]): null

2020-01-08 17:02:23 - [TEST_STEP][PASSED] - listofoptioninstring.addAll(getText().split("Last")[0]): null

2020-01-08 17:02:23 - [TEST_STEP][PASSED] - listofoptioninstring.addAll(getText().split("Last")[0]): null

2020-01-08 17:02:23 - [TEST_STEP][PASSED] - listofoptioninstring.addAll(getText().split("Last")[0]): null

2020-01-08 17:02:23 - [TEST_STEP][PASSED] - listofoptioninstring.addAll(getText().split("Last")[0]): null

2020-01-08 17:02:23 - [TEST_STEP][PASSED] - listofoptioninstring.addAll(getText().split("Last")[0]): null

2020-01-08 17:02:23 - [TEST_STEP][PASSED] - listofoptioninstring.addAll(getText().split("Last")[0]): null

2020-01-08 17:02:23 - [TEST_STEP][PASSED] - isSorted = web.CustomKeyword.checkListAscendingOrder(listofoptioninstring): web.CustomKeyword.checkListAscendingOrder is PASSED

2020-01-08 17:02:23 - [MESSAGE][PASSED] - web.CustomKeyword.checkListAscendingOrder is PASSED

2020-01-08 17:02:23 - [TEST_STEP][FAILED] - verifyEqual(isSorted, true): Unable to verify equal between actual object 'false' and expected object 'true' (Root cause: com.kms.katalon.core.exception.StepFailedException: Actual object 'false' and expected object 'true' are not equal
	at com.kms.katalon.core.keyword.builtin.VerifyEqualKeyword$_verifyEqual_closure1.doCall(VerifyEqualKeyword.groovy:58)
	at com.kms.katalon.core.keyword.builtin.VerifyEqualKeyword$_verifyEqual_closure1.call(VerifyEqualKeyword.groovy)
	at com.kms.katalon.core.keyword.internal.KeywordMain.runKeyword(KeywordMain.groovy:68)
	at com.kms.katalon.core.keyword.builtin.VerifyEqualKeyword.verifyEqual(VerifyEqualKeyword.groovy:63)
	at com.kms.katalon.core.keyword.builtin.VerifyEqualKeyword.execute(VerifyEqualKeyword.groovy:44)
	at com.kms.katalon.core.keyword.internal.KeywordExecutor.executeKeywordForPlatform(KeywordExecutor.groovy:72)
	at com.kms.katalon.core.keyword.BuiltinKeywords.verifyEqual(BuiltinKeywords.groovy:141)
	at TC_010_VerifyAccounts_tab_Sorting.run(TC_010_VerifyAccounts_tab_Sorting:37)
	at com.kms.katalon.core.main.ScriptEngine.run(ScriptEngine.java:194)
	at com.kms.katalon.core.main.ScriptEngine.runScriptAsRawText(ScriptEngine.java:119)
	at com.kms.katalon.core.main.TestCaseExecutor.runScript(TestCaseExecutor.java:337)
	at com.kms.katalon.core.main.TestCaseExecutor.doExecute(TestCaseExecutor.java:328)
	at com.kms.katalon.core.main.TestCaseExecutor.processExecutionPhase(TestCaseExecutor.java:307)
	at com.kms.katalon.core.main.TestCaseExecutor.accessMainPhase(TestCaseExecutor.java:299)
	at com.kms.katalon.core.main.TestCaseExecutor.execute(TestCaseExecutor.java:233)
	at com.kms.katalon.core.main.TestSuiteExecutor.accessTestCaseMainPhase(TestSuiteExecutor.java:169)
	at com.kms.katalon.core.main.TestSuiteExecutor.accessTestSuiteMainPhase(TestSuiteExecutor.java:142)
	at com.kms.katalon.core.main.TestSuiteExecutor.execute(TestSuiteExecutor.java:91)
	at com.kms.katalon.core.main.TestCaseMain.startTestSuite(TestCaseMain.java:157)
	at com.kms.katalon.core.main.TestCaseMain$startTestSuite$0.call(Unknown Source)
	at TempTestSuite1578483063719.run(TempTestSuite1578483063719.groovy:36)
)

2020-01-08 17:02:23 - [MESSAGE][FAILED] - Unable to verify equal between actual object 'false' and expected object 'true' (Root cause: com.kms.katalon.core.exception.StepFailedException: Actual object 'false' and expected object 'true' are not equal
	at com.kms.katalon.core.keyword.builtin.VerifyEqualKeyword$_verifyEqual_closure1.doCall(VerifyEqualKeyword.groovy:58)
	at com.kms.katalon.core.keyword.builtin.VerifyEqualKeyword$_verifyEqual_closure1.call(VerifyEqualKeyword.groovy)
	at com.kms.katalon.core.keyword.internal.KeywordMain.runKeyword(KeywordMain.groovy:68)
	at com.kms.katalon.core.keyword.builtin.VerifyEqualKeyword.verifyEqual(VerifyEqualKeyword.groovy:63)
	at com.kms.katalon.core.keyword.builtin.VerifyEqualKeyword.execute(VerifyEqualKeyword.groovy:44)
	at com.kms.katalon.core.keyword.internal.KeywordExecutor.executeKeywordForPlatform(KeywordExecutor.groovy:72)
	at com.kms.katalon.core.keyword.BuiltinKeywords.verifyEqual(BuiltinKeywords.groovy:141)
	at TC_010_VerifyAccounts_tab_Sorting.run(TC_010_VerifyAccounts_tab_Sorting:37)
	at com.kms.katalon.core.main.ScriptEngine.run(ScriptEngine.java:194)
	at com.kms.katalon.core.main.ScriptEngine.runScriptAsRawText(ScriptEngine.java:119)
	at com.kms.katalon.core.main.TestCaseExecutor.runScript(TestCaseExecutor.java:337)
	at com.kms.katalon.core.main.TestCaseExecutor.doExecute(TestCaseExecutor.java:328)
	at com.kms.katalon.core.main.TestCaseExecutor.processExecutionPhase(TestCaseExecutor.java:307)
	at com.kms.katalon.core.main.TestCaseExecutor.accessMainPhase(TestCaseExecutor.java:299)
	at com.kms.katalon.core.main.TestCaseExecutor.execute(TestCaseExecutor.java:233)
	at com.kms.katalon.core.main.TestSuiteExecutor.accessTestCaseMainPhase(TestSuiteExecutor.java:169)
	at com.kms.katalon.core.main.TestSuiteExecutor.accessTestSuiteMainPhase(TestSuiteExecutor.java:142)
	at com.kms.katalon.core.main.TestSuiteExecutor.execute(TestSuiteExecutor.java:91)
	at com.kms.katalon.core.main.TestCaseMain.startTestSuite(TestCaseMain.java:157)
	at com.kms.katalon.core.main.TestCaseMain$startTestSuite$0.call(Unknown Source)
	at TempTestSuite1578483063719.run(TempTestSuite1578483063719.groovy:36)
)

2020-01-08 17:02:23 - [TEST_STEP][PASSED] - click(findTestObject("Swicther/closeIcon")): Object: 'Object Repository/Swicther/closeIcon' is clicked on

2020-01-08 17:02:24 - [MESSAGE][PASSED] - Object: 'Object Repository/Swicther/closeIcon' is clicked on

2020-01-08 17:02:24 - [TEST_STEP][PASSED] - Start listener action : sampleAfterTestCase: Taking screenshot successfully

2020-01-08 17:02:24 - [TEST_STEP][PASSED] - println(testCaseContext.getTestCaseId()): null

2020-01-08 17:02:24 - [TEST_STEP][PASSED] - println(testCaseContext.getTestCaseStatus()): null

2020-01-08 17:02:24 - [TEST_STEP][PASSED] - println("On Failure Method is Calling : " + testCaseContext.getTestCaseStatus()): null

2020-01-08 17:02:24 - [TEST_STEP][PASSED] - if (!(getTestCaseStatus().equalsIgnoreCase("PASSED"))): Taking screenshot successfully

2020-01-08 17:02:25 - [MESSAGE][PASSED] - Taking screenshot successfully
[[ATTACHMENT|D:\\TestDataForSampleProject\\test1.jpg]]

2020-01-08 17:02:27 - [TEST_STEP][PASSED] - Video: Video recording for test case 'Test Cases/Atlas Platform/OnBoard/Swicther/TC_010_VerifyAccounts_tab_Sorting' .

2020-01-08 17:02:27 - [MESSAGE][INFO] - Video recording for test case 'Test Cases/Atlas Platform/OnBoard/Swicther/TC_010_VerifyAccounts_tab_Sorting' .
[[ATTACHMENT|C:\\Users\\Dell\\git\\GSMProject\\Reports\\20200108_170059\\SwitcherTestSuite\\20200108_170059/videos\\test_11.avi]]]]></system-out>
         <system-err><![CDATA[2020-01-08 17:02:20 - [TEST_CASE][FAILED] - Test Cases/Atlas Platform/OnBoard/Swicther/TC_010_VerifyAccounts_tab_Sorting: Test Cases/Atlas Platform/OnBoard/Swicther/TC_010_VerifyAccounts_tab_Sorting FAILED.
Reason:
com.kms.katalon.core.exception.StepFailedException: Unable to verify equal between actual object 'false' and expected object 'true' (Root cause: com.kms.katalon.core.exception.StepFailedException: Actual object 'false' and expected object 'true' are not equal
	at com.kms.katalon.core.keyword.builtin.VerifyEqualKeyword$_verifyEqual_closure1.doCall(VerifyEqualKeyword.groovy:58)
	at com.kms.katalon.core.keyword.builtin.VerifyEqualKeyword$_verifyEqual_closure1.call(VerifyEqualKeyword.groovy)
	at com.kms.katalon.core.keyword.internal.KeywordMain.runKeyword(KeywordMain.groovy:68)
	at com.kms.katalon.core.keyword.builtin.VerifyEqualKeyword.verifyEqual(VerifyEqualKeyword.groovy:63)
	at com.kms.katalon.core.keyword.builtin.VerifyEqualKeyword.execute(VerifyEqualKeyword.groovy:44)
	at com.kms.katalon.core.keyword.internal.KeywordExecutor.executeKeywordForPlatform(KeywordExecutor.groovy:72)
	at com.kms.katalon.core.keyword.BuiltinKeywords.verifyEqual(BuiltinKeywords.groovy:141)
	at TC_010_VerifyAccounts_tab_Sorting.run(TC_010_VerifyAccounts_tab_Sorting:37)
	at com.kms.katalon.core.main.ScriptEngine.run(ScriptEngine.java:194)
	at com.kms.katalon.core.main.ScriptEngine.runScriptAsRawText(ScriptEngine.java:119)
	at com.kms.katalon.core.main.TestCaseExecutor.runScript(TestCaseExecutor.java:337)
	at com.kms.katalon.core.main.TestCaseExecutor.doExecute(TestCaseExecutor.java:328)
	at com.kms.katalon.core.main.TestCaseExecutor.processExecutionPhase(TestCaseExecutor.java:307)
	at com.kms.katalon.core.main.TestCaseExecutor.accessMainPhase(TestCaseExecutor.java:299)
	at com.kms.katalon.core.main.TestCaseExecutor.execute(TestCaseExecutor.java:233)
	at com.kms.katalon.core.main.TestSuiteExecutor.accessTestCaseMainPhase(TestSuiteExecutor.java:169)
	at com.kms.katalon.core.main.TestSuiteExecutor.accessTestSuiteMainPhase(TestSuiteExecutor.java:142)
[...]

2020-01-08 17:04:33 - [TEST_STEP][PASSED] - click(findTestObject("Swicther/closeIcon")): Object: 'Object Repository/Swicther/closeIcon' is clicked on

2020-01-08 17:04:34 - [MESSAGE][PASSED] - Object: 'Object Repository/Swicther/closeIcon' is clicked on

2020-01-08 17:04:34 - [TEST_STEP][PASSED] - Start listener action : sampleAfterTestCase: null

2020-01-08 17:04:34 - [TEST_STEP][PASSED] - println(testCaseContext.getTestCaseId()): null

2020-01-08 17:04:34 - [TEST_STEP][PASSED] - println(testCaseContext.getTestCaseStatus()): null

2020-01-08 17:04:34 - [TEST_STEP][PASSED] - println("On Failure Method is Calling : " + testCaseContext.getTestCaseStatus()): null

2020-01-08 17:04:34 - [TEST_STEP][PASSED] - if (!(getTestCaseStatus().equalsIgnoreCase("PASSED"))): null]]></system-out>
         <system-err><![CDATA[]]></system-err>
      </testcase>
      <testcase name="Test Cases/Atlas Platform/OnBoard/Swicther/TC_033_Verify_Clear_Icon_Present" time="4.135" classname="Test Cases/Atlas Platform/OnBoard/Swicther/TC_033_Verify_Clear_Icon_Present" status="PASSED">
         <system-out><![CDATA[2020-01-08 17:04:36 - [TEST_CASE][PASSED] - Test Cases/Atlas Platform/OnBoard/Swicther/TC_033_Verify_Clear_Icon_Present: Test Cases/Atlas Platform/OnBoard/Swicther/TC_033_Verify_Clear_Icon_Present

2020-01-08 17:04:36 - [TEST_STEP][NOT_RUN] - callTestCase(findTestCase("Atlas Platform/OnBoard/Login/LoginWithRootAdmin"), [:], STOP_ON_FAILURE): NOT_RUN: callTestCase(findTestCase("Atlas Platform/OnBoard/Login/LoginWithRootAdmin"), [:], STOP_ON_FAILURE)

2020-01-08 17:04:36 - [MESSAGE][NOT_RUN] - NOT_RUN: callTestCase(findTestCase("Atlas Platform/OnBoard/Login/LoginWithRootAdmin"), [:], STOP_ON_FAILURE)

2020-01-08 17:04:36 - [TEST_STEP][PASSED] - click(findTestObject("Swicther/swicthermenutext")): Object: 'Object Repository/Swicther/swicthermenutext' is clicked on

2020-01-08 17:04:36 - [MESSAGE][PASSED] - Object: 'Object Repository/Swicther/swicthermenutext' is clicked on

2020-01-08 17:04:36 - [TEST_STEP][PASSED] - click(findTestObject("Swicther/search_in_swicther")): Object: 'Object Repository/Swicther/search_in_swicther' is clicked on

2020-01-08 17:04:37 - [MESSAGE][PASSED] - Object: 'Object Repository/Swicther/search_in_swicther' is clicked on

2020-01-08 17:04:37 - [TEST_STEP][PASSED] - verifyElementPresent(findTestObject("Swicther/Swicther_Search_Clear_Icon"), 0): Object 'Object Repository/Swicther/Swicther_Search_Clear_Icon' is present

2020-01-08 17:04:37 - [MESSAGE][WARNING] - Timeout '0' is invalid. Using default page load timeout: '230'

2020-01-08 17:04:37 - [MESSAGE][PASSED] - Object 'Object Repository/Swicther/Swicther_Search_Clear_Icon' is present

2020-01-08 17:04:37 - [TEST_STEP][PASSED] - click(findTestObject("Swicther/closeIcon")): Object: 'Object Repository/Swicther/closeIcon' is clicked on

2020-01-08 17:04:38 - [MESSAGE][PASSED] - Object: 'Object Repository/Swicther/closeIcon' is clicked on

2020-01-08 17:04:38 - [TEST_STEP][PASSED] - Start listener action : sampleAfterTestCase: null

2020-01-08 17:04:38 - [TEST_STEP][PASSED] - println(testCaseContext.getTestCaseId()): null

2020-01-08 17:04:38 - [TEST_STEP][PASSED] - println(testCaseContext.getTestCaseStatus()): null

2020-01-08 17:04:38 - [TEST_STEP][PASSED] - println("On Failure Method is Calling : " + testCaseContext.getTestCaseStatus()): null

2020-01-08 17:04:38 - [TEST_STEP][PASSED] - if (!(getTestCaseStatus().equalsIgnoreCase("PASSED"))): null]]></system-out>
         <system-err><![CDATA[]]></system-err>
      </testcase>
      <testcase name="Test Cases/Atlas Platform/OnBoard/Swicther/TC_034_Validate_Clear_Opt_On_Search_Box" time="51.169" classname="Test Cases/Atlas Platform/OnBoard/Swicther/TC_034_Validate_Clear_Opt_On_Search_Box" status="PASSED">
         <system-out><![CDATA[2020-01-08 17:04:40 - [TEST_CASE][PASSED] - Test Cases/Atlas Platform/OnBoard/Swicther/TC_034_Validate_Clear_Opt_On_Search_Box: Test Cases/Atlas Platform/OnBoard/Swicther/TC_034_Validate_Clear_Opt_On_Search_Box

2020-01-08 17:04:40 - [TEST_STEP][NOT_RUN] - callTestCase(findTestCase("Atlas Platform/OnBoard/Login/LoginWithRootAdmin"), [:], STOP_ON_FAILURE): NOT_RUN: callTestCase(findTestCase("Atlas Platform/OnBoard/Login/LoginWithRootAdmin"), [:], STOP_ON_FAILURE)

2020-01-08 17:04:40 - [MESSAGE][NOT_RUN] - NOT_RUN: callTestCase(findTestCase("Atlas Platform/OnBoard/Login/LoginWithRootAdmin"), [:], STOP_ON_FAILURE)

2020-01-08 17:04:40 - [TEST_STEP][PASSED] - click(findTestObject("Swicther/swicthermenutext")): Object: 'Object Repository/Swicther/swicthermenutext' is clicked on

2020-01-08 17:04:40 - [MESSAGE][PASSED] - Object: 'Object Repository/Swicther/swicthermenutext' is clicked on

2020-01-08 17:04:40 - [TEST_STEP][PASSED] - click(findTestObject("Swicther/search_in_swicther")): Object: 'Object Repository/Swicther/search_in_swicther' is clicked on

2020-01-08 17:05:26 - [MESSAGE][PASSED] - Object: 'Object Repository/Swicther/search_in_swicther' is clicked on

2020-01-08 17:05:26 - [TEST_STEP][PASSED] - setText(findTestObject("Swicther/Swicher_Search_box"), web.CustomKeyword.randomEmailIDGenerator()): Text 'mwpvk@yopmail.com' is set on object 'Object Repository/Swicther/Swicher_Search_box'

2020-01-08 17:05:27 - [MESSAGE][PASSED] - web.CustomKeyword.randomEmailIDGenerator is PASSED

2020-01-08 17:05:27 - [MESSAGE][PASSED] - Text 'mwpvk@yopmail.com' is set on object 'Object Repository/Swicther/Swicher_Search_box'

2020-01-08 17:05:27 - [TEST_STEP][PASSED] - beforClearSearchBox = getAttribute(findTestObject("Swicther/Swicher_Search_box"), "value"): Attribute 'value' of object 'Object Repository/Swicther/Swicher_Search_box' is: 'mwpvk@yopmail.com'

2020-01-08 17:05:28 - [MESSAGE][PASSED] - Attribute 'value' of object 'Object Repository/Swicther/Swicher_Search_box' is: 'mwpvk@yopmail.com'

2020-01-08 17:05:28 - [TEST_STEP][PASSED] - click(findTestObject("Swicther/Swicther_Search_Clear_Icon")): Object: 'Object Repository/Swicther/Swicther_Search_Clear_Icon' is clicked on

2020-01-08 17:05:28 - [MESSAGE][PASSED] - Object: 'Object Repository/Swicther/Swicther_Search_Clear_Icon' is clicked on

2020-01-08 17:05:28 - [TEST_STEP][PASSED] - afterClearSearchBox = getAttribute(findTestObject("Swicther/Swicher_Search_box"), "value"): Attribute 'value' of object 'Object Repository/Swicther/Swicher_Search_box' is: ''

2020-01-08 17:05:29 - [MESSAGE][PASSED] - Attribute 'value' of object 'Object Repository/Swicther/Swicher_Search_box' is: ''

2020-01-08 17:05:29 - [TEST_STEP][PASSED] - verifyNotEqual(afterClearSearchBox, beforClearSearchBox): Actual object '' and expected object 'mwpvk@yopmail.com' are not equal

2020-01-08 17:05:29 - [MESSAGE][PASSED] - Actual object '' and expected object 'mwpvk@yopmail.com' are not equal

2020-01-08 17:05:29 - [TEST_STEP][PASSED] - click(findTestObject("Swicther/closeIcon")): Object: 'Object Repository/Swicther/closeIcon' is clicked on

2020-01-08 17:05:29 - [MESSAGE][PASSED] - Object: 'Object Repository/Swicther/closeIcon' is clicked on

2020-01-08 17:05:29 - [TEST_STEP][PASSED] - Start listener action : sampleAfterTestCase: null

2020-01-08 17:05:29 - [TEST_STEP][PASSED] - println(testCaseContext.getTestCaseId()): null

2020-01-08 17:05:29 - [TEST_STEP][PASSED] - println(testCaseContext.getTestCaseStatus()): null

2020-01-08 17:05:29 - [TEST_STEP][PASSED] - println("On Failure Method is Calling : " + testCaseContext.getTestCaseStatus()): null

2020-01-08 17:05:29 - [TEST_STEP][PASSED] - if (!(getTestCaseStatus().equalsIgnoreCase("PASSED"))): null]]></system-out>
         <system-err><![CDATA[]]></system-err>
      </testcase>
      <testcase name="Test Cases/Atlas Platform/OnBoard/Swicther/TC_099_Close_Common_Browser" time="3.677" classname="Test Cases/Atlas Platform/OnBoard/Swicther/TC_099_Close_Common_Browser" status="PASSED">
         <system-out><![CDATA[2020-01-08 17:05:31 - [TEST_CASE][PASSED] - Test Cases/Atlas Platform/OnBoard/Swicther/TC_099_Close_Common_Browser: Test Cases/Atlas Platform/OnBoard/Swicther/TC_099_Close_Common_Browser

2020-01-08 17:05:31 - [TEST_STEP][PASSED] - closeBrowser(): Browser is closed

2020-01-08 17:05:33 - [MESSAGE][PASSED] - Browser is closed

2020-01-08 17:05:33 - [TEST_STEP][PASSED] - Start listener action : sampleAfterTestCase: null

2020-01-08 17:05:33 - [TEST_STEP][PASSED] - println(testCaseContext.getTestCaseId()): null

2020-01-08 17:05:33 - [TEST_STEP][PASSED] - println(testCaseContext.getTestCaseStatus()): null

2020-01-08 17:05:33 - [TEST_STEP][PASSED] - println("On Failure Method is Calling : " + testCaseContext.getTestCaseStatus()): null

2020-01-08 17:05:33 - [TEST_STEP][PASSED] - if (!(getTestCaseStatus().equalsIgnoreCase("PASSED"))): null]]></system-out>
         <system-err><![CDATA[]]></system-err>
      </testcase>
      <system-out><![CDATA[2020-01-08 17:01:13 - [TEST_SUITE][FAILED] - SwitcherTestSuite: Test Cases/Atlas Platform/OnBoard/Swicther/TC_002_ChecksSwictherMenuAttributes FAILED.
Reason:
com.kms.katalon.core.exception.StepFailedException: Actual text 'favorites' and expected text 'Favorites' of test object 'Object Repository/Swicther/favorites_tabs_swicther' are NOT matched. (Root cause: com.kms.katalon.core.exception.StepFailedException: Actual text 'favorites' and expected text 'Favorites' of test object 'Object Repository/Swicther/favorites_tabs_swicther' are NOT matched.
	at com.kms.katalon.core.webui.keyword.internal.WebUIKeywordMain.stepFailed(WebUIKeywordMain.groovy:64)
	at com.kms.katalon.core.webui.keyword.builtin.VerifyElementTextKeyword$_verifyElementText_closure1.doCall(VerifyElementTextKeyword.groovy:57)
	at com.kms.katalon.core.webui.keyword.builtin.VerifyElementTextKeyword$_verifyElementText_closure1.call(VerifyElementTextKeyword.groovy)
	at com.kms.katalon.core.webui.keyword.internal.WebUIKeywordMain.runKeyword(WebUIKeywordMain.groovy:20)
	at com.kms.katalon.core.webui.keyword.builtin.VerifyElementTextKeyword.verifyElementText(VerifyElementTextKeyword.groovy:72)
	at com.kms.katalon.core.webui.keyword.builtin.VerifyElementTextKeyword.execute(VerifyElementTextKeyword.groovy:40)
	at com.kms.katalon.core.keyword.internal.KeywordExecutor.executeKeywordForPlatform(KeywordExecutor.groovy:72)
	at com.kms.katalon.core.webui.keyword.WebUiBuiltInKeywords.verifyElementText(WebUiBuiltInKeywords.groovy:3663)
	at com.kms.katalon.core.webui.keyword.WebUiBuiltInKeywords$verifyElementText$6.call(Unknown Source)
	at TC_002_ChecksSwictherMenuAttributes.run(TC_002_ChecksSwictherMenuAttributes:28)
	at com.kms.katalon.core.main.ScriptEngine.run(ScriptEngine.java:194)
	at com.kms.katalon.core.main.ScriptEngine.runScriptAsRawText(ScriptEngine.java:119)
	at com.kms.katalon.core.main.TestCaseExecutor.runScript(TestCaseExecutor.java:337)
	at com.kms.katalon.core.main.TestCaseExecutor.doExecute(TestCaseExecutor.java:328)
	at com.kms.katalon.core.main.TestCaseExecutor.processExecutionPhase(TestCaseExecutor.java:307)
	at com.kms.katalon.core.main.TestCaseExecutor.accessMainPhase(TestCaseExecutor.java:299)
	at com.kms.katalon.core.main.TestCaseExecutor.execute(TestCaseExecutor.java:233)
	at com.kms.katalon.core.main.TestSuiteExecutor.accessTestCaseMainPhase(TestSuiteExecutor.java:169)
	at com.kms.katalon.core.main.TestSuiteExecutor.accessTestSuiteMainPhase(TestSuiteExecutor.java:142)
	at com.kms.katalon.core.main.TestSuiteExecutor.execute(TestSuiteExecutor.java:91)
	at com.kms.katalon.core.main.TestCaseMain.startTestSuite(TestCaseMain.java:157)
	at com.kms.katalon.core.main.TestCaseMain$startTestSuite$0.call(Unknown Source)
	at TempTestSuite1578483063719.run(TempTestSuite1578483063719.groovy:36)
)
	at com.kms.katalon.core.keyword.internal.KeywordMain.stepFailed(KeywordMain.groovy:39)
	at com.kms.katalon.core.webui.keyword.internal.WebUIKeywordMain.stepFailed(WebUIKeywordMain.groovy:64)
	at com.kms.katalon.core.webui.keyword.builtin.VerifyElementTextKeyword$_verifyElementText_closure1.doCall(VerifyElementTextKeyword.groovy:57)
	at com.kms.katalon.core.webui.keyword.builtin.VerifyElementTextKeyword$_verifyElementText_closure1.call(VerifyElementTextKeyword.groovy)
	at com.kms.katalon.core.webui.keyword.internal.WebUIKeywordMain.runKeyword(WebUIKeywordMain.groovy:20)
	at com.kms.katalon.core.webui.keyword.builtin.VerifyElementTextKeyword.verifyElementText(VerifyElementTextKeyword.groovy:72)
	at com.kms.katalon.core.webui.keyword.builtin.VerifyElementTextKeyword.execute(VerifyElementTextKeyword.groovy:40)
	at com.kms.katalon.core.keyword.internal.KeywordExecutor.executeKeywordForPlatform(KeywordExecutor.groovy:72)
	at com.kms.katalon.core.webui.keyword.WebUiBuiltInKeywords.verifyElementText(WebUiBuiltInKeywords.groovy:3663)
	at com.kms.katalon.core.webui.keyword.WebUiBuiltInKeywords$verifyElementText$6.call(Unknown Source)
	at TC_002_ChecksSwictherMenuAttributes.run(TC_002_ChecksSwictherMenuAttributes:28)
	at com.kms.katalon.core.main.ScriptEngine.run(ScriptEngine.java:194)
	at com.kms.katalon.core.main.ScriptEngine.runScriptAsRawText(ScriptEngine.java:119)
	at com.kms.katalon.core.main.TestCaseExecutor.runScript(TestCaseExecutor.java:337)
	at com.kms.katalon.core.main.TestCaseExecutor.doExecute(TestCaseExecutor.java:328)
	at com.kms.katalon.core.main.TestCaseExecutor.processExecutionPhase(TestCaseExecutor.java:307)
	at com.kms.katalon.core.main.TestCaseExecutor.accessMainPhase(TestCaseExecutor.java:299)
	at com.kms.katalon.core.main.TestCaseExecutor.execute(TestCaseExecutor.java:233)
	at com.kms.katalon.core.main.TestSuiteExecutor.accessTestCaseMainPhase(TestSuiteExecutor.java:169)
	at com.kms.katalon.core.main.TestSuiteExecutor.accessTestSuiteMainPhase(TestSuiteExecutor.java:142)
	at com.kms.katalon.core.main.TestSuiteExecutor.execute(TestSuiteExecutor.java:91)
	at com.kms.katalon.core.main.TestCaseMain.startTestSuite(TestCaseMain.java:157)
	at com.kms.katalon.core.main.TestCaseMain$startTestSuite$0.call(Unknown Source)
	at TempTestSuite1578483063719.run(TempTestSuite1578483063719.groovy:36)
Caused by: com.kms.katalon.core.exception.StepFailedException: Actual text 'favorites' and expected text 'Favorites' of test object 'Object Repository/Swicther/favorites_tabs_swicther' are NOT matched.
	... 23 more]]></system-out>
      <system-err><![CDATA[2020-01-08 17:01:13 - [TEST_SUITE][FAILED] - SwitcherTestSuite: Test Cases/Atlas Platform/OnBoard/Swicther/TC_002_ChecksSwictherMenuAttributes FAILED.
Reason:
com.kms.katalon.core.exception.StepFailedException: Actual text 'favorites' and expected text 'Favorites' of test object 'Object Repository/Swicther/favorites_tabs_swicther' are NOT matched. (Root cause: com.kms.katalon.core.exception.StepFailedException: Actual text 'favorites' and expected text 'Favorites' of test object 'Object Repository/Swicther/favorites_tabs_swicther' are NOT matched.
	at com.kms.katalon.core.webui.keyword.internal.WebUIKeywordMain.stepFailed(WebUIKeywordMain.groovy:64)
	at com.kms.katalon.core.webui.keyword.builtin.VerifyElementTextKeyword$_verifyElementText_closure1.doCall(VerifyElementTextKeyword.groovy:57)
	at com.kms.katalon.core.webui.keyword.builtin.VerifyElementTextKeyword$_verifyElementText_closure1.call(VerifyElementTextKeyword.groovy)
	at com.kms.katalon.core.webui.keyword.internal.WebUIKeywordMain.runKeyword(WebUIKeywordMain.groovy:20)
	at com.kms.katalon.core.webui.keyword.builtin.VerifyElementTextKeyword.verifyElementText(VerifyElementTextKeyword.groovy:72)
	at com.kms.katalon.core.webui.keyword.builtin.VerifyElementTextKeyword.execute(VerifyElementTextKeyword.groovy:40)
	at com.kms.katalon.core.keyword.internal.KeywordExecutor.executeKeywordForPlatform(KeywordExecutor.groovy:72)
	at com.kms.katalon.core.webui.keyword.WebUiBuiltInKeywords.verifyElementText(WebUiBuiltInKeywords.groovy:3663)
	at com.kms.katalon.core.webui.keyword.WebUiBuiltInKeywords$verifyElementText$6.call(Unknown Source)
	at TC_002_ChecksSwictherMenuAttributes.run(TC_002_ChecksSwictherMenuAttributes:28)
	at com.kms.katalon.core.main.ScriptEngine.run(ScriptEngine.java:194)
	at com.kms.katalon.core.main.ScriptEngine.runScriptAsRawText(ScriptEngine.java:119)
	at com.kms.katalon.core.main.TestCaseExecutor.runScript(TestCaseExecutor.java:337)
	at com.kms.katalon.core.main.TestCaseExecutor.doExecute(TestCaseExecutor.java:328)
	at com.kms.katalon.core.main.TestCaseExecutor.processExecutionPhase(TestCaseExecutor.java:307)
	at com.kms.katalon.core.main.TestCaseExecutor.accessMainPhase(TestCaseExecutor.java:299)
	at com.kms.katalon.core.main.TestCaseExecutor.execute(TestCaseExecutor.java:233)
	at com.kms.katalon.core.main.TestSuiteExecutor.accessTestCaseMainPhase(TestSuiteExecutor.java:169)
	at com.kms.katalon.core.main.TestSuiteExecutor.accessTestSuiteMainPhase(TestSuiteExecutor.java:142)
	at com.kms.katalon.core.main.TestSuiteExecutor.execute(TestSuiteExecutor.java:91)
	at com.kms.katalon.core.main.TestCaseMain.startTestSuite(TestCaseMain.java:157)
	at com.kms.katalon.core.main.TestCaseMain$startTestSuite$0.call(Unknown Source)
	at TempTestSuite1578483063719.run(TempTestSuite1578483063719.groovy:36)
)
	at com.kms.katalon.core.keyword.internal.KeywordMain.stepFailed(KeywordMain.groovy:39)
	at com.kms.katalon.core.webui.keyword.internal.WebUIKeywordMain.stepFailed(WebUIKeywordMain.groovy:64)
	at com.kms.katalon.core.webui.keyword.builtin.VerifyElementTextKeyword$_verifyElementText_closure1.doCall(VerifyElementTextKeyword.groovy:57)
	at com.kms.katalon.core.webui.keyword.builtin.VerifyElementTextKeyword$_verifyElementText_closure1.call(VerifyElementTextKeyword.groovy)
	at com.kms.katalon.core.webui.keyword.internal.WebUIKeywordMain.runKeyword(WebUIKeywordMain.groovy:20)
	at com.kms.katalon.core.webui.keyword.builtin.VerifyElementTextKeyword.verifyElementText(VerifyElementTextKeyword.groovy:72)
	at com.kms.katalon.core.webui.keyword.builtin.VerifyElementTextKeyword.execute(VerifyElementTextKeyword.groovy:40)
	at com.kms.katalon.core.keyword.internal.KeywordExecutor.executeKeywordForPlatform(KeywordExecutor.groovy:72)
	at com.kms.katalon.core.webui.keyword.WebUiBuiltInKeywords.verifyElementText(WebUiBuiltInKeywords.groovy:3663)
	at com.kms.katalon.core.webui.keyword.WebUiBuiltInKeywords$verifyElementText$6.call(Unknown Source)
	at TC_002_ChecksSwictherMenuAttributes.run(TC_002_ChecksSwictherMenuAttributes:28)
	at com.kms.katalon.core.main.ScriptEngine.run(ScriptEngine.java:194)
	at com.kms.katalon.core.main.ScriptEngine.runScriptAsRawText(ScriptEngine.java:119)
	at com.kms.katalon.core.main.TestCaseExecutor.runScript(TestCaseExecutor.java:337)
	at com.kms.katalon.core.main.TestCaseExecutor.doExecute(TestCaseExecutor.java:328)
	at com.kms.katalon.core.main.TestCaseExecutor.processExecutionPhase(TestCaseExecutor.java:307)
	at com.kms.katalon.core.main.TestCaseExecutor.accessMainPhase(TestCaseExecutor.java:299)
	at com.kms.katalon.core.main.TestCaseExecutor.execute(TestCaseExecutor.java:233)
	at com.kms.katalon.core.main.TestSuiteExecutor.accessTestCaseMainPhase(TestSuiteExecutor.java:169)
	at com.kms.katalon.core.main.TestSuiteExecutor.accessTestSuiteMainPhase(TestSuiteExecutor.java:142)
	at com.kms.katalon.core.main.TestSuiteExecutor.execute(TestSuiteExecutor.java:91)
	at com.kms.katalon.core.main.TestCaseMain.startTestSuite(TestCaseMain.java:157)
	at com.kms.katalon.core.main.TestCaseMain$startTestSuite$0.call(Unknown Source)
	at TempTestSuite1578483063719.run(TempTestSuite1578483063719.groovy:36)
Caused by: com.kms.katalon.core.exception.StepFailedException: Actual text 'favorites' and expected text 'Favorites' of test object 'Object Repository/Swicther/favorites_tabs_swicther' are NOT matched.
	... 23 more]]></system-err>
   </testsuite>
</testsuites>
