<?xml version="1.0" encoding="UTF-8"?>
<testsuites name="SwitcherTestSuite" time="237.53" tests="23" failures="0" errors="0">
   <testsuite name="SwitcherTestSuite" tests="23" failures="0" errors="0" time="237.53" timestamp="2020-03-12 17:33:17" hostname="Dell - DESKTOP-8FKLJ50" id="Test Suites/Switcher/SwitcherTestSuite">
      <properties>
         <property name="deviceName" value=""/>
         <property name="devicePlatform" value=""/>
         <property name="logFolder" value="C:\\Users\\Dell\\git\\AtlasPlatform_QA\\Reports\\20200312_173303\\Switcher\\SwitcherTestSuite\\20200312_173303"/>
         <property name="logFiles" value="C:\\Users\\Dell\\git\\AtlasPlatform_QA\\Reports\\20200312_173303\\Switcher\\SwitcherTestSuite\\20200312_173303\\execution0.log"/>
         <property name="attachments" value=""/>
         <property name="hostName" value="Dell - DESKTOP-8FKLJ50"/>
         <property name="os" value="Windows 10 64bit"/>
         <property name="katalonVersion" value="7.2.1.1"/>
         <property name="browser" value="Chrome 80.0.3987.132"/>
         <property name="dbServerInfo" value="MySQL 5.7.22-log"/>
         <property name="hostAddress" value="10.0.75.1"/>
         <property name="sessionId" value="3c365af328466a4b9cf04ec309ef5835"/>
         <property name="seleniumVersion" value="3.141.59"/>
         <property name="proxyInformation" value="ProxyInformation{proxyOption=NO_PROXY, proxyServerType=HTTP, password=, proxyServerAddress=, proxyServerPort=0, executionList=}"/>
         <property name="platform" value="Windows 10"/>
      </properties>
      <testcase name="Test Cases/Atlas Platform/Platform Navigation/Picker/TC_000_Common_Browser_WithLogin" time="33.22" classname="Test Cases/Atlas Platform/Platform Navigation/Picker/TC_000_Common_Browser_WithLogin" status="PASSED">
         <system-out><![CDATA[2020-03-12 17:33:18 - [TEST_CASE][PASSED] - Test Cases/Atlas Platform/Platform Navigation/Picker/TC_000_Common_Browser_WithLogin: Test Cases/Atlas Platform/Platform Navigation/Picker/TC_000_Common_Browser_WithLogin

2020-03-12 17:33:19 - [TEST_STEP][PASSED] - callTestCase(findTestCase("Atlas Platform/Platform Navigation/Login/LoginWithRootAdmin"), [:], STOP_ON_FAILURE): Call Test Case 'Test Cases/Atlas Platform/Platform Navigation/Login/LoginWithRootAdmin' successfully

2020-03-12 17:33:19 - [TEST_CASE][PASSED] - Test Cases/Atlas Platform/Platform Navigation/Login/LoginWithRootAdmin: Test Cases/Atlas Platform/Platform Navigation/Login/LoginWithRootAdmin

2020-03-12 17:33:20 - [TEST_STEP][PASSED] - openBrowser(""): Browser is opened with url: ''

2020-03-12 17:33:21 - [MESSAGE][INFO] - Starting 'Chrome' driver

2020-03-12 17:33:21 - [MESSAGE][INFO] - User set preference: ['args', '[--start-maximized, --disable-web-security, --no-proxy-server]']

2020-03-12 17:33:21 - [MESSAGE][INFO] - User set preference: ['prefs', '{credentials_enable_service=false, profile.password_manager_enabled=false}']

2020-03-12 17:33:21 - [MESSAGE][INFO] - Action delay is set to 0 seconds

2020-03-12 17:33:29 - [MESSAGE][PASSED] - Browser is opened with url: ''

2020-03-12 17:33:29 - [TEST_STEP][NOT_RUN] - callTestCase(findTestCase("Atlas Platform/Platform Navigation/Login/Default Logins/TC_100_ForSecurityURLSAcceptance"), [:], CONTINUE_ON_FAILURE): NOT_RUN: callTestCase(findTestCase("Atlas Platform/Platform Navigation/Login/Default Logins/TC_100_ForSecurityURLSAcceptance"), [:], CONTINUE_ON_FAILURE)

2020-03-12 17:33:29 - [MESSAGE][NOT_RUN] - NOT_RUN: callTestCase(findTestCase("Atlas Platform/Platform Navigation/Login/Default Logins/TC_100_ForSecurityURLSAcceptance"), [:], CONTINUE_ON_FAILURE)

2020-03-12 17:33:29 - [TEST_STEP][PASSED] - navigateToUrl("https://atlas-dev.gsm.auto/"): Navigate to 'https://atlas-dev.gsm.auto/' successfully

2020-03-12 17:33:40 - [MESSAGE][PASSED] - Navigate to 'https://atlas-dev.gsm.auto/' successfully

2020-03-12 17:33:40 - [TEST_STEP][PASSED] - setText(findTestObject("Object Repository/LoginPage/loginpageemailtxtbox"), user_Email): Text 'navaraj@totient.co.in' is set on object 'Object Repository/LoginPage/loginpageemailtxtbox'

2020-03-12 17:33:41 - [MESSAGE][PASSED] - Text 'navaraj@totient.co.in' is set on object 'Object Repository/LoginPage/loginpageemailtxtbox'

2020-03-12 17:33:41 - [TEST_STEP][PASSED] - setText(findTestObject("Object Repository/LoginPage/loginpaepasswordtxtbox"), user_Password): Text 'Totient@123' is set on object 'Object Repository/LoginPage/loginpaepasswordtxtbox'

2020-03-12 17:33:42 - [MESSAGE][PASSED] - Text 'Totient@123' is set on object 'Object Repository/LoginPage/loginpaepasswordtxtbox'

2020-03-12 17:33:42 - [TEST_STEP][PASSED] - click(findTestObject("LoginPage/loginpageloginbtn")): Object: 'Object Repository/LoginPage/loginpageloginbtn' is clicked on

2020-03-12 17:33:43 - [MESSAGE][PASSED] - Object: 'Object Repository/LoginPage/loginpageloginbtn' is clicked on

2020-03-12 17:33:43 - [TEST_STEP][PASSED] - conn = com.katalon.plugin.keyword.connection.DatabaseKeywords.getGlobalConnection(): com.katalon.plugin.keyword.connection.DatabaseKeywords.getGlobalConnection is PASSED

2020-03-12 17:33:48 - [MESSAGE][PASSED] - com.katalon.plugin.keyword.connection.DatabaseKeywords.getGlobalConnection is PASSED

2020-03-12 17:33:48 - [TEST_STEP][PASSED] - resultValues1 = com.katalon.plugin.keyword.connection.DatabaseKeywords.executeQuery(conn, "SELECT * FROM atlas_config.user WHERE email ="" + user_Email + "";"): com.katalon.plugin.keyword.connection.DatabaseKeywords.executeQuery is PASSED

2020-03-12 17:33:48 - [MESSAGE][PASSED] - com.katalon.plugin.keyword.connection.DatabaseKeywords.executeQuery is PASSED

2020-03-12 17:33:48 - [TEST_STEP][PASSED] - println(com.katalon.plugin.keyword.connection.ResultSetKeywords.getSingleCellValue(resultValues1, 1, "user_id")): com.katalon.plugin.keyword.connection.ResultSetKeywords.getSingleCellValue is PASSED

2020-03-12 17:33:48 - [MESSAGE][PASSED] - com.katalon.plugin.keyword.connection.ResultSetKeywords.getSingleCellValue is PASSED

2020-03-12 17:33:48 - [TEST_STEP][PASSED] - user_id = com.katalon.plugin.keyword.connection.ResultSetKeywords.getSingleCellValue(resultValues1, 1, "user_id"): com.katalon.plugin.keyword.connection.ResultSetKeywords.getSingleCellValue is PASSED

2020-03-12 17:33:48 - [MESSAGE][PASSED] - com.katalon.plugin.keyword.connection.ResultSetKeywords.getSingleCellValue is PASSED

2020-03-12 17:33:49 - [TEST_STEP][PASSED] - println("User ID Variable value is : " + user_id): null

2020-03-12 17:33:49 - [MESSAGE][PASSED] - Call Test Case 'Test Cases/Atlas Platform/Platform Navigation/Login/LoginWithRootAdmin' successfully

2020-03-12 17:33:49 - [TEST_STEP][PASSED] - Start listener action : sampleAfterTestCase: null

2020-03-12 17:33:49 - [TEST_STEP][PASSED] - println(testCaseContext.getTestCaseId()): null

2020-03-12 17:33:49 - [TEST_STEP][PASSED] - println(testCaseContext.getTestCaseStatus()): null

2020-03-12 17:33:49 - [TEST_STEP][PASSED] - println("On Failure Method is Calling : " + testCaseContext.getTestCaseStatus()): null

2020-03-12 17:33:49 - [TEST_STEP][PASSED] - if (!(getTestCaseStatus().equalsIgnoreCase("PASSED"))): null]]></system-out>
         <system-err><![CDATA[]]></system-err>
      </testcase>
      <testcase name="Test Cases/Atlas Platform/Platform Navigation/Picker/TC_001_SwictherTextValidation" time="3.516" classname="Test Cases/Atlas Platform/Platform Navigation/Picker/TC_001_SwictherTextValidation" status="PASSED">
         <system-out><![CDATA[2020-03-12 17:33:51 - [TEST_CASE][PASSED] - Test Cases/Atlas Platform/Platform Navigation/Picker/TC_001_SwictherTextValidation: Test Cases/Atlas Platform/Platform Navigation/Picker/TC_001_SwictherTextValidation

2020-03-12 17:33:51 - [TEST_STEP][NOT_RUN] - callTestCase(findTestCase("Atlas Platform/Platform Navigation/Login/LoginWithRootAdmin"), [:], STOP_ON_FAILURE): NOT_RUN: callTestCase(findTestCase("Atlas Platform/Platform Navigation/Login/LoginWithRootAdmin"), [:], STOP_ON_FAILURE)

2020-03-12 17:33:51 - [MESSAGE][NOT_RUN] - NOT_RUN: callTestCase(findTestCase("Atlas Platform/Platform Navigation/Login/LoginWithRootAdmin"), [:], STOP_ON_FAILURE)

2020-03-12 17:33:51 - [TEST_STEP][PASSED] - verifyElementPresent(findTestObject("Swicther/swicthermenutext"), 0): Object 'Object Repository/Swicther/swicthermenutext' is present

2020-03-12 17:33:52 - [MESSAGE][WARNING] - Timeout '0' is invalid. Using default page load timeout: '230'

2020-03-12 17:33:52 - [MESSAGE][PASSED] - Object 'Object Repository/Swicther/swicthermenutext' is present

2020-03-12 17:33:52 - [TEST_STEP][PASSED] - verifyEqual(getCSSValue(findTestObject("Swicther/swicthermenutext"), "margin-right"), "6px"): Actual object '6px' and expected object '6px' are equal

2020-03-12 17:33:52 - [MESSAGE][PASSED] - Get CSS 'margin-right' value on 'Object Repository/Swicther/swicthermenutext' successfully: '6px'.

2020-03-12 17:33:52 - [MESSAGE][PASSED] - Actual object '6px' and expected object '6px' are equal

2020-03-12 17:33:52 - [TEST_STEP][PASSED] - verifyEqual(getCSSValue(findTestObject("Swicther/swicthermenutext"), "font-size"), "12px"): Actual object '12px' and expected object '12px' are equal

2020-03-12 17:33:52 - [MESSAGE][PASSED] - Get CSS 'font-size' value on 'Object Repository/Swicther/swicthermenutext' successfully: '12px'.

2020-03-12 17:33:52 - [MESSAGE][PASSED] - Actual object '12px' and expected object '12px' are equal

2020-03-12 17:33:52 - [TEST_STEP][PASSED] - Start listener action : sampleAfterTestCase: null

2020-03-12 17:33:52 - [TEST_STEP][PASSED] - println(testCaseContext.getTestCaseId()): null

2020-03-12 17:33:52 - [TEST_STEP][PASSED] - println(testCaseContext.getTestCaseStatus()): null

2020-03-12 17:33:52 - [TEST_STEP][PASSED] - println("On Failure Method is Calling : " + testCaseContext.getTestCaseStatus()): null

2020-03-12 17:33:52 - [TEST_STEP][PASSED] - if (!(getTestCaseStatus().equalsIgnoreCase("PASSED"))): null]]></system-out>
         <system-err><![CDATA[]]></system-err>
      </testcase>
      <testcase name="Test Cases/Atlas Platform/Platform Navigation/Picker/TC_005_VerifyRootTabValues" time="8.107" classname="Test Cases/Atlas Platform/Platform Navigation/Picker/TC_005_VerifyRootTabValues" status="PASSED">
         <system-out><![CDATA[2020-03-12 17:33:55 - [TEST_CASE][PASSED] - Test Cases/Atlas Platform/Platform Navigation/Picker/TC_005_VerifyRootTabValues: Test Cases/Atlas Platform/Platform Navigation/Picker/TC_005_VerifyRootTabValues

2020-03-12 17:33:55 - [TEST_STEP][NOT_RUN] - callTestCase(findTestCase("Atlas Platform/Platform Navigation/Login/LoginWithRootAdmin"), [:], STOP_ON_FAILURE): NOT_RUN: callTestCase(findTestCase("Atlas Platform/Platform Navigation/Login/LoginWithRootAdmin"), [:], STOP_ON_FAILURE)

2020-03-12 17:33:55 - [MESSAGE][NOT_RUN] - NOT_RUN: callTestCase(findTestCase("Atlas Platform/Platform Navigation/Login/LoginWithRootAdmin"), [:], STOP_ON_FAILURE)

2020-03-12 17:33:55 - [TEST_STEP][PASSED] - click(findTestObject("Swicther/swicthermenutext")): Object: 'Object Repository/Swicther/swicthermenutext' is clicked on

2020-03-12 17:33:56 - [MESSAGE][PASSED] - Object: 'Object Repository/Swicther/swicthermenutext' is clicked on

2020-03-12 17:33:56 - [TEST_STEP][PASSED] - click(findTestObject("Swicther/organization_tab_swicther")): Object: 'Object Repository/Swicther/organization_tab_swicther' is clicked on

2020-03-12 17:33:57 - [MESSAGE][PASSED] - Object: 'Object Repository/Swicther/organization_tab_swicther' is clicked on

2020-03-12 17:33:57 - [TEST_STEP][PASSED] - listofOrgNames = findWebElements(findTestObject("Swicther/organization_tab_all_values"), 10): null

2020-03-12 17:33:57 - [TEST_STEP][PASSED] - click(findTestObject("Swicther/root_tab_swicther")): Object: 'Object Repository/Swicther/root_tab_swicther' is clicked on

2020-03-12 17:33:57 - [MESSAGE][PASSED] - Object: 'Object Repository/Swicther/root_tab_swicther' is clicked on

2020-03-12 17:33:57 - [TEST_STEP][PASSED] - listofRootnames = findWebElements(findTestObject("Swicther/root_tab_all_values"), 10): null

2020-03-12 17:33:58 - [TEST_STEP][PASSED] - rootNames = new java.util.ArrayList(): null

2020-03-12 17:33:58 - [TEST_STEP][PASSED] - for (org.openqa.selenium.WebElement ele : listofRootnames): null

2020-03-12 17:33:58 - [TEST_STEP][PASSED] - rootNames.add(ele.getText()): null

2020-03-12 17:33:58 - [TEST_STEP][PASSED] - for ([hjk = 0, hjk < listofOrgNames.size(), (hjk++)]): null

2020-03-12 17:33:58 - [TEST_STEP][PASSED] - Assert.assertTrue(!(rootNames.contains(split("Last")[0].trim())), "Root Account is not present in Org Tab"): null

2020-03-12 17:33:58 - [TEST_STEP][PASSED] - Assert.assertTrue(!(rootNames.contains(split("Last")[0].trim())), "Root Account is not present in Org Tab"): null

2020-03-12 17:33:58 - [TEST_STEP][PASSED] - Assert.assertTrue(!(rootNames.contains(split("Last")[0].trim())), "Root Account is not present in Org Tab"): null

2020-03-12 17:33:58 - [TEST_STEP][PASSED] - Assert.assertTrue(!(rootNames.contains(split("Last")[0].trim())), "Root Account is not present in Org Tab"): null

2020-03-12 17:33:58 - [TEST_STEP][PASSED] - Assert.assertTrue(!(rootNames.contains(split("Last")[0].trim())), "Root Account is not present in Org Tab"): null

2020-03-12 17:33:58 - [TEST_STEP][PASSED] - Assert.assertTrue(!(rootNames.contains(split("Last")[0].trim())), "Root Account is not present in Org Tab"): null

2020-03-12 17:33:58 - [TEST_STEP][PASSED] - Assert.assertTrue(!(rootNames.contains(split("Last")[0].trim())), "Root Account is not present in Org Tab"): null

2020-03-12 17:33:58 - [TEST_STEP][PASSED] - Assert.assertTrue(!(rootNames.contains(split("Last")[0].trim())), "Root Account is not present in Org Tab"): null

2020-03-12 17:33:58 - [TEST_STEP][PASSED] - Assert.assertTrue(!(rootNames.contains(split("Last")[0].trim())), "Root Account is not present in Org Tab"): null

2020-03-12 17:33:58 - [TEST_STEP][PASSED] - Assert.assertTrue(!(rootNames.contains(split("Last")[0].trim())), "Root Account is not present in Org Tab"): null

2020-03-12 17:33:58 - [TEST_STEP][PASSED] - Assert.assertTrue(!(rootNames.contains(split("Last")[0].trim())), "Root Account is not present in Org Tab"): null

2020-03-12 17:33:58 - [TEST_STEP][PASSED] - Assert.assertTrue(!(rootNames.contains(split("Last")[0].trim())), "Root Account is not present in Org Tab"): null

2020-03-12 17:33:58 - [TEST_STEP][PASSED] - Assert.assertTrue(!(rootNames.contains(split("Last")[0].trim())), "Root Account is not present in Org Tab"): null

2020-03-12 17:33:59 - [TEST_STEP][PASSED] - click(findTestObject("Swicther/accounts_tab_swicther")): Object: 'Object Repository/Swicther/accounts_tab_swicther' is clicked on

2020-03-12 17:33:59 - [MESSAGE][PASSED] - Object: 'Object Repository/Swicther/accounts_tab_swicther' is clicked on

2020-03-12 17:33:59 - [TEST_STEP][PASSED] - listofAccNames = findWebElements(findTestObject("Swicther/accounts_tab_all_values"), 10): null

2020-03-12 17:34:00 - [TEST_STEP][PASSED] - for ([hjk = 0, hjk < listofAccNames.size(), (hjk++)]): null

2020-03-12 17:34:00 - [TEST_STEP][PASSED] - Assert.assertTrue(!(rootNames.contains(split("Last")[0].trim())), "Root Account is not present in Acc Tab"): null

2020-03-12 17:34:00 - [TEST_STEP][PASSED] - Assert.assertTrue(!(rootNames.contains(split("Last")[0].trim())), "Root Account is not present in Acc Tab"): null

2020-03-12 17:34:00 - [TEST_STEP][PASSED] - Assert.assertTrue(!(rootNames.contains(split("Last")[0].trim())), "Root Account is not present in Acc Tab"): null

2020-03-12 17:34:00 - [TEST_STEP][PASSED] - Assert.assertTrue(!(rootNames.contains(split("Last")[0].trim())), "Root Account is not present in Acc Tab"): null

2020-03-12 17:34:00 - [TEST_STEP][PASSED] - Assert.assertTrue(!(rootNames.contains(split("Last")[0].trim())), "Root Account is not present in Acc Tab"): null

2020-03-12 17:34:00 - [TEST_STEP][PASSED] - Assert.assertTrue(!(rootNames.contains(split("Last")[0].trim())), "Root Account is not present in Acc Tab"): null

2020-03-12 17:34:00 - [TEST_STEP][PASSED] - Assert.assertTrue(!(rootNames.contains(split("Last")[0].trim())), "Root Account is not present in Acc Tab"): null

2020-03-12 17:34:00 - [TEST_STEP][PASSED] - Assert.assertTrue(!(rootNames.contains(split("Last")[0].trim())), "Root Account is not present in Acc Tab"): null

2020-03-12 17:34:00 - [TEST_STEP][PASSED] - click(findTestObject("Swicther/closeIcon")): Object: 'Object Repository/Swicther/closeIcon' is clicked on

2020-03-12 17:34:01 - [MESSAGE][PASSED] - Object: 'Object Repository/Swicther/closeIcon' is clicked on

2020-03-12 17:34:01 - [TEST_STEP][PASSED] - Start listener action : sampleAfterTestCase: null

2020-03-12 17:34:01 - [TEST_STEP][PASSED] - println(testCaseContext.getTestCaseId()): null

2020-03-12 17:34:01 - [TEST_STEP][PASSED] - println(testCaseContext.getTestCaseStatus()): null

2020-03-12 17:34:01 - [TEST_STEP][PASSED] - println("On Failure Method is Calling : " + testCaseContext.getTestCaseStatus()): null

2020-03-12 17:34:01 - [TEST_STEP][PASSED] - if (!(getTestCaseStatus().equalsIgnoreCase("PASSED"))): null]]></system-out>
         <system-err><![CDATA[]]></system-err>
      </testcase>
      <testcase name="Test Cases/Atlas Platform/Platform Navigation/Picker/TC_007_ValidateSwicther-SelectedAccount" time="5.45" classname="Test Cases/Atlas Platform/Platform Navigation/Picker/TC_007_ValidateSwicther-SelectedAccount" status="PASSED">
         <system-out><![CDATA[2020-03-12 17:34:03 - [TEST_CASE][PASSED] - Test Cases/Atlas Platform/Platform Navigation/Picker/TC_007_ValidateSwicther-SelectedAccount: Test Cases/Atlas Platform/Platform Navigation/Picker/TC_007_ValidateSwicther-SelectedAccount

2020-03-12 17:34:03 - [TEST_STEP][NOT_RUN] - callTestCase(findTestCase("Atlas Platform/Platform Navigation/Login/LoginWithRootAdmin"), [:], STOP_ON_FAILURE): NOT_RUN: callTestCase(findTestCase("Atlas Platform/Platform Navigation/Login/LoginWithRootAdmin"), [:], STOP_ON_FAILURE)

2020-03-12 17:34:03 - [MESSAGE][NOT_RUN] - NOT_RUN: callTestCase(findTestCase("Atlas Platform/Platform Navigation/Login/LoginWithRootAdmin"), [:], STOP_ON_FAILURE)

2020-03-12 17:34:03 - [TEST_STEP][PASSED] - initiallyselectedtext = getText(findTestObject("Swicther/swicthermenutext")): Text of object 'Object Repository/Swicther/swicthermenutext' is: '802 Toyota'

2020-03-12 17:34:03 - [MESSAGE][PASSED] - Text of object 'Object Repository/Swicther/swicthermenutext' is: '802 Toyota'

2020-03-12 17:34:03 - [TEST_STEP][PASSED] - click(findTestObject("Swicther/swicthermenutext")): Object: 'Object Repository/Swicther/swicthermenutext' is clicked on

2020-03-12 17:34:04 - [MESSAGE][PASSED] - Object: 'Object Repository/Swicther/swicthermenutext' is clicked on

2020-03-12 17:34:04 - [TEST_STEP][PASSED] - click(findTestObject("Swicther/accounts_tab_swicther")): Object: 'Object Repository/Swicther/accounts_tab_swicther' is clicked on

2020-03-12 17:34:05 - [MESSAGE][PASSED] - Object: 'Object Repository/Swicther/accounts_tab_swicther' is clicked on

2020-03-12 17:34:05 - [TEST_STEP][PASSED] - selectedtext = getText(findTestObject("Swicther/account_tab_first_values")): Text of object 'Object Repository/Swicther/account_tab_first_values' is: 'Atlantic Toyota
Last Visited Today'

2020-03-12 17:34:05 - [MESSAGE][PASSED] - Text of object 'Object Repository/Swicther/account_tab_first_values' is: 'Atlantic Toyota
Last Visited Today'

2020-03-12 17:34:05 - [TEST_STEP][PASSED] - click(findTestObject("Swicther/account_tab_first_values")): Object: 'Object Repository/Swicther/account_tab_first_values' is clicked on

2020-03-12 17:34:06 - [MESSAGE][PASSED] - Object: 'Object Repository/Swicther/account_tab_first_values' is clicked on

2020-03-12 17:34:06 - [TEST_STEP][PASSED] - verifyNotEqual(initiallyselectedtext, split("Last")[0].trim()): Actual object '802 Toyota' and expected object 'Atlantic Toyota' are not equal

2020-03-12 17:34:06 - [MESSAGE][PASSED] - Actual object '802 Toyota' and expected object 'Atlantic Toyota' are not equal

2020-03-12 17:34:06 - [TEST_STEP][PASSED] - currentlySelectedText = getText(findTestObject("Swicther/swicthermenutext")): Text of object 'Object Repository/Swicther/swicthermenutext' is: 'Atlantic Toyota'

2020-03-12 17:34:06 - [MESSAGE][PASSED] - Text of object 'Object Repository/Swicther/swicthermenutext' is: 'Atlantic Toyota'

2020-03-12 17:34:06 - [TEST_STEP][PASSED] - verifyEqual(currentlySelectedText.trim(), split("Last")[0].trim()): Actual object 'Atlantic Toyota' and expected object 'Atlantic Toyota' are equal

2020-03-12 17:34:06 - [MESSAGE][PASSED] - Actual object 'Atlantic Toyota' and expected object 'Atlantic Toyota' are equal

2020-03-12 17:34:06 - [TEST_STEP][PASSED] - Start listener action : sampleAfterTestCase: null

2020-03-12 17:34:06 - [TEST_STEP][PASSED] - println(testCaseContext.getTestCaseId()): null

2020-03-12 17:34:06 - [TEST_STEP][PASSED] - println(testCaseContext.getTestCaseStatus()): null

2020-03-12 17:34:06 - [TEST_STEP][PASSED] - println("On Failure Method is Calling : " + testCaseContext.getTestCaseStatus()): null

2020-03-12 17:34:06 - [TEST_STEP][PASSED] - if (!(getTestCaseStatus().equalsIgnoreCase("PASSED"))): null]]></system-out>
         <system-err><![CDATA[]]></system-err>
      </testcase>
      <testcase name="Test Cases/Atlas Platform/Platform Navigation/Picker/TC_008_ValidateSwicther-SelectedOrganization" time="5.691" classname="Test Cases/Atlas Platform/Platform Navigation/Picker/TC_008_ValidateSwicther-SelectedOrganization" status="PASSED">
         <system-out><![CDATA[2020-03-12 17:34:08 - [TEST_CASE][PASSED] - Test Cases/Atlas Platform/Platform Navigation/Picker/TC_008_ValidateSwicther-SelectedOrganization: Test Cases/Atlas Platform/Platform Navigation/Picker/TC_008_ValidateSwicther-SelectedOrganization

2020-03-12 17:34:09 - [TEST_STEP][NOT_RUN] - callTestCase(findTestCase("Atlas Platform/Platform Navigation/Login/LoginWithRootAdmin"), [:], STOP_ON_FAILURE): NOT_RUN: callTestCase(findTestCase("Atlas Platform/Platform Navigation/Login/LoginWithRootAdmin"), [:], STOP_ON_FAILURE)

2020-03-12 17:34:09 - [MESSAGE][NOT_RUN] - NOT_RUN: callTestCase(findTestCase("Atlas Platform/Platform Navigation/Login/LoginWithRootAdmin"), [:], STOP_ON_FAILURE)

2020-03-12 17:34:09 - [TEST_STEP][PASSED] - initiallyselectedtext = getText(findTestObject("Swicther/swicthermenutext")): Text of object 'Object Repository/Swicther/swicthermenutext' is: 'Atlantic Toyota'

2020-03-12 17:34:09 - [MESSAGE][PASSED] - Text of object 'Object Repository/Swicther/swicthermenutext' is: 'Atlantic Toyota'

2020-03-12 17:34:09 - [TEST_STEP][PASSED] - click(findTestObject("Swicther/swicthermenutext")): Object: 'Object Repository/Swicther/swicthermenutext' is clicked on

2020-03-12 17:34:10 - [MESSAGE][PASSED] - Object: 'Object Repository/Swicther/swicthermenutext' is clicked on

2020-03-12 17:34:10 - [TEST_STEP][PASSED] - click(findTestObject("Swicther/organization_tab_swicther")): Object: 'Object Repository/Swicther/organization_tab_swicther' is clicked on

2020-03-12 17:34:10 - [MESSAGE][PASSED] - Object: 'Object Repository/Swicther/organization_tab_swicther' is clicked on

2020-03-12 17:34:10 - [TEST_STEP][PASSED] - selectedtext = getText(findTestObject("Swicther/fordtext_value")): Text of object 'Object Repository/Swicther/fordtext_value' is: '802 Toyota
Last Visited Today'

2020-03-12 17:34:11 - [MESSAGE][PASSED] - Text of object 'Object Repository/Swicther/fordtext_value' is: '802 Toyota
Last Visited Today'

2020-03-12 17:34:11 - [TEST_STEP][PASSED] - click(findTestObject("Swicther/fordtext_value")): Object: 'Object Repository/Swicther/fordtext_value' is clicked on

2020-03-12 17:34:11 - [MESSAGE][PASSED] - Object: 'Object Repository/Swicther/fordtext_value' is clicked on

2020-03-12 17:34:11 - [TEST_STEP][PASSED] - verifyNotEqual(initiallyselectedtext, split("Last")[0].trim()): Actual object 'Atlantic Toyota' and expected object '802 Toyota' are not equal

2020-03-12 17:34:11 - [MESSAGE][PASSED] - Actual object 'Atlantic Toyota' and expected object '802 Toyota' are not equal

2020-03-12 17:34:11 - [TEST_STEP][PASSED] - currentlySelectedText = getText(findTestObject("Swicther/swicthermenutext")): Text of object 'Object Repository/Swicther/swicthermenutext' is: '802 Toyota'

2020-03-12 17:34:12 - [MESSAGE][PASSED] - Text of object 'Object Repository/Swicther/swicthermenutext' is: '802 Toyota'

2020-03-12 17:34:12 - [TEST_STEP][PASSED] - verifyEqual(currentlySelectedText.trim(), split("Last")[0].trim()): Actual object '802 Toyota' and expected object '802 Toyota' are equal

2020-03-12 17:34:12 - [MESSAGE][PASSED] - Actual object '802 Toyota' and expected object '802 Toyota' are equal

2020-03-12 17:34:12 - [TEST_STEP][PASSED] - Start listener action : sampleAfterTestCase: null

2020-03-12 17:34:12 - [TEST_STEP][PASSED] - println(testCaseContext.getTestCaseId()): null

2020-03-12 17:34:12 - [TEST_STEP][PASSED] - println(testCaseContext.getTestCaseStatus()): null

2020-03-12 17:34:12 - [TEST_STEP][PASSED] - println("On Failure Method is Calling : " + testCaseContext.getTestCaseStatus()): null

2020-03-12 17:34:12 - [TEST_STEP][PASSED] - if (!(getTestCaseStatus().equalsIgnoreCase("PASSED"))): null]]></system-out>
         <system-err><![CDATA[]]></system-err>
      </testcase>
      <testcase name="Test Cases/Atlas Platform/Platform Navigation/Picker/TC_010_VerifyAccounts_tab_Sorting" time="5.116" classname="Test Cases/Atlas Platform/Platform Navigation/Picker/TC_010_VerifyAccounts_tab_Sorting" status="PASSED">
         <system-out><![CDATA[2020-03-12 17:34:14 - [TEST_CASE][PASSED] - Test Cases/Atlas Platform/Platform Navigation/Picker/TC_010_VerifyAccounts_tab_Sorting: Test Cases/Atlas Platform/Platform Navigation/Picker/TC_010_VerifyAccounts_tab_Sorting

2020-03-12 17:34:14 - [TEST_STEP][NOT_RUN] - callTestCase(findTestCase("Atlas Platform/Platform Navigation/Login/LoginWithRootAdmin"), [:], STOP_ON_FAILURE): NOT_RUN: callTestCase(findTestCase("Atlas Platform/Platform Navigation/Login/LoginWithRootAdmin"), [:], STOP_ON_FAILURE)

2020-03-12 17:34:14 - [MESSAGE][NOT_RUN] - NOT_RUN: callTestCase(findTestCase("Atlas Platform/Platform Navigation/Login/LoginWithRootAdmin"), [:], STOP_ON_FAILURE)

2020-03-12 17:34:14 - [TEST_STEP][PASSED] - click(findTestObject("Swicther/swicthermenutext")): Object: 'Object Repository/Swicther/swicthermenutext' is clicked on

2020-03-12 17:34:15 - [MESSAGE][PASSED] - Object: 'Object Repository/Swicther/swicthermenutext' is clicked on

2020-03-12 17:34:15 - [TEST_STEP][PASSED] - click(findTestObject("Swicther/accounts_tab_swicther")): Object: 'Object Repository/Swicther/accounts_tab_swicther' is clicked on

2020-03-12 17:34:15 - [MESSAGE][PASSED] - Object: 'Object Repository/Swicther/accounts_tab_swicther' is clicked on

2020-03-12 17:34:15 - [TEST_STEP][PASSED] - listofoptions = findWebElements(findTestObject("Swicther/accounts_tab_all_values"), 5): null

2020-03-12 17:34:16 - [TEST_STEP][PASSED] - listofoptioninstring = new java.util.ArrayList(): null

2020-03-12 17:34:16 - [TEST_STEP][PASSED] - for (org.openqa.selenium.WebElement ele : listofoptions): null

2020-03-12 17:34:16 - [TEST_STEP][PASSED] - listofoptioninstring.addAll(getText().split("Last")[0]): null

2020-03-12 17:34:16 - [TEST_STEP][PASSED] - listofoptioninstring.addAll(getText().split("Last")[0]): null

2020-03-12 17:34:16 - [TEST_STEP][PASSED] - listofoptioninstring.addAll(getText().split("Last")[0]): null

2020-03-12 17:34:16 - [TEST_STEP][PASSED] - listofoptioninstring.addAll(getText().split("Last")[0]): null

2020-03-12 17:34:16 - [TEST_STEP][PASSED] - listofoptioninstring.addAll(getText().split("Last")[0]): null

2020-03-12 17:34:16 - [TEST_STEP][PASSED] - listofoptioninstring.addAll(getText().split("Last")[0]): null

2020-03-12 17:34:16 - [TEST_STEP][PASSED] - listofoptioninstring.addAll(getText().split("Last")[0]): null

2020-03-12 17:34:16 - [TEST_STEP][PASSED] - listofoptioninstring.addAll(getText().split("Last")[0]): null

2020-03-12 17:34:16 - [TEST_STEP][PASSED] - isSorted = web.CustomKeyword.checkListAscendingOrder(listofoptioninstring): web.CustomKeyword.checkListAscendingOrder is PASSED

2020-03-12 17:34:16 - [MESSAGE][PASSED] - web.CustomKeyword.checkListAscendingOrder is PASSED

2020-03-12 17:34:16 - [TEST_STEP][PASSED] - verifyEqual(isSorted, true): Actual object 'true' and expected object 'true' are equal

2020-03-12 17:34:16 - [MESSAGE][PASSED] - Actual object 'true' and expected object 'true' are equal

2020-03-12 17:34:16 - [TEST_STEP][PASSED] - click(findTestObject("Swicther/closeIcon")): Object: 'Object Repository/Swicther/closeIcon' is clicked on

2020-03-12 17:34:17 - [MESSAGE][PASSED] - Object: 'Object Repository/Swicther/closeIcon' is clicked on

2020-03-12 17:34:17 - [TEST_STEP][PASSED] - Start listener action : sampleAfterTestCase: null

2020-03-12 17:34:17 - [TEST_STEP][PASSED] - println(testCaseContext.getTestCaseId()): null

2020-03-12 17:34:17 - [TEST_STEP][PASSED] - println(testCaseContext.getTestCaseStatus()): null

2020-03-12 17:34:17 - [TEST_STEP][PASSED] - println("On Failure Method is Calling : " + testCaseContext.getTestCaseStatus()): null

2020-03-12 17:34:17 - [TEST_STEP][PASSED] - if (!(getTestCaseStatus().equalsIgnoreCase("PASSED"))): null]]></system-out>
         <system-err><![CDATA[]]></system-err>
      </testcase>
      <testcase name="Test Cases/Atlas Platform/Platform Navigation/Picker/TC_011_Verify_AccountName_Logo" time="5.285" classname="Test Cases/Atlas Platform/Platform Navigation/Picker/TC_011_Verify_AccountName_Logo" status="PASSED">
         <system-out><![CDATA[2020-03-12 17:34:19 - [TEST_CASE][PASSED] - Test Cases/Atlas Platform/Platform Navigation/Picker/TC_011_Verify_AccountName_Logo: Test Cases/Atlas Platform/Platform Navigation/Picker/TC_011_Verify_AccountName_Logo

2020-03-12 17:34:19 - [TEST_STEP][NOT_RUN] - callTestCase(findTestCase("Atlas Platform/Platform Navigation/Login/LoginWithRootAdmin"), [:], STOP_ON_FAILURE): NOT_RUN: callTestCase(findTestCase("Atlas Platform/Platform Navigation/Login/LoginWithRootAdmin"), [:], STOP_ON_FAILURE)

2020-03-12 17:34:19 - [MESSAGE][NOT_RUN] - NOT_RUN: callTestCase(findTestCase("Atlas Platform/Platform Navigation/Login/LoginWithRootAdmin"), [:], STOP_ON_FAILURE)

2020-03-12 17:34:19 - [TEST_STEP][PASSED] - click(findTestObject("Swicther/swicthermenutext")): Object: 'Object Repository/Swicther/swicthermenutext' is clicked on

2020-03-12 17:34:20 - [MESSAGE][PASSED] - Object: 'Object Repository/Swicther/swicthermenutext' is clicked on

2020-03-12 17:34:20 - [TEST_STEP][PASSED] - click(findTestObject("Swicther/accounts_tab_swicther")): Object: 'Object Repository/Swicther/accounts_tab_swicther' is clicked on

2020-03-12 17:34:20 - [MESSAGE][PASSED] - Object: 'Object Repository/Swicther/accounts_tab_swicther' is clicked on

2020-03-12 17:34:20 - [TEST_STEP][PASSED] - listofoptions = findWebElements(findTestObject("Swicther/accounts_tab_all_values"), 5): null

2020-03-12 17:34:21 - [TEST_STEP][PASSED] - listoficons = findWebElements(findTestObject("Swicther/accounts_tab_all_icons"), 5): null

2020-03-12 17:34:22 - [TEST_STEP][PASSED] - listofoptioninstring = new java.util.ArrayList(): null

2020-03-12 17:34:22 - [TEST_STEP][PASSED] - for (org.openqa.selenium.WebElement ele : listofoptions): null

2020-03-12 17:34:22 - [TEST_STEP][PASSED] - listofoptioninstring.addAll(ele.getText()): null

2020-03-12 17:34:22 - [TEST_STEP][PASSED] - listofoptioninstring.addAll(ele.getText()): null

2020-03-12 17:34:22 - [TEST_STEP][PASSED] - listofoptioninstring.addAll(ele.getText()): null

2020-03-12 17:34:22 - [TEST_STEP][PASSED] - listofoptioninstring.addAll(ele.getText()): null

2020-03-12 17:34:22 - [TEST_STEP][PASSED] - listofoptioninstring.addAll(ele.getText()): null

2020-03-12 17:34:22 - [TEST_STEP][PASSED] - listofoptioninstring.addAll(ele.getText()): null

2020-03-12 17:34:22 - [TEST_STEP][PASSED] - listofoptioninstring.addAll(ele.getText()): null

2020-03-12 17:34:22 - [TEST_STEP][PASSED] - listofoptioninstring.addAll(ele.getText()): null

2020-03-12 17:34:22 - [TEST_STEP][PASSED] - verify_accountName = web.CustomKeyword.getrandomStingValue(listofoptioninstring): web.CustomKeyword.getrandomStingValue is PASSED

2020-03-12 17:34:22 - [MESSAGE][PASSED] - web.CustomKeyword.getrandomStingValue is PASSED

2020-03-12 17:34:22 - [TEST_STEP][PASSED] - for ([h = 0, h < listofoptions.size(), (h++)]): null

2020-03-12 17:34:22 - [TEST_STEP][PASSED] - if (getText().equalsIgnoreCase(verify_accountName)): null

2020-03-12 17:34:22 - [TEST_STEP][PASSED] - if (toLowerCase().equalsIgnoreCase(toString().toLowerCase())): null

2020-03-12 17:34:22 - [TEST_STEP][PASSED] - Assert.assertEquals(get(h).getAttribute("d"), dattributeValue.toString()): null

2020-03-12 17:34:22 - [TEST_STEP][PASSED] - break: null

2020-03-12 17:34:22 - [TEST_STEP][PASSED] - click(findTestObject("Swicther/closeIcon")): Object: 'Object Repository/Swicther/closeIcon' is clicked on

2020-03-12 17:34:22 - [MESSAGE][PASSED] - Object: 'Object Repository/Swicther/closeIcon' is clicked on

2020-03-12 17:34:22 - [TEST_STEP][PASSED] - Start listener action : sampleAfterTestCase: null

2020-03-12 17:34:22 - [TEST_STEP][PASSED] - println(testCaseContext.getTestCaseId()): null

2020-03-12 17:34:22 - [TEST_STEP][PASSED] - println(testCaseContext.getTestCaseStatus()): null

2020-03-12 17:34:22 - [TEST_STEP][PASSED] - println("On Failure Method is Calling : " + testCaseContext.getTestCaseStatus()): null

2020-03-12 17:34:22 - [TEST_STEP][PASSED] - if (!(getTestCaseStatus().equalsIgnoreCase("PASSED"))): null]]></system-out>
         <system-err><![CDATA[]]></system-err>
      </testcase>
      <testcase name="Test Cases/Atlas Platform/Platform Navigation/Picker/TC_012_Validate_Accounts_Favorites" time="6.754" classname="Test Cases/Atlas Platform/Platform Navigation/Picker/TC_012_Validate_Accounts_Favorites" status="PASSED">
         <system-out><![CDATA[2020-03-12 17:34:24 - [TEST_CASE][PASSED] - Test Cases/Atlas Platform/Platform Navigation/Picker/TC_012_Validate_Accounts_Favorites: Test Cases/Atlas Platform/Platform Navigation/Picker/TC_012_Validate_Accounts_Favorites

2020-03-12 17:34:25 - [TEST_STEP][NOT_RUN] - callTestCase(findTestCase("Atlas Platform/Platform Navigation/Picker/TC_100_RemoveAllFavorites"), [:], STOP_ON_FAILURE): NOT_RUN: callTestCase(findTestCase("Atlas Platform/Platform Navigation/Picker/TC_100_RemoveAllFavorites"), [:], STOP_ON_FAILURE)

2020-03-12 17:34:25 - [MESSAGE][NOT_RUN] - NOT_RUN: callTestCase(findTestCase("Atlas Platform/Platform Navigation/Picker/TC_100_RemoveAllFavorites"), [:], STOP_ON_FAILURE)

2020-03-12 17:34:25 - [TEST_STEP][PASSED] - click(findTestObject("Swicther/swicthermenutext")): Object: 'Object Repository/Swicther/swicthermenutext' is clicked on

2020-03-12 17:34:25 - [MESSAGE][PASSED] - Object: 'Object Repository/Swicther/swicthermenutext' is clicked on

2020-03-12 17:34:25 - [TEST_STEP][PASSED] - click(findTestObject("Swicther/accounts_tab_swicther")): Object: 'Object Repository/Swicther/accounts_tab_swicther' is clicked on

2020-03-12 17:34:26 - [MESSAGE][PASSED] - Object: 'Object Repository/Swicther/accounts_tab_swicther' is clicked on

2020-03-12 17:34:26 - [TEST_STEP][PASSED] - listofoptions = findWebElements(findTestObject("Swicther/accounts_tab_all_values"), 5): null

2020-03-12 17:34:26 - [TEST_STEP][PASSED] - listoffavicons = findWebElements(findTestObject("Swicther/accounts_tab_fav_icon"), 5): null

2020-03-12 17:34:27 - [TEST_STEP][PASSED] - listofoptioninstring = new java.util.ArrayList(): null

2020-03-12 17:34:27 - [TEST_STEP][PASSED] - for (org.openqa.selenium.WebElement ele : listofoptions): null

2020-03-12 17:34:27 - [TEST_STEP][PASSED] - listofoptioninstring.addAll(ele.getText()): null

2020-03-12 17:34:27 - [TEST_STEP][PASSED] - listofoptioninstring.addAll(ele.getText()): null

2020-03-12 17:34:27 - [TEST_STEP][PASSED] - listofoptioninstring.addAll(ele.getText()): null

2020-03-12 17:34:27 - [TEST_STEP][PASSED] - listofoptioninstring.addAll(ele.getText()): null

2020-03-12 17:34:27 - [TEST_STEP][PASSED] - listofoptioninstring.addAll(ele.getText()): null

2020-03-12 17:34:27 - [TEST_STEP][PASSED] - listofoptioninstring.addAll(ele.getText()): null

2020-03-12 17:34:27 - [TEST_STEP][PASSED] - listofoptioninstring.addAll(ele.getText()): null

2020-03-12 17:34:27 - [TEST_STEP][PASSED] - listofoptioninstring.addAll(ele.getText()): null

2020-03-12 17:34:27 - [TEST_STEP][PASSED] - verify_accountName = web.CustomKeyword.getrandomStingValue(listofoptioninstring): web.CustomKeyword.getrandomStingValue is PASSED

2020-03-12 17:34:27 - [MESSAGE][PASSED] - web.CustomKeyword.getrandomStingValue is PASSED

2020-03-12 17:34:27 - [TEST_STEP][PASSED] - for ([h = 0, h < listofoptions.size(), (h++)]): null

2020-03-12 17:34:27 - [TEST_STEP][PASSED] - if (getText().equalsIgnoreCase(verify_accountName)): null

2020-03-12 17:34:27 - [TEST_STEP][PASSED] - get(h).click(): null

2020-03-12 17:34:27 - [TEST_STEP][PASSED] - break: null

2020-03-12 17:34:27 - [TEST_STEP][PASSED] - click(findTestObject("Swicther/favorites_tabs_swicther")): Object: 'Object Repository/Swicther/favorites_tabs_swicther' is clicked on

2020-03-12 17:34:28 - [MESSAGE][PASSED] - Object: 'Object Repository/Swicther/favorites_tabs_swicther' is clicked on

2020-03-12 17:34:28 - [TEST_STEP][PASSED] - listoffavvalues = findWebElements(findTestObject("Swicther/favorites_tab_all_values"), 5): null

2020-03-12 17:34:28 - [TEST_STEP][PASSED] - isPresent = false: null

2020-03-12 17:34:28 - [TEST_STEP][PASSED] - for ([j = 0, j < listoffavvalues.size(), (j++)]): null

2020-03-12 17:34:28 - [TEST_STEP][PASSED] - if (getText().equalsIgnoreCase(verify_accountName)): null

2020-03-12 17:34:28 - [TEST_STEP][PASSED] - isPresent = true: null

2020-03-12 17:34:28 - [TEST_STEP][NOT_RUN] - click(findTestObject("Swicther/favorite_icon")): NOT_RUN: click(findTestObject("Swicther/favorite_icon"))

2020-03-12 17:34:28 - [MESSAGE][NOT_RUN] - NOT_RUN: click(findTestObject("Swicther/favorite_icon"))

2020-03-12 17:34:28 - [TEST_STEP][PASSED] - verifyEqual(isPresent, true): Actual object 'true' and expected object 'true' are equal

2020-03-12 17:34:28 - [MESSAGE][PASSED] - Actual object 'true' and expected object 'true' are equal

2020-03-12 17:34:28 - [TEST_STEP][PASSED] - click(findTestObject("Swicther/closeIcon")): Object: 'Object Repository/Swicther/closeIcon' is clicked on

2020-03-12 17:34:29 - [MESSAGE][PASSED] - Object: 'Object Repository/Swicther/closeIcon' is clicked on

2020-03-12 17:34:29 - [TEST_STEP][PASSED] - Start listener action : sampleAfterTestCase: null

2020-03-12 17:34:29 - [TEST_STEP][PASSED] - println(testCaseContext.getTestCaseId()): null

2020-03-12 17:34:29 - [TEST_STEP][PASSED] - println(testCaseContext.getTestCaseStatus()): null

2020-03-12 17:34:29 - [TEST_STEP][PASSED] - println("On Failure Method is Calling : " + testCaseContext.getTestCaseStatus()): null

2020-03-12 17:34:29 - [TEST_STEP][PASSED] - if (!(getTestCaseStatus().equalsIgnoreCase("PASSED"))): null]]></system-out>
         <system-err><![CDATA[]]></system-err>
      </testcase>
      <testcase name="Test Cases/Atlas Platform/Platform Navigation/Picker/TC_013_Verify_AccountsTab_Values" time="7.382" classname="Test Cases/Atlas Platform/Platform Navigation/Picker/TC_013_Verify_AccountsTab_Values" status="PASSED">
         <system-out><![CDATA[2020-03-12 17:34:31 - [TEST_CASE][PASSED] - Test Cases/Atlas Platform/Platform Navigation/Picker/TC_013_Verify_AccountsTab_Values: Test Cases/Atlas Platform/Platform Navigation/Picker/TC_013_Verify_AccountsTab_Values

2020-03-12 17:34:31 - [TEST_STEP][NOT_RUN] - callTestCase(findTestCase("Atlas Platform/Platform Navigation/Login/LoginWithRootAdmin"), [:], STOP_ON_FAILURE): NOT_RUN: callTestCase(findTestCase("Atlas Platform/Platform Navigation/Login/LoginWithRootAdmin"), [:], STOP_ON_FAILURE)

2020-03-12 17:34:31 - [MESSAGE][NOT_RUN] - NOT_RUN: callTestCase(findTestCase("Atlas Platform/Platform Navigation/Login/LoginWithRootAdmin"), [:], STOP_ON_FAILURE)

2020-03-12 17:34:31 - [TEST_STEP][PASSED] - click(findTestObject("Swicther/swicthermenutext")): Object: 'Object Repository/Swicther/swicthermenutext' is clicked on

2020-03-12 17:34:32 - [MESSAGE][PASSED] - Object: 'Object Repository/Swicther/swicthermenutext' is clicked on

2020-03-12 17:34:32 - [TEST_STEP][PASSED] - click(findTestObject("Swicther/accounts_tab_swicther")): Object: 'Object Repository/Swicther/accounts_tab_swicther' is clicked on

2020-03-12 17:34:32 - [MESSAGE][PASSED] - Object: 'Object Repository/Swicther/accounts_tab_swicther' is clicked on

2020-03-12 17:34:32 - [TEST_STEP][PASSED] - listofAccNames = findWebElements(findTestObject("Swicther/accounts_tab_all_values"), 10): null

2020-03-12 17:34:33 - [TEST_STEP][PASSED] - textValuesForAccountsName = new java.util.ArrayList(): null

2020-03-12 17:34:33 - [TEST_STEP][PASSED] - for ([hjk = 0, hjk < listofAccNames.size(), (hjk++)]): null

2020-03-12 17:34:33 - [TEST_STEP][PASSED] - textValuesForAccountsName.add(split("Last")[0].trim()): null

2020-03-12 17:34:33 - [TEST_STEP][PASSED] - textValuesForAccountsName.add(split("Last")[0].trim()): null

2020-03-12 17:34:33 - [TEST_STEP][PASSED] - textValuesForAccountsName.add(split("Last")[0].trim()): null

2020-03-12 17:34:33 - [TEST_STEP][PASSED] - textValuesForAccountsName.add(split("Last")[0].trim()): null

2020-03-12 17:34:33 - [TEST_STEP][PASSED] - textValuesForAccountsName.add(split("Last")[0].trim()): null

2020-03-12 17:34:33 - [TEST_STEP][PASSED] - textValuesForAccountsName.add(split("Last")[0].trim()): null

2020-03-12 17:34:33 - [TEST_STEP][PASSED] - textValuesForAccountsName.add(split("Last")[0].trim()): null

2020-03-12 17:34:33 - [TEST_STEP][PASSED] - textValuesForAccountsName.add(split("Last")[0].trim()): null

2020-03-12 17:34:33 - [TEST_STEP][PASSED] - click(findTestObject("Swicther/root_tab_swicther")): Object: 'Object Repository/Swicther/root_tab_swicther' is clicked on

2020-03-12 17:34:34 - [MESSAGE][PASSED] - Object: 'Object Repository/Swicther/root_tab_swicther' is clicked on

2020-03-12 17:34:34 - [TEST_STEP][PASSED] - listofRootnames = findWebElements(findTestObject("Swicther/root_tab_all_values"), 10): null

2020-03-12 17:34:34 - [TEST_STEP][PASSED] - rootNames = new java.util.ArrayList(): null

2020-03-12 17:34:34 - [TEST_STEP][PASSED] - for (org.openqa.selenium.WebElement ele : listofRootnames): null

2020-03-12 17:34:34 - [TEST_STEP][PASSED] - rootNames.add(split("Last")[0].trim()): null

2020-03-12 17:34:34 - [TEST_STEP][PASSED] - isPresent = textValuesForAccountsName.removeAll(rootNames): null

2020-03-12 17:34:34 - [TEST_STEP][PASSED] - verifyEqual(isPresent, false): Actual object 'false' and expected object 'false' are equal

2020-03-12 17:34:34 - [MESSAGE][PASSED] - Actual object 'false' and expected object 'false' are equal

2020-03-12 17:34:34 - [TEST_STEP][PASSED] - click(findTestObject("Swicther/organization_tab_swicther")): Object: 'Object Repository/Swicther/organization_tab_swicther' is clicked on

2020-03-12 17:34:35 - [MESSAGE][PASSED] - Object: 'Object Repository/Swicther/organization_tab_swicther' is clicked on

2020-03-12 17:34:35 - [TEST_STEP][PASSED] - listofOrgNames = findWebElements(findTestObject("Swicther/organization_tab_all_values"), 10): null

2020-03-12 17:34:36 - [TEST_STEP][PASSED] - orgNames = new java.util.ArrayList(): null

2020-03-12 17:34:36 - [TEST_STEP][PASSED] - for (org.openqa.selenium.WebElement ele : listofOrgNames): null

2020-03-12 17:34:36 - [TEST_STEP][PASSED] - orgNames.add(split("Last")[0].trim()): null

2020-03-12 17:34:36 - [TEST_STEP][PASSED] - orgNames.add(split("Last")[0].trim()): null

2020-03-12 17:34:36 - [TEST_STEP][PASSED] - orgNames.add(split("Last")[0].trim()): null

2020-03-12 17:34:36 - [TEST_STEP][PASSED] - orgNames.add(split("Last")[0].trim()): null

2020-03-12 17:34:36 - [TEST_STEP][PASSED] - orgNames.add(split("Last")[0].trim()): null

2020-03-12 17:34:36 - [TEST_STEP][PASSED] - orgNames.add(split("Last")[0].trim()): null

2020-03-12 17:34:36 - [TEST_STEP][PASSED] - orgNames.add(split("Last")[0].trim()): null

2020-03-12 17:34:36 - [TEST_STEP][PASSED] - orgNames.add(split("Last")[0].trim()): null

2020-03-12 17:34:36 - [TEST_STEP][PASSED] - orgNames.add(split("Last")[0].trim()): null

2020-03-12 17:34:36 - [TEST_STEP][PASSED] - orgNames.add(split("Last")[0].trim()): null

2020-03-12 17:34:36 - [TEST_STEP][PASSED] - orgNames.add(split("Last")[0].trim()): null

2020-03-12 17:34:36 - [TEST_STEP][PASSED] - orgNames.add(split("Last")[0].trim()): null

2020-03-12 17:34:36 - [TEST_STEP][PASSED] - orgNames.add(split("Last")[0].trim()): null

2020-03-12 17:34:36 - [TEST_STEP][PASSED] - isPresent = textValuesForAccountsName.removeAll(orgNames): null

2020-03-12 17:34:36 - [TEST_STEP][PASSED] - verifyEqual(isPresent, false): Actual object 'false' and expected object 'false' are equal

2020-03-12 17:34:36 - [MESSAGE][PASSED] - Actual object 'false' and expected object 'false' are equal

2020-03-12 17:34:36 - [TEST_STEP][PASSED] - click(findTestObject("Swicther/closeIcon")): Object: 'Object Repository/Swicther/closeIcon' is clicked on

2020-03-12 17:34:36 - [MESSAGE][PASSED] - Object: 'Object Repository/Swicther/closeIcon' is clicked on

2020-03-12 17:34:36 - [TEST_STEP][PASSED] - Start listener action : sampleAfterTestCase: null

2020-03-12 17:34:36 - [TEST_STEP][PASSED] - println(testCaseContext.getTestCaseId()): null

2020-03-12 17:34:36 - [TEST_STEP][PASSED] - println(testCaseContext.getTestCaseStatus()): null

2020-03-12 17:34:36 - [TEST_STEP][PASSED] - println("On Failure Method is Calling : " + testCaseContext.getTestCaseStatus()): null

2020-03-12 17:34:36 - [TEST_STEP][PASSED] - if (!(getTestCaseStatus().equalsIgnoreCase("PASSED"))): null]]></system-out>
         <system-err><![CDATA[]]></system-err>
      </testcase>
      <testcase name="Test Cases/Atlas Platform/Platform Navigation/Picker/TC_015_Verify_Organiz_tab_sorting" time="4.595" classname="Test Cases/Atlas Platform/Platform Navigation/Picker/TC_015_Verify_Organiz_tab_sorting" status="PASSED">
         <system-out><![CDATA[2020-03-12 17:34:38 - [TEST_CASE][PASSED] - Test Cases/Atlas Platform/Platform Navigation/Picker/TC_015_Verify_Organiz_tab_sorting: Test Cases/Atlas Platform/Platform Navigation/Picker/TC_015_Verify_Organiz_tab_sorting

2020-03-12 17:34:39 - [TEST_STEP][NOT_RUN] - callTestCase(findTestCase("Atlas Platform/Platform Navigation/Login/LoginWithRootAdmin"), [:], STOP_ON_FAILURE): NOT_RUN: callTestCase(findTestCase("Atlas Platform/Platform Navigation/Login/LoginWithRootAdmin"), [:], STOP_ON_FAILURE)

2020-03-12 17:34:39 - [MESSAGE][NOT_RUN] - NOT_RUN: callTestCase(findTestCase("Atlas Platform/Platform Navigation/Login/LoginWithRootAdmin"), [:], STOP_ON_FAILURE)

2020-03-12 17:34:39 - [TEST_STEP][PASSED] - click(findTestObject("Swicther/swicthermenutext")): Object: 'Object Repository/Swicther/swicthermenutext' is clicked on

2020-03-12 17:34:39 - [MESSAGE][PASSED] - Object: 'Object Repository/Swicther/swicthermenutext' is clicked on

2020-03-12 17:34:39 - [TEST_STEP][PASSED] - click(findTestObject("Swicther/organization_tab_swicther")): Object: 'Object Repository/Swicther/organization_tab_swicther' is clicked on

2020-03-12 17:34:40 - [MESSAGE][PASSED] - Object: 'Object Repository/Swicther/organization_tab_swicther' is clicked on

2020-03-12 17:34:40 - [TEST_STEP][PASSED] - listofoptions = findWebElements(findTestObject("Swicther/organization_tab_all_values"), 5): null

2020-03-12 17:34:40 - [TEST_STEP][PASSED] - listofoptioninstring = new java.util.ArrayList(): null

2020-03-12 17:34:40 - [TEST_STEP][PASSED] - for (org.openqa.selenium.WebElement ele : listofoptions): null

2020-03-12 17:34:40 - [TEST_STEP][PASSED] - listofoptioninstring.addAll(split("Last")[0].trim()): null

2020-03-12 17:34:40 - [TEST_STEP][PASSED] - listofoptioninstring.addAll(split("Last")[0].trim()): null

2020-03-12 17:34:40 - [TEST_STEP][PASSED] - listofoptioninstring.addAll(split("Last")[0].trim()): null

2020-03-12 17:34:40 - [TEST_STEP][PASSED] - listofoptioninstring.addAll(split("Last")[0].trim()): null

2020-03-12 17:34:40 - [TEST_STEP][PASSED] - listofoptioninstring.addAll(split("Last")[0].trim()): null

2020-03-12 17:34:40 - [TEST_STEP][PASSED] - listofoptioninstring.addAll(split("Last")[0].trim()): null

2020-03-12 17:34:40 - [TEST_STEP][PASSED] - listofoptioninstring.addAll(split("Last")[0].trim()): null

2020-03-12 17:34:40 - [TEST_STEP][PASSED] - listofoptioninstring.addAll(split("Last")[0].trim()): null

2020-03-12 17:34:40 - [TEST_STEP][PASSED] - listofoptioninstring.addAll(split("Last")[0].trim()): null

2020-03-12 17:34:40 - [TEST_STEP][PASSED] - listofoptioninstring.addAll(split("Last")[0].trim()): null

2020-03-12 17:34:40 - [TEST_STEP][PASSED] - listofoptioninstring.addAll(split("Last")[0].trim()): null

2020-03-12 17:34:41 - [TEST_STEP][PASSED] - listofoptioninstring.addAll(split("Last")[0].trim()): null

2020-03-12 17:34:41 - [TEST_STEP][PASSED] - listofoptioninstring.addAll(split("Last")[0].trim()): null

2020-03-12 17:34:41 - [TEST_STEP][PASSED] - isSorted = web.CustomKeyword.checkListAscendingOrder(listofoptioninstring): web.CustomKeyword.checkListAscendingOrder is PASSED

2020-03-12 17:34:41 - [MESSAGE][PASSED] - web.CustomKeyword.checkListAscendingOrder is PASSED

2020-03-12 17:34:41 - [TEST_STEP][PASSED] - verifyEqual(isSorted, true): Actual object 'true' and expected object 'true' are equal

2020-03-12 17:34:41 - [MESSAGE][PASSED] - Actual object 'true' and expected object 'true' are equal

2020-03-12 17:34:41 - [TEST_STEP][PASSED] - click(findTestObject("Swicther/closeIcon")): Object: 'Object Repository/Swicther/closeIcon' is clicked on

2020-03-12 17:34:41 - [MESSAGE][PASSED] - Object: 'Object Repository/Swicther/closeIcon' is clicked on

2020-03-12 17:34:41 - [TEST_STEP][PASSED] - Start listener action : sampleAfterTestCase: null

2020-03-12 17:34:41 - [TEST_STEP][PASSED] - println(testCaseContext.getTestCaseId()): null

2020-03-12 17:34:41 - [TEST_STEP][PASSED] - println(testCaseContext.getTestCaseStatus()): null

2020-03-12 17:34:41 - [TEST_STEP][PASSED] - println("On Failure Method is Calling : " + testCaseContext.getTestCaseStatus()): null

2020-03-12 17:34:41 - [TEST_STEP][PASSED] - if (!(getTestCaseStatus().equalsIgnoreCase("PASSED"))): null]]></system-out>
         <system-err><![CDATA[]]></system-err>
      </testcase>
      <testcase name="Test Cases/Atlas Platform/Platform Navigation/Picker/TC_016_Verify_Orgnaization_Name_logo" time="5.297" classname="Test Cases/Atlas Platform/Platform Navigation/Picker/TC_016_Verify_Orgnaization_Name_logo" status="PASSED">
         <system-out><![CDATA[2020-03-12 17:34:43 - [TEST_CASE][PASSED] - Test Cases/Atlas Platform/Platform Navigation/Picker/TC_016_Verify_Orgnaization_Name_logo: Test Cases/Atlas Platform/Platform Navigation/Picker/TC_016_Verify_Orgnaization_Name_logo

2020-03-12 17:34:43 - [TEST_STEP][NOT_RUN] - callTestCase(findTestCase("Atlas Platform/Platform Navigation/Login/LoginWithRootAdmin"), [:], STOP_ON_FAILURE): NOT_RUN: callTestCase(findTestCase("Atlas Platform/Platform Navigation/Login/LoginWithRootAdmin"), [:], STOP_ON_FAILURE)

2020-03-12 17:34:43 - [MESSAGE][NOT_RUN] - NOT_RUN: callTestCase(findTestCase("Atlas Platform/Platform Navigation/Login/LoginWithRootAdmin"), [:], STOP_ON_FAILURE)

2020-03-12 17:34:43 - [TEST_STEP][PASSED] - click(findTestObject("Swicther/swicthermenutext")): Object: 'Object Repository/Swicther/swicthermenutext' is clicked on

2020-03-12 17:34:44 - [MESSAGE][PASSED] - Object: 'Object Repository/Swicther/swicthermenutext' is clicked on

2020-03-12 17:34:44 - [TEST_STEP][PASSED] - click(findTestObject("Swicther/organization_tab_swicther")): Object: 'Object Repository/Swicther/organization_tab_swicther' is clicked on

2020-03-12 17:34:44 - [MESSAGE][PASSED] - Object: 'Object Repository/Swicther/organization_tab_swicther' is clicked on

2020-03-12 17:34:44 - [TEST_STEP][PASSED] - listofoptions = findWebElements(findTestObject("Swicther/organization_tab_all_values"), 5): null

2020-03-12 17:34:45 - [TEST_STEP][PASSED] - listoficons = findWebElements(findTestObject("Swicther/organization_tab_all_icons"), 5): null

2020-03-12 17:34:45 - [TEST_STEP][PASSED] - listofoptioninstring = new java.util.ArrayList(): null

2020-03-12 17:34:45 - [TEST_STEP][PASSED] - for (org.openqa.selenium.WebElement ele : listofoptions): null

2020-03-12 17:34:45 - [TEST_STEP][PASSED] - listofoptioninstring.addAll(ele.getText()): null

2020-03-12 17:34:45 - [TEST_STEP][PASSED] - listofoptioninstring.addAll(ele.getText()): null

2020-03-12 17:34:45 - [TEST_STEP][PASSED] - listofoptioninstring.addAll(ele.getText()): null

2020-03-12 17:34:45 - [TEST_STEP][PASSED] - listofoptioninstring.addAll(ele.getText()): null

2020-03-12 17:34:45 - [TEST_STEP][PASSED] - listofoptioninstring.addAll(ele.getText()): null

2020-03-12 17:34:45 - [TEST_STEP][PASSED] - listofoptioninstring.addAll(ele.getText()): null

2020-03-12 17:34:45 - [TEST_STEP][PASSED] - listofoptioninstring.addAll(ele.getText()): null

2020-03-12 17:34:45 - [TEST_STEP][PASSED] - listofoptioninstring.addAll(ele.getText()): null

2020-03-12 17:34:45 - [TEST_STEP][PASSED] - listofoptioninstring.addAll(ele.getText()): null

2020-03-12 17:34:46 - [TEST_STEP][PASSED] - listofoptioninstring.addAll(ele.getText()): null

2020-03-12 17:34:46 - [TEST_STEP][PASSED] - listofoptioninstring.addAll(ele.getText()): null

2020-03-12 17:34:46 - [TEST_STEP][PASSED] - listofoptioninstring.addAll(ele.getText()): null

2020-03-12 17:34:46 - [TEST_STEP][PASSED] - listofoptioninstring.addAll(ele.getText()): null

2020-03-12 17:34:46 - [TEST_STEP][PASSED] - verify_accountName = web.CustomKeyword.getrandomStingValue(listofoptioninstring): web.CustomKeyword.getrandomStingValue is PASSED

2020-03-12 17:34:46 - [MESSAGE][PASSED] - web.CustomKeyword.getrandomStingValue is PASSED

2020-03-12 17:34:46 - [TEST_STEP][PASSED] - for ([h = 0, h < listofoptions.size(), (h++)]): null

2020-03-12 17:34:46 - [TEST_STEP][PASSED] - if (getText().equalsIgnoreCase(verify_accountName)): null

2020-03-12 17:34:46 - [TEST_STEP][PASSED] - if (toLowerCase().equalsIgnoreCase(toString().toLowerCase())): null

2020-03-12 17:34:46 - [TEST_STEP][PASSED] - Assert.assertEquals(get(h).getAttribute("d"), dattributeValue.toString()): null

2020-03-12 17:34:46 - [TEST_STEP][PASSED] - break: null

2020-03-12 17:34:46 - [TEST_STEP][PASSED] - click(findTestObject("Swicther/closeIcon")): Object: 'Object Repository/Swicther/closeIcon' is clicked on

2020-03-12 17:34:46 - [MESSAGE][PASSED] - Object: 'Object Repository/Swicther/closeIcon' is clicked on

2020-03-12 17:34:46 - [TEST_STEP][PASSED] - Start listener action : sampleAfterTestCase: null

2020-03-12 17:34:46 - [TEST_STEP][PASSED] - println(testCaseContext.getTestCaseId()): null

2020-03-12 17:34:46 - [TEST_STEP][PASSED] - println(testCaseContext.getTestCaseStatus()): null

2020-03-12 17:34:46 - [TEST_STEP][PASSED] - println("On Failure Method is Calling : " + testCaseContext.getTestCaseStatus()): null

2020-03-12 17:34:46 - [TEST_STEP][PASSED] - if (!(getTestCaseStatus().equalsIgnoreCase("PASSED"))): null]]></system-out>
         <system-err><![CDATA[]]></system-err>
      </testcase>
      <testcase name="Test Cases/Atlas Platform/Platform Navigation/Picker/TC_017_Validate_Organization_Favorites" time="9.573" classname="Test Cases/Atlas Platform/Platform Navigation/Picker/TC_017_Validate_Organization_Favorites" status="PASSED">
         <system-out><![CDATA[2020-03-12 17:34:48 - [TEST_CASE][PASSED] - Test Cases/Atlas Platform/Platform Navigation/Picker/TC_017_Validate_Organization_Favorites: Test Cases/Atlas Platform/Platform Navigation/Picker/TC_017_Validate_Organization_Favorites

2020-03-12 17:34:49 - [TEST_STEP][NOT_RUN] - callTestCase(findTestCase("Atlas Platform/Platform Navigation/Picker/TC_100_RemoveAllFavorites"), [:], STOP_ON_FAILURE): NOT_RUN: callTestCase(findTestCase("Atlas Platform/Platform Navigation/Picker/TC_100_RemoveAllFavorites"), [:], STOP_ON_FAILURE)

2020-03-12 17:34:49 - [MESSAGE][NOT_RUN] - NOT_RUN: callTestCase(findTestCase("Atlas Platform/Platform Navigation/Picker/TC_100_RemoveAllFavorites"), [:], STOP_ON_FAILURE)

2020-03-12 17:34:49 - [TEST_STEP][PASSED] - click(findTestObject("Swicther/swicthermenutext")): Object: 'Object Repository/Swicther/swicthermenutext' is clicked on

2020-03-12 17:34:49 - [MESSAGE][PASSED] - Object: 'Object Repository/Swicther/swicthermenutext' is clicked on

2020-03-12 17:34:49 - [TEST_STEP][PASSED] - click(findTestObject("Swicther/organization_tab_swicther")): Object: 'Object Repository/Swicther/organization_tab_swicther' is clicked on

2020-03-12 17:34:50 - [MESSAGE][PASSED] - Object: 'Object Repository/Swicther/organization_tab_swicther' is clicked on

2020-03-12 17:34:50 - [TEST_STEP][PASSED] - listofoptions = findWebElements(findTestObject("Swicther/organization_tab_all_values"), 5): null

2020-03-12 17:34:50 - [TEST_STEP][PASSED] - listoffavicons = findWebElements(findTestObject("Swicther/organization_tab_fav_icon"), 5): null

2020-03-12 17:34:50 - [TEST_STEP][PASSED] - listofoptioninstring = new java.util.ArrayList(): null

2020-03-12 17:34:50 - [TEST_STEP][PASSED] - for (org.openqa.selenium.WebElement ele : listofoptions): null

2020-03-12 17:34:50 - [TEST_STEP][PASSED] - listofoptioninstring.addAll(ele.getText()): null

2020-03-12 17:34:50 - [TEST_STEP][PASSED] - listofoptioninstring.addAll(ele.getText()): null

2020-03-12 17:34:50 - [TEST_STEP][PASSED] - listofoptioninstring.addAll(ele.getText()): null

2020-03-12 17:34:50 - [TEST_STEP][PASSED] - listofoptioninstring.addAll(ele.getText()): null

2020-03-12 17:34:50 - [TEST_STEP][PASSED] - listofoptioninstring.addAll(ele.getText()): null

2020-03-12 17:34:50 - [TEST_STEP][PASSED] - listofoptioninstring.addAll(ele.getText()): null

2020-03-12 17:34:50 - [TEST_STEP][PASSED] - listofoptioninstring.addAll(ele.getText()): null

2020-03-12 17:34:50 - [TEST_STEP][PASSED] - listofoptioninstring.addAll(ele.getText()): null

2020-03-12 17:34:51 - [TEST_STEP][PASSED] - listofoptioninstring.addAll(ele.getText()): null

2020-03-12 17:34:51 - [TEST_STEP][PASSED] - listofoptioninstring.addAll(ele.getText()): null

2020-03-12 17:34:51 - [TEST_STEP][PASSED] - listofoptioninstring.addAll(ele.getText()): null

2020-03-12 17:34:51 - [TEST_STEP][PASSED] - listofoptioninstring.addAll(ele.getText()): null

2020-03-12 17:34:51 - [TEST_STEP][PASSED] - listofoptioninstring.addAll(ele.getText()): null

2020-03-12 17:34:51 - [TEST_STEP][PASSED] - verify_accountName = web.CustomKeyword.getrandomStingValue(listofoptioninstring): web.CustomKeyword.getrandomStingValue is PASSED

2020-03-12 17:34:51 - [MESSAGE][PASSED] - web.CustomKeyword.getrandomStingValue is PASSED

2020-03-12 17:34:51 - [TEST_STEP][PASSED] - for ([h = 0, h < listofoptions.size(), (h++)]): null

2020-03-12 17:34:51 - [TEST_STEP][PASSED] - if (getText().equalsIgnoreCase(verify_accountName)): null

2020-03-12 17:34:51 - [TEST_STEP][PASSED] - if (getText().equalsIgnoreCase(verify_accountName)): null

2020-03-12 17:34:51 - [TEST_STEP][PASSED] - get(h).click(): null

2020-03-12 17:34:51 - [TEST_STEP][PASSED] - break: null

2020-03-12 17:34:51 - [TEST_STEP][PASSED] - delay(3): Delayed 3 second(s)

2020-03-12 17:34:54 - [MESSAGE][PASSED] - Delayed 3 second(s)

2020-03-12 17:34:54 - [TEST_STEP][PASSED] - click(findTestObject("Swicther/favorites_tabs_swicther")): Object: 'Object Repository/Swicther/favorites_tabs_swicther' is clicked on

2020-03-12 17:34:55 - [MESSAGE][PASSED] - Object: 'Object Repository/Swicther/favorites_tabs_swicther' is clicked on

2020-03-12 17:34:55 - [TEST_STEP][PASSED] - listoffavvalues = findWebElements(findTestObject("Swicther/favorites_tab_all_values"), 5): null

2020-03-12 17:34:55 - [TEST_STEP][PASSED] - isPresent = false: null

2020-03-12 17:34:55 - [TEST_STEP][PASSED] - for ([j = 0, j < listoffavvalues.size(), (j++)]): null

2020-03-12 17:34:55 - [TEST_STEP][PASSED] - if (getText().equalsIgnoreCase(verify_accountName)): null

2020-03-12 17:34:55 - [TEST_STEP][PASSED] - isPresent = true: null

2020-03-12 17:34:55 - [TEST_STEP][PASSED] - if (getText().equalsIgnoreCase(verify_accountName)): null

2020-03-12 17:34:55 - [TEST_STEP][NOT_RUN] - click(findTestObject("Swicther/favorite_icon")): NOT_RUN: click(findTestObject("Swicther/favorite_icon"))

2020-03-12 17:34:55 - [MESSAGE][NOT_RUN] - NOT_RUN: click(findTestObject("Swicther/favorite_icon"))

2020-03-12 17:34:55 - [TEST_STEP][PASSED] - verifyEqual(isPresent, true): Actual object 'true' and expected object 'true' are equal

2020-03-12 17:34:55 - [MESSAGE][PASSED] - Actual object 'true' and expected object 'true' are equal

2020-03-12 17:34:55 - [TEST_STEP][PASSED] - click(findTestObject("Swicther/closeIcon")): Object: 'Object Repository/Swicther/closeIcon' is clicked on

2020-03-12 17:34:56 - [MESSAGE][PASSED] - Object: 'Object Repository/Swicther/closeIcon' is clicked on

2020-03-12 17:34:56 - [TEST_STEP][PASSED] - Start listener action : sampleAfterTestCase: null

2020-03-12 17:34:56 - [TEST_STEP][PASSED] - println(testCaseContext.getTestCaseId()): null

2020-03-12 17:34:56 - [TEST_STEP][PASSED] - println(testCaseContext.getTestCaseStatus()): null

2020-03-12 17:34:56 - [TEST_STEP][PASSED] - println("On Failure Method is Calling : " + testCaseContext.getTestCaseStatus()): null

2020-03-12 17:34:56 - [TEST_STEP][PASSED] - if (!(getTestCaseStatus().equalsIgnoreCase("PASSED"))): null]]></system-out>
         <system-err><![CDATA[]]></system-err>
      </testcase>
      <testcase name="Test Cases/Atlas Platform/Platform Navigation/Picker/TC_018_Verify_Organizations_Tab_Values" time="7.045" classname="Test Cases/Atlas Platform/Platform Navigation/Picker/TC_018_Verify_Organizations_Tab_Values" status="PASSED">
         <system-out><![CDATA[2020-03-12 17:34:58 - [TEST_CASE][PASSED] - Test Cases/Atlas Platform/Platform Navigation/Picker/TC_018_Verify_Organizations_Tab_Values: Test Cases/Atlas Platform/Platform Navigation/Picker/TC_018_Verify_Organizations_Tab_Values

2020-03-12 17:34:58 - [TEST_STEP][NOT_RUN] - callTestCase(findTestCase("Atlas Platform/Platform Navigation/Login/LoginWithRootAdmin"), [:], STOP_ON_FAILURE): NOT_RUN: callTestCase(findTestCase("Atlas Platform/Platform Navigation/Login/LoginWithRootAdmin"), [:], STOP_ON_FAILURE)

2020-03-12 17:34:58 - [MESSAGE][NOT_RUN] - NOT_RUN: callTestCase(findTestCase("Atlas Platform/Platform Navigation/Login/LoginWithRootAdmin"), [:], STOP_ON_FAILURE)

2020-03-12 17:34:58 - [TEST_STEP][PASSED] - click(findTestObject("Swicther/swicthermenutext")): Object: 'Object Repository/Swicther/swicthermenutext' is clicked on

2020-03-12 17:34:59 - [MESSAGE][PASSED] - Object: 'Object Repository/Swicther/swicthermenutext' is clicked on

2020-03-12 17:34:59 - [TEST_STEP][PASSED] - click(findTestObject("Swicther/organization_tab_swicther")): Object: 'Object Repository/Swicther/organization_tab_swicther' is clicked on

2020-03-12 17:34:59 - [MESSAGE][PASSED] - Object: 'Object Repository/Swicther/organization_tab_swicther' is clicked on

2020-03-12 17:34:59 - [TEST_STEP][PASSED] - listofAccNames = findWebElements(findTestObject("Swicther/organization_tab_all_values"), 10): null

2020-03-12 17:35:00 - [TEST_STEP][PASSED] - textValuesForOrgName = new java.util.ArrayList(): null

2020-03-12 17:35:00 - [TEST_STEP][PASSED] - for ([hjk = 0, hjk < listofAccNames.size(), (hjk++)]): null

2020-03-12 17:35:00 - [TEST_STEP][PASSED] - textValuesForOrgName.add(split("Last")[0].trim()): null

2020-03-12 17:35:00 - [TEST_STEP][PASSED] - textValuesForOrgName.add(split("Last")[0].trim()): null

2020-03-12 17:35:00 - [TEST_STEP][PASSED] - textValuesForOrgName.add(split("Last")[0].trim()): null

2020-03-12 17:35:00 - [TEST_STEP][PASSED] - textValuesForOrgName.add(split("Last")[0].trim()): null

2020-03-12 17:35:00 - [TEST_STEP][PASSED] - textValuesForOrgName.add(split("Last")[0].trim()): null

2020-03-12 17:35:00 - [TEST_STEP][PASSED] - textValuesForOrgName.add(split("Last")[0].trim()): null

2020-03-12 17:35:00 - [TEST_STEP][PASSED] - textValuesForOrgName.add(split("Last")[0].trim()): null

2020-03-12 17:35:00 - [TEST_STEP][PASSED] - textValuesForOrgName.add(split("Last")[0].trim()): null

2020-03-12 17:35:00 - [TEST_STEP][PASSED] - textValuesForOrgName.add(split("Last")[0].trim()): null

2020-03-12 17:35:00 - [TEST_STEP][PASSED] - textValuesForOrgName.add(split("Last")[0].trim()): null

2020-03-12 17:35:00 - [TEST_STEP][PASSED] - textValuesForOrgName.add(split("Last")[0].trim()): null

2020-03-12 17:35:00 - [TEST_STEP][PASSED] - textValuesForOrgName.add(split("Last")[0].trim()): null

2020-03-12 17:35:00 - [TEST_STEP][PASSED] - textValuesForOrgName.add(split("Last")[0].trim()): null

2020-03-12 17:35:00 - [TEST_STEP][PASSED] - click(findTestObject("Swicther/root_tab_swicther")): Object: 'Object Repository/Swicther/root_tab_swicther' is clicked on

2020-03-12 17:35:00 - [MESSAGE][PASSED] - Object: 'Object Repository/Swicther/root_tab_swicther' is clicked on

2020-03-12 17:35:00 - [TEST_STEP][PASSED] - listofRootnames = findWebElements(findTestObject("Swicther/root_tab_all_values"), 10): null

2020-03-12 17:35:01 - [TEST_STEP][PASSED] - rootNames = new java.util.ArrayList(): null

2020-03-12 17:35:01 - [TEST_STEP][PASSED] - for (org.openqa.selenium.WebElement ele : listofRootnames): null

2020-03-12 17:35:01 - [TEST_STEP][PASSED] - rootNames.add(split("Last")[0].trim()): null

2020-03-12 17:35:01 - [TEST_STEP][PASSED] - isPresent = textValuesForOrgName.removeAll(rootNames): null

2020-03-12 17:35:01 - [TEST_STEP][PASSED] - verifyEqual(isPresent, false): Actual object 'false' and expected object 'false' are equal

2020-03-12 17:35:01 - [MESSAGE][PASSED] - Actual object 'false' and expected object 'false' are equal

2020-03-12 17:35:01 - [TEST_STEP][PASSED] - click(findTestObject("Swicther/accounts_tab_swicther")): Object: 'Object Repository/Swicther/accounts_tab_swicther' is clicked on

2020-03-12 17:35:01 - [MESSAGE][PASSED] - Object: 'Object Repository/Swicther/accounts_tab_swicther' is clicked on

2020-03-12 17:35:01 - [TEST_STEP][PASSED] - listofOrgNames = findWebElements(findTestObject("Swicther/accounts_tab_all_values"), 10): null

2020-03-12 17:35:02 - [TEST_STEP][PASSED] - orgNames = new java.util.ArrayList(): null

2020-03-12 17:35:02 - [TEST_STEP][PASSED] - for (org.openqa.selenium.WebElement ele : listofOrgNames): null

2020-03-12 17:35:02 - [TEST_STEP][PASSED] - orgNames.add(split("Last")[0].trim()): null

2020-03-12 17:35:02 - [TEST_STEP][PASSED] - orgNames.add(split("Last")[0].trim()): null

2020-03-12 17:35:02 - [TEST_STEP][PASSED] - orgNames.add(split("Last")[0].trim()): null

2020-03-12 17:35:02 - [TEST_STEP][PASSED] - orgNames.add(split("Last")[0].trim()): null

2020-03-12 17:35:02 - [TEST_STEP][PASSED] - orgNames.add(split("Last")[0].trim()): null

2020-03-12 17:35:02 - [TEST_STEP][PASSED] - orgNames.add(split("Last")[0].trim()): null

2020-03-12 17:35:02 - [TEST_STEP][PASSED] - orgNames.add(split("Last")[0].trim()): null

2020-03-12 17:35:02 - [TEST_STEP][PASSED] - orgNames.add(split("Last")[0].trim()): null

2020-03-12 17:35:02 - [TEST_STEP][PASSED] - isPresent = textValuesForOrgName.removeAll(orgNames): null

2020-03-12 17:35:02 - [TEST_STEP][PASSED] - verifyEqual(isPresent, false): Actual object 'false' and expected object 'false' are equal

2020-03-12 17:35:02 - [MESSAGE][PASSED] - Actual object 'false' and expected object 'false' are equal

2020-03-12 17:35:02 - [TEST_STEP][PASSED] - click(findTestObject("Swicther/closeIcon")): Object: 'Object Repository/Swicther/closeIcon' is clicked on

2020-03-12 17:35:03 - [MESSAGE][PASSED] - Object: 'Object Repository/Swicther/closeIcon' is clicked on

2020-03-12 17:35:03 - [TEST_STEP][PASSED] - Start listener action : sampleAfterTestCase: null

2020-03-12 17:35:03 - [TEST_STEP][PASSED] - println(testCaseContext.getTestCaseId()): null

2020-03-12 17:35:03 - [TEST_STEP][PASSED] - println(testCaseContext.getTestCaseStatus()): null

2020-03-12 17:35:03 - [TEST_STEP][PASSED] - println("On Failure Method is Calling : " + testCaseContext.getTestCaseStatus()): null

2020-03-12 17:35:03 - [TEST_STEP][PASSED] - if (!(getTestCaseStatus().equalsIgnoreCase("PASSED"))): null]]></system-out>
         <system-err><![CDATA[]]></system-err>
      </testcase>
      <testcase name="Test Cases/Atlas Platform/Platform Navigation/Picker/TC_020_Validate_Root_tab_Favorites" time="7.079" classname="Test Cases/Atlas Platform/Platform Navigation/Picker/TC_020_Validate_Root_tab_Favorites" status="PASSED">
         <system-out><![CDATA[2020-03-12 17:35:05 - [TEST_CASE][PASSED] - Test Cases/Atlas Platform/Platform Navigation/Picker/TC_020_Validate_Root_tab_Favorites: Test Cases/Atlas Platform/Platform Navigation/Picker/TC_020_Validate_Root_tab_Favorites

2020-03-12 17:35:05 - [TEST_STEP][NOT_RUN] - callTestCase(findTestCase("Atlas Platform/Platform Navigation/Picker/TC_100_RemoveAllFavorites"), [:], STOP_ON_FAILURE): NOT_RUN: callTestCase(findTestCase("Atlas Platform/Platform Navigation/Picker/TC_100_RemoveAllFavorites"), [:], STOP_ON_FAILURE)

2020-03-12 17:35:05 - [MESSAGE][NOT_RUN] - NOT_RUN: callTestCase(findTestCase("Atlas Platform/Platform Navigation/Picker/TC_100_RemoveAllFavorites"), [:], STOP_ON_FAILURE)

2020-03-12 17:35:05 - [TEST_STEP][PASSED] - click(findTestObject("Swicther/swicthermenutext")): Object: 'Object Repository/Swicther/swicthermenutext' is clicked on

2020-03-12 17:35:06 - [MESSAGE][PASSED] - Object: 'Object Repository/Swicther/swicthermenutext' is clicked on

2020-03-12 17:35:06 - [TEST_STEP][PASSED] - click(findTestObject("Swicther/root_tab_swicther")): Object: 'Object Repository/Swicther/root_tab_swicther' is clicked on

2020-03-12 17:35:06 - [MESSAGE][PASSED] - Object: 'Object Repository/Swicther/root_tab_swicther' is clicked on

2020-03-12 17:35:06 - [TEST_STEP][PASSED] - listofoptions = findWebElements(findTestObject("Swicther/root_tab_all_values"), 5): null

2020-03-12 17:35:07 - [TEST_STEP][PASSED] - listoffavicons = findWebElements(findTestObject("Swicther/root_tab_fav_icon"), 5): null

2020-03-12 17:35:07 - [TEST_STEP][PASSED] - listofoptioninstring = new java.util.ArrayList(): null

2020-03-12 17:35:07 - [TEST_STEP][PASSED] - for (org.openqa.selenium.WebElement ele : listofoptions): null

2020-03-12 17:35:07 - [TEST_STEP][PASSED] - listofoptioninstring.addAll(ele.getText()): null

2020-03-12 17:35:07 - [TEST_STEP][PASSED] - println(listofoptioninstring): null

2020-03-12 17:35:07 - [TEST_STEP][PASSED] - verify_accountName = "Root": null

2020-03-12 17:35:07 - [TEST_STEP][PASSED] - for ([h = 0, h < listofoptions.size(), (h++)]): null

2020-03-12 17:35:07 - [TEST_STEP][PASSED] - if (trim().equalsIgnoreCase(verify_accountName)): null

2020-03-12 17:35:07 - [TEST_STEP][PASSED] - get(h).click(): null

2020-03-12 17:35:08 - [TEST_STEP][PASSED] - break: null

2020-03-12 17:35:08 - [TEST_STEP][PASSED] - click(findTestObject("Swicther/favorites_tabs_swicther")): Object: 'Object Repository/Swicther/favorites_tabs_swicther' is clicked on

2020-03-12 17:35:09 - [MESSAGE][PASSED] - Object: 'Object Repository/Swicther/favorites_tabs_swicther' is clicked on

2020-03-12 17:35:09 - [TEST_STEP][PASSED] - listoffavvalues = findWebElements(findTestObject("Swicther/favorites_tab_all_values"), 5): null

2020-03-12 17:35:09 - [TEST_STEP][PASSED] - isPresent = false: null

2020-03-12 17:35:09 - [TEST_STEP][PASSED] - for ([j = 0, j < listoffavvalues.size(), (j++)]): null

2020-03-12 17:35:09 - [TEST_STEP][PASSED] - if (trim().equalsIgnoreCase(verify_accountName)): null

2020-03-12 17:35:09 - [TEST_STEP][PASSED] - if (trim().equalsIgnoreCase(verify_accountName)): null

2020-03-12 17:35:09 - [TEST_STEP][PASSED] - if (trim().equalsIgnoreCase(verify_accountName)): null

2020-03-12 17:35:09 - [TEST_STEP][PASSED] - isPresent = true: null

2020-03-12 17:35:09 - [TEST_STEP][NOT_RUN] - click(findTestObject("Swicther/favorite_icon")): NOT_RUN: click(findTestObject("Swicther/favorite_icon"))

2020-03-12 17:35:09 - [MESSAGE][NOT_RUN] - NOT_RUN: click(findTestObject("Swicther/favorite_icon"))

2020-03-12 17:35:09 - [TEST_STEP][PASSED] - verifyEqual(isPresent, true): Actual object 'true' and expected object 'true' are equal

2020-03-12 17:35:09 - [MESSAGE][PASSED] - Actual object 'true' and expected object 'true' are equal

2020-03-12 17:35:09 - [TEST_STEP][PASSED] - click(findTestObject("Swicther/closeIcon")): Object: 'Object Repository/Swicther/closeIcon' is clicked on

2020-03-12 17:35:10 - [MESSAGE][PASSED] - Object: 'Object Repository/Swicther/closeIcon' is clicked on

2020-03-12 17:35:10 - [TEST_STEP][PASSED] - Start listener action : sampleAfterTestCase: null

2020-03-12 17:35:10 - [TEST_STEP][PASSED] - println(testCaseContext.getTestCaseId()): null

2020-03-12 17:35:10 - [TEST_STEP][PASSED] - println(testCaseContext.getTestCaseStatus()): null

2020-03-12 17:35:10 - [TEST_STEP][PASSED] - println("On Failure Method is Calling : " + testCaseContext.getTestCaseStatus()): null

2020-03-12 17:35:10 - [TEST_STEP][PASSED] - if (!(getTestCaseStatus().equalsIgnoreCase("PASSED"))): null]]></system-out>
         <system-err><![CDATA[]]></system-err>
      </testcase>
      <testcase name="Test Cases/Atlas Platform/Platform Navigation/Picker/TC_021_Validate_Accounts_Favorites" time="29.133" classname="Test Cases/Atlas Platform/Platform Navigation/Picker/TC_021_Validate_Accounts_Favorites" status="PASSED">
         <system-out><![CDATA[2020-03-12 17:35:12 - [TEST_CASE][PASSED] - Test Cases/Atlas Platform/Platform Navigation/Picker/TC_021_Validate_Accounts_Favorites: Test Cases/Atlas Platform/Platform Navigation/Picker/TC_021_Validate_Accounts_Favorites

2020-03-12 17:35:12 - [TEST_STEP][PASSED] - callTestCase(findTestCase("Atlas Platform/Platform Navigation/Picker/TC_100_RemoveAllFavorites"), [:], STOP_ON_FAILURE): Call Test Case 'Test Cases/Atlas Platform/Platform Navigation/Picker/TC_100_RemoveAllFavorites' successfully

2020-03-12 17:35:12 - [TEST_CASE][PASSED] - Test Cases/Atlas Platform/Platform Navigation/Picker/TC_100_RemoveAllFavorites: Test Cases/Atlas Platform/Platform Navigation/Picker/TC_100_RemoveAllFavorites

2020-03-12 17:35:13 - [TEST_STEP][NOT_RUN] - callTestCase(findTestCase("Atlas Platform/Platform Navigation/Login/LoginWithRootAdmin"), [:], STOP_ON_FAILURE): NOT_RUN: callTestCase(findTestCase("Atlas Platform/Platform Navigation/Login/LoginWithRootAdmin"), [:], STOP_ON_FAILURE)

2020-03-12 17:35:13 - [MESSAGE][NOT_RUN] - NOT_RUN: callTestCase(findTestCase("Atlas Platform/Platform Navigation/Login/LoginWithRootAdmin"), [:], STOP_ON_FAILURE)

2020-03-12 17:35:13 - [TEST_STEP][PASSED] - click(findTestObject("Swicther/swicthermenutext")): Object: 'Object Repository/Swicther/swicthermenutext' is clicked on

2020-03-12 17:35:13 - [MESSAGE][PASSED] - Object: 'Object Repository/Swicther/swicthermenutext' is clicked on

2020-03-12 17:35:13 - [TEST_STEP][PASSED] - delay(10): Delayed 10 second(s)

2020-03-12 17:35:23 - [MESSAGE][PASSED] - Delayed 10 second(s)

2020-03-12 17:35:23 - [TEST_STEP][PASSED] - click(findTestObject("Swicther/favorites_tabs_swicther")): Object: 'Object Repository/Swicther/favorites_tabs_swicther' is clicked on

2020-03-12 17:35:24 - [MESSAGE][PASSED] - Object: 'Object Repository/Swicther/favorites_tabs_swicther' is clicked on

2020-03-12 17:35:24 - [TEST_STEP][PASSED] - listoffavvalues = findWebElements(findTestObject("Swicther/favorites_tab_all_fav_icon"), 5): null

2020-03-12 17:35:25 - [TEST_STEP][PASSED] - while (listoffavvalues.size() != 0): Unable to find the element located by 'By.xpath: //div[@id='switcherTabs-pane-4']/ul/li/div/div[2]/div/div'. Please recheck the objects properties to make sure the desired element is located. 

2020-03-12 17:35:25 - [TEST_STEP][PASSED] - for ([j = 0, j < listoffavvalues.size(), (j++)]): null

2020-03-12 17:35:25 - [TEST_STEP][PASSED] - get(j).click(): null

2020-03-12 17:35:25 - [TEST_STEP][PASSED] - listoffavvalues = findWebElements(findTestObject("Swicther/favorites_tab_all_fav_icon"), 5): null

2020-03-12 17:35:26 - [TEST_STEP][PASSED] - get(j).click(): null

2020-03-12 17:35:26 - [TEST_STEP][PASSED] - listoffavvalues = findWebElements(findTestObject("Swicther/favorites_tab_all_fav_icon"), 5): null

2020-03-12 17:35:27 - [TEST_STEP][PASSED] - for ([j = 0, j < listoffavvalues.size(), (j++)]): Unable to find the element located by 'By.xpath: //div[@id='switcherTabs-pane-4']/ul/li/div/div[2]/div/div'. Please recheck the objects properties to make sure the desired element is located. 

2020-03-12 17:35:27 - [TEST_STEP][PASSED] - get(j).click(): null

2020-03-12 17:35:27 - [TEST_STEP][PASSED] - listoffavvalues = findWebElements(findTestObject("Swicther/favorites_tab_all_fav_icon"), 5): Unable to find the element located by 'By.xpath: //div[@id='switcherTabs-pane-4']/ul/li/div/div[2]/div/div'. Please recheck the objects properties to make sure the desired element is located. 

2020-03-12 17:35:34 - [MESSAGE][INFO] - Unable to find the element located by 'By.xpath: //div[@id='switcherTabs-pane-4']/ul/li/div/div[2]/div/div'. Please recheck the objects properties to make sure the desired element is located. 

2020-03-12 17:35:35 - [TEST_STEP][PASSED] - click(findTestObject("Swicther/closeIcon")): Object: 'Object Repository/Swicther/closeIcon' is clicked on

2020-03-12 17:35:35 - [MESSAGE][PASSED] - Object: 'Object Repository/Swicther/closeIcon' is clicked on

2020-03-12 17:35:35 - [MESSAGE][PASSED] - Call Test Case 'Test Cases/Atlas Platform/Platform Navigation/Picker/TC_100_RemoveAllFavorites' successfully

2020-03-12 17:35:35 - [TEST_STEP][PASSED] - click(findTestObject("Swicther/swicthermenutext")): Object: 'Object Repository/Swicther/swicthermenutext' is clicked on

2020-03-12 17:35:36 - [MESSAGE][PASSED] - Object: 'Object Repository/Swicther/swicthermenutext' is clicked on

2020-03-12 17:35:36 - [TEST_STEP][PASSED] - click(findTestObject("Swicther/accounts_tab_swicther")): Object: 'Object Repository/Swicther/accounts_tab_swicther' is clicked on

2020-03-12 17:35:36 - [MESSAGE][PASSED] - Object: 'Object Repository/Swicther/accounts_tab_swicther' is clicked on

2020-03-12 17:35:36 - [TEST_STEP][PASSED] - listofoptions = findWebElements(findTestObject("Swicther/accounts_tab_all_values"), 5): null

2020-03-12 17:35:37 - [TEST_STEP][PASSED] - listoffavicons = findWebElements(findTestObject("Swicther/accounts_tab_fav_icon"), 5): null

2020-03-12 17:35:37 - [TEST_STEP][PASSED] - listofoptioninstring = new java.util.ArrayList(): null

2020-03-12 17:35:37 - [TEST_STEP][PASSED] - for (org.openqa.selenium.WebElement ele : listofoptions): null

2020-03-12 17:35:37 - [TEST_STEP][PASSED] - listofoptioninstring.addAll(ele.getText()): null

2020-03-12 17:35:37 - [TEST_STEP][PASSED] - listofoptioninstring.addAll(ele.getText()): null

2020-03-12 17:35:37 - [TEST_STEP][PASSED] - listofoptioninstring.addAll(ele.getText()): null

2020-03-12 17:35:37 - [TEST_STEP][PASSED] - listofoptioninstring.addAll(ele.getText()): null

2020-03-12 17:35:37 - [TEST_STEP][PASSED] - listofoptioninstring.addAll(ele.getText()): null

2020-03-12 17:35:37 - [TEST_STEP][PASSED] - listofoptioninstring.addAll(ele.getText()): null

2020-03-12 17:35:37 - [TEST_STEP][PASSED] - listofoptioninstring.addAll(ele.getText()): null

2020-03-12 17:35:37 - [TEST_STEP][PASSED] - listofoptioninstring.addAll(ele.getText()): null

2020-03-12 17:35:37 - [TEST_STEP][PASSED] - verify_accountName = web.CustomKeyword.getrandomStingValue(listofoptioninstring): web.CustomKeyword.getrandomStingValue is PASSED

2020-03-12 17:35:37 - [MESSAGE][PASSED] - web.CustomKeyword.getrandomStingValue is PASSED

2020-03-12 17:35:37 - [TEST_STEP][PASSED] - for ([h = 0, h < listofoptions.size(), (h++)]): null

[...]
2020-03-12 17:36:34 - [TEST_STEP][PASSED] - if (getText().contains("Toyota")): Actual object 'true' and expected object 'true' are equal

2020-03-12 17:36:35 - [TEST_STEP][PASSED] - verifyEqual(true, true): Actual object 'true' and expected object 'true' are equal

2020-03-12 17:36:35 - [MESSAGE][PASSED] - Actual object 'true' and expected object 'true' are equal

2020-03-12 17:36:35 - [TEST_STEP][PASSED] - if (getText().contains("Toyota")): Actual object 'true' and expected object 'true' are equal

2020-03-12 17:36:35 - [TEST_STEP][PASSED] - verifyEqual(true, true): Actual object 'true' and expected object 'true' are equal

2020-03-12 17:36:35 - [MESSAGE][PASSED] - Actual object 'true' and expected object 'true' are equal

2020-03-12 17:36:35 - [TEST_STEP][PASSED] - if (getText().contains("Toyota")): Actual object 'true' and expected object 'true' are equal

2020-03-12 17:36:35 - [TEST_STEP][PASSED] - verifyEqual(true, true): Actual object 'true' and expected object 'true' are equal

2020-03-12 17:36:35 - [MESSAGE][PASSED] - Actual object 'true' and expected object 'true' are equal

2020-03-12 17:36:35 - [TEST_STEP][PASSED] - if (getText().contains("Toyota")): Actual object 'true' and expected object 'true' are equal

2020-03-12 17:36:35 - [TEST_STEP][PASSED] - verifyEqual(true, true): Actual object 'true' and expected object 'true' are equal

2020-03-12 17:36:35 - [MESSAGE][PASSED] - Actual object 'true' and expected object 'true' are equal

2020-03-12 17:36:35 - [TEST_STEP][PASSED] - if (getText().contains("Toyota")): Actual object 'true' and expected object 'true' are equal

2020-03-12 17:36:35 - [TEST_STEP][PASSED] - verifyEqual(true, true): Actual object 'true' and expected object 'true' are equal

2020-03-12 17:36:35 - [MESSAGE][PASSED] - Actual object 'true' and expected object 'true' are equal

2020-03-12 17:36:35 - [TEST_STEP][PASSED] - if (getText().contains("Toyota")): Actual object 'true' and expected object 'true' are equal

2020-03-12 17:36:35 - [TEST_STEP][PASSED] - verifyEqual(true, true): Actual object 'true' and expected object 'true' are equal

2020-03-12 17:36:35 - [MESSAGE][PASSED] - Actual object 'true' and expected object 'true' are equal

2020-03-12 17:36:35 - [TEST_STEP][PASSED] - if (getText().contains("Toyota")): Actual object 'true' and expected object 'true' are equal

2020-03-12 17:36:35 - [TEST_STEP][PASSED] - verifyEqual(true, true): Actual object 'true' and expected object 'true' are equal

2020-03-12 17:36:35 - [MESSAGE][PASSED] - Actual object 'true' and expected object 'true' are equal

2020-03-12 17:36:35 - [TEST_STEP][PASSED] - click(findTestObject("Swicther/closeIcon")): Object: 'Object Repository/Swicther/closeIcon' is clicked on

2020-03-12 17:36:35 - [MESSAGE][PASSED] - Object: 'Object Repository/Swicther/closeIcon' is clicked on

2020-03-12 17:36:35 - [TEST_STEP][PASSED] - Start listener action : sampleAfterTestCase: null

2020-03-12 17:36:35 - [TEST_STEP][PASSED] - println(testCaseContext.getTestCaseId()): null

2020-03-12 17:36:35 - [TEST_STEP][PASSED] - println(testCaseContext.getTestCaseStatus()): null

2020-03-12 17:36:35 - [TEST_STEP][PASSED] - println("On Failure Method is Calling : " + testCaseContext.getTestCaseStatus()): null

2020-03-12 17:36:35 - [TEST_STEP][PASSED] - if (!(getTestCaseStatus().equalsIgnoreCase("PASSED"))): null]]></system-out>
         <system-err><![CDATA[]]></system-err>
      </testcase>
      <testcase name="Test Cases/Atlas Platform/Platform Navigation/Picker/TC_027_Validate_Invalid_Search_Record" time="14.466" classname="Test Cases/Atlas Platform/Platform Navigation/Picker/TC_027_Validate_Invalid_Search_Record" status="PASSED">
         <system-out><![CDATA[2020-03-12 17:36:37 - [TEST_CASE][PASSED] - Test Cases/Atlas Platform/Platform Navigation/Picker/TC_027_Validate_Invalid_Search_Record: Test Cases/Atlas Platform/Platform Navigation/Picker/TC_027_Validate_Invalid_Search_Record

2020-03-12 17:36:38 - [TEST_STEP][NOT_RUN] - callTestCase(findTestCase("Atlas Platform/Platform Navigation/Login/LoginWithRootAdmin"), ["user_Email":"navaraj@totient.co.in", "user_Password":"Totient@123"], CONTINUE_ON_FAILURE): NOT_RUN: callTestCase(findTestCase("Atlas Platform/Platform Navigation/Login/LoginWithRootAdmin"), ["user_Email":"navaraj@totient.co.in", "user_Password":"Totient@123"], CONTINUE_ON_FAILURE)

2020-03-12 17:36:38 - [MESSAGE][NOT_RUN] - NOT_RUN: callTestCase(findTestCase("Atlas Platform/Platform Navigation/Login/LoginWithRootAdmin"), ["user_Email":"navaraj@totient.co.in", "user_Password":"Totient@123"], CONTINUE_ON_FAILURE)

2020-03-12 17:36:38 - [TEST_STEP][PASSED] - click(findTestObject("Swicther/swicthermenutext")): Object: 'Object Repository/Swicther/swicthermenutext' is clicked on

2020-03-12 17:36:38 - [MESSAGE][PASSED] - Object: 'Object Repository/Swicther/swicthermenutext' is clicked on

2020-03-12 17:36:38 - [TEST_STEP][PASSED] - click(findTestObject("Swicther/search_in_swicther")): Object: 'Object Repository/Swicther/search_in_swicther' is clicked on

2020-03-12 17:36:39 - [MESSAGE][PASSED] - Object: 'Object Repository/Swicther/search_in_swicther' is clicked on

2020-03-12 17:36:39 - [TEST_STEP][PASSED] - setText(findTestObject("Swicther/Swicher_Search_box"), "HHHHHH"): Text 'HHHHHH' is set on object 'Object Repository/Swicther/Swicher_Search_box'

2020-03-12 17:36:39 - [MESSAGE][PASSED] - Text 'HHHHHH' is set on object 'Object Repository/Swicther/Swicher_Search_box'

2020-03-12 17:36:39 - [TEST_STEP][PASSED] - delay(2): Delayed 2 second(s)

2020-03-12 17:36:41 - [MESSAGE][PASSED] - Delayed 2 second(s)

2020-03-12 17:36:41 - [TEST_STEP][PASSED] - listOfResult = findWebElements(findTestObject("Swicther/search_page_all_values"), 5): Unable to find the element located by 'By.xpath: //div[@class='style__sidebar___-QoH_']/ul/li/div/div[2]/div'. Please recheck the objects properties to make sure the desired element is located. 

2020-03-12 17:36:49 - [MESSAGE][INFO] - Unable to find the element located by 'By.xpath: //div[@class='style__sidebar___-QoH_']/ul/li/div/div[2]/div'. Please recheck the objects properties to make sure the desired element is located. 

2020-03-12 17:36:49 - [TEST_STEP][PASSED] - if (listOfResult.size() == 0): Actual text and expected text of test object 'Object Repository/Swicther/search_no_record_message' are matched.

2020-03-12 17:36:49 - [TEST_STEP][PASSED] - verifyElementText(findTestObject("Swicther/search_no_record_message"), "No records found", CONTINUE_ON_FAILURE): Actual text and expected text of test object 'Object Repository/Swicther/search_no_record_message' are matched.

2020-03-12 17:36:49 - [MESSAGE][PASSED] - Actual text and expected text of test object 'Object Repository/Swicther/search_no_record_message' are matched.

2020-03-12 17:36:49 - [TEST_STEP][PASSED] - click(findTestObject("Swicther/closeIcon")): Object: 'Object Repository/Swicther/closeIcon' is clicked on

2020-03-12 17:36:50 - [MESSAGE][PASSED] - Object: 'Object Repository/Swicther/closeIcon' is clicked on

2020-03-12 17:36:50 - [TEST_STEP][PASSED] - Start listener action : sampleAfterTestCase: null

2020-03-12 17:36:50 - [TEST_STEP][PASSED] - println(testCaseContext.getTestCaseId()): null

2020-03-12 17:36:50 - [TEST_STEP][PASSED] - println(testCaseContext.getTestCaseStatus()): null

2020-03-12 17:36:50 - [TEST_STEP][PASSED] - println("On Failure Method is Calling : " + testCaseContext.getTestCaseStatus()): null

2020-03-12 17:36:50 - [TEST_STEP][PASSED] - if (!(getTestCaseStatus().equalsIgnoreCase("PASSED"))): null]]></system-out>
         <system-err><![CDATA[]]></system-err>
      </testcase>
      <testcase name="Test Cases/Atlas Platform/Platform Navigation/Picker/TC_032_Validate_Cancel_Button_On_Search" time="5.67" classname="Test Cases/Atlas Platform/Platform Navigation/Picker/TC_032_Validate_Cancel_Button_On_Search" status="PASSED">
         <system-out><![CDATA[2020-03-12 17:36:52 - [TEST_CASE][PASSED] - Test Cases/Atlas Platform/Platform Navigation/Picker/TC_032_Validate_Cancel_Button_On_Search: Test Cases/Atlas Platform/Platform Navigation/Picker/TC_032_Validate_Cancel_Button_On_Search

2020-03-12 17:36:52 - [TEST_STEP][NOT_RUN] - callTestCase(findTestCase("Atlas Platform/Platform Navigation/Login/LoginWithRootAdmin"), [:], STOP_ON_FAILURE): NOT_RUN: callTestCase(findTestCase("Atlas Platform/Platform Navigation/Login/LoginWithRootAdmin"), [:], STOP_ON_FAILURE)

2020-03-12 17:36:52 - [MESSAGE][NOT_RUN] - NOT_RUN: callTestCase(findTestCase("Atlas Platform/Platform Navigation/Login/LoginWithRootAdmin"), [:], STOP_ON_FAILURE)

2020-03-12 17:36:52 - [TEST_STEP][PASSED] - click(findTestObject("Swicther/swicthermenutext")): Object: 'Object Repository/Swicther/swicthermenutext' is clicked on

2020-03-12 17:36:53 - [MESSAGE][PASSED] - Object: 'Object Repository/Swicther/swicthermenutext' is clicked on

2020-03-12 17:36:53 - [TEST_STEP][PASSED] - click(findTestObject("Swicther/search_in_swicther")): Object: 'Object Repository/Swicther/search_in_swicther' is clicked on

2020-03-12 17:36:53 - [MESSAGE][PASSED] - Object: 'Object Repository/Swicther/search_in_swicther' is clicked on

2020-03-12 17:36:53 - [TEST_STEP][PASSED] - verifyElementText(findTestObject("Swicther/search_cancel_btn"), "Cancel"): Actual text and expected text of test object 'Object Repository/Swicther/search_cancel_btn' are matched.

2020-03-12 17:36:54 - [MESSAGE][PASSED] - Actual text and expected text of test object 'Object Repository/Swicther/search_cancel_btn' are matched.

2020-03-12 17:36:54 - [TEST_STEP][PASSED] - click(findTestObject("Swicther/search_cancel_btn")): Object: 'Object Repository/Swicther/search_cancel_btn' is clicked on

2020-03-12 17:36:54 - [MESSAGE][PASSED] - Object: 'Object Repository/Swicther/search_cancel_btn' is clicked on

2020-03-12 17:36:54 - [TEST_STEP][PASSED] - verifyElementText(findTestObject("Swicther/organization_tab_swicther"), "Organizations"): Actual text and expected text of test object 'Object Repository/Swicther/organization_tab_swicther' are matched.

2020-03-12 17:36:55 - [MESSAGE][PASSED] - Actual text and expected text of test object 'Object Repository/Swicther/organization_tab_swicther' are matched.

2020-03-12 17:36:55 - [TEST_STEP][PASSED] - click(findTestObject("Swicther/closeIcon")): Object: 'Object Repository/Swicther/closeIcon' is clicked on

2020-03-12 17:36:55 - [MESSAGE][PASSED] - Object: 'Object Repository/Swicther/closeIcon' is clicked on

2020-03-12 17:36:55 - [TEST_STEP][PASSED] - Start listener action : sampleAfterTestCase: null

2020-03-12 17:36:55 - [TEST_STEP][PASSED] - println(testCaseContext.getTestCaseId()): null

2020-03-12 17:36:55 - [TEST_STEP][PASSED] - println(testCaseContext.getTestCaseStatus()): null

2020-03-12 17:36:55 - [TEST_STEP][PASSED] - println("On Failure Method is Calling : " + testCaseContext.getTestCaseStatus()): null

2020-03-12 17:36:55 - [TEST_STEP][PASSED] - if (!(getTestCaseStatus().equalsIgnoreCase("PASSED"))): null]]></system-out>
         <system-err><![CDATA[]]></system-err>
      </testcase>
      <testcase name="Test Cases/Atlas Platform/Platform Navigation/Picker/TC_033_Verify_Clear_Icon_Present" time="5.081" classname="Test Cases/Atlas Platform/Platform Navigation/Picker/TC_033_Verify_Clear_Icon_Present" status="PASSED">
         <system-out><![CDATA[2020-03-12 17:36:57 - [TEST_CASE][PASSED] - Test Cases/Atlas Platform/Platform Navigation/Picker/TC_033_Verify_Clear_Icon_Present: Test Cases/Atlas Platform/Platform Navigation/Picker/TC_033_Verify_Clear_Icon_Present

2020-03-12 17:36:58 - [TEST_STEP][NOT_RUN] - callTestCase(findTestCase("Atlas Platform/Platform Navigation/Login/LoginWithRootAdmin"), [:], STOP_ON_FAILURE): NOT_RUN: callTestCase(findTestCase("Atlas Platform/Platform Navigation/Login/LoginWithRootAdmin"), [:], STOP_ON_FAILURE)

2020-03-12 17:36:58 - [MESSAGE][NOT_RUN] - NOT_RUN: callTestCase(findTestCase("Atlas Platform/Platform Navigation/Login/LoginWithRootAdmin"), [:], STOP_ON_FAILURE)

2020-03-12 17:36:58 - [TEST_STEP][PASSED] - click(findTestObject("Swicther/swicthermenutext")): Object: 'Object Repository/Swicther/swicthermenutext' is clicked on

2020-03-12 17:36:58 - [MESSAGE][PASSED] - Object: 'Object Repository/Swicther/swicthermenutext' is clicked on

2020-03-12 17:36:58 - [TEST_STEP][PASSED] - click(findTestObject("Swicther/search_in_swicther")): Object: 'Object Repository/Swicther/search_in_swicther' is clicked on

2020-03-12 17:36:59 - [MESSAGE][PASSED] - Object: 'Object Repository/Swicther/search_in_swicther' is clicked on

2020-03-12 17:36:59 - [TEST_STEP][PASSED] - verifyElementPresent(findTestObject("Swicther/Swicther_Search_Clear_Icon"), 0): Object 'Object Repository/Swicther/Swicther_Search_Clear_Icon' is present

2020-03-12 17:36:59 - [MESSAGE][WARNING] - Timeout '0' is invalid. Using default page load timeout: '230'

2020-03-12 17:36:59 - [MESSAGE][PASSED] - Object 'Object Repository/Swicther/Swicther_Search_Clear_Icon' is present

2020-03-12 17:36:59 - [TEST_STEP][PASSED] - click(findTestObject("Swicther/search_cancel_btn")): Object: 'Object Repository/Swicther/search_cancel_btn' is clicked on

2020-03-12 17:37:00 - [MESSAGE][PASSED] - Object: 'Object Repository/Swicther/search_cancel_btn' is clicked on

2020-03-12 17:37:00 - [TEST_STEP][PASSED] - click(findTestObject("Swicther/closeIcon")): Object: 'Object Repository/Swicther/closeIcon' is clicked on

2020-03-12 17:37:00 - [MESSAGE][PASSED] - Object: 'Object Repository/Swicther/closeIcon' is clicked on

2020-03-12 17:37:00 - [TEST_STEP][PASSED] - Start listener action : sampleAfterTestCase: null

2020-03-12 17:37:00 - [TEST_STEP][PASSED] - println(testCaseContext.getTestCaseId()): null

2020-03-12 17:37:00 - [TEST_STEP][PASSED] - println(testCaseContext.getTestCaseStatus()): null

2020-03-12 17:37:00 - [TEST_STEP][PASSED] - println("On Failure Method is Calling : " + testCaseContext.getTestCaseStatus()): null

2020-03-12 17:37:00 - [TEST_STEP][PASSED] - if (!(getTestCaseStatus().equalsIgnoreCase("PASSED"))): null]]></system-out>
         <system-err><![CDATA[]]></system-err>
      </testcase>
      <testcase name="Test Cases/Atlas Platform/Platform Navigation/Picker/TC_034_Validate_Clear_Opt_On_Search_Box" time="9.339" classname="Test Cases/Atlas Platform/Platform Navigation/Picker/TC_034_Validate_Clear_Opt_On_Search_Box" status="PASSED">
         <system-out><![CDATA[2020-03-12 17:37:02 - [TEST_CASE][PASSED] - Test Cases/Atlas Platform/Platform Navigation/Picker/TC_034_Validate_Clear_Opt_On_Search_Box: Test Cases/Atlas Platform/Platform Navigation/Picker/TC_034_Validate_Clear_Opt_On_Search_Box

2020-03-12 17:37:03 - [TEST_STEP][NOT_RUN] - callTestCase(findTestCase("Atlas Platform/Platform Navigation/Login/LoginWithRootAdmin"), [:], STOP_ON_FAILURE): NOT_RUN: callTestCase(findTestCase("Atlas Platform/Platform Navigation/Login/LoginWithRootAdmin"), [:], STOP_ON_FAILURE)

2020-03-12 17:37:03 - [MESSAGE][NOT_RUN] - NOT_RUN: callTestCase(findTestCase("Atlas Platform/Platform Navigation/Login/LoginWithRootAdmin"), [:], STOP_ON_FAILURE)

2020-03-12 17:37:03 - [TEST_STEP][PASSED] - click(findTestObject("Swicther/swicthermenutext")): Object: 'Object Repository/Swicther/swicthermenutext' is clicked on

2020-03-12 17:37:03 - [MESSAGE][PASSED] - Object: 'Object Repository/Swicther/swicthermenutext' is clicked on

2020-03-12 17:37:03 - [TEST_STEP][PASSED] - click(findTestObject("Swicther/search_in_swicther")): Object: 'Object Repository/Swicther/search_in_swicther' is clicked on

2020-03-12 17:37:04 - [MESSAGE][PASSED] - Object: 'Object Repository/Swicther/search_in_swicther' is clicked on

2020-03-12 17:37:04 - [TEST_STEP][PASSED] - setText(findTestObject("Swicther/Swicher_Search_box"), web.CustomKeyword.randomEmailIDGenerator()): Text 'xhwqs@yopmail.com' is set on object 'Object Repository/Swicther/Swicher_Search_box'

2020-03-12 17:37:04 - [MESSAGE][PASSED] - web.CustomKeyword.randomEmailIDGenerator is PASSED

2020-03-12 17:37:05 - [MESSAGE][PASSED] - Text 'xhwqs@yopmail.com' is set on object 'Object Repository/Swicther/Swicher_Search_box'

2020-03-12 17:37:05 - [TEST_STEP][PASSED] - beforClearSearchBox = getAttribute(findTestObject("Swicther/Swicher_Search_box"), "value"): Attribute 'value' of object 'Object Repository/Swicther/Swicher_Search_box' is: 'xhwqs@yopmail.com'

2020-03-12 17:37:05 - [MESSAGE][PASSED] - Attribute 'value' of object 'Object Repository/Swicther/Swicher_Search_box' is: 'xhwqs@yopmail.com'

2020-03-12 17:37:05 - [TEST_STEP][PASSED] - click(findTestObject("Swicther/Swicther_Search_Clear_Icon")): Object: 'Object Repository/Swicther/Swicther_Search_Clear_Icon' is clicked on

2020-03-12 17:37:08 - [MESSAGE][PASSED] - Object: 'Object Repository/Swicther/Swicther_Search_Clear_Icon' is clicked on

2020-03-12 17:37:08 - [TEST_STEP][PASSED] - afterClearSearchBox = getAttribute(findTestObject("Swicther/Swicher_Search_box"), "value"): Attribute 'value' of object 'Object Repository/Swicther/Swicher_Search_box' is: ''

2020-03-12 17:37:09 - [MESSAGE][PASSED] - Attribute 'value' of object 'Object Repository/Swicther/Swicher_Search_box' is: ''

2020-03-12 17:37:09 - [TEST_STEP][PASSED] - verifyNotEqual(afterClearSearchBox, beforClearSearchBox): Actual object '' and expected object 'xhwqs@yopmail.com' are not equal

2020-03-12 17:37:09 - [MESSAGE][PASSED] - Actual object '' and expected object 'xhwqs@yopmail.com' are not equal

2020-03-12 17:37:09 - [TEST_STEP][PASSED] - click(findTestObject("Swicther/search_cancel_btn")): Object: 'Object Repository/Swicther/search_cancel_btn' is clicked on

2020-03-12 17:37:09 - [MESSAGE][PASSED] - Object: 'Object Repository/Swicther/search_cancel_btn' is clicked on

2020-03-12 17:37:09 - [TEST_STEP][PASSED] - click(findTestObject("Swicther/closeIcon")): Object: 'Object Repository/Swicther/closeIcon' is clicked on

2020-03-12 17:37:10 - [MESSAGE][PASSED] - Object: 'Object Repository/Swicther/closeIcon' is clicked on

2020-03-12 17:37:10 - [TEST_STEP][PASSED] - Start listener action : sampleAfterTestCase: null

2020-03-12 17:37:10 - [TEST_STEP][PASSED] - println(testCaseContext.getTestCaseId()): null

2020-03-12 17:37:10 - [TEST_STEP][PASSED] - println(testCaseContext.getTestCaseStatus()): null

2020-03-12 17:37:10 - [TEST_STEP][PASSED] - println("On Failure Method is Calling : " + testCaseContext.getTestCaseStatus()): null

2020-03-12 17:37:10 - [TEST_STEP][PASSED] - if (!(getTestCaseStatus().equalsIgnoreCase("PASSED"))): null]]></system-out>
         <system-err><![CDATA[]]></system-err>
      </testcase>
      <testcase name="Test Cases/Atlas Platform/Platform Navigation/Picker/TC_099_Close_Common_Browser" time="3.094" classname="Test Cases/Atlas Platform/Platform Navigation/Picker/TC_099_Close_Common_Browser" status="PASSED">
         <system-out><![CDATA[2020-03-12 17:37:12 - [TEST_CASE][PASSED] - Test Cases/Atlas Platform/Platform Navigation/Picker/TC_099_Close_Common_Browser: Test Cases/Atlas Platform/Platform Navigation/Picker/TC_099_Close_Common_Browser

2020-03-12 17:37:12 - [TEST_STEP][PASSED] - closeBrowser(): Browser is closed

2020-03-12 17:37:13 - [MESSAGE][PASSED] - Browser is closed

2020-03-12 17:37:13 - [TEST_STEP][PASSED] - Start listener action : sampleAfterTestCase: null

2020-03-12 17:37:13 - [TEST_STEP][PASSED] - println(testCaseContext.getTestCaseId()): null

2020-03-12 17:37:13 - [TEST_STEP][PASSED] - println(testCaseContext.getTestCaseStatus()): null

2020-03-12 17:37:13 - [TEST_STEP][PASSED] - println("On Failure Method is Calling : " + testCaseContext.getTestCaseStatus()): null

2020-03-12 17:37:13 - [TEST_STEP][PASSED] - if (!(getTestCaseStatus().equalsIgnoreCase("PASSED"))): null]]></system-out>
         <system-err><![CDATA[]]></system-err>
      </testcase>
      <system-out><![CDATA[2020-03-12 17:33:17 - [TEST_SUITE][PASSED] - SwitcherTestSuite: Test Cases/Atlas Platform/Platform Navigation/Picker/TC_099_Close_Common_Browser]]></system-out>
      <system-err><![CDATA[]]></system-err>
   </testsuite>
</testsuites>
